WARNING 2024-05-28 20:41:35 - mutation_test.py:59 - For PyTorch and MindSpore running separately, CUDA_VISIBLE_DEVICES should have at least two GPUs, such as 'export CUDA_VISIBLE_DEVICES=0,1'
INFO 2024-05-28 20:41:35 - mutation_test.py:129 - Mutation config:
----------------------------------------------------------------------------------------
train_config: {'model_name': 'inceptionv3', 'dataset_name': 'random', 'batch_size': 5, 'input_size': ['(2,3,150,150)'], 'test_size': 2, 'dtypes': ['float'], 'epoch': 20, 'loss_name': 'CrossEntropy', 'optimizer': 'SGD', 'learning_rate': 0.005, 'loss_ground_truth': 2.950969386100769, 'eval_ground_truth': 0.998740881321355, 'memory_threshold': '1e-2', 'dataset_path': 'inceptionv3', 'device': 'GPU', 'device_id': '0,1'}
mutation_config: {'mutation_iterations': 100, 'save_iterations': 1, 'mutation_eval_metric': 'origin_diff', 'validation_threshold': 0.0006, 'output_difference_metric': 'DMAD', 'log_path': '/data1/myz/net-sv/common/log/inceptionv3-2024.5.28.20.41.35', 'mutation_strategy': 'random', 'mutation_type': ['LA', 'LD', 'LC', 'CM', 'RA', 'PM', 'SM'], 'selected_model_num': 10}

INFO 2024-05-28 20:41:35 - mutation_test.py:1040 - Stage1: start network mutation!
INFO 2024-05-28 20:41:43 - mutation_test.py:521 - ================== start 1 generation!(1/100) ==================
INFO 2024-05-28 20:41:43 - model_mutation_operators.py:756 - Adopt RA mut_strategy!
INFO 2024-05-28 20:41:43 - model_mutation_operators.py:850 - candidate_in_mutlayers_indice:-1
INFO 2024-05-28 20:41:43 - model_mutation_operators.py:859 - select layer: inception1.p2_1 layer_type: <class 'mindspore.nn.layer.conv.Conv2d'> in_shape: [2, 64, 35, 35] out_shape: [2, 48, 35, 35]
INFO 2024-05-28 20:41:43 - model_mutation_operators.py:860 - mut Basic type: True
INFO 2024-05-28 20:41:43 - model_mutation_operators.py:861 - add Basic layer : Basic_op
INFO 2024-05-28 20:41:43 - model_mutation_operators.py:874 - select insert layer: Dropout<keep_prob=0.5>
INFO 2024-05-28 20:41:43 - model_mutation_operators.py:919 - insert_layer_outshape not equal!: [2, 48, 35, 35]
INFO 2024-05-28 20:41:43 - model_mutation_operators.py:1061 - mut_result:True
INFO 2024-05-28 20:41:43 - model_mutation_operators.py:1062 - 1 generation!

INFO 2024-05-28 20:41:43 - mutation_test.py:521 - ================== start 2 generation!(2/100) ==================
INFO 2024-05-28 20:41:43 - model_mutation_operators.py:243 - Adopt LD mut_strategy!
INFO 2024-05-28 20:41:43 - model_mutation_operators.py:259 - delete layer_name:inception2.p2_2
INFO 2024-05-28 20:41:43 - model_mutation_operators.py:321 - candidate_in_mutlayers_indice:-1
INFO 2024-05-28 20:41:43 - model_mutation_operators.py:330 - adopt DeleteCell Replace_ms
INFO 2024-05-28 20:41:43 - model_mutation_operators.py:506 - mut_result:True
INFO 2024-05-28 20:41:43 - model_mutation_operators.py:507 - 2 generation!

INFO 2024-05-28 20:41:43 - mutation_test.py:521 - ================== start 3 generation!(3/100) ==================
INFO 2024-05-28 20:41:43 - model_mutation_operators.py:756 - Adopt RA mut_strategy!
INFO 2024-05-28 20:41:43 - model_mutation_operators.py:850 - candidate_in_mutlayers_indice:-1
INFO 2024-05-28 20:41:43 - model_mutation_operators.py:859 - select layer: inception1.p3_2 layer_type: <class 'mindspore.nn.layer.conv.Conv2d'> in_shape: [2, 64, 35, 35] out_shape: [2, 96, 35, 35]
INFO 2024-05-28 20:41:43 - model_mutation_operators.py:860 - mut Basic type: True
INFO 2024-05-28 20:41:43 - model_mutation_operators.py:861 - add Basic layer : Cascade_op
INFO 2024-05-28 20:41:43 - model_mutation_operators.py:874 - select insert layer: convbnrelu<
  (conbnrelu_conv): Conv2d<input_channels=64, output_channels=96, kernel_size=(1, 1), stride=(1, 1), pad_mode=same, padding=0, dilation=(1, 1), group=1, has_bias=False, weight_init=<mindspore.common.initializer.HeUniform object at 0x7f26bf18ffd0>, bias_init=None, format=NCHW>
  (conbnrelu_bn): BatchNorm2d<num_features=96, eps=1e-05, momentum=0.9, gamma=Parameter (name=conbnrelu_bn.gamma, shape=(96,), dtype=Float32, requires_grad=True), beta=Parameter (name=conbnrelu_bn.beta, shape=(96,), dtype=Float32, requires_grad=True), moving_mean=Parameter (name=conbnrelu_bn.moving_mean, shape=(96,), dtype=Float32, requires_grad=False), moving_variance=Parameter (name=conbnrelu_bn.moving_variance, shape=(96,), dtype=Float32, requires_grad=False)>
  (conbnrelu_relu): ReLU<>
  >
INFO 2024-05-28 20:41:43 - model_mutation_operators.py:922 - insert_layer_outshape equal!
INFO 2024-05-28 20:41:43 - model_mutation_operators.py:1061 - mut_result:True
INFO 2024-05-28 20:41:43 - model_mutation_operators.py:1062 - 3 generation!

INFO 2024-05-28 20:41:43 - mutation_test.py:521 - ================== start 4 generation!(4/100) ==================
INFO 2024-05-28 20:41:43 - model_mutation_operators.py:756 - Adopt RA mut_strategy!
INFO 2024-05-28 20:41:43 - model_mutation_operators.py:850 - candidate_in_mutlayers_indice:-1
INFO 2024-05-28 20:41:43 - model_mutation_operators.py:859 - select layer: inception2.p1_1 layer_type: <class 'mindspore.nn.layer.conv.Conv2d'> in_shape: [2, 256, 35, 35] out_shape: [2, 64, 35, 35]
INFO 2024-05-28 20:41:43 - model_mutation_operators.py:860 - mut Basic type: True
INFO 2024-05-28 20:41:43 - model_mutation_operators.py:861 - add Basic layer : Cascade_op
INFO 2024-05-28 20:41:43 - model_mutation_operators.py:874 - select insert layer: downsample<
  (downsample_conv): Conv2d<input_channels=256, output_channels=64, kernel_size=(1, 1), stride=(1, 1), pad_mode=same, padding=0, dilation=(1, 1), group=1, has_bias=False, weight_init=<mindspore.common.initializer.HeUniform object at 0x7f26bf18f8d0>, bias_init=None, format=NCHW>
  (downsample_bn): BatchNorm2d<num_features=64, eps=1e-05, momentum=0.9, gamma=Parameter (name=downsample_bn.gamma, shape=(64,), dtype=Float32, requires_grad=True), beta=Parameter (name=downsample_bn.beta, shape=(64,), dtype=Float32, requires_grad=True), moving_mean=Parameter (name=downsample_bn.moving_mean, shape=(64,), dtype=Float32, requires_grad=False), moving_variance=Parameter (name=downsample_bn.moving_variance, shape=(64,), dtype=Float32, requires_grad=False)>
  >
INFO 2024-05-28 20:41:43 - model_mutation_operators.py:922 - insert_layer_outshape equal!
INFO 2024-05-28 20:41:43 - model_mutation_operators.py:1061 - mut_result:True
INFO 2024-05-28 20:41:43 - model_mutation_operators.py:1062 - 4 generation!

INFO 2024-05-28 20:41:44 - mutation_test.py:521 - ================== start 5 generation!(5/100) ==================
INFO 2024-05-28 20:41:44 - model_mutation_operators.py:1071 - Adopt CM mut_strategy!
INFO 2024-05-28 20:41:44 - model_mutation_operators.py:1154 - candidate_in_mutlayers_indice:-1
INFO 2024-05-28 20:41:44 - model_mutation_operators.py:1161 - select layer: fc layer_type: <class 'mindspore.nn.layer.basic.Dense'> in_shape: [2, 225792] out_shape: [2, 1000]
INFO 2024-05-28 20:41:44 - model_mutation_operators.py:1162 - mut Basic type: True
INFO 2024-05-28 20:41:48 - model_mutation_operators.py:1205 - select insert layer: SE<
  (SE_pool): GlobalAvgPooling<>
  (act): HSigmoid<>
  (SE_act1): ReLU<>
  (SE_act2): HSigmoid<>
  >
INFO 2024-05-28 20:41:48 - model_mutation_operators.py:1250 - replace Basic with CM op!
INFO 2024-05-28 20:41:48 - model_mutation_operators.py:1301 - mut_result:True
INFO 2024-05-28 20:41:48 - model_mutation_operators.py:1302 - 5 generation!

INFO 2024-05-28 20:41:48 - mutation_test.py:521 - ================== start 6 generation!(6/100) ==================
INFO 2024-05-28 20:41:48 - model_mutation_operators.py:2119 - Adopt SM mut_strategy!
INFO 2024-05-28 20:41:48 - model_mutation_operators.py:2157 - select layer: avgpool layer_type: <class 'mindspore.nn.layer.pooling.AvgPool2d'> in_shape: [2, 288, 35, 35] out_shape: [2, 288, 28, 28]
INFO 2024-05-28 20:41:48 - model_mutation_operators.py:2158 - mut Basic type: True
INFO 2024-05-28 20:41:48 - model_mutation_operators.py:2206 - candidate_in_mutlayers_indice:-1
INFO 2024-05-28 20:41:48 - model_mutation_operators.py:2271 - mutate output_shape: [2, 24]
INFO 2024-05-28 20:41:48 - model_mutation_operators.py:2360 - mut_result:True
INFO 2024-05-28 20:41:48 - model_mutation_operators.py:2361 - 6 generation!

INFO 2024-05-28 20:41:49 - mutation_test.py:521 - ================== start 7 generation!(7/100) ==================
INFO 2024-05-28 20:41:49 - model_mutation_operators.py:516 - Adopt LA mut_strategy!
INFO 2024-05-28 20:41:49 - model_mutation_operators.py:561 - mut_result:No suitable ops for LA mutation!
INFO 2024-05-28 20:41:49 - model_mutation_operators.py:562 - 7 generation!
INFO 2024-05-28 20:41:55 - mutation_test.py:521 - ================== start 8 generation!(8/100) ==================
INFO 2024-05-28 20:41:55 - model_mutation_operators.py:243 - Adopt LD mut_strategy!
INFO 2024-05-28 20:41:55 - model_mutation_operators.py:259 - delete layer_name:bn2
INFO 2024-05-28 20:41:55 - model_mutation_operators.py:321 - candidate_in_mutlayers_indice:-1
INFO 2024-05-28 20:41:55 - model_mutation_operators.py:326 - adopt DeleteCell EmptyCell
INFO 2024-05-28 20:41:55 - model_mutation_operators.py:506 - mut_result:True
INFO 2024-05-28 20:41:55 - model_mutation_operators.py:507 - 8 generation!

INFO 2024-05-28 20:41:56 - mutation_test.py:521 - ================== start 9 generation!(9/100) ==================
INFO 2024-05-28 20:41:56 - model_mutation_operators.py:243 - Adopt LD mut_strategy!
INFO 2024-05-28 20:41:56 - model_mutation_operators.py:259 - delete layer_name:inception2.p3_2
INFO 2024-05-28 20:41:56 - model_mutation_operators.py:321 - candidate_in_mutlayers_indice:-1
INFO 2024-05-28 20:41:56 - model_mutation_operators.py:330 - adopt DeleteCell Replace_ms
INFO 2024-05-28 20:41:56 - model_mutation_operators.py:506 - mut_result:True
INFO 2024-05-28 20:41:56 - model_mutation_operators.py:507 - 9 generation!

INFO 2024-05-28 20:41:56 - mutation_test.py:521 - ================== start 10 generation!(10/100) ==================
INFO 2024-05-28 20:41:56 - model_mutation_operators.py:24 - Adopt PM mut_strategy!
INFO 2024-05-28 20:41:56 - model_mutation_operators.py:80 - candidate_in_mutlayers_indice:-1
INFO 2024-05-28 20:41:56 - model_mutation_operators.py:93 - select op: inception1.p2_2 layer_type: Conv2d selected param:group input_shape:[2, 48, 35, 35] output_shape:[2, 64, 35, 35]
INFO 2024-05-28 20:41:56 - model_mutation_operators.py:160 - mutate_replace_layer: Conv2d<input_channels=48, output_channels=64, kernel_size=(3, 3), stride=(1, 1), pad_mode=same, padding=0, dilation=(1, 1), group=4, has_bias=True, weight_init=<mindspore.common.initializer.HeUniform object at 0x7f26bf4e86d0>, bias_init=<mindspore.common.initializer.Uniform object at 0x7f26680552d0>, format=NCHW>
INFO 2024-05-28 20:41:56 - model_mutation_operators.py:193 - Previous value: 1 Edit value: 4 new_inshape: (2, 48, 35, 35) new_outshape: (2, 64, 35, 35)
INFO 2024-05-28 20:41:56 - model_mutation_operators.py:232 - Conv2d<input_channels=48, output_channels=64, kernel_size=(3, 3), stride=(1, 1), pad_mode=same, padding=0, dilation=(1, 1), group=4, has_bias=True, weight_init=<mindspore.common.initializer.HeUniform object at 0x7f26bf4e86d0>, bias_init=<mindspore.common.initializer.Uniform object at 0x7f26680552d0>, format=NCHW>
INFO 2024-05-28 20:41:56 - model_mutation_operators.py:233 - mut_result:True
INFO 2024-05-28 20:41:56 - model_mutation_operators.py:234 - 10 generation!

INFO 2024-05-28 20:41:57 - mutation_test.py:521 - ================== start 11 generation!(11/100) ==================
INFO 2024-05-28 20:41:57 - model_mutation_operators.py:1071 - Adopt CM mut_strategy!
INFO 2024-05-28 20:41:57 - model_mutation_operators.py:1154 - candidate_in_mutlayers_indice:-1
INFO 2024-05-28 20:41:57 - model_mutation_operators.py:1161 - select layer: inception1.p3_1 layer_type: <class 'mindspore.nn.layer.conv.Conv2d'> in_shape: [2, 64, 35, 35] out_shape: [2, 64, 35, 35]
INFO 2024-05-28 20:41:57 - model_mutation_operators.py:1162 - mut Basic type: True
INFO 2024-05-28 20:41:57 - model_mutation_operators.py:1205 - select insert layer: Softmax<>
INFO 2024-05-28 20:41:57 - model_mutation_operators.py:1250 - replace Basic with CM op!
INFO 2024-05-28 20:41:57 - model_mutation_operators.py:1301 - mut_result:True
INFO 2024-05-28 20:41:57 - model_mutation_operators.py:1302 - 11 generation!

INFO 2024-05-28 20:41:57 - mutation_test.py:521 - ================== start 12 generation!(12/100) ==================
INFO 2024-05-28 20:41:57 - model_mutation_operators.py:1071 - Adopt CM mut_strategy!
INFO 2024-05-28 20:41:57 - model_mutation_operators.py:1154 - candidate_in_mutlayers_indice:-1
INFO 2024-05-28 20:41:57 - model_mutation_operators.py:1161 - select layer: inception1.p4_1 layer_type: <class 'mindspore.nn.layer.pooling.MaxPool2d'> in_shape: [2, 64, 35, 35] out_shape: [2, 64, 35, 35]
INFO 2024-05-28 20:41:57 - model_mutation_operators.py:1162 - mut Basic type: True
INFO 2024-05-28 20:41:58 - model_mutation_operators.py:1205 - select insert layer: downsample<
  (downsample_conv): Conv2d<input_channels=64, output_channels=64, kernel_size=(1, 1), stride=(1, 1), pad_mode=same, padding=0, dilation=(1, 1), group=1, has_bias=False, weight_init=<mindspore.common.initializer.HeUniform object at 0x7f26be925090>, bias_init=None, format=NCHW>
  (downsample_bn): BatchNorm2d<num_features=64, eps=1e-05, momentum=0.9, gamma=Parameter (name=1.downsample_bn.gamma, shape=(64,), dtype=Float32, requires_grad=True), beta=Parameter (name=1.downsample_bn.beta, shape=(64,), dtype=Float32, requires_grad=True), moving_mean=Parameter (name=1.downsample_bn.moving_mean, shape=(64,), dtype=Float32, requires_grad=False), moving_variance=Parameter (name=1.downsample_bn.moving_variance, shape=(64,), dtype=Float32, requires_grad=False)>
  >
INFO 2024-05-28 20:41:58 - model_mutation_operators.py:1250 - replace Basic with CM op!
INFO 2024-05-28 20:41:58 - model_mutation_operators.py:1301 - mut_result:True
INFO 2024-05-28 20:41:58 - model_mutation_operators.py:1302 - 12 generation!

INFO 2024-05-28 20:41:59 - mutation_test.py:521 - ================== start 13 generation!(13/100) ==================
INFO 2024-05-28 20:41:59 - model_mutation_operators.py:24 - Adopt PM mut_strategy!
INFO 2024-05-28 20:41:59 - model_mutation_operators.py:80 - candidate_in_mutlayers_indice:-1
INFO 2024-05-28 20:41:59 - model_mutation_operators.py:93 - select op: inception1.p2_2 layer_type: Conv2d selected param:group input_shape:[2, 48, 35, 35] output_shape:[2, 64, 35, 35]
INFO 2024-05-28 20:41:59 - model_mutation_operators.py:160 - mutate_replace_layer: Conv2d<input_channels=48, output_channels=64, kernel_size=(3, 3), stride=(1, 1), pad_mode=same, padding=0, dilation=(1, 1), group=2, has_bias=True, weight_init=<mindspore.common.initializer.HeUniform object at 0x7f26bf165b90>, bias_init=<mindspore.common.initializer.Uniform object at 0x7f26bf0cfc90>, format=NCHW>
INFO 2024-05-28 20:41:59 - model_mutation_operators.py:193 - Previous value: 4 Edit value: 2 new_inshape: (2, 48, 35, 35) new_outshape: (2, 64, 35, 35)
INFO 2024-05-28 20:41:59 - model_mutation_operators.py:232 - Conv2d<input_channels=48, output_channels=64, kernel_size=(3, 3), stride=(1, 1), pad_mode=same, padding=0, dilation=(1, 1), group=2, has_bias=True, weight_init=<mindspore.common.initializer.HeUniform object at 0x7f26bf165b90>, bias_init=<mindspore.common.initializer.Uniform object at 0x7f26bf0cfc90>, format=NCHW>
INFO 2024-05-28 20:41:59 - model_mutation_operators.py:233 - mut_result:True
INFO 2024-05-28 20:41:59 - model_mutation_operators.py:234 - 13 generation!

INFO 2024-05-28 20:41:59 - mutation_test.py:521 - ================== start 14 generation!(14/100) ==================
INFO 2024-05-28 20:41:59 - model_mutation_operators.py:2119 - Adopt SM mut_strategy!
INFO 2024-05-28 20:41:59 - model_mutation_operators.py:2157 - select layer: inception1.p3_2 layer_type: <class 'mindspore.nn.layer.container.SequentialCell'> in_shape: [2, 64, 35, 35] out_shape: [2, 96, 35, 35]
INFO 2024-05-28 20:41:59 - model_mutation_operators.py:2158 - mut Basic type: True
INFO 2024-05-28 20:41:59 - model_mutation_operators.py:2202 - candidate_in_mutlayers_indice:1
INFO 2024-05-28 20:41:59 - model_mutation_operators.py:2244 - mutate output_shape: [2, 8, 4]
INFO 2024-05-28 20:41:59 - model_mutation_operators.py:2360 - mut_result:True
INFO 2024-05-28 20:41:59 - model_mutation_operators.py:2361 - 14 generation!

INFO 2024-05-28 20:42:02 - mutation_test.py:521 - ================== start 15 generation!(15/100) ==================
INFO 2024-05-28 20:42:02 - model_mutation_operators.py:243 - Adopt LD mut_strategy!
INFO 2024-05-28 20:42:02 - model_mutation_operators.py:259 - delete layer_name:inception1.p2_2
INFO 2024-05-28 20:42:02 - model_mutation_operators.py:321 - candidate_in_mutlayers_indice:-1
INFO 2024-05-28 20:42:02 - model_mutation_operators.py:330 - adopt DeleteCell Replace_ms
INFO 2024-05-28 20:42:02 - model_mutation_operators.py:506 - mut_result:True
INFO 2024-05-28 20:42:02 - model_mutation_operators.py:507 - 15 generation!

INFO 2024-05-28 20:42:02 - mutation_test.py:521 - ================== start 16 generation!(16/100) ==================
INFO 2024-05-28 20:42:02 - model_mutation_operators.py:2119 - Adopt SM mut_strategy!
INFO 2024-05-28 20:42:02 - model_mutation_operators.py:2157 - select layer: inception1.p3_2 layer_type: <class 'mindspore.nn.layer.container.SequentialCell'> in_shape: [2, 64, 35, 35] out_shape: [2, 96, 35, 35]
INFO 2024-05-28 20:42:02 - model_mutation_operators.py:2158 - mut Basic type: True
INFO 2024-05-28 20:42:02 - model_mutation_operators.py:2169 - No suitable ops for SM mutation!
INFO 2024-05-28 20:42:02 - model_mutation_operators.py:2170 - 16 generation!
INFO 2024-05-28 20:42:08 - mutation_test.py:521 - ================== start 17 generation!(17/100) ==================
INFO 2024-05-28 20:42:08 - model_mutation_operators.py:24 - Adopt PM mut_strategy!
INFO 2024-05-28 20:42:08 - model_mutation_operators.py:80 - candidate_in_mutlayers_indice:-1
INFO 2024-05-28 20:42:08 - model_mutation_operators.py:93 - select op: inception2.p2_1 layer_type: Conv2d selected param:stride input_shape:[2, 256, 35, 35] output_shape:[2, 48, 35, 35]
INFO 2024-05-28 20:42:08 - model_mutation_operators.py:160 - mutate_replace_layer: Conv2d<input_channels=256, output_channels=48, kernel_size=(1, 1), stride=(2, 4), pad_mode=same, padding=0, dilation=(1, 1), group=1, has_bias=True, weight_init=<mindspore.common.initializer.HeUniform object at 0x7f26bed93990>, bias_init=<mindspore.common.initializer.Uniform object at 0x7f26bed93d50>, format=NCHW>
INFO 2024-05-28 20:42:08 - model_mutation_operators.py:193 - Previous value: (1, 1) Edit value: (2, 4) new_inshape: (2, 256, 35, 35) new_outshape: (2, 48, 18, 9)
INFO 2024-05-28 20:42:08 - model_mutation_operators.py:232 - SequentialCell<
  (0): Conv2d<input_channels=256, output_channels=48, kernel_size=(1, 1), stride=(2, 4), pad_mode=same, padding=0, dilation=(1, 1), group=1, has_bias=True, weight_init=<mindspore.common.initializer.HeUniform object at 0x7f26bed93990>, bias_init=<mindspore.common.initializer.Uniform object at 0x7f26bed93d50>, format=NCHW>
  (1): Replace_ms<>
  >
INFO 2024-05-28 20:42:08 - model_mutation_operators.py:233 - mut_result:True
INFO 2024-05-28 20:42:08 - model_mutation_operators.py:234 - 17 generation!

INFO 2024-05-28 20:42:08 - mutation_test.py:521 - ================== start 18 generation!(18/100) ==================
INFO 2024-05-28 20:42:08 - model_mutation_operators.py:1071 - Adopt CM mut_strategy!
INFO 2024-05-28 20:42:08 - model_mutation_operators.py:1154 - candidate_in_mutlayers_indice:-1
INFO 2024-05-28 20:42:08 - model_mutation_operators.py:1161 - select layer: bn3 layer_type: <class 'mindspore.nn.layer.normalization.BatchNorm2d'> in_shape: [2, 64, 72, 72] out_shape: [2, 64, 72, 72]
INFO 2024-05-28 20:42:08 - model_mutation_operators.py:1162 - mut Basic type: True
INFO 2024-05-28 20:42:08 - model_mutation_operators.py:1205 - select insert layer: ReLU<>
INFO 2024-05-28 20:42:08 - model_mutation_operators.py:1250 - replace Basic with CM op!
INFO 2024-05-28 20:42:08 - model_mutation_operators.py:1301 - mut_result:True
INFO 2024-05-28 20:42:08 - model_mutation_operators.py:1302 - 18 generation!

INFO 2024-05-28 20:42:10 - mutation_test.py:521 - ================== start 19 generation!(19/100) ==================
INFO 2024-05-28 20:42:10 - model_mutation_operators.py:24 - Adopt PM mut_strategy!
INFO 2024-05-28 20:42:10 - model_mutation_operators.py:80 - candidate_in_mutlayers_indice:-1
INFO 2024-05-28 20:42:10 - model_mutation_operators.py:93 - select op: dropout layer_type: Dropout selected param:keep_prob input_shape:[2, 288, 28, 28] output_shape:[2, 288, 28, 28]
INFO 2024-05-28 20:42:10 - model_mutation_operators.py:160 - mutate_replace_layer: Dropout<keep_prob=0.1>
INFO 2024-05-28 20:42:11 - model_mutation_operators.py:193 - Previous value: 0.4 Edit value: 0.1 new_inshape: (2, 288, 28, 28) new_outshape: (2, 288, 28, 28)
INFO 2024-05-28 20:42:11 - model_mutation_operators.py:232 - Dropout<keep_prob=0.1>
INFO 2024-05-28 20:42:11 - model_mutation_operators.py:233 - mut_result:True
INFO 2024-05-28 20:42:11 - model_mutation_operators.py:234 - 19 generation!

INFO 2024-05-28 20:42:11 - mutation_test.py:521 - ================== start 20 generation!(20/100) ==================
INFO 2024-05-28 20:42:11 - model_mutation_operators.py:2119 - Adopt SM mut_strategy!
INFO 2024-05-28 20:42:11 - model_mutation_operators.py:2157 - select layer: inception2.p1_1 layer_type: <class 'mindspore.nn.layer.container.SequentialCell'> in_shape: [2, 256, 35, 35] out_shape: [2, 64, 35, 35]
INFO 2024-05-28 20:42:11 - model_mutation_operators.py:2158 - mut Basic type: True
INFO 2024-05-28 20:42:11 - model_mutation_operators.py:2202 - candidate_in_mutlayers_indice:1
INFO 2024-05-28 20:42:11 - model_mutation_operators.py:2257 - mutate input_shape: [2, 9, 39, 6]
INFO 2024-05-28 20:42:11 - model_mutation_operators.py:2258 - mutate output_shape: [2, 40, 38, 2]
INFO 2024-05-28 20:42:11 - model_mutation_operators.py:2360 - mut_result:True
INFO 2024-05-28 20:42:11 - model_mutation_operators.py:2361 - 20 generation!

INFO 2024-05-28 20:42:13 - mutation_test.py:521 - ================== start 21 generation!(21/100) ==================
INFO 2024-05-28 20:42:13 - model_mutation_operators.py:2119 - Adopt SM mut_strategy!
INFO 2024-05-28 20:42:13 - model_mutation_operators.py:2157 - select layer: inception1.p3_2 layer_type: <class 'mindspore.nn.layer.container.SequentialCell'> in_shape: [2, 64, 35, 35] out_shape: [2, 96, 35, 35]
INFO 2024-05-28 20:42:13 - model_mutation_operators.py:2158 - mut Basic type: True
INFO 2024-05-28 20:42:13 - model_mutation_operators.py:2169 - No suitable ops for SM mutation!
INFO 2024-05-28 20:42:13 - model_mutation_operators.py:2170 - 21 generation!
INFO 2024-05-28 20:42:20 - mutation_test.py:521 - ================== start 22 generation!(22/100) ==================
INFO 2024-05-28 20:42:20 - model_mutation_operators.py:24 - Adopt PM mut_strategy!
INFO 2024-05-28 20:42:20 - model_mutation_operators.py:80 - candidate_in_mutlayers_indice:-1
INFO 2024-05-28 20:42:20 - model_mutation_operators.py:93 - select op: inception2.p4_2 layer_type: Conv2d selected param:stride input_shape:[2, 256, 35, 35] output_shape:[2, 64, 35, 35]
INFO 2024-05-28 20:42:20 - model_mutation_operators.py:160 - mutate_replace_layer: Conv2d<input_channels=256, output_channels=64, kernel_size=(1, 1), stride=(3, 3), pad_mode=same, padding=0, dilation=(1, 1), group=1, has_bias=True, weight_init=<mindspore.common.initializer.HeUniform object at 0x7f26be98a450>, bias_init=<mindspore.common.initializer.Uniform object at 0x7f26bf1ef550>, format=NCHW>
INFO 2024-05-28 20:42:20 - model_mutation_operators.py:193 - Previous value: (1, 1) Edit value: (3, 3) new_inshape: (2, 256, 35, 35) new_outshape: (2, 64, 12, 12)
INFO 2024-05-28 20:42:20 - model_mutation_operators.py:232 - SequentialCell<
  (0): Conv2d<input_channels=256, output_channels=64, kernel_size=(1, 1), stride=(3, 3), pad_mode=same, padding=0, dilation=(1, 1), group=1, has_bias=True, weight_init=<mindspore.common.initializer.HeUniform object at 0x7f26be98a450>, bias_init=<mindspore.common.initializer.Uniform object at 0x7f26bf1ef550>, format=NCHW>
  (1): Replace_ms<>
  >
INFO 2024-05-28 20:42:20 - model_mutation_operators.py:233 - mut_result:True
INFO 2024-05-28 20:42:20 - model_mutation_operators.py:234 - 22 generation!

INFO 2024-05-28 20:42:23 - mutation_test.py:521 - ================== start 23 generation!(23/100) ==================
INFO 2024-05-28 20:42:23 - model_mutation_operators.py:756 - Adopt RA mut_strategy!
INFO 2024-05-28 20:42:23 - model_mutation_operators.py:850 - candidate_in_mutlayers_indice:-1
INFO 2024-05-28 20:42:23 - model_mutation_operators.py:859 - select layer: inception1.p1_1 layer_type: <class 'mindspore.nn.layer.conv.Conv2d'> in_shape: [2, 64, 35, 35] out_shape: [2, 64, 35, 35]
INFO 2024-05-28 20:42:23 - model_mutation_operators.py:860 - mut Basic type: True
INFO 2024-05-28 20:42:23 - model_mutation_operators.py:861 - add Basic layer : Basic_op
INFO 2024-05-28 20:42:23 - model_mutation_operators.py:874 - select insert layer: ELU<>
INFO 2024-05-28 20:42:23 - model_mutation_operators.py:922 - insert_layer_outshape equal!
INFO 2024-05-28 20:42:23 - model_mutation_operators.py:1061 - mut_result:True
INFO 2024-05-28 20:42:23 - model_mutation_operators.py:1062 - 23 generation!

INFO 2024-05-28 20:42:23 - mutation_test.py:521 - ================== start 24 generation!(24/100) ==================
INFO 2024-05-28 20:42:23 - model_mutation_operators.py:2119 - Adopt SM mut_strategy!
INFO 2024-05-28 20:42:23 - model_mutation_operators.py:2157 - select layer: inception2.p1_1 layer_type: <class 'mindspore.nn.layer.container.SequentialCell'> in_shape: [2, 256, 35, 35] out_shape: [2, 64, 35, 35]
INFO 2024-05-28 20:42:23 - model_mutation_operators.py:2158 - mut Basic type: True
INFO 2024-05-28 20:42:23 - model_mutation_operators.py:2169 - No suitable ops for SM mutation!
INFO 2024-05-28 20:42:23 - model_mutation_operators.py:2170 - 24 generation!
INFO 2024-05-28 20:42:31 - mutation_test.py:521 - ================== start 25 generation!(25/100) ==================
INFO 2024-05-28 20:42:31 - model_mutation_operators.py:24 - Adopt PM mut_strategy!
INFO 2024-05-28 20:42:31 - model_mutation_operators.py:80 - candidate_in_mutlayers_indice:-1
INFO 2024-05-28 20:42:31 - model_mutation_operators.py:93 - select op: conv2 layer_type: Conv2d selected param:in_channels input_shape:[2, 32, 74, 74] output_shape:[2, 32, 72, 72]
INFO 2024-05-28 20:42:31 - model_mutation_operators.py:160 - mutate_replace_layer: Conv2d<input_channels=128, output_channels=32, kernel_size=(3, 3), stride=(1, 1), pad_mode=same, padding=0, dilation=(1, 1), group=1, has_bias=False, weight_init=<mindspore.common.initializer.HeUniform object at 0x7f26be9e0cd0>, bias_init=None, format=NCHW>
INFO 2024-05-28 20:42:31 - model_mutation_operators.py:193 - Previous value: 32 Edit value: 128 new_inshape: (2, 128, 74, 74) new_outshape: (2, 32, 74, 74)
INFO 2024-05-28 20:42:31 - model_mutation_operators.py:212 - SequentialCell<
  (0): Replace_ms<>
  (1): Conv2d<input_channels=128, output_channels=32, kernel_size=(3, 3), stride=(1, 1), pad_mode=same, padding=0, dilation=(1, 1), group=1, has_bias=False, weight_init=<mindspore.common.initializer.HeUniform object at 0x7f26be9e0cd0>, bias_init=None, format=NCHW>
  (2): Replace_ms<>
  >
INFO 2024-05-28 20:42:31 - model_mutation_operators.py:213 - mut_result:True
INFO 2024-05-28 20:42:31 - model_mutation_operators.py:214 - 25 generation!

INFO 2024-05-28 20:42:31 - mutation_test.py:521 - ================== start 26 generation!(26/100) ==================
INFO 2024-05-28 20:42:31 - model_mutation_operators.py:2119 - Adopt SM mut_strategy!
INFO 2024-05-28 20:42:31 - model_mutation_operators.py:2157 - select layer: avgpool layer_type: <class 'mindspore.nn.layer.container.SequentialCell'> in_shape: [2, 288, 35, 35] out_shape: [2, 288, 28, 28]
INFO 2024-05-28 20:42:31 - model_mutation_operators.py:2158 - mut Basic type: True
INFO 2024-05-28 20:42:31 - model_mutation_operators.py:2169 - No suitable ops for SM mutation!
INFO 2024-05-28 20:42:31 - model_mutation_operators.py:2170 - 26 generation!
INFO 2024-05-28 20:42:39 - mutation_test.py:521 - ================== start 27 generation!(27/100) ==================
INFO 2024-05-28 20:42:39 - model_mutation_operators.py:2119 - Adopt SM mut_strategy!
INFO 2024-05-28 20:42:39 - model_mutation_operators.py:2157 - select layer: dropout layer_type: <class 'mindspore.nn.layer.basic.Dropout'> in_shape: [2, 288, 28, 28] out_shape: [2, 288, 28, 28]
INFO 2024-05-28 20:42:39 - model_mutation_operators.py:2158 - mut Basic type: True
INFO 2024-05-28 20:42:39 - model_mutation_operators.py:2206 - candidate_in_mutlayers_indice:-1
INFO 2024-05-28 20:42:39 - model_mutation_operators.py:2265 - mutate input_shape: [2, 26, 25, 19]
INFO 2024-05-28 20:42:39 - model_mutation_operators.py:2360 - mut_result:True
INFO 2024-05-28 20:42:39 - model_mutation_operators.py:2361 - 27 generation!

INFO 2024-05-28 20:42:39 - mutation_test.py:521 - ================== start 28 generation!(28/100) ==================
INFO 2024-05-28 20:42:39 - model_mutation_operators.py:1071 - Adopt CM mut_strategy!
INFO 2024-05-28 20:42:39 - model_mutation_operators.py:1154 - candidate_in_mutlayers_indice:-1
INFO 2024-05-28 20:42:39 - model_mutation_operators.py:1161 - select layer: bn3 layer_type: <class 'common.mutation_ms.Layer_utils.CM_branchCell'> in_shape: [2, 64, 72, 72] out_shape: [2, 64, 72, 72]
INFO 2024-05-28 20:42:39 - model_mutation_operators.py:1162 - mut Basic type: True
INFO 2024-05-28 20:42:39 - model_mutation_operators.py:1205 - select insert layer: Conv2d<input_channels=64, output_channels=64, kernel_size=(1, 1), stride=(1, 1), pad_mode=same, padding=0, dilation=(1, 1), group=1, has_bias=False, weight_init=<mindspore.common.initializer.HeUniform object at 0x7f26becb8450>, bias_init=None, format=NCHW>
INFO 2024-05-28 20:42:39 - model_mutation_operators.py:1250 - replace Basic with CM op!
INFO 2024-05-28 20:42:39 - model_mutation_operators.py:1301 - mut_result:True
INFO 2024-05-28 20:42:39 - model_mutation_operators.py:1302 - 28 generation!

INFO 2024-05-28 20:42:42 - mutation_test.py:521 - ================== start 29 generation!(29/100) ==================
INFO 2024-05-28 20:42:42 - model_mutation_operators.py:1924 - Adopt LC mut_strategy!
INFO 2024-05-28 20:42:42 - model_mutation_operators.py:1991 - select layer: conv1 layer_type: <class 'mindspore.nn.layer.conv.Conv2d'> in_shape: [2, 3, 150, 150] out_shape: [2, 32, 74, 74]
INFO 2024-05-28 20:42:42 - model_mutation_operators.py:1992 - mut Basic type: True
INFO 2024-05-28 20:42:42 - model_mutation_operators.py:1993 - add Basic layer : Basic_op
INFO 2024-05-28 20:42:42 - model_mutation_operators.py:2006 - select insert layer: Conv2d<input_channels=32, output_channels=32, kernel_size=(3, 3), stride=(2, 2), pad_mode=same, padding=0, dilation=(1, 1), group=1, has_bias=False, weight_init=<mindspore.common.initializer.HeUniform object at 0x7f266266f9d0>, bias_init=None, format=NCHW>
INFO 2024-05-28 20:42:42 - model_mutation_operators.py:2036 - insert_layer_outshape not equal!: [2, 32, 74, 74]
INFO 2024-05-28 20:42:43 - model_mutation_operators.py:2109 - mut_result:True
INFO 2024-05-28 20:42:43 - model_mutation_operators.py:2110 - 29 generation!

INFO 2024-05-28 20:42:43 - mutation_test.py:521 - ================== start 30 generation!(30/100) ==================
INFO 2024-05-28 20:42:43 - model_mutation_operators.py:516 - Adopt LA mut_strategy!
INFO 2024-05-28 20:42:43 - model_mutation_operators.py:591 - candidate_in_mutlayers_indice:-1
INFO 2024-05-28 20:42:43 - model_mutation_operators.py:600 - select layer: inception1.p4_1 layer_type: <class 'common.mutation_ms.Layer_utils.CM_branchCell'> in_shape: [2, 64, 35, 35] out_shape: [2, 64, 35, 35]
INFO 2024-05-28 20:42:43 - model_mutation_operators.py:601 - mut Basic type: True
INFO 2024-05-28 20:42:43 - model_mutation_operators.py:602 - add Basic layer : Cascade_op
INFO 2024-05-28 20:42:43 - model_mutation_operators.py:616 - select insert layer: ResidualBlock<
  (residual_conv1): Conv2d<input_channels=64, output_channels=16, kernel_size=(1, 1), stride=(1, 1), pad_mode=same, padding=0, dilation=(1, 1), group=1, has_bias=False, weight_init=<mindspore.common.initializer.HeUniform object at 0x7f26bf444c90>, bias_init=None, format=NCHW>
  (residual_bn1): BatchNorm2d<num_features=16, eps=0.0001, momentum=0.9, gamma=Parameter (name=residual_bn1.gamma, shape=(16,), dtype=Float32, requires_grad=True), beta=Parameter (name=residual_bn1.beta, shape=(16,), dtype=Float32, requires_grad=True), moving_mean=Parameter (name=residual_bn1.moving_mean, shape=(16,), dtype=Float32, requires_grad=False), moving_variance=Parameter (name=residual_bn1.moving_variance, shape=(16,), dtype=Float32, requires_grad=False)>
  (residual_conv2): Conv2d<input_channels=16, output_channels=16, kernel_size=(3, 3), stride=(1, 1), pad_mode=same, padding=0, dilation=(1, 1), group=1, has_bias=False, weight_init=<mindspore.common.initializer.HeUniform object at 0x7f26bf44ddd0>, bias_init=None, format=NCHW>
  (residual_bn2): BatchNorm2d<num_features=16, eps=0.0001, momentum=0.9, gamma=Parameter (name=residual_bn2.gamma, shape=(16,), dtype=Float32, requires_grad=True), beta=Parameter (name=residual_bn2.beta, shape=(16,), dtype=Float32, requires_grad=True), moving_mean=Parameter (name=residual_bn2.moving_mean, shape=(16,), dtype=Float32, requires_grad=False), moving_variance=Parameter (name=residual_bn2.moving_variance, shape=(16,), dtype=Float32, requires_grad=False)>
  (residual_conv3): Conv2d<input_channels=16, output_channels=64, kernel_size=(1, 1), stride=(1, 1), pad_mode=same, padding=0, dilation=(1, 1), group=1, has_bias=False, weight_init=<mindspore.common.initializer.HeUniform object at 0x7f26bf46fe10>, bias_init=None, format=NCHW>
  (residual_bn3): BatchNorm2d<num_features=64, eps=0.0001, momentum=0.9, gamma=Parameter (name=residual_bn3.gamma, shape=(64,), dtype=Float32, requires_grad=True), beta=Parameter (name=residual_bn3.beta, shape=(64,), dtype=Float32, requires_grad=True), moving_mean=Parameter (name=residual_bn3.moving_mean, shape=(64,), dtype=Float32, requires_grad=False), moving_variance=Parameter (name=residual_bn3.moving_variance, shape=(64,), dtype=Float32, requires_grad=False)>
  (residual_relu1): ReLU<>
  (residual_relu2): ReLU<>
  (residual_relu3): ReLU<>
  (residual_down_sample_layer): SequentialCell<
    (0): Conv2d<input_channels=64, output_channels=64, kernel_size=(1, 1), stride=(1, 1), pad_mode=same, padding=0, dilation=(1, 1), group=1, has_bias=False, weight_init=<mindspore.common.initializer.HeUniform object at 0x7f26625d0cd0>, bias_init=None, format=NCHW>
    (1): BatchNorm2d<num_features=64, eps=0.0001, momentum=0.9, gamma=Parameter (name=residual_down_sample_layer.1.gamma, shape=(64,), dtype=Float32, requires_grad=True), beta=Parameter (name=residual_down_sample_layer.1.beta, shape=(64,), dtype=Float32, requires_grad=True), moving_mean=Parameter (name=residual_down_sample_layer.1.moving_mean, shape=(64,), dtype=Float32, requires_grad=False), moving_variance=Parameter (name=residual_down_sample_layer.1.moving_variance, shape=(64,), dtype=Float32, requires_grad=False)>
    >
  >
INFO 2024-05-28 20:42:43 - model_mutation_operators.py:629 - insert_layer_outshape equal!
INFO 2024-05-28 20:42:43 - model_mutation_operators.py:694 - add Cascade_op after basicop!
INFO 2024-05-28 20:42:43 - model_mutation_operators.py:746 - mut_result:True
INFO 2024-05-28 20:42:43 - model_mutation_operators.py:747 - 30 generation!

INFO 2024-05-28 20:42:46 - mutation_test.py:521 - ================== start 31 generation!(31/100) ==================
INFO 2024-05-28 20:42:46 - model_mutation_operators.py:24 - Adopt PM mut_strategy!
INFO 2024-05-28 20:42:46 - model_mutation_operators.py:80 - candidate_in_mutlayers_indice:-1
INFO 2024-05-28 20:42:46 - model_mutation_operators.py:93 - select op: inception1.batch_norm layer_type: BatchNorm2d selected param:num_features input_shape:[2, 256, 35, 35] output_shape:[2, 256, 35, 35]
INFO 2024-05-28 20:42:46 - model_mutation_operators.py:160 - mutate_replace_layer: BatchNorm2d<num_features=85, eps=1e-05, momentum=0.09999999999999998, gamma=Parameter (name=gamma, shape=(85,), dtype=Float32, requires_grad=True), beta=Parameter (name=beta, shape=(85,), dtype=Float32, requires_grad=True), moving_mean=Parameter (name=mean, shape=(85,), dtype=Float32, requires_grad=False), moving_variance=Parameter (name=variance, shape=(85,), dtype=Float32, requires_grad=False)>
INFO 2024-05-28 20:42:46 - model_mutation_operators.py:193 - Previous value: 256 Edit value: 85 new_inshape: (2, 85, 35, 35) new_outshape: (2, 85, 35, 35)
INFO 2024-05-28 20:42:46 - model_mutation_operators.py:212 - SequentialCell<
  (0): Replace_ms<>
  (1): BatchNorm2d<num_features=85, eps=1e-05, momentum=0.09999999999999998, gamma=Parameter (name=batch_norm.1.gamma, shape=(85,), dtype=Float32, requires_grad=True), beta=Parameter (name=batch_norm.1.beta, shape=(85,), dtype=Float32, requires_grad=True), moving_mean=Parameter (name=batch_norm.1.moving_mean, shape=(85,), dtype=Float32, requires_grad=False), moving_variance=Parameter (name=batch_norm.1.moving_variance, shape=(85,), dtype=Float32, requires_grad=False)>
  (2): Replace_ms<>
  >
INFO 2024-05-28 20:42:46 - model_mutation_operators.py:213 - mut_result:True
INFO 2024-05-28 20:42:46 - model_mutation_operators.py:214 - 31 generation!

INFO 2024-05-28 20:42:47 - mutation_test.py:521 - ================== start 32 generation!(32/100) ==================
INFO 2024-05-28 20:42:47 - model_mutation_operators.py:24 - Adopt PM mut_strategy!
INFO 2024-05-28 20:42:47 - model_mutation_operators.py:80 - candidate_in_mutlayers_indice:-1
INFO 2024-05-28 20:42:47 - model_mutation_operators.py:93 - select op: maxpool1 layer_type: MaxPool2d selected param:stride input_shape:[2, 64, 72, 72] output_shape:[2, 64, 35, 35]
INFO 2024-05-28 20:42:47 - model_mutation_operators.py:160 - mutate_replace_layer: MaxPool2d<kernel_size=3, stride=(3, 4), pad_mode=VALID>
INFO 2024-05-28 20:42:47 - model_mutation_operators.py:193 - Previous value: 2 Edit value: (3, 4) new_inshape: (2, 64, 72, 72) new_outshape: (2, 64, 24, 18)
INFO 2024-05-28 20:42:47 - model_mutation_operators.py:232 - SequentialCell<
  (0): MaxPool2d<kernel_size=3, stride=(3, 4), pad_mode=VALID>
  (1): Replace_ms<>
  >
INFO 2024-05-28 20:42:47 - model_mutation_operators.py:233 - mut_result:True
INFO 2024-05-28 20:42:47 - model_mutation_operators.py:234 - 32 generation!

INFO 2024-05-28 20:42:50 - mutation_test.py:521 - ================== start 33 generation!(33/100) ==================
INFO 2024-05-28 20:42:50 - model_mutation_operators.py:243 - Adopt LD mut_strategy!
INFO 2024-05-28 20:42:50 - model_mutation_operators.py:259 - delete layer_name:avgpool
INFO 2024-05-28 20:42:50 - model_mutation_operators.py:279 - mut_result:No suitable ops for LD mutation!
INFO 2024-05-28 20:42:50 - model_mutation_operators.py:280 - 33 generation!
INFO 2024-05-28 20:42:57 - mutation_test.py:521 - ================== start 34 generation!(34/100) ==================
INFO 2024-05-28 20:42:57 - model_mutation_operators.py:1071 - Adopt CM mut_strategy!
INFO 2024-05-28 20:42:57 - model_mutation_operators.py:1117 - mut_result:No suitable ops for CM mutation!
INFO 2024-05-28 20:42:57 - model_mutation_operators.py:1118 - 34 generation!
INFO 2024-05-28 20:43:05 - mutation_test.py:521 - ================== start 35 generation!(35/100) ==================
INFO 2024-05-28 20:43:05 - model_mutation_operators.py:24 - Adopt PM mut_strategy!
INFO 2024-05-28 20:43:05 - model_mutation_operators.py:80 - candidate_in_mutlayers_indice:-1
INFO 2024-05-28 20:43:05 - model_mutation_operators.py:93 - select op: inception1.p4_2 layer_type: Conv2d selected param:in_channels input_shape:[2, 64, 35, 35] output_shape:[2, 32, 35, 35]
INFO 2024-05-28 20:43:05 - model_mutation_operators.py:160 - mutate_replace_layer: Conv2d<input_channels=32, output_channels=32, kernel_size=(1, 1), stride=(1, 1), pad_mode=same, padding=0, dilation=(1, 1), group=1, has_bias=True, weight_init=<mindspore.common.initializer.HeUniform object at 0x7f26beddfed0>, bias_init=<mindspore.common.initializer.Uniform object at 0x7f2661071190>, format=NCHW>
INFO 2024-05-28 20:43:05 - model_mutation_operators.py:193 - Previous value: 64 Edit value: 32 new_inshape: (2, 32, 35, 35) new_outshape: (2, 32, 35, 35)
INFO 2024-05-28 20:43:05 - model_mutation_operators.py:212 - SequentialCell<
  (0): Replace_ms<>
  (1): Conv2d<input_channels=32, output_channels=32, kernel_size=(1, 1), stride=(1, 1), pad_mode=same, padding=0, dilation=(1, 1), group=1, has_bias=True, weight_init=<mindspore.common.initializer.HeUniform object at 0x7f26beddfed0>, bias_init=<mindspore.common.initializer.Uniform object at 0x7f2661071190>, format=NCHW>
  >
INFO 2024-05-28 20:43:05 - model_mutation_operators.py:213 - mut_result:True
INFO 2024-05-28 20:43:05 - model_mutation_operators.py:214 - 35 generation!

INFO 2024-05-28 20:43:05 - mutation_test.py:521 - ================== start 36 generation!(36/100) ==================
INFO 2024-05-28 20:43:05 - model_mutation_operators.py:243 - Adopt LD mut_strategy!
INFO 2024-05-28 20:43:05 - model_mutation_operators.py:259 - delete layer_name:fc
INFO 2024-05-28 20:43:05 - model_mutation_operators.py:321 - candidate_in_mutlayers_indice:-1
INFO 2024-05-28 20:43:05 - model_mutation_operators.py:330 - adopt DeleteCell Replace_ms
INFO 2024-05-28 20:43:05 - model_mutation_operators.py:506 - mut_result:True
INFO 2024-05-28 20:43:05 - model_mutation_operators.py:507 - 36 generation!

INFO 2024-05-28 20:43:08 - mutation_test.py:521 - ================== start 37 generation!(37/100) ==================
INFO 2024-05-28 20:43:08 - model_mutation_operators.py:243 - Adopt LD mut_strategy!
INFO 2024-05-28 20:43:08 - model_mutation_operators.py:259 - delete layer_name:avgpool
INFO 2024-05-28 20:43:08 - model_mutation_operators.py:279 - mut_result:No suitable ops for LD mutation!
INFO 2024-05-28 20:43:08 - model_mutation_operators.py:280 - 37 generation!
INFO 2024-05-28 20:43:16 - mutation_test.py:521 - ================== start 38 generation!(38/100) ==================
INFO 2024-05-28 20:43:16 - model_mutation_operators.py:2119 - Adopt SM mut_strategy!
INFO 2024-05-28 20:43:16 - model_mutation_operators.py:2157 - select layer: inception1.p3_1 layer_type: <class 'common.mutation_ms.Layer_utils.CM_branchCell'> in_shape: [2, 64, 35, 35] out_shape: [2, 64, 35, 35]
INFO 2024-05-28 20:43:16 - model_mutation_operators.py:2158 - mut Basic type: True
INFO 2024-05-28 20:43:16 - model_mutation_operators.py:2206 - candidate_in_mutlayers_indice:-1
INFO 2024-05-28 20:43:16 - model_mutation_operators.py:2271 - mutate output_shape: [2, 23, 16, 22]
INFO 2024-05-28 20:43:16 - model_mutation_operators.py:2360 - mut_result:True
INFO 2024-05-28 20:43:16 - model_mutation_operators.py:2361 - 38 generation!

INFO 2024-05-28 20:43:20 - mutation_test.py:521 - ================== start 39 generation!(39/100) ==================
INFO 2024-05-28 20:43:20 - model_mutation_operators.py:516 - Adopt LA mut_strategy!
INFO 2024-05-28 20:43:20 - model_mutation_operators.py:561 - mut_result:No suitable ops for LA mutation!
INFO 2024-05-28 20:43:20 - model_mutation_operators.py:562 - 39 generation!
INFO 2024-05-28 20:43:26 - mutation_test.py:521 - ================== start 40 generation!(40/100) ==================
INFO 2024-05-28 20:43:26 - model_mutation_operators.py:243 - Adopt LD mut_strategy!
INFO 2024-05-28 20:43:26 - model_mutation_operators.py:259 - delete layer_name:inception1.p3_1
INFO 2024-05-28 20:43:26 - model_mutation_operators.py:279 - mut_result:No suitable ops for LD mutation!
INFO 2024-05-28 20:43:26 - model_mutation_operators.py:280 - 40 generation!
INFO 2024-05-28 20:43:37 - mutation_test.py:521 - ================== start 41 generation!(41/100) ==================
INFO 2024-05-28 20:43:37 - model_mutation_operators.py:24 - Adopt PM mut_strategy!
INFO 2024-05-28 20:43:37 - model_mutation_operators.py:80 - candidate_in_mutlayers_indice:-1
INFO 2024-05-28 20:43:37 - model_mutation_operators.py:93 - select op: inception2.p3_1 layer_type: Conv2d selected param:in_channels input_shape:[2, 256, 35, 35] output_shape:[2, 64, 35, 35]
INFO 2024-05-28 20:43:37 - model_mutation_operators.py:160 - mutate_replace_layer: Conv2d<input_channels=128, output_channels=64, kernel_size=(1, 1), stride=(1, 1), pad_mode=same, padding=0, dilation=(1, 1), group=1, has_bias=True, weight_init=<mindspore.common.initializer.HeUniform object at 0x7f26bf4b99d0>, bias_init=<mindspore.common.initializer.Uniform object at 0x7f26bf4b9890>, format=NCHW>
INFO 2024-05-28 20:43:37 - model_mutation_operators.py:193 - Previous value: 256 Edit value: 128 new_inshape: (2, 128, 35, 35) new_outshape: (2, 64, 35, 35)
INFO 2024-05-28 20:43:37 - model_mutation_operators.py:212 - SequentialCell<
  (0): Replace_ms<>
  (1): Conv2d<input_channels=128, output_channels=64, kernel_size=(1, 1), stride=(1, 1), pad_mode=same, padding=0, dilation=(1, 1), group=1, has_bias=True, weight_init=<mindspore.common.initializer.HeUniform object at 0x7f26bf4b99d0>, bias_init=<mindspore.common.initializer.Uniform object at 0x7f26bf4b9890>, format=NCHW>
  >
INFO 2024-05-28 20:43:37 - model_mutation_operators.py:213 - mut_result:True
INFO 2024-05-28 20:43:37 - model_mutation_operators.py:214 - 41 generation!

INFO 2024-05-28 20:43:37 - mutation_test.py:521 - ================== start 42 generation!(42/100) ==================
INFO 2024-05-28 20:43:37 - model_mutation_operators.py:243 - Adopt LD mut_strategy!
INFO 2024-05-28 20:43:37 - model_mutation_operators.py:259 - delete layer_name:avgpool
INFO 2024-05-28 20:43:37 - model_mutation_operators.py:279 - mut_result:No suitable ops for LD mutation!
INFO 2024-05-28 20:43:37 - model_mutation_operators.py:280 - 42 generation!
INFO 2024-05-28 20:43:47 - mutation_test.py:521 - ================== start 43 generation!(43/100) ==================
INFO 2024-05-28 20:43:47 - model_mutation_operators.py:243 - Adopt LD mut_strategy!
INFO 2024-05-28 20:43:47 - model_mutation_operators.py:259 - delete layer_name:conv1
INFO 2024-05-28 20:43:47 - model_mutation_operators.py:279 - mut_result:No suitable ops for LD mutation!
INFO 2024-05-28 20:43:47 - model_mutation_operators.py:280 - 43 generation!
INFO 2024-05-28 20:44:01 - mutation_test.py:521 - ================== start 44 generation!(44/100) ==================
INFO 2024-05-28 20:44:01 - model_mutation_operators.py:1924 - Adopt LC mut_strategy!
INFO 2024-05-28 20:44:01 - model_mutation_operators.py:1991 - select layer: inception2.p4_1 layer_type: <class 'mindspore.nn.layer.pooling.MaxPool2d'> in_shape: [2, 256, 35, 35] out_shape: [2, 256, 35, 35]
INFO 2024-05-28 20:44:01 - model_mutation_operators.py:1992 - mut Basic type: True
INFO 2024-05-28 20:44:01 - model_mutation_operators.py:1993 - add Basic layer : Basic_op
INFO 2024-05-28 20:44:01 - model_mutation_operators.py:2006 - select insert layer: MaxPool2d<kernel_size=3, stride=1, pad_mode=VALID>
INFO 2024-05-28 20:44:01 - model_mutation_operators.py:2036 - insert_layer_outshape not equal!: [2, 256, 35, 35]
INFO 2024-05-28 20:44:01 - model_mutation_operators.py:2109 - mut_result:True
INFO 2024-05-28 20:44:01 - model_mutation_operators.py:2110 - 44 generation!

INFO 2024-05-28 20:44:05 - mutation_test.py:521 - ================== start 45 generation!(45/100) ==================
INFO 2024-05-28 20:44:05 - model_mutation_operators.py:2119 - Adopt SM mut_strategy!
INFO 2024-05-28 20:44:05 - model_mutation_operators.py:2157 - select layer: inception1.batch_norm layer_type: <class 'mindspore.nn.layer.container.SequentialCell'> in_shape: [2, 256, 35, 35] out_shape: [2, 256, 35, 35]
INFO 2024-05-28 20:44:05 - model_mutation_operators.py:2158 - mut Basic type: True
INFO 2024-05-28 20:44:05 - model_mutation_operators.py:2169 - No suitable ops for SM mutation!
INFO 2024-05-28 20:44:05 - model_mutation_operators.py:2170 - 45 generation!
INFO 2024-05-28 20:44:11 - mutation_test.py:521 - ================== start 46 generation!(46/100) ==================
INFO 2024-05-28 20:44:11 - model_mutation_operators.py:2119 - Adopt SM mut_strategy!
INFO 2024-05-28 20:44:11 - model_mutation_operators.py:2157 - select layer: inception1.p3_2 layer_type: <class 'mindspore.nn.layer.container.SequentialCell'> in_shape: [2, 64, 35, 35] out_shape: [2, 96, 35, 35]
INFO 2024-05-28 20:44:11 - model_mutation_operators.py:2158 - mut Basic type: True
INFO 2024-05-28 20:44:11 - model_mutation_operators.py:2169 - No suitable ops for SM mutation!
INFO 2024-05-28 20:44:11 - model_mutation_operators.py:2170 - 46 generation!
INFO 2024-05-28 20:44:16 - mutation_test.py:521 - ================== start 47 generation!(47/100) ==================
INFO 2024-05-28 20:44:16 - model_mutation_operators.py:516 - Adopt LA mut_strategy!
INFO 2024-05-28 20:44:16 - model_mutation_operators.py:561 - mut_result:No suitable ops for LA mutation!
INFO 2024-05-28 20:44:16 - model_mutation_operators.py:562 - 47 generation!
INFO 2024-05-28 20:44:22 - mutation_test.py:521 - ================== start 48 generation!(48/100) ==================
INFO 2024-05-28 20:44:22 - model_mutation_operators.py:516 - Adopt LA mut_strategy!
INFO 2024-05-28 20:44:22 - model_mutation_operators.py:561 - mut_result:No suitable ops for LA mutation!
INFO 2024-05-28 20:44:22 - model_mutation_operators.py:562 - 48 generation!
INFO 2024-05-28 20:44:27 - mutation_test.py:521 - ================== start 49 generation!(49/100) ==================
INFO 2024-05-28 20:44:27 - model_mutation_operators.py:1071 - Adopt CM mut_strategy!
INFO 2024-05-28 20:44:27 - model_mutation_operators.py:1150 - candidate_in_mutlayers_indice:2
INFO 2024-05-28 20:44:27 - model_mutation_operators.py:1161 - select layer: inception1.p4_2 layer_type: <class 'mindspore.nn.layer.container.SequentialCell'> in_shape: [2, 64, 35, 35] out_shape: [2, 32, 35, 35]
INFO 2024-05-28 20:44:27 - model_mutation_operators.py:1162 - mut Basic type: True
INFO 2024-05-28 20:44:27 - model_mutation_operators.py:1205 - select insert layer: ReLU6<>
INFO 2024-05-28 20:44:27 - model_mutation_operators.py:1301 - mut_result:True
INFO 2024-05-28 20:44:27 - model_mutation_operators.py:1302 - 49 generation!

INFO 2024-05-28 20:44:28 - mutation_test.py:521 - ================== start 50 generation!(50/100) ==================
INFO 2024-05-28 20:44:28 - model_mutation_operators.py:24 - Adopt PM mut_strategy!
INFO 2024-05-28 20:44:28 - model_mutation_operators.py:80 - candidate_in_mutlayers_indice:-1
INFO 2024-05-28 20:44:28 - model_mutation_operators.py:93 - select op: conv3 layer_type: Conv2d selected param:out_channels input_shape:[2, 32, 72, 72] output_shape:[2, 64, 72, 72]
INFO 2024-05-28 20:44:28 - model_mutation_operators.py:160 - mutate_replace_layer: Conv2d<input_channels=32, output_channels=16, kernel_size=(3, 3), stride=(1, 1), pad_mode=same, padding=0, dilation=(1, 1), group=1, has_bias=False, weight_init=<mindspore.common.initializer.HeUniform object at 0x7f266814f290>, bias_init=None, format=NCHW>
INFO 2024-05-28 20:44:28 - model_mutation_operators.py:193 - Previous value: 64 Edit value: 16 new_inshape: (2, 32, 72, 72) new_outshape: (2, 16, 72, 72)
INFO 2024-05-28 20:44:28 - model_mutation_operators.py:232 - SequentialCell<
  (0): Conv2d<input_channels=32, output_channels=16, kernel_size=(3, 3), stride=(1, 1), pad_mode=same, padding=0, dilation=(1, 1), group=1, has_bias=False, weight_init=<mindspore.common.initializer.HeUniform object at 0x7f266814f290>, bias_init=None, format=NCHW>
  (1): Replace_ms<>
  >
INFO 2024-05-28 20:44:28 - model_mutation_operators.py:233 - mut_result:True
INFO 2024-05-28 20:44:28 - model_mutation_operators.py:234 - 50 generation!

INFO 2024-05-28 20:44:33 - mutation_test.py:521 - ================== start 51 generation!(51/100) ==================
INFO 2024-05-28 20:44:33 - model_mutation_operators.py:24 - Adopt PM mut_strategy!
INFO 2024-05-28 20:44:33 - model_mutation_operators.py:77 - candidate_in_mutlayers_indice:2
INFO 2024-05-28 20:44:33 - model_mutation_operators.py:93 - select op: dropout layer_type: Dropout selected param:keep_prob input_shape:[2, 288, 28, 28] output_shape:[2, 288, 28, 28]
INFO 2024-05-28 20:44:33 - model_mutation_operators.py:160 - mutate_replace_layer: Dropout<keep_prob=0.2>
INFO 2024-05-28 20:44:33 - model_mutation_operators.py:193 - Previous value: 0.1 Edit value: 0.2 new_inshape: (2, 288, 28, 28) new_outshape: (2, 288, 28, 28)
INFO 2024-05-28 20:44:33 - model_mutation_operators.py:232 - Dropout<keep_prob=0.2>
INFO 2024-05-28 20:44:33 - model_mutation_operators.py:233 - mut_result:True
INFO 2024-05-28 20:44:33 - model_mutation_operators.py:234 - 51 generation!

INFO 2024-05-28 20:44:33 - mutation_test.py:521 - ================== start 52 generation!(52/100) ==================
INFO 2024-05-28 20:44:33 - model_mutation_operators.py:756 - Adopt RA mut_strategy!
INFO 2024-05-28 20:44:33 - model_mutation_operators.py:850 - candidate_in_mutlayers_indice:-1
INFO 2024-05-28 20:44:33 - model_mutation_operators.py:859 - select layer: inception1.p1_1 layer_type: <class 'mindspore.nn.layer.activation.ELU'> in_shape: [2, 64, 35, 35] out_shape: [2, 64, 35, 35]
INFO 2024-05-28 20:44:33 - model_mutation_operators.py:860 - mut Basic type: True
INFO 2024-05-28 20:44:33 - model_mutation_operators.py:861 - add Basic layer : Basic_op
INFO 2024-05-28 20:44:33 - model_mutation_operators.py:874 - select insert layer: ELU<>
INFO 2024-05-28 20:44:33 - model_mutation_operators.py:922 - insert_layer_outshape equal!
INFO 2024-05-28 20:44:33 - model_mutation_operators.py:1061 - mut_result:True
INFO 2024-05-28 20:44:33 - model_mutation_operators.py:1062 - 52 generation!

INFO 2024-05-28 20:44:38 - mutation_test.py:521 - ================== start 53 generation!(53/100) ==================
INFO 2024-05-28 20:44:38 - model_mutation_operators.py:24 - Adopt PM mut_strategy!
INFO 2024-05-28 20:44:38 - model_mutation_operators.py:80 - candidate_in_mutlayers_indice:-1
INFO 2024-05-28 20:44:38 - model_mutation_operators.py:93 - select op: bn1 layer_type: BatchNorm2d selected param:momentum input_shape:[2, 32, 74, 74] output_shape:[2, 32, 74, 74]
INFO 2024-05-28 20:44:38 - model_mutation_operators.py:160 - mutate_replace_layer: BatchNorm2d<num_features=32, eps=1e-05, momentum=0.3999999999999999, gamma=Parameter (name=gamma, shape=(32,), dtype=Float32, requires_grad=True), beta=Parameter (name=beta, shape=(32,), dtype=Float32, requires_grad=True), moving_mean=Parameter (name=mean, shape=(32,), dtype=Float32, requires_grad=False), moving_variance=Parameter (name=variance, shape=(32,), dtype=Float32, requires_grad=False)>
INFO 2024-05-28 20:44:38 - model_mutation_operators.py:193 - Previous value: 0.09999999999999998 Edit value: 0.3999999999999999 new_inshape: (2, 32, 74, 74) new_outshape: (2, 32, 74, 74)
INFO 2024-05-28 20:44:38 - model_mutation_operators.py:232 - BatchNorm2d<num_features=32, eps=1e-05, momentum=0.3999999999999999, gamma=Parameter (name=bn1.gamma, shape=(32,), dtype=Float32, requires_grad=True), beta=Parameter (name=bn1.beta, shape=(32,), dtype=Float32, requires_grad=True), moving_mean=Parameter (name=bn1.moving_mean, shape=(32,), dtype=Float32, requires_grad=False), moving_variance=Parameter (name=bn1.moving_variance, shape=(32,), dtype=Float32, requires_grad=False)>
INFO 2024-05-28 20:44:38 - model_mutation_operators.py:233 - mut_result:True
INFO 2024-05-28 20:44:38 - model_mutation_operators.py:234 - 53 generation!

INFO 2024-05-28 20:44:38 - mutation_test.py:521 - ================== start 54 generation!(54/100) ==================
INFO 2024-05-28 20:44:38 - model_mutation_operators.py:756 - Adopt RA mut_strategy!
INFO 2024-05-28 20:44:38 - model_mutation_operators.py:807 - mut_result:No suitable ops for RA mutation!
INFO 2024-05-28 20:44:38 - model_mutation_operators.py:808 - 54 generation!
INFO 2024-05-28 20:44:44 - mutation_test.py:521 - ================== start 55 generation!(55/100) ==================
INFO 2024-05-28 20:44:44 - model_mutation_operators.py:756 - Adopt RA mut_strategy!
INFO 2024-05-28 20:44:44 - model_mutation_operators.py:850 - candidate_in_mutlayers_indice:-1
INFO 2024-05-28 20:44:44 - model_mutation_operators.py:859 - select layer: dropout layer_type: <class 'mindspore.nn.layer.basic.Dropout'> in_shape: [2, 288, 28, 28] out_shape: [2, 288, 28, 28]
INFO 2024-05-28 20:44:44 - model_mutation_operators.py:860 - mut Basic type: True
INFO 2024-05-28 20:44:44 - model_mutation_operators.py:861 - add Basic layer : Cascade_op
INFO 2024-05-28 20:44:44 - model_mutation_operators.py:874 - select insert layer: convbnrelu<
  (conbnrelu_conv): Conv2d<input_channels=288, output_channels=288, kernel_size=(1, 1), stride=(1, 1), pad_mode=same, padding=0, dilation=(1, 1), group=1, has_bias=False, weight_init=<mindspore.common.initializer.HeUniform object at 0x7f26bf4cd550>, bias_init=None, format=NCHW>
  (conbnrelu_bn): BatchNorm2d<num_features=288, eps=1e-05, momentum=0.9, gamma=Parameter (name=conbnrelu_bn.gamma, shape=(288,), dtype=Float32, requires_grad=True), beta=Parameter (name=conbnrelu_bn.beta, shape=(288,), dtype=Float32, requires_grad=True), moving_mean=Parameter (name=conbnrelu_bn.moving_mean, shape=(288,), dtype=Float32, requires_grad=False), moving_variance=Parameter (name=conbnrelu_bn.moving_variance, shape=(288,), dtype=Float32, requires_grad=False)>
  (conbnrelu_relu): ReLU<>
  >
INFO 2024-05-28 20:44:44 - model_mutation_operators.py:922 - insert_layer_outshape equal!
INFO 2024-05-28 20:44:44 - model_mutation_operators.py:1061 - mut_result:True
INFO 2024-05-28 20:44:44 - model_mutation_operators.py:1062 - 55 generation!

INFO 2024-05-28 20:44:44 - mutation_test.py:521 - ================== start 56 generation!(56/100) ==================
INFO 2024-05-28 20:44:44 - model_mutation_operators.py:516 - Adopt LA mut_strategy!
INFO 2024-05-28 20:44:44 - model_mutation_operators.py:583 - candidate_in_mutlayers_indice:1

INFO 2024-05-28 20:44:44 - model_mutation_operators.py:600 - select layer: dropout layer_type: <class 'mindspore.nn.layer.container.SequentialCell'> in_shape: [2, 288, 28, 28] out_shape: [2, 288, 28, 28]
INFO 2024-05-28 20:44:44 - model_mutation_operators.py:601 - mut Basic type: True
INFO 2024-05-28 20:44:44 - model_mutation_operators.py:602 - add Basic layer : Basic_op
INFO 2024-05-28 20:44:44 - model_mutation_operators.py:616 - select insert layer: Mish<>
INFO 2024-05-28 20:44:44 - model_mutation_operators.py:647 - insert_layer_outshape equal!
INFO 2024-05-28 20:44:44 - model_mutation_operators.py:746 - mut_result:True
INFO 2024-05-28 20:44:44 - model_mutation_operators.py:747 - 56 generation!

INFO 2024-05-28 20:44:49 - mutation_test.py:521 - ================== start 57 generation!(57/100) ==================
INFO 2024-05-28 20:44:49 - model_mutation_operators.py:1071 - Adopt CM mut_strategy!
INFO 2024-05-28 20:44:49 - model_mutation_operators.py:1117 - mut_result:No suitable ops for CM mutation!
INFO 2024-05-28 20:44:49 - model_mutation_operators.py:1118 - 57 generation!
INFO 2024-05-28 20:44:55 - mutation_test.py:521 - ================== start 58 generation!(58/100) ==================
INFO 2024-05-28 20:44:55 - model_mutation_operators.py:243 - Adopt LD mut_strategy!
INFO 2024-05-28 20:44:55 - model_mutation_operators.py:259 - delete layer_name:inception2.p3_1
INFO 2024-05-28 20:44:55 - model_mutation_operators.py:288 - candidate_in_mutlayers_indice:1

INFO 2024-05-28 20:44:55 - model_mutation_operators.py:317 - adopt DeleteCell Replace_ms
INFO 2024-05-28 20:44:55 - model_mutation_operators.py:506 - mut_result:True
INFO 2024-05-28 20:44:55 - model_mutation_operators.py:507 - 58 generation!

INFO 2024-05-28 20:44:59 - mutation_test.py:521 - ================== start 59 generation!(59/100) ==================
INFO 2024-05-28 20:44:59 - model_mutation_operators.py:756 - Adopt RA mut_strategy!
INFO 2024-05-28 20:44:59 - model_mutation_operators.py:807 - mut_result:No suitable ops for RA mutation!
INFO 2024-05-28 20:44:59 - model_mutation_operators.py:808 - 59 generation!
INFO 2024-05-28 20:45:05 - mutation_test.py:521 - ================== start 60 generation!(60/100) ==================
INFO 2024-05-28 20:45:05 - model_mutation_operators.py:243 - Adopt LD mut_strategy!
INFO 2024-05-28 20:45:05 - model_mutation_operators.py:259 - delete layer_name:inception2.p4_2
INFO 2024-05-28 20:45:05 - model_mutation_operators.py:279 - mut_result:No suitable ops for LD mutation!
INFO 2024-05-28 20:45:05 - model_mutation_operators.py:280 - 60 generation!
INFO 2024-05-28 20:45:11 - mutation_test.py:521 - ================== start 61 generation!(61/100) ==================
INFO 2024-05-28 20:45:11 - model_mutation_operators.py:1071 - Adopt CM mut_strategy!
INFO 2024-05-28 20:45:11 - model_mutation_operators.py:1117 - mut_result:No suitable ops for CM mutation!
INFO 2024-05-28 20:45:11 - model_mutation_operators.py:1118 - 61 generation!
INFO 2024-05-28 20:45:18 - mutation_test.py:521 - ================== start 62 generation!(62/100) ==================
INFO 2024-05-28 20:45:18 - model_mutation_operators.py:24 - Adopt PM mut_strategy!
INFO 2024-05-28 20:45:18 - model_mutation_operators.py:63 - The target model do not have the mutator operators in_channels!
INFO 2024-05-28 20:45:18 - model_mutation_operators.py:64 - mut_result:Parameter Miss
INFO 2024-05-28 20:45:18 - model_mutation_operators.py:65 - 62 generation!

INFO 2024-05-28 20:45:25 - mutation_test.py:521 - ================== start 63 generation!(63/100) ==================
INFO 2024-05-28 20:45:25 - model_mutation_operators.py:2119 - Adopt SM mut_strategy!
INFO 2024-05-28 20:45:25 - model_mutation_operators.py:2157 - select layer: avgpool layer_type: <class 'mindspore.nn.layer.container.SequentialCell'> in_shape: [2, 288, 35, 35] out_shape: [2, 288, 28, 28]
INFO 2024-05-28 20:45:25 - model_mutation_operators.py:2158 - mut Basic type: True
INFO 2024-05-28 20:45:25 - model_mutation_operators.py:2169 - No suitable ops for SM mutation!
INFO 2024-05-28 20:45:25 - model_mutation_operators.py:2170 - 63 generation!
INFO 2024-05-28 20:45:33 - mutation_test.py:521 - ================== start 64 generation!(64/100) ==================
INFO 2024-05-28 20:45:33 - model_mutation_operators.py:24 - Adopt PM mut_strategy!
INFO 2024-05-28 20:45:33 - model_mutation_operators.py:63 - The target model do not have the mutator operators out_channels!
INFO 2024-05-28 20:45:33 - model_mutation_operators.py:64 - mut_result:Parameter Miss
INFO 2024-05-28 20:45:33 - model_mutation_operators.py:65 - 64 generation!

INFO 2024-05-28 20:45:40 - mutation_test.py:521 - ================== start 65 generation!(65/100) ==================
INFO 2024-05-28 20:45:40 - model_mutation_operators.py:24 - Adopt PM mut_strategy!
INFO 2024-05-28 20:45:40 - model_mutation_operators.py:77 - candidate_in_mutlayers_indice:0
INFO 2024-05-28 20:45:40 - model_mutation_operators.py:93 - select op: avgpool layer_type: AvgPool2d selected param:stride input_shape:[2, 288, 35, 35] output_shape:[2, 288, 28, 28]
INFO 2024-05-28 20:45:40 - model_mutation_operators.py:160 - mutate_replace_layer: AvgPool2d<kernel_size=8, stride=(2, 3), pad_mode=VALID>
INFO 2024-05-28 20:45:40 - model_mutation_operators.py:193 - Previous value: 1 Edit value: (2, 3) new_inshape: (2, 288, 35, 35) new_outshape: (2, 288, 14, 10)
INFO 2024-05-28 20:45:40 - model_mutation_operators.py:232 - SequentialCell<
  (0): AvgPool2d<kernel_size=8, stride=(2, 3), pad_mode=VALID>
  (1): Replace_ms<>
  >
INFO 2024-05-28 20:45:40 - model_mutation_operators.py:233 - mut_result:True
INFO 2024-05-28 20:45:40 - model_mutation_operators.py:234 - 65 generation!

INFO 2024-05-28 20:45:40 - mutation_test.py:521 - ================== start 66 generation!(66/100) ==================
INFO 2024-05-28 20:45:40 - model_mutation_operators.py:516 - Adopt LA mut_strategy!
INFO 2024-05-28 20:45:40 - model_mutation_operators.py:561 - mut_result:No suitable ops for LA mutation!
INFO 2024-05-28 20:45:40 - model_mutation_operators.py:562 - 66 generation!
INFO 2024-05-28 20:45:48 - mutation_test.py:521 - ================== start 67 generation!(67/100) ==================
INFO 2024-05-28 20:45:48 - model_mutation_operators.py:24 - Adopt PM mut_strategy!
INFO 2024-05-28 20:45:48 - model_mutation_operators.py:63 - The target model do not have the mutator operators keep_prob!
INFO 2024-05-28 20:45:48 - model_mutation_operators.py:64 - mut_result:Parameter Miss
INFO 2024-05-28 20:45:48 - model_mutation_operators.py:65 - 67 generation!

INFO 2024-05-28 20:45:55 - mutation_test.py:521 - ================== start 68 generation!(68/100) ==================
INFO 2024-05-28 20:45:55 - model_mutation_operators.py:243 - Adopt LD mut_strategy!
INFO 2024-05-28 20:45:55 - model_mutation_operators.py:259 - delete layer_name:bn1
INFO 2024-05-28 20:45:55 - model_mutation_operators.py:321 - candidate_in_mutlayers_indice:-1
INFO 2024-05-28 20:45:55 - model_mutation_operators.py:326 - adopt DeleteCell EmptyCell
INFO 2024-05-28 20:45:55 - model_mutation_operators.py:506 - mut_result:True
INFO 2024-05-28 20:45:55 - model_mutation_operators.py:507 - 68 generation!

INFO 2024-05-28 20:45:59 - mutation_test.py:521 - ================== start 69 generation!(69/100) ==================
INFO 2024-05-28 20:45:59 - model_mutation_operators.py:24 - Adopt PM mut_strategy!
INFO 2024-05-28 20:45:59 - model_mutation_operators.py:63 - The target model do not have the mutator operators in_channels!
INFO 2024-05-28 20:45:59 - model_mutation_operators.py:64 - mut_result:Parameter Miss
INFO 2024-05-28 20:45:59 - model_mutation_operators.py:65 - 69 generation!

INFO 2024-05-28 20:46:05 - mutation_test.py:521 - ================== start 70 generation!(70/100) ==================
INFO 2024-05-28 20:46:05 - model_mutation_operators.py:24 - Adopt PM mut_strategy!
INFO 2024-05-28 20:46:05 - model_mutation_operators.py:63 - The target model do not have the mutator operators out_channels!
INFO 2024-05-28 20:46:05 - model_mutation_operators.py:64 - mut_result:Parameter Miss
INFO 2024-05-28 20:46:05 - model_mutation_operators.py:65 - 70 generation!

INFO 2024-05-28 20:46:13 - mutation_test.py:521 - ================== start 71 generation!(71/100) ==================
INFO 2024-05-28 20:46:13 - model_mutation_operators.py:1924 - Adopt LC mut_strategy!
INFO 2024-05-28 20:46:13 - model_mutation_operators.py:1979 - Illegal LC mutate!
INFO 2024-05-28 20:46:13 - model_mutation_operators.py:1980 - mut_result:LC Create illegal layer!
INFO 2024-05-28 20:46:13 - model_mutation_operators.py:1981 - 71 generation!

INFO 2024-05-28 20:46:19 - mutation_test.py:521 - ================== start 72 generation!(72/100) ==================
INFO 2024-05-28 20:46:19 - model_mutation_operators.py:2119 - Adopt SM mut_strategy!
INFO 2024-05-28 20:46:19 - model_mutation_operators.py:2157 - select layer: conv3 layer_type: <class 'mindspore.nn.layer.container.SequentialCell'> in_shape: [2, 32, 72, 72] out_shape: [2, 64, 72, 72]
INFO 2024-05-28 20:46:19 - model_mutation_operators.py:2158 - mut Basic type: True
INFO 2024-05-28 20:46:19 - model_mutation_operators.py:2169 - No suitable ops for SM mutation!
INFO 2024-05-28 20:46:19 - model_mutation_operators.py:2170 - 72 generation!
INFO 2024-05-28 20:46:26 - mutation_test.py:521 - ================== start 73 generation!(73/100) ==================
INFO 2024-05-28 20:46:26 - model_mutation_operators.py:1071 - Adopt CM mut_strategy!
INFO 2024-05-28 20:46:26 - model_mutation_operators.py:1150 - candidate_in_mutlayers_indice:1
INFO 2024-05-28 20:46:26 - model_mutation_operators.py:1161 - select layer: dropout layer_type: <class 'mindspore.nn.layer.container.SequentialCell'> in_shape: [2, 288, 28, 28] out_shape: [2, 288, 28, 28]
INFO 2024-05-28 20:46:26 - model_mutation_operators.py:1162 - mut Basic type: True
INFO 2024-05-28 20:46:26 - model_mutation_operators.py:1205 - select insert layer: MaxPool2d<kernel_size=1, stride=1, pad_mode=VALID>
INFO 2024-05-28 20:46:26 - model_mutation_operators.py:1301 - mut_result:True
INFO 2024-05-28 20:46:26 - model_mutation_operators.py:1302 - 73 generation!

INFO 2024-05-28 20:46:26 - mutation_test.py:521 - ================== start 74 generation!(74/100) ==================
INFO 2024-05-28 20:46:26 - model_mutation_operators.py:243 - Adopt LD mut_strategy!
INFO 2024-05-28 20:46:26 - model_mutation_operators.py:259 - delete layer_name:inception2.batch_norm
INFO 2024-05-28 20:46:26 - model_mutation_operators.py:321 - candidate_in_mutlayers_indice:-1
INFO 2024-05-28 20:46:26 - model_mutation_operators.py:326 - adopt DeleteCell EmptyCell
INFO 2024-05-28 20:46:26 - model_mutation_operators.py:506 - mut_result:True
INFO 2024-05-28 20:46:26 - model_mutation_operators.py:507 - 74 generation!

INFO 2024-05-28 20:46:30 - mutation_test.py:521 - ================== start 75 generation!(75/100) ==================
INFO 2024-05-28 20:46:30 - model_mutation_operators.py:516 - Adopt LA mut_strategy!
INFO 2024-05-28 20:46:30 - model_mutation_operators.py:561 - mut_result:No suitable ops for LA mutation!
INFO 2024-05-28 20:46:30 - model_mutation_operators.py:562 - 75 generation!
INFO 2024-05-28 20:46:37 - mutation_test.py:521 - ================== start 76 generation!(76/100) ==================
INFO 2024-05-28 20:46:37 - model_mutation_operators.py:1071 - Adopt CM mut_strategy!
INFO 2024-05-28 20:46:37 - model_mutation_operators.py:1117 - mut_result:No suitable ops for CM mutation!
INFO 2024-05-28 20:46:37 - model_mutation_operators.py:1118 - 76 generation!
INFO 2024-05-28 20:46:43 - mutation_test.py:521 - ================== start 77 generation!(77/100) ==================
INFO 2024-05-28 20:46:43 - model_mutation_operators.py:1924 - Adopt LC mut_strategy!
INFO 2024-05-28 20:46:43 - model_mutation_operators.py:1979 - Illegal LC mutate!
INFO 2024-05-28 20:46:43 - model_mutation_operators.py:1980 - mut_result:LC Create illegal layer!
INFO 2024-05-28 20:46:43 - model_mutation_operators.py:1981 - 77 generation!

INFO 2024-05-28 20:46:50 - mutation_test.py:521 - ================== start 78 generation!(78/100) ==================
INFO 2024-05-28 20:46:50 - model_mutation_operators.py:756 - Adopt RA mut_strategy!
INFO 2024-05-28 20:46:50 - model_mutation_operators.py:807 - mut_result:No suitable ops for RA mutation!
INFO 2024-05-28 20:46:50 - model_mutation_operators.py:808 - 78 generation!
INFO 2024-05-28 20:46:56 - mutation_test.py:521 - ================== start 79 generation!(79/100) ==================
INFO 2024-05-28 20:46:56 - model_mutation_operators.py:756 - Adopt RA mut_strategy!
INFO 2024-05-28 20:46:56 - model_mutation_operators.py:807 - mut_result:No suitable ops for RA mutation!
INFO 2024-05-28 20:46:56 - model_mutation_operators.py:808 - 79 generation!
INFO 2024-05-28 20:47:03 - mutation_test.py:521 - ================== start 80 generation!(80/100) ==================
INFO 2024-05-28 20:47:03 - model_mutation_operators.py:1071 - Adopt CM mut_strategy!
INFO 2024-05-28 20:47:03 - model_mutation_operators.py:1117 - mut_result:No suitable ops for CM mutation!
INFO 2024-05-28 20:47:03 - model_mutation_operators.py:1118 - 80 generation!
INFO 2024-05-28 20:47:09 - mutation_test.py:521 - ================== start 81 generation!(81/100) ==================
INFO 2024-05-28 20:47:09 - model_mutation_operators.py:516 - Adopt LA mut_strategy!
INFO 2024-05-28 20:47:09 - model_mutation_operators.py:591 - candidate_in_mutlayers_indice:-1
INFO 2024-05-28 20:47:09 - model_mutation_operators.py:600 - select layer: inception1.p1_1 layer_type: <class 'mindspore.nn.layer.activation.ELU'> in_shape: [2, 64, 35, 35] out_shape: [2, 64, 35, 35]
INFO 2024-05-28 20:47:09 - model_mutation_operators.py:601 - mut Basic type: True
INFO 2024-05-28 20:47:09 - model_mutation_operators.py:602 - add Basic layer : Cascade_op
INFO 2024-05-28 20:47:09 - model_mutation_operators.py:616 - select insert layer: ResidualBlock<
  (residual_conv1): Conv2d<input_channels=64, output_channels=16, kernel_size=(1, 1), stride=(1, 1), pad_mode=same, padding=0, dilation=(1, 1), group=1, has_bias=False, weight_init=<mindspore.common.initializer.HeUniform object at 0x7f26626646d0>, bias_init=None, format=NCHW>
  (residual_bn1): BatchNorm2d<num_features=16, eps=0.0001, momentum=0.9, gamma=Parameter (name=residual_bn1.gamma, shape=(16,), dtype=Float32, requires_grad=True), beta=Parameter (name=residual_bn1.beta, shape=(16,), dtype=Float32, requires_grad=True), moving_mean=Parameter (name=residual_bn1.moving_mean, shape=(16,), dtype=Float32, requires_grad=False), moving_variance=Parameter (name=residual_bn1.moving_variance, shape=(16,), dtype=Float32, requires_grad=False)>
  (residual_conv2): Conv2d<input_channels=16, output_channels=16, kernel_size=(3, 3), stride=(1, 1), pad_mode=same, padding=0, dilation=(1, 1), group=1, has_bias=False, weight_init=<mindspore.common.initializer.HeUniform object at 0x7f2660133590>, bias_init=None, format=NCHW>
  (residual_bn2): BatchNorm2d<num_features=16, eps=0.0001, momentum=0.9, gamma=Parameter (name=residual_bn2.gamma, shape=(16,), dtype=Float32, requires_grad=True), beta=Parameter (name=residual_bn2.beta, shape=(16,), dtype=Float32, requires_grad=True), moving_mean=Parameter (name=residual_bn2.moving_mean, shape=(16,), dtype=Float32, requires_grad=False), moving_variance=Parameter (name=residual_bn2.moving_variance, shape=(16,), dtype=Float32, requires_grad=False)>
  (residual_conv3): Conv2d<input_channels=16, output_channels=64, kernel_size=(1, 1), stride=(1, 1), pad_mode=same, padding=0, dilation=(1, 1), group=1, has_bias=False, weight_init=<mindspore.common.initializer.HeUniform object at 0x7f2660150650>, bias_init=None, format=NCHW>
  (residual_bn3): BatchNorm2d<num_features=64, eps=0.0001, momentum=0.9, gamma=Parameter (name=residual_bn3.gamma, shape=(64,), dtype=Float32, requires_grad=True), beta=Parameter (name=residual_bn3.beta, shape=(64,), dtype=Float32, requires_grad=True), moving_mean=Parameter (name=residual_bn3.moving_mean, shape=(64,), dtype=Float32, requires_grad=False), moving_variance=Parameter (name=residual_bn3.moving_variance, shape=(64,), dtype=Float32, requires_grad=False)>
  (residual_relu1): ReLU<>
  (residual_relu2): ReLU<>
  (residual_relu3): ReLU<>
  (residual_down_sample_layer): SequentialCell<
    (0): Conv2d<input_channels=64, output_channels=64, kernel_size=(1, 1), stride=(1, 1), pad_mode=same, padding=0, dilation=(1, 1), group=1, has_bias=False, weight_init=<mindspore.common.initializer.HeUniform object at 0x7f26bec87450>, bias_init=None, format=NCHW>
    (1): BatchNorm2d<num_features=64, eps=0.0001, momentum=0.9, gamma=Parameter (name=residual_down_sample_layer.1.gamma, shape=(64,), dtype=Float32, requires_grad=True), beta=Parameter (name=residual_down_sample_layer.1.beta, shape=(64,), dtype=Float32, requires_grad=True), moving_mean=Parameter (name=residual_down_sample_layer.1.moving_mean, shape=(64,), dtype=Float32, requires_grad=False), moving_variance=Parameter (name=residual_down_sample_layer.1.moving_variance, shape=(64,), dtype=Float32, requires_grad=False)>
    >
  >
INFO 2024-05-28 20:47:09 - model_mutation_operators.py:629 - insert_layer_outshape equal!
INFO 2024-05-28 20:47:09 - model_mutation_operators.py:694 - add Cascade_op after basicop!
INFO 2024-05-28 20:47:09 - model_mutation_operators.py:746 - mut_result:True
INFO 2024-05-28 20:47:09 - model_mutation_operators.py:747 - 81 generation!

INFO 2024-05-28 20:47:09 - mutation_test.py:521 - ================== start 82 generation!(82/100) ==================
INFO 2024-05-28 20:47:09 - model_mutation_operators.py:24 - Adopt PM mut_strategy!
INFO 2024-05-28 20:47:09 - model_mutation_operators.py:63 - The target model do not have the mutator operators momentum!
INFO 2024-05-28 20:47:09 - model_mutation_operators.py:64 - mut_result:Parameter Miss
INFO 2024-05-28 20:47:09 - model_mutation_operators.py:65 - 82 generation!

INFO 2024-05-28 20:47:16 - mutation_test.py:521 - ================== start 83 generation!(83/100) ==================
INFO 2024-05-28 20:47:16 - model_mutation_operators.py:516 - Adopt LA mut_strategy!
INFO 2024-05-28 20:47:16 - model_mutation_operators.py:583 - candidate_in_mutlayers_indice:2

INFO 2024-05-28 20:47:16 - model_mutation_operators.py:600 - select layer: inception1.p4_1 layer_type: <class 'mindspore.nn.layer.container.SequentialCell'> in_shape: [2, 64, 35, 35] out_shape: [2, 64, 35, 35]
INFO 2024-05-28 20:47:16 - model_mutation_operators.py:601 - mut Basic type: True
INFO 2024-05-28 20:47:16 - model_mutation_operators.py:602 - add Basic layer : Cascade_op
INFO 2024-05-28 20:47:16 - model_mutation_operators.py:616 - select insert layer: dwpw_group<
  (depthwise): dwpw_basic<
    (dwpw_conv): Conv2d<input_channels=64, output_channels=64, kernel_size=(1, 1), stride=(1, 1), pad_mode=same, padding=0, dilation=(1, 1), group=64, has_bias=False, weight_init=<mindspore.common.initializer.HeUniform object at 0x7f2660394110>, bias_init=None, format=NCHW>
    (dwpw_bn): BatchNorm2d<num_features=64, eps=1e-05, momentum=0.9, gamma=Parameter (name=depthwise.dwpw_bn.gamma, shape=(64,), dtype=Float32, requires_grad=True), beta=Parameter (name=depthwise.dwpw_bn.beta, shape=(64,), dtype=Float32, requires_grad=True), moving_mean=Parameter (name=depthwise.dwpw_bn.moving_mean, shape=(64,), dtype=Float32, requires_grad=False), moving_variance=Parameter (name=depthwise.dwpw_bn.moving_variance, shape=(64,), dtype=Float32, requires_grad=False)>
    (dwpw_activation): GELU<>
    >
  (pointwise): dwpw_basic<
    (dwpw_conv): Conv2d<input_channels=64, output_channels=64, kernel_size=(1, 1), stride=(1, 1), pad_mode=same, padding=0, dilation=(1, 1), group=1, has_bias=False, weight_init=<mindspore.common.initializer.HeUniform object at 0x7f26600f5610>, bias_init=None, format=NCHW>
    (dwpw_bn): BatchNorm2d<num_features=64, eps=1e-05, momentum=0.9, gamma=Parameter (name=pointwise.dwpw_bn.gamma, shape=(64,), dtype=Float32, requires_grad=True), beta=Parameter (name=pointwise.dwpw_bn.beta, shape=(64,), dtype=Float32, requires_grad=True), moving_mean=Parameter (name=pointwise.dwpw_bn.moving_mean, shape=(64,), dtype=Float32, requires_grad=False), moving_variance=Parameter (name=pointwise.dwpw_bn.moving_variance, shape=(64,), dtype=Float32, requires_grad=False)>
    (dwpw_activation): GELU<>
    >
  >
INFO 2024-05-28 20:47:16 - model_mutation_operators.py:647 - insert_layer_outshape equal!
INFO 2024-05-28 20:47:16 - model_mutation_operators.py:746 - mut_result:True
INFO 2024-05-28 20:47:16 - model_mutation_operators.py:747 - 83 generation!

INFO 2024-05-28 20:47:16 - mutation_test.py:521 - ================== start 84 generation!(84/100) ==================
INFO 2024-05-28 20:47:16 - model_mutation_operators.py:2119 - Adopt SM mut_strategy!
INFO 2024-05-28 20:47:16 - model_mutation_operators.py:2157 - select layer: conv3 layer_type: <class 'mindspore.nn.layer.container.SequentialCell'> in_shape: [2, 32, 72, 72] out_shape: [2, 64, 72, 72]
INFO 2024-05-28 20:47:16 - model_mutation_operators.py:2158 - mut Basic type: True
INFO 2024-05-28 20:47:16 - model_mutation_operators.py:2169 - No suitable ops for SM mutation!
INFO 2024-05-28 20:47:16 - model_mutation_operators.py:2170 - 84 generation!
INFO 2024-05-28 20:47:23 - mutation_test.py:521 - ================== start 85 generation!(85/100) ==================
INFO 2024-05-28 20:47:23 - model_mutation_operators.py:243 - Adopt LD mut_strategy!
INFO 2024-05-28 20:47:23 - model_mutation_operators.py:259 - delete layer_name:dropout
INFO 2024-05-28 20:47:23 - model_mutation_operators.py:288 - candidate_in_mutlayers_indice:1

INFO 2024-05-28 20:47:23 - model_mutation_operators.py:506 - mut_result:True
INFO 2024-05-28 20:47:23 - model_mutation_operators.py:507 - 85 generation!

INFO 2024-05-28 20:47:23 - mutation_test.py:521 - ================== start 86 generation!(86/100) ==================
INFO 2024-05-28 20:47:23 - model_mutation_operators.py:516 - Adopt LA mut_strategy!
INFO 2024-05-28 20:47:23 - model_mutation_operators.py:561 - mut_result:No suitable ops for LA mutation!
INFO 2024-05-28 20:47:23 - model_mutation_operators.py:562 - 86 generation!
INFO 2024-05-28 20:47:29 - mutation_test.py:521 - ================== start 87 generation!(87/100) ==================
INFO 2024-05-28 20:47:29 - model_mutation_operators.py:24 - Adopt PM mut_strategy!
INFO 2024-05-28 20:47:29 - model_mutation_operators.py:77 - candidate_in_mutlayers_indice:0
INFO 2024-05-28 20:47:29 - model_mutation_operators.py:93 - select op: avgpool layer_type: AvgPool2d selected param:kernel_size input_shape:[2, 288, 35, 35] output_shape:[2, 288, 28, 28]
INFO 2024-05-28 20:47:29 - model_mutation_operators.py:160 - mutate_replace_layer: AvgPool2d<kernel_size=(3, 4), stride=(2, 3), pad_mode=VALID>
INFO 2024-05-28 20:47:29 - model_mutation_operators.py:193 - Previous value: 8 Edit value: (3, 4) new_inshape: (2, 288, 35, 35) new_outshape: (2, 288, 17, 11)
INFO 2024-05-28 20:47:29 - model_mutation_operators.py:232 - SequentialCell<
  (0): AvgPool2d<kernel_size=(3, 4), stride=(2, 3), pad_mode=VALID>
  (1): Replace_ms<>
  >
INFO 2024-05-28 20:47:29 - model_mutation_operators.py:233 - mut_result:True
INFO 2024-05-28 20:47:29 - model_mutation_operators.py:234 - 87 generation!

INFO 2024-05-28 20:47:30 - mutation_test.py:521 - ================== start 88 generation!(88/100) ==================
INFO 2024-05-28 20:47:30 - model_mutation_operators.py:756 - Adopt RA mut_strategy!
INFO 2024-05-28 20:47:30 - model_mutation_operators.py:818 - candidate_in_mutlayers_indice:0

INFO 2024-05-28 20:47:30 - model_mutation_operators.py:859 - select layer: dropout layer_type: <class 'mindspore.nn.layer.container.SequentialCell'> in_shape: [2, 288, 28, 28] out_shape: [2, 288, 28, 28]
INFO 2024-05-28 20:47:30 - model_mutation_operators.py:860 - mut Basic type: True
INFO 2024-05-28 20:47:30 - model_mutation_operators.py:861 - add Basic layer : Cascade_op
INFO 2024-05-28 20:47:30 - model_mutation_operators.py:874 - select insert layer: downsample<
  (downsample_conv): Conv2d<input_channels=288, output_channels=288, kernel_size=(1, 1), stride=(1, 1), pad_mode=same, padding=0, dilation=(1, 1), group=1, has_bias=False, weight_init=<mindspore.common.initializer.HeUniform object at 0x7f266037c850>, bias_init=None, format=NCHW>
  (downsample_bn): BatchNorm2d<num_features=288, eps=1e-05, momentum=0.9, gamma=Parameter (name=downsample_bn.gamma, shape=(288,), dtype=Float32, requires_grad=True), beta=Parameter (name=downsample_bn.beta, shape=(288,), dtype=Float32, requires_grad=True), moving_mean=Parameter (name=downsample_bn.moving_mean, shape=(288,), dtype=Float32, requires_grad=False), moving_variance=Parameter (name=downsample_bn.moving_variance, shape=(288,), dtype=Float32, requires_grad=False)>
  >
INFO 2024-05-28 20:47:30 - model_mutation_operators.py:942 - insert_layer_outshape equal!
INFO 2024-05-28 20:47:30 - model_mutation_operators.py:1061 - mut_result:True
INFO 2024-05-28 20:47:30 - model_mutation_operators.py:1062 - 88 generation!

INFO 2024-05-28 20:47:34 - mutation_test.py:521 - ================== start 89 generation!(89/100) ==================
INFO 2024-05-28 20:47:34 - model_mutation_operators.py:1924 - Adopt LC mut_strategy!
INFO 2024-05-28 20:47:34 - model_mutation_operators.py:1979 - Illegal LC mutate!
INFO 2024-05-28 20:47:34 - model_mutation_operators.py:1980 - mut_result:LC Create illegal layer!
INFO 2024-05-28 20:47:34 - model_mutation_operators.py:1981 - 89 generation!

INFO 2024-05-28 20:47:41 - mutation_test.py:521 - ================== start 90 generation!(90/100) ==================
INFO 2024-05-28 20:47:41 - model_mutation_operators.py:756 - Adopt RA mut_strategy!
INFO 2024-05-28 20:47:41 - model_mutation_operators.py:818 - candidate_in_mutlayers_indice:0

INFO 2024-05-28 20:47:41 - model_mutation_operators.py:859 - select layer: inception1.p4_2 layer_type: <class 'mindspore.nn.layer.container.SequentialCell'> in_shape: [2, 64, 35, 35] out_shape: [2, 32, 35, 35]
INFO 2024-05-28 20:47:41 - model_mutation_operators.py:860 - mut Basic type: True
INFO 2024-05-28 20:47:41 - model_mutation_operators.py:861 - add Basic layer : Basic_op
INFO 2024-05-28 20:47:41 - model_mutation_operators.py:874 - select insert layer: Dropout<keep_prob=0.5>
INFO 2024-05-28 20:47:41 - model_mutation_operators.py:942 - insert_layer_outshape equal!
INFO 2024-05-28 20:47:41 - model_mutation_operators.py:1061 - mut_result:True
INFO 2024-05-28 20:47:41 - model_mutation_operators.py:1062 - 90 generation!

INFO 2024-05-28 20:47:45 - mutation_test.py:521 - ================== start 91 generation!(91/100) ==================
INFO 2024-05-28 20:47:45 - model_mutation_operators.py:1071 - Adopt CM mut_strategy!
INFO 2024-05-28 20:47:45 - model_mutation_operators.py:1117 - mut_result:No suitable ops for CM mutation!
INFO 2024-05-28 20:47:45 - model_mutation_operators.py:1118 - 91 generation!
INFO 2024-05-28 20:47:52 - mutation_test.py:521 - ================== start 92 generation!(92/100) ==================
INFO 2024-05-28 20:47:52 - model_mutation_operators.py:1071 - Adopt CM mut_strategy!
INFO 2024-05-28 20:47:52 - model_mutation_operators.py:1117 - mut_result:No suitable ops for CM mutation!
INFO 2024-05-28 20:47:52 - model_mutation_operators.py:1118 - 92 generation!
INFO 2024-05-28 20:47:59 - mutation_test.py:521 - ================== start 93 generation!(93/100) ==================
INFO 2024-05-28 20:47:59 - model_mutation_operators.py:516 - Adopt LA mut_strategy!
INFO 2024-05-28 20:47:59 - model_mutation_operators.py:561 - mut_result:No suitable ops for LA mutation!
INFO 2024-05-28 20:47:59 - model_mutation_operators.py:562 - 93 generation!
INFO 2024-05-28 20:48:06 - mutation_test.py:521 - ================== start 94 generation!(94/100) ==================
INFO 2024-05-28 20:48:06 - model_mutation_operators.py:1071 - Adopt CM mut_strategy!
INFO 2024-05-28 20:48:06 - model_mutation_operators.py:1117 - mut_result:No suitable ops for CM mutation!
INFO 2024-05-28 20:48:06 - model_mutation_operators.py:1118 - 94 generation!
INFO 2024-05-28 20:48:13 - mutation_test.py:521 - ================== start 95 generation!(95/100) ==================
INFO 2024-05-28 20:48:13 - model_mutation_operators.py:2119 - Adopt SM mut_strategy!
INFO 2024-05-28 20:48:13 - model_mutation_operators.py:2157 - select layer: inception2.p4_1 layer_type: <class 'mindspore.nn.layer.container.SequentialCell'> in_shape: [2, 256, 35, 35] out_shape: [2, 256, 35, 35]
INFO 2024-05-28 20:48:13 - model_mutation_operators.py:2158 - mut Basic type: True
INFO 2024-05-28 20:48:13 - model_mutation_operators.py:2169 - No suitable ops for SM mutation!
INFO 2024-05-28 20:48:13 - model_mutation_operators.py:2170 - 95 generation!
INFO 2024-05-28 20:48:19 - mutation_test.py:521 - ================== start 96 generation!(96/100) ==================
INFO 2024-05-28 20:48:19 - model_mutation_operators.py:1924 - Adopt LC mut_strategy!
INFO 2024-05-28 20:48:19 - model_mutation_operators.py:1979 - Illegal LC mutate!
INFO 2024-05-28 20:48:19 - model_mutation_operators.py:1980 - mut_result:LC Create illegal layer!
INFO 2024-05-28 20:48:19 - model_mutation_operators.py:1981 - 96 generation!

INFO 2024-05-28 20:48:27 - mutation_test.py:521 - ================== start 97 generation!(97/100) ==================
INFO 2024-05-28 20:48:27 - model_mutation_operators.py:756 - Adopt RA mut_strategy!
INFO 2024-05-28 20:48:27 - model_mutation_operators.py:807 - mut_result:No suitable ops for RA mutation!
INFO 2024-05-28 20:48:27 - model_mutation_operators.py:808 - 97 generation!
INFO 2024-05-28 20:48:33 - mutation_test.py:521 - ================== start 98 generation!(98/100) ==================
INFO 2024-05-28 20:48:33 - model_mutation_operators.py:1924 - Adopt LC mut_strategy!
INFO 2024-05-28 20:48:33 - model_mutation_operators.py:1979 - Illegal LC mutate!
INFO 2024-05-28 20:48:33 - model_mutation_operators.py:1980 - mut_result:LC Create illegal layer!
INFO 2024-05-28 20:48:33 - model_mutation_operators.py:1981 - 98 generation!

INFO 2024-05-28 20:48:40 - mutation_test.py:521 - ================== start 99 generation!(99/100) ==================
INFO 2024-05-28 20:48:40 - model_mutation_operators.py:24 - Adopt PM mut_strategy!
INFO 2024-05-28 20:48:40 - model_mutation_operators.py:77 - candidate_in_mutlayers_indice:0
INFO 2024-05-28 20:48:40 - model_mutation_operators.py:93 - select op: avgpool layer_type: AvgPool2d selected param:stride input_shape:[2, 288, 35, 35] output_shape:[2, 288, 28, 28]
INFO 2024-05-28 20:48:40 - model_mutation_operators.py:160 - mutate_replace_layer: AvgPool2d<kernel_size=(3, 4), stride=(4, 2), pad_mode=VALID>
INFO 2024-05-28 20:48:40 - model_mutation_operators.py:193 - Previous value: (2, 3) Edit value: (4, 2) new_inshape: (2, 288, 35, 35) new_outshape: (2, 288, 9, 16)
INFO 2024-05-28 20:48:40 - model_mutation_operators.py:232 - SequentialCell<
  (0): AvgPool2d<kernel_size=(3, 4), stride=(4, 2), pad_mode=VALID>
  (1): Replace_ms<>
  >
INFO 2024-05-28 20:48:40 - model_mutation_operators.py:233 - mut_result:True
INFO 2024-05-28 20:48:40 - model_mutation_operators.py:234 - 99 generation!

INFO 2024-05-28 20:48:40 - mutation_test.py:521 - ================== start 100 generation!(100/100) ==================
INFO 2024-05-28 20:48:40 - model_mutation_operators.py:516 - Adopt LA mut_strategy!
INFO 2024-05-28 20:48:40 - model_mutation_operators.py:561 - mut_result:No suitable ops for LA mutation!
INFO 2024-05-28 20:48:40 - model_mutation_operators.py:562 - 100 generation!
INFO 2024-05-28 20:48:47 - mutation_test.py:553 - mutation_scores: [18.65588, 18.413624, 18.916918, 18.882793, 19.04633, 16.738647, -100, 16.740429, 16.740852, 16.743017, 16.742798, 16.739979, 16.740307, 16.742344, 16.742937, -100, 16.731596, 16.731346, 16.730984, 16.730019, -100, 16.740673, 16.74591, -100, 16.742113, -100, 16.74247, 16.74247, 16.742268, 16.75227, 16.743607, 16.743227, -100, -100, 16.741804, 16.752514, -100, 16.766138, -100, -100, 16.853132, -100, -100, 16.950573, -100, -100, -100, -100, 17.246378, 16.790262, 16.92412, 16.922964, 17.523, -100, 16.740278, 16.740278, -100, 16.745035, -100, -100, -100, -100, -100, -100, 16.74628, -100, -100, 16.78742, -100, -100, -100, -100, 16.748154, 16.810923, -100, -100, -100, -100, -100, -100, 16.75701, -100, 16.769049, -100, 16.763165, -100, 16.740398, 16.832, -100, 16.753143, -100, -100, -100, -100, -100, -100, -100, -100, 16.753828, -100]
INFO 2024-05-28 20:48:47 - mutation_test.py:555 - **** stage1 select generations: [52 51 44 49 53  2  1  4  3  5] ****

INFO 2024-05-28 20:48:48 - mutation_test.py:251 - mutation iteration:100 ({'LA': 13, 'LD': 15, 'LC': 7, 'CM': 15, 'RA': 13, 'PM': 22, 'SM': 15}), mutation success:51
 ({'LA': 4, 'LD': 9, 'LC': 2, 'CM': 7, 'RA': 8, 'PM': 16, 'SM': 5})

