WARNING 2024-05-28 20:23:36 - mutation_test.py:59 - For PyTorch and MindSpore running separately, CUDA_VISIBLE_DEVICES should have at least two GPUs, such as 'export CUDA_VISIBLE_DEVICES=0,1'
INFO 2024-05-28 20:23:36 - mutation_test.py:129 - Mutation config:
----------------------------------------------------------------------------------------
train_config: {'model_name': 'lstm01', 'dataset_name': 'random', 'batch_size': 5, 'input_size': ['(2,49,50)'], 'test_size': 2, 'dtypes': ['float'], 'epoch': 20, 'loss_name': 'CrossEntropy', 'optimizer': 'SGD', 'learning_rate': 0.005, 'loss_ground_truth': 2.950969386100769, 'eval_ground_truth': 0.998740881321355, 'memory_threshold': '1e-2', 'dataset_path': 'lstm01', 'device': 'GPU', 'device_id': '0,1'}
mutation_config: {'mutation_iterations': 100, 'save_iterations': 1, 'mutation_eval_metric': 'origin_diff', 'validation_threshold': 0.0006, 'output_difference_metric': 'DMAD', 'log_path': '/data1/myz/net-sv/common/log/lstm01-2024.5.28.20.23.36', 'mutation_strategy': 'random', 'mutation_type': ['LA', 'LD', 'LC', 'CM', 'RA', 'PM', 'SM'], 'selected_model_num': 10}

INFO 2024-05-28 20:23:36 - mutation_test.py:1039 - Stage1: start network mutation!
INFO 2024-05-28 20:23:43 - mutation_test.py:520 - ================== start 1 generation!(1/100) ==================
INFO 2024-05-28 20:23:43 - model_mutation_operators.py:2119 - Adopt SM mut_strategy!
INFO 2024-05-28 20:23:43 - model_mutation_operators.py:2157 - select layer: dropout1 layer_type: <class 'mindspore.nn.layer.basic.Dropout'> in_shape: [1, 1, 50] out_shape: [1, 1, 50]
INFO 2024-05-28 20:23:43 - model_mutation_operators.py:2158 - mut Basic type: True
INFO 2024-05-28 20:23:43 - model_mutation_operators.py:2206 - candidate_in_mutlayers_indice:-1
INFO 2024-05-28 20:23:43 - model_mutation_operators.py:2265 - mutate input_shape: [2, 14]
INFO 2024-05-28 20:23:43 - model_mutation_operators.py:2360 - mut_result:True
INFO 2024-05-28 20:23:43 - model_mutation_operators.py:2361 - 1 generation!

INFO 2024-05-28 20:23:43 - mutation_test.py:520 - ================== start 2 generation!(2/100) ==================
INFO 2024-05-28 20:23:43 - model_mutation_operators.py:243 - Adopt LD mut_strategy!
INFO 2024-05-28 20:23:43 - model_mutation_operators.py:259 - delete layer_name:dropout1
INFO 2024-05-28 20:23:43 - model_mutation_operators.py:288 - candidate_in_mutlayers_indice:2

INFO 2024-05-28 20:23:43 - model_mutation_operators.py:317 - adopt DeleteCell Replace_ms
INFO 2024-05-28 20:23:43 - model_mutation_operators.py:506 - mut_result:True
INFO 2024-05-28 20:23:43 - model_mutation_operators.py:507 - 2 generation!

INFO 2024-05-28 20:23:43 - mutation_test.py:520 - ================== start 3 generation!(3/100) ==================
INFO 2024-05-28 20:23:43 - model_mutation_operators.py:516 - Adopt LA mut_strategy!
INFO 2024-05-28 20:23:43 - model_mutation_operators.py:591 - candidate_in_mutlayers_indice:-1
INFO 2024-05-28 20:23:43 - model_mutation_operators.py:600 - select layer: dense layer_type: <class 'mindspore.nn.layer.basic.Dense'> in_shape: [2, 100] out_shape: [2, 1]
INFO 2024-05-28 20:23:43 - model_mutation_operators.py:601 - mut Basic type: True
INFO 2024-05-28 20:23:43 - model_mutation_operators.py:602 - add Basic layer : Basic_op
INFO 2024-05-28 20:23:43 - model_mutation_operators.py:616 - select insert layer: Conv2d<input_channels=1, output_channels=1, kernel_size=(1, 1), stride=(1, 1), pad_mode=same, padding=0, dilation=(1, 1), group=1, has_bias=False, weight_init=<mindspore.common.initializer.HeUniform object at 0x7fcee311fa50>, bias_init=None, format=NCHW>
INFO 2024-05-28 20:23:43 - model_mutation_operators.py:629 - insert_layer_outshape equal!
INFO 2024-05-28 20:23:43 - model_mutation_operators.py:746 - mut_result:True
INFO 2024-05-28 20:23:43 - model_mutation_operators.py:747 - 3 generation!

INFO 2024-05-28 20:23:43 - mutation_test.py:520 - ================== start 4 generation!(4/100) ==================
INFO 2024-05-28 20:23:43 - model_mutation_operators.py:24 - Adopt PM mut_strategy!
INFO 2024-05-28 20:23:43 - model_mutation_operators.py:63 - The target model do not have the mutator operators in_channels!
INFO 2024-05-28 20:23:43 - model_mutation_operators.py:64 - mut_result:Parameter Miss
INFO 2024-05-28 20:23:43 - model_mutation_operators.py:65 - 4 generation!

INFO 2024-05-28 20:23:43 - mutation_test.py:520 - ================== start 5 generation!(5/100) ==================
INFO 2024-05-28 20:23:43 - model_mutation_operators.py:2119 - Adopt SM mut_strategy!
INFO 2024-05-28 20:23:43 - model_mutation_operators.py:2157 - select layer: dense layer_type: <class 'mindspore.nn.layer.container.SequentialCell'> in_shape: [2, 100] out_shape: [2, 1]
INFO 2024-05-28 20:23:43 - model_mutation_operators.py:2158 - mut Basic type: True
INFO 2024-05-28 20:23:43 - model_mutation_operators.py:2202 - candidate_in_mutlayers_indice:1
INFO 2024-05-28 20:23:43 - model_mutation_operators.py:2257 - mutate input_shape: [2, 8, 13, 34]
INFO 2024-05-28 20:23:43 - model_mutation_operators.py:2258 - mutate output_shape: [2, 21, 30, 48]
INFO 2024-05-28 20:23:43 - model_mutation_operators.py:2360 - mut_result:True
INFO 2024-05-28 20:23:43 - model_mutation_operators.py:2361 - 5 generation!

INFO 2024-05-28 20:23:43 - mutation_test.py:520 - ================== start 6 generation!(6/100) ==================
INFO 2024-05-28 20:23:43 - model_mutation_operators.py:2119 - Adopt SM mut_strategy!
INFO 2024-05-28 20:23:43 - model_mutation_operators.py:2157 - select layer: dropout1 layer_type: <class 'mindspore.nn.layer.container.SequentialCell'> in_shape: [1, 1, 50] out_shape: [1, 1, 50]
INFO 2024-05-28 20:23:43 - model_mutation_operators.py:2158 - mut Basic type: True
INFO 2024-05-28 20:23:43 - model_mutation_operators.py:2169 - No suitable ops for SM mutation!
INFO 2024-05-28 20:23:43 - model_mutation_operators.py:2170 - 6 generation!
INFO 2024-05-28 20:23:43 - mutation_test.py:520 - ================== start 7 generation!(7/100) ==================
INFO 2024-05-28 20:23:43 - model_mutation_operators.py:2119 - Adopt SM mut_strategy!
INFO 2024-05-28 20:23:43 - model_mutation_operators.py:2157 - select layer: dropout2 layer_type: <class 'mindspore.nn.layer.basic.Dropout'> in_shape: [1, 1, 100] out_shape: [1, 1, 100]
INFO 2024-05-28 20:23:43 - model_mutation_operators.py:2158 - mut Basic type: True
INFO 2024-05-28 20:23:43 - model_mutation_operators.py:2206 - candidate_in_mutlayers_indice:-1
INFO 2024-05-28 20:23:43 - model_mutation_operators.py:2265 - mutate input_shape: [2, 14, 41, 15]
INFO 2024-05-28 20:23:43 - model_mutation_operators.py:2360 - mut_result:True
INFO 2024-05-28 20:23:43 - model_mutation_operators.py:2361 - 7 generation!

INFO 2024-05-28 20:23:43 - mutation_test.py:520 - ================== start 8 generation!(8/100) ==================
INFO 2024-05-28 20:23:43 - model_mutation_operators.py:243 - Adopt LD mut_strategy!
INFO 2024-05-28 20:23:43 - model_mutation_operators.py:259 - delete layer_name:dense
INFO 2024-05-28 20:23:43 - model_mutation_operators.py:279 - mut_result:No suitable ops for LD mutation!
INFO 2024-05-28 20:23:43 - model_mutation_operators.py:280 - 8 generation!
INFO 2024-05-28 20:23:43 - mutation_test.py:520 - ================== start 9 generation!(9/100) ==================
INFO 2024-05-28 20:23:43 - model_mutation_operators.py:756 - Adopt RA mut_strategy!
INFO 2024-05-28 20:23:43 - model_mutation_operators.py:807 - mut_result:No suitable ops for RA mutation!
INFO 2024-05-28 20:23:43 - model_mutation_operators.py:808 - 9 generation!
INFO 2024-05-28 20:23:43 - mutation_test.py:520 - ================== start 10 generation!(10/100) ==================
INFO 2024-05-28 20:23:43 - model_mutation_operators.py:1071 - Adopt CM mut_strategy!
INFO 2024-05-28 20:23:43 - model_mutation_operators.py:1117 - mut_result:No suitable ops for CM mutation!
INFO 2024-05-28 20:23:43 - model_mutation_operators.py:1118 - 10 generation!
INFO 2024-05-28 20:23:43 - mutation_test.py:520 - ================== start 11 generation!(11/100) ==================
INFO 2024-05-28 20:23:43 - model_mutation_operators.py:243 - Adopt LD mut_strategy!
INFO 2024-05-28 20:23:43 - model_mutation_operators.py:259 - delete layer_name:dense
INFO 2024-05-28 20:23:43 - model_mutation_operators.py:279 - mut_result:No suitable ops for LD mutation!
INFO 2024-05-28 20:23:43 - model_mutation_operators.py:280 - 11 generation!
INFO 2024-05-28 20:23:43 - mutation_test.py:520 - ================== start 12 generation!(12/100) ==================
INFO 2024-05-28 20:23:43 - model_mutation_operators.py:24 - Adopt PM mut_strategy!
INFO 2024-05-28 20:23:43 - model_mutation_operators.py:77 - candidate_in_mutlayers_indice:0
INFO 2024-05-28 20:23:43 - model_mutation_operators.py:93 - select op: dense layer_type: Dense selected param:in_channels input_shape:[2, 100] output_shape:[2, 1]
INFO 2024-05-28 20:23:43 - model_mutation_operators.py:160 - mutate_replace_layer: Dense<input_channels=300, output_channels=1, has_bias=True>
INFO 2024-05-28 20:23:43 - model_mutation_operators.py:193 - Previous value: 100 Edit value: 300 new_inshape: (2, 300) new_outshape: (2, 1)
INFO 2024-05-28 20:23:43 - model_mutation_operators.py:212 - SequentialCell<
  (0): Replace_ms<>
  (1): Dense<input_channels=300, output_channels=1, has_bias=True>
  >
INFO 2024-05-28 20:23:43 - model_mutation_operators.py:213 - mut_result:True
INFO 2024-05-28 20:23:43 - model_mutation_operators.py:214 - 12 generation!

INFO 2024-05-28 20:23:44 - mutation_test.py:520 - ================== start 13 generation!(13/100) ==================
INFO 2024-05-28 20:23:44 - model_mutation_operators.py:1071 - Adopt CM mut_strategy!
INFO 2024-05-28 20:23:44 - model_mutation_operators.py:1150 - candidate_in_mutlayers_indice:1
INFO 2024-05-28 20:23:44 - model_mutation_operators.py:1161 - select layer: dropout2 layer_type: <class 'mindspore.nn.layer.container.SequentialCell'> in_shape: [1, 1, 100] out_shape: [1, 1, 100]
INFO 2024-05-28 20:23:44 - model_mutation_operators.py:1162 - mut Basic type: True
INFO 2024-05-28 20:23:44 - model_mutation_operators.py:1205 - select insert layer: Inception_A<
  (branch0): BasicConv2d<
    (relu): ReLU<>
    >
  (branch1): SequentialCell<
    (0): BasicConv2d<
      (relu): ReLU<>
      >
    (1): BasicConv2d<
      (relu): ReLU<>
      >
    >
  (branch2): SequentialCell<
    (0): BasicConv2d<
      (relu): ReLU<>
      >
    (1): BasicConv2d<
      (relu): ReLU<>
      >
    (2): BasicConv2d<
      (relu): ReLU<>
      >
    >
  (branch_pool): SequentialCell<
    (0): AvgPool2d<kernel_size=3, stride=1, pad_mode=SAME>
    (1): BasicConv2d<
      (relu): ReLU<>
      >
    >
  >
INFO 2024-05-28 20:23:44 - model_mutation_operators.py:1231 - Illegal CM mutate!
INFO 2024-05-28 20:23:44 - model_mutation_operators.py:1232 - mut_result:CM Create illegal layer!
INFO 2024-05-28 20:23:44 - model_mutation_operators.py:1233 - Exception information: 
For primitive[Conv2D], the input type must be same.
name:[w]:Tensor[Float32].
name:[x]:Tensor[Float16].

----------------------------------------------------
- C++ Call Stack: (For framework developers)
----------------------------------------------------
mindspore/core/utils/check_convert_utils.cc:1028 _CheckTypeSame

INFO 2024-05-28 20:23:44 - model_mutation_operators.py:1234 - 13 generation!

INFO 2024-05-28 20:23:44 - mutation_test.py:520 - ================== start 14 generation!(14/100) ==================
INFO 2024-05-28 20:23:44 - model_mutation_operators.py:516 - Adopt LA mut_strategy!
INFO 2024-05-28 20:23:44 - model_mutation_operators.py:561 - mut_result:No suitable ops for LA mutation!
INFO 2024-05-28 20:23:44 - model_mutation_operators.py:562 - 14 generation!
INFO 2024-05-28 20:23:44 - mutation_test.py:520 - ================== start 15 generation!(15/100) ==================
INFO 2024-05-28 20:23:44 - model_mutation_operators.py:2119 - Adopt SM mut_strategy!
INFO 2024-05-28 20:23:44 - model_mutation_operators.py:2157 - select layer: dropout2 layer_type: <class 'mindspore.nn.layer.container.SequentialCell'> in_shape: [1, 1, 100] out_shape: [1, 1, 100]
INFO 2024-05-28 20:23:44 - model_mutation_operators.py:2158 - mut Basic type: True
INFO 2024-05-28 20:23:44 - model_mutation_operators.py:2202 - candidate_in_mutlayers_indice:1
INFO 2024-05-28 20:23:44 - model_mutation_operators.py:2257 - mutate input_shape: [2, 19]
INFO 2024-05-28 20:23:44 - model_mutation_operators.py:2258 - mutate output_shape: [2, 49, 4, 38, 44]
INFO 2024-05-28 20:23:44 - model_mutation_operators.py:2360 - mut_result:True
INFO 2024-05-28 20:23:44 - model_mutation_operators.py:2361 - 15 generation!

INFO 2024-05-28 20:23:45 - mutation_test.py:520 - ================== start 16 generation!(16/100) ==================
INFO 2024-05-28 20:23:45 - model_mutation_operators.py:756 - Adopt RA mut_strategy!
INFO 2024-05-28 20:23:45 - model_mutation_operators.py:807 - mut_result:No suitable ops for RA mutation!
INFO 2024-05-28 20:23:45 - model_mutation_operators.py:808 - 16 generation!
INFO 2024-05-28 20:23:45 - mutation_test.py:520 - ================== start 17 generation!(17/100) ==================
INFO 2024-05-28 20:23:45 - model_mutation_operators.py:1924 - Adopt LC mut_strategy!
INFO 2024-05-28 20:23:45 - model_mutation_operators.py:1979 - Illegal LC mutate!
INFO 2024-05-28 20:23:45 - model_mutation_operators.py:1980 - mut_result:LC Create illegal layer!
INFO 2024-05-28 20:23:45 - model_mutation_operators.py:1981 - 17 generation!

INFO 2024-05-28 20:23:45 - mutation_test.py:520 - ================== start 18 generation!(18/100) ==================
INFO 2024-05-28 20:23:45 - model_mutation_operators.py:516 - Adopt LA mut_strategy!
INFO 2024-05-28 20:23:45 - model_mutation_operators.py:561 - mut_result:No suitable ops for LA mutation!
INFO 2024-05-28 20:23:45 - model_mutation_operators.py:562 - 18 generation!
INFO 2024-05-28 20:23:45 - mutation_test.py:520 - ================== start 19 generation!(19/100) ==================
INFO 2024-05-28 20:23:45 - model_mutation_operators.py:24 - Adopt PM mut_strategy!
INFO 2024-05-28 20:23:45 - model_mutation_operators.py:63 - The target model do not have the mutator operators keep_prob!
INFO 2024-05-28 20:23:45 - model_mutation_operators.py:64 - mut_result:Parameter Miss
INFO 2024-05-28 20:23:45 - model_mutation_operators.py:65 - 19 generation!

INFO 2024-05-28 20:23:45 - mutation_test.py:520 - ================== start 20 generation!(20/100) ==================
INFO 2024-05-28 20:23:45 - model_mutation_operators.py:1924 - Adopt LC mut_strategy!
INFO 2024-05-28 20:23:45 - model_mutation_operators.py:1979 - Illegal LC mutate!
INFO 2024-05-28 20:23:45 - model_mutation_operators.py:1980 - mut_result:LC Create illegal layer!
INFO 2024-05-28 20:23:45 - model_mutation_operators.py:1981 - 20 generation!

INFO 2024-05-28 20:23:45 - mutation_test.py:520 - ================== start 21 generation!(21/100) ==================
INFO 2024-05-28 20:23:45 - model_mutation_operators.py:756 - Adopt RA mut_strategy!
INFO 2024-05-28 20:23:45 - model_mutation_operators.py:818 - candidate_in_mutlayers_indice:0

INFO 2024-05-28 20:23:45 - model_mutation_operators.py:859 - select layer: dense layer_type: <class 'mindspore.nn.layer.container.SequentialCell'> in_shape: [2, 100] out_shape: [2, 1]
INFO 2024-05-28 20:23:45 - model_mutation_operators.py:860 - mut Basic type: True
INFO 2024-05-28 20:23:45 - model_mutation_operators.py:861 - add Basic layer : Basic_op
INFO 2024-05-28 20:23:45 - model_mutation_operators.py:874 - select insert layer: Dense<input_channels=100, output_channels=1>
INFO 2024-05-28 20:23:45 - model_mutation_operators.py:942 - insert_layer_outshape equal!
INFO 2024-05-28 20:23:45 - model_mutation_operators.py:1061 - mut_result:True
INFO 2024-05-28 20:23:45 - model_mutation_operators.py:1062 - 21 generation!

INFO 2024-05-28 20:23:45 - mutation_test.py:520 - ================== start 22 generation!(22/100) ==================
INFO 2024-05-28 20:23:45 - model_mutation_operators.py:243 - Adopt LD mut_strategy!
INFO 2024-05-28 20:23:45 - model_mutation_operators.py:259 - delete layer_name:dropout2
INFO 2024-05-28 20:23:45 - model_mutation_operators.py:279 - mut_result:No suitable ops for LD mutation!
INFO 2024-05-28 20:23:45 - model_mutation_operators.py:280 - 22 generation!
INFO 2024-05-28 20:23:45 - mutation_test.py:520 - ================== start 23 generation!(23/100) ==================
INFO 2024-05-28 20:23:45 - model_mutation_operators.py:756 - Adopt RA mut_strategy!
INFO 2024-05-28 20:23:45 - model_mutation_operators.py:818 - candidate_in_mutlayers_indice:0

INFO 2024-05-28 20:23:45 - model_mutation_operators.py:859 - select layer: dense layer_type: <class 'mindspore.nn.layer.container.SequentialCell'> in_shape: [2, 100] out_shape: [2, 1]
INFO 2024-05-28 20:23:45 - model_mutation_operators.py:860 - mut Basic type: True
INFO 2024-05-28 20:23:45 - model_mutation_operators.py:861 - add Basic layer : Cascade_op
INFO 2024-05-28 20:23:45 - model_mutation_operators.py:874 - select insert layer: SE<
  (SE_pool): GlobalAvgPooling<>
  (act): HSigmoid<>
  (SE_act1): ReLU<>
  (SE_act2): HSigmoid<>
  >
INFO 2024-05-28 20:23:45 - model_mutation_operators.py:942 - insert_layer_outshape equal!
INFO 2024-05-28 20:23:45 - model_mutation_operators.py:1061 - mut_result:True
INFO 2024-05-28 20:23:45 - model_mutation_operators.py:1062 - 23 generation!

INFO 2024-05-28 20:23:45 - mutation_test.py:520 - ================== start 24 generation!(24/100) ==================
INFO 2024-05-28 20:23:45 - model_mutation_operators.py:2119 - Adopt SM mut_strategy!
INFO 2024-05-28 20:23:45 - model_mutation_operators.py:2157 - select layer: dropout1 layer_type: <class 'mindspore.nn.layer.container.SequentialCell'> in_shape: [1, 1, 50] out_shape: [1, 1, 50]
INFO 2024-05-28 20:23:45 - model_mutation_operators.py:2158 - mut Basic type: True
INFO 2024-05-28 20:23:45 - model_mutation_operators.py:2169 - No suitable ops for SM mutation!
INFO 2024-05-28 20:23:45 - model_mutation_operators.py:2170 - 24 generation!
INFO 2024-05-28 20:23:46 - mutation_test.py:520 - ================== start 25 generation!(25/100) ==================
INFO 2024-05-28 20:23:46 - model_mutation_operators.py:243 - Adopt LD mut_strategy!
INFO 2024-05-28 20:23:46 - model_mutation_operators.py:259 - delete layer_name:dropout2
INFO 2024-05-28 20:23:46 - model_mutation_operators.py:279 - mut_result:No suitable ops for LD mutation!
INFO 2024-05-28 20:23:46 - model_mutation_operators.py:280 - 25 generation!
INFO 2024-05-28 20:23:46 - mutation_test.py:520 - ================== start 26 generation!(26/100) ==================
INFO 2024-05-28 20:23:46 - model_mutation_operators.py:1924 - Adopt LC mut_strategy!
INFO 2024-05-28 20:23:46 - model_mutation_operators.py:1979 - Illegal LC mutate!
INFO 2024-05-28 20:23:46 - model_mutation_operators.py:1980 - mut_result:LC Create illegal layer!
INFO 2024-05-28 20:23:46 - model_mutation_operators.py:1981 - 26 generation!

INFO 2024-05-28 20:23:46 - mutation_test.py:520 - ================== start 27 generation!(27/100) ==================
INFO 2024-05-28 20:23:46 - model_mutation_operators.py:2119 - Adopt SM mut_strategy!
INFO 2024-05-28 20:23:46 - model_mutation_operators.py:2157 - select layer: dropout1 layer_type: <class 'mindspore.nn.layer.container.SequentialCell'> in_shape: [1, 1, 50] out_shape: [1, 1, 50]
INFO 2024-05-28 20:23:46 - model_mutation_operators.py:2158 - mut Basic type: True
INFO 2024-05-28 20:23:46 - model_mutation_operators.py:2169 - No suitable ops for SM mutation!
INFO 2024-05-28 20:23:46 - model_mutation_operators.py:2170 - 27 generation!
INFO 2024-05-28 20:23:46 - mutation_test.py:520 - ================== start 28 generation!(28/100) ==================
INFO 2024-05-28 20:23:46 - model_mutation_operators.py:24 - Adopt PM mut_strategy!
INFO 2024-05-28 20:23:46 - model_mutation_operators.py:63 - The target model do not have the mutator operators momentum!
INFO 2024-05-28 20:23:46 - model_mutation_operators.py:64 - mut_result:Parameter Miss
INFO 2024-05-28 20:23:46 - model_mutation_operators.py:65 - 28 generation!

INFO 2024-05-28 20:23:46 - mutation_test.py:520 - ================== start 29 generation!(29/100) ==================
INFO 2024-05-28 20:23:46 - model_mutation_operators.py:243 - Adopt LD mut_strategy!
INFO 2024-05-28 20:23:46 - model_mutation_operators.py:259 - delete layer_name:dropout2
INFO 2024-05-28 20:23:46 - model_mutation_operators.py:279 - mut_result:No suitable ops for LD mutation!
INFO 2024-05-28 20:23:46 - model_mutation_operators.py:280 - 29 generation!
INFO 2024-05-28 20:23:46 - mutation_test.py:520 - ================== start 30 generation!(30/100) ==================
INFO 2024-05-28 20:23:46 - model_mutation_operators.py:2119 - Adopt SM mut_strategy!
INFO 2024-05-28 20:23:46 - model_mutation_operators.py:2157 - select layer: dropout2 layer_type: <class 'mindspore.nn.layer.container.SequentialCell'> in_shape: [1, 1, 100] out_shape: [1, 1, 100]
INFO 2024-05-28 20:23:46 - model_mutation_operators.py:2158 - mut Basic type: True
INFO 2024-05-28 20:23:46 - model_mutation_operators.py:2169 - No suitable ops for SM mutation!
INFO 2024-05-28 20:23:46 - model_mutation_operators.py:2170 - 30 generation!
INFO 2024-05-28 20:23:47 - mutation_test.py:520 - ================== start 31 generation!(31/100) ==================
INFO 2024-05-28 20:23:47 - model_mutation_operators.py:516 - Adopt LA mut_strategy!
INFO 2024-05-28 20:23:47 - model_mutation_operators.py:583 - candidate_in_mutlayers_indice:1

INFO 2024-05-28 20:23:47 - model_mutation_operators.py:600 - select layer: dense layer_type: <class 'mindspore.nn.layer.container.SequentialCell'> in_shape: [2, 100] out_shape: [2, 1]
INFO 2024-05-28 20:23:47 - model_mutation_operators.py:601 - mut Basic type: True
INFO 2024-05-28 20:23:47 - model_mutation_operators.py:602 - add Basic layer : Cascade_op
INFO 2024-05-28 20:23:47 - model_mutation_operators.py:616 - select insert layer: SE<
  (SE_pool): GlobalAvgPooling<>
  (act): HSigmoid<>
  (SE_act1): ReLU<>
  (SE_act2): HSigmoid<>
  >
INFO 2024-05-28 20:23:47 - model_mutation_operators.py:647 - insert_layer_outshape equal!
INFO 2024-05-28 20:23:47 - model_mutation_operators.py:746 - mut_result:True
INFO 2024-05-28 20:23:47 - model_mutation_operators.py:747 - 31 generation!

INFO 2024-05-28 20:23:47 - mutation_test.py:520 - ================== start 32 generation!(32/100) ==================
INFO 2024-05-28 20:23:47 - model_mutation_operators.py:24 - Adopt PM mut_strategy!
INFO 2024-05-28 20:23:47 - model_mutation_operators.py:63 - The target model do not have the mutator operators num_features!
INFO 2024-05-28 20:23:47 - model_mutation_operators.py:64 - mut_result:Parameter Miss
INFO 2024-05-28 20:23:47 - model_mutation_operators.py:65 - 32 generation!

INFO 2024-05-28 20:23:47 - mutation_test.py:520 - ================== start 33 generation!(33/100) ==================
INFO 2024-05-28 20:23:47 - model_mutation_operators.py:756 - Adopt RA mut_strategy!
INFO 2024-05-28 20:23:47 - model_mutation_operators.py:807 - mut_result:No suitable ops for RA mutation!
INFO 2024-05-28 20:23:47 - model_mutation_operators.py:808 - 33 generation!
INFO 2024-05-28 20:23:47 - mutation_test.py:520 - ================== start 34 generation!(34/100) ==================
INFO 2024-05-28 20:23:47 - model_mutation_operators.py:1071 - Adopt CM mut_strategy!
INFO 2024-05-28 20:23:47 - model_mutation_operators.py:1117 - mut_result:No suitable ops for CM mutation!
INFO 2024-05-28 20:23:47 - model_mutation_operators.py:1118 - 34 generation!
INFO 2024-05-28 20:23:47 - mutation_test.py:520 - ================== start 35 generation!(35/100) ==================
INFO 2024-05-28 20:23:47 - model_mutation_operators.py:24 - Adopt PM mut_strategy!
INFO 2024-05-28 20:23:47 - model_mutation_operators.py:63 - The target model do not have the mutator operators num_features!
INFO 2024-05-28 20:23:47 - model_mutation_operators.py:64 - mut_result:Parameter Miss
INFO 2024-05-28 20:23:47 - model_mutation_operators.py:65 - 35 generation!

INFO 2024-05-28 20:23:48 - mutation_test.py:520 - ================== start 36 generation!(36/100) ==================
INFO 2024-05-28 20:23:48 - model_mutation_operators.py:516 - Adopt LA mut_strategy!
INFO 2024-05-28 20:23:48 - model_mutation_operators.py:561 - mut_result:No suitable ops for LA mutation!
INFO 2024-05-28 20:23:48 - model_mutation_operators.py:562 - 36 generation!
INFO 2024-05-28 20:23:48 - mutation_test.py:520 - ================== start 37 generation!(37/100) ==================
INFO 2024-05-28 20:23:48 - model_mutation_operators.py:24 - Adopt PM mut_strategy!
INFO 2024-05-28 20:23:48 - model_mutation_operators.py:63 - The target model do not have the mutator operators keep_prob!
INFO 2024-05-28 20:23:48 - model_mutation_operators.py:64 - mut_result:Parameter Miss
INFO 2024-05-28 20:23:48 - model_mutation_operators.py:65 - 37 generation!

INFO 2024-05-28 20:23:48 - mutation_test.py:520 - ================== start 38 generation!(38/100) ==================
INFO 2024-05-28 20:23:48 - model_mutation_operators.py:243 - Adopt LD mut_strategy!
INFO 2024-05-28 20:23:48 - model_mutation_operators.py:259 - delete layer_name:dense
INFO 2024-05-28 20:23:48 - model_mutation_operators.py:288 - candidate_in_mutlayers_indice:2

INFO 2024-05-28 20:23:48 - model_mutation_operators.py:317 - adopt DeleteCell Replace_ms
INFO 2024-05-28 20:23:48 - model_mutation_operators.py:506 - mut_result:True
INFO 2024-05-28 20:23:48 - model_mutation_operators.py:507 - 38 generation!

INFO 2024-05-28 20:23:49 - mutation_test.py:520 - ================== start 39 generation!(39/100) ==================
INFO 2024-05-28 20:23:49 - model_mutation_operators.py:24 - Adopt PM mut_strategy!
INFO 2024-05-28 20:23:49 - model_mutation_operators.py:63 - The target model do not have the mutator operators stride!
INFO 2024-05-28 20:23:49 - model_mutation_operators.py:64 - mut_result:Parameter Miss
INFO 2024-05-28 20:23:49 - model_mutation_operators.py:65 - 39 generation!

INFO 2024-05-28 20:23:49 - mutation_test.py:520 - ================== start 40 generation!(40/100) ==================
INFO 2024-05-28 20:23:49 - model_mutation_operators.py:1924 - Adopt LC mut_strategy!
INFO 2024-05-28 20:23:49 - model_mutation_operators.py:1979 - Illegal LC mutate!
INFO 2024-05-28 20:23:49 - model_mutation_operators.py:1980 - mut_result:LC Create illegal layer!
INFO 2024-05-28 20:23:49 - model_mutation_operators.py:1981 - 40 generation!

INFO 2024-05-28 20:23:49 - mutation_test.py:520 - ================== start 41 generation!(41/100) ==================
INFO 2024-05-28 20:23:49 - model_mutation_operators.py:756 - Adopt RA mut_strategy!
INFO 2024-05-28 20:23:49 - model_mutation_operators.py:807 - mut_result:No suitable ops for RA mutation!
INFO 2024-05-28 20:23:49 - model_mutation_operators.py:808 - 41 generation!
INFO 2024-05-28 20:23:50 - mutation_test.py:520 - ================== start 42 generation!(42/100) ==================
INFO 2024-05-28 20:23:50 - model_mutation_operators.py:2119 - Adopt SM mut_strategy!
INFO 2024-05-28 20:23:50 - model_mutation_operators.py:2157 - select layer: dropout1 layer_type: <class 'mindspore.nn.layer.container.SequentialCell'> in_shape: [1, 1, 50] out_shape: [1, 1, 50]
INFO 2024-05-28 20:23:50 - model_mutation_operators.py:2158 - mut Basic type: True
INFO 2024-05-28 20:23:50 - model_mutation_operators.py:2169 - No suitable ops for SM mutation!
INFO 2024-05-28 20:23:50 - model_mutation_operators.py:2170 - 42 generation!
INFO 2024-05-28 20:23:50 - mutation_test.py:520 - ================== start 43 generation!(43/100) ==================
INFO 2024-05-28 20:23:50 - model_mutation_operators.py:1924 - Adopt LC mut_strategy!
INFO 2024-05-28 20:23:50 - model_mutation_operators.py:1979 - Illegal LC mutate!
INFO 2024-05-28 20:23:50 - model_mutation_operators.py:1980 - mut_result:LC Create illegal layer!
INFO 2024-05-28 20:23:50 - model_mutation_operators.py:1981 - 43 generation!

INFO 2024-05-28 20:23:50 - mutation_test.py:520 - ================== start 44 generation!(44/100) ==================
INFO 2024-05-28 20:23:50 - model_mutation_operators.py:243 - Adopt LD mut_strategy!
INFO 2024-05-28 20:23:50 - model_mutation_operators.py:259 - delete layer_name:dense
INFO 2024-05-28 20:23:50 - model_mutation_operators.py:279 - mut_result:No suitable ops for LD mutation!
INFO 2024-05-28 20:23:50 - model_mutation_operators.py:280 - 44 generation!
INFO 2024-05-28 20:23:50 - mutation_test.py:520 - ================== start 45 generation!(45/100) ==================
INFO 2024-05-28 20:23:50 - model_mutation_operators.py:516 - Adopt LA mut_strategy!
INFO 2024-05-28 20:23:50 - model_mutation_operators.py:561 - mut_result:No suitable ops for LA mutation!
INFO 2024-05-28 20:23:50 - model_mutation_operators.py:562 - 45 generation!
INFO 2024-05-28 20:23:50 - mutation_test.py:520 - ================== start 46 generation!(46/100) ==================
INFO 2024-05-28 20:23:50 - model_mutation_operators.py:516 - Adopt LA mut_strategy!
INFO 2024-05-28 20:23:50 - model_mutation_operators.py:561 - mut_result:No suitable ops for LA mutation!
INFO 2024-05-28 20:23:50 - model_mutation_operators.py:562 - 46 generation!
INFO 2024-05-28 20:23:51 - mutation_test.py:520 - ================== start 47 generation!(47/100) ==================
INFO 2024-05-28 20:23:51 - model_mutation_operators.py:516 - Adopt LA mut_strategy!
INFO 2024-05-28 20:23:51 - model_mutation_operators.py:561 - mut_result:No suitable ops for LA mutation!
INFO 2024-05-28 20:23:51 - model_mutation_operators.py:562 - 47 generation!
INFO 2024-05-28 20:23:51 - mutation_test.py:520 - ================== start 48 generation!(48/100) ==================
INFO 2024-05-28 20:23:51 - model_mutation_operators.py:243 - Adopt LD mut_strategy!
INFO 2024-05-28 20:23:51 - model_mutation_operators.py:259 - delete layer_name:dropout2
INFO 2024-05-28 20:23:51 - model_mutation_operators.py:279 - mut_result:No suitable ops for LD mutation!
INFO 2024-05-28 20:23:51 - model_mutation_operators.py:280 - 48 generation!
INFO 2024-05-28 20:23:51 - mutation_test.py:520 - ================== start 49 generation!(49/100) ==================
INFO 2024-05-28 20:23:51 - model_mutation_operators.py:2119 - Adopt SM mut_strategy!
INFO 2024-05-28 20:23:51 - model_mutation_operators.py:2157 - select layer: dropout1 layer_type: <class 'mindspore.nn.layer.container.SequentialCell'> in_shape: [1, 1, 50] out_shape: [1, 1, 50]
INFO 2024-05-28 20:23:51 - model_mutation_operators.py:2158 - mut Basic type: True
INFO 2024-05-28 20:23:51 - model_mutation_operators.py:2169 - No suitable ops for SM mutation!
INFO 2024-05-28 20:23:51 - model_mutation_operators.py:2170 - 49 generation!
INFO 2024-05-28 20:23:51 - mutation_test.py:520 - ================== start 50 generation!(50/100) ==================
INFO 2024-05-28 20:23:51 - model_mutation_operators.py:1924 - Adopt LC mut_strategy!
INFO 2024-05-28 20:23:51 - model_mutation_operators.py:1979 - Illegal LC mutate!
INFO 2024-05-28 20:23:51 - model_mutation_operators.py:1980 - mut_result:LC Create illegal layer!
INFO 2024-05-28 20:23:51 - model_mutation_operators.py:1981 - 50 generation!

INFO 2024-05-28 20:23:52 - mutation_test.py:520 - ================== start 51 generation!(51/100) ==================
INFO 2024-05-28 20:23:52 - model_mutation_operators.py:516 - Adopt LA mut_strategy!
INFO 2024-05-28 20:23:52 - model_mutation_operators.py:561 - mut_result:No suitable ops for LA mutation!
INFO 2024-05-28 20:23:52 - model_mutation_operators.py:562 - 51 generation!
INFO 2024-05-28 20:23:52 - mutation_test.py:520 - ================== start 52 generation!(52/100) ==================
INFO 2024-05-28 20:23:52 - model_mutation_operators.py:24 - Adopt PM mut_strategy!
INFO 2024-05-28 20:23:52 - model_mutation_operators.py:63 - The target model do not have the mutator operators kernel_size!
INFO 2024-05-28 20:23:52 - model_mutation_operators.py:64 - mut_result:Parameter Miss
INFO 2024-05-28 20:23:52 - model_mutation_operators.py:65 - 52 generation!

INFO 2024-05-28 20:23:52 - mutation_test.py:520 - ================== start 53 generation!(53/100) ==================
INFO 2024-05-28 20:23:52 - model_mutation_operators.py:243 - Adopt LD mut_strategy!
INFO 2024-05-28 20:23:52 - model_mutation_operators.py:259 - delete layer_name:dropout2
INFO 2024-05-28 20:23:52 - model_mutation_operators.py:279 - mut_result:No suitable ops for LD mutation!
INFO 2024-05-28 20:23:52 - model_mutation_operators.py:280 - 53 generation!
INFO 2024-05-28 20:23:52 - mutation_test.py:520 - ================== start 54 generation!(54/100) ==================
INFO 2024-05-28 20:23:52 - model_mutation_operators.py:756 - Adopt RA mut_strategy!
INFO 2024-05-28 20:23:52 - model_mutation_operators.py:807 - mut_result:No suitable ops for RA mutation!
INFO 2024-05-28 20:23:52 - model_mutation_operators.py:808 - 54 generation!
INFO 2024-05-28 20:23:52 - mutation_test.py:520 - ================== start 55 generation!(55/100) ==================
INFO 2024-05-28 20:23:52 - model_mutation_operators.py:1924 - Adopt LC mut_strategy!
INFO 2024-05-28 20:23:52 - model_mutation_operators.py:1979 - Illegal LC mutate!
INFO 2024-05-28 20:23:52 - model_mutation_operators.py:1980 - mut_result:LC Create illegal layer!
INFO 2024-05-28 20:23:52 - model_mutation_operators.py:1981 - 55 generation!

INFO 2024-05-28 20:23:53 - mutation_test.py:520 - ================== start 56 generation!(56/100) ==================
INFO 2024-05-28 20:23:53 - model_mutation_operators.py:2119 - Adopt SM mut_strategy!
INFO 2024-05-28 20:23:53 - model_mutation_operators.py:2157 - select layer: dropout1 layer_type: <class 'mindspore.nn.layer.container.SequentialCell'> in_shape: [1, 1, 50] out_shape: [1, 1, 50]
INFO 2024-05-28 20:23:53 - model_mutation_operators.py:2158 - mut Basic type: True
INFO 2024-05-28 20:23:53 - model_mutation_operators.py:2169 - No suitable ops for SM mutation!
INFO 2024-05-28 20:23:53 - model_mutation_operators.py:2170 - 56 generation!
INFO 2024-05-28 20:23:53 - mutation_test.py:520 - ================== start 57 generation!(57/100) ==================
INFO 2024-05-28 20:23:53 - model_mutation_operators.py:24 - Adopt PM mut_strategy!
INFO 2024-05-28 20:23:53 - model_mutation_operators.py:63 - The target model do not have the mutator operators num_features!
INFO 2024-05-28 20:23:53 - model_mutation_operators.py:64 - mut_result:Parameter Miss
INFO 2024-05-28 20:23:53 - model_mutation_operators.py:65 - 57 generation!

INFO 2024-05-28 20:23:53 - mutation_test.py:520 - ================== start 58 generation!(58/100) ==================
INFO 2024-05-28 20:23:53 - model_mutation_operators.py:1071 - Adopt CM mut_strategy!
INFO 2024-05-28 20:23:53 - model_mutation_operators.py:1117 - mut_result:No suitable ops for CM mutation!
INFO 2024-05-28 20:23:53 - model_mutation_operators.py:1118 - 58 generation!
INFO 2024-05-28 20:23:53 - mutation_test.py:520 - ================== start 59 generation!(59/100) ==================
INFO 2024-05-28 20:23:53 - model_mutation_operators.py:2119 - Adopt SM mut_strategy!
INFO 2024-05-28 20:23:53 - model_mutation_operators.py:2157 - select layer: dropout1 layer_type: <class 'mindspore.nn.layer.container.SequentialCell'> in_shape: [1, 1, 50] out_shape: [1, 1, 50]
INFO 2024-05-28 20:23:53 - model_mutation_operators.py:2158 - mut Basic type: True
INFO 2024-05-28 20:23:53 - model_mutation_operators.py:2169 - No suitable ops for SM mutation!
INFO 2024-05-28 20:23:53 - model_mutation_operators.py:2170 - 59 generation!
INFO 2024-05-28 20:23:54 - mutation_test.py:520 - ================== start 60 generation!(60/100) ==================
INFO 2024-05-28 20:23:54 - model_mutation_operators.py:516 - Adopt LA mut_strategy!
INFO 2024-05-28 20:23:54 - model_mutation_operators.py:561 - mut_result:No suitable ops for LA mutation!
INFO 2024-05-28 20:23:54 - model_mutation_operators.py:562 - 60 generation!
INFO 2024-05-28 20:23:54 - mutation_test.py:520 - ================== start 61 generation!(61/100) ==================
INFO 2024-05-28 20:23:54 - model_mutation_operators.py:516 - Adopt LA mut_strategy!
INFO 2024-05-28 20:23:54 - model_mutation_operators.py:561 - mut_result:No suitable ops for LA mutation!
INFO 2024-05-28 20:23:54 - model_mutation_operators.py:562 - 61 generation!
INFO 2024-05-28 20:23:54 - mutation_test.py:520 - ================== start 62 generation!(62/100) ==================
INFO 2024-05-28 20:23:54 - model_mutation_operators.py:756 - Adopt RA mut_strategy!
INFO 2024-05-28 20:23:54 - model_mutation_operators.py:807 - mut_result:No suitable ops for RA mutation!
INFO 2024-05-28 20:23:54 - model_mutation_operators.py:808 - 62 generation!
INFO 2024-05-28 20:23:54 - mutation_test.py:520 - ================== start 63 generation!(63/100) ==================
INFO 2024-05-28 20:23:54 - model_mutation_operators.py:516 - Adopt LA mut_strategy!
INFO 2024-05-28 20:23:54 - model_mutation_operators.py:561 - mut_result:No suitable ops for LA mutation!
INFO 2024-05-28 20:23:54 - model_mutation_operators.py:562 - 63 generation!
INFO 2024-05-28 20:23:55 - mutation_test.py:520 - ================== start 64 generation!(64/100) ==================
INFO 2024-05-28 20:23:55 - model_mutation_operators.py:24 - Adopt PM mut_strategy!
INFO 2024-05-28 20:23:55 - model_mutation_operators.py:63 - The target model do not have the mutator operators keep_prob!
INFO 2024-05-28 20:23:55 - model_mutation_operators.py:64 - mut_result:Parameter Miss
INFO 2024-05-28 20:23:55 - model_mutation_operators.py:65 - 64 generation!

INFO 2024-05-28 20:23:55 - mutation_test.py:520 - ================== start 65 generation!(65/100) ==================
INFO 2024-05-28 20:23:55 - model_mutation_operators.py:2119 - Adopt SM mut_strategy!
INFO 2024-05-28 20:23:55 - model_mutation_operators.py:2157 - select layer: dense layer_type: <class 'mindspore.nn.layer.container.SequentialCell'> in_shape: [2, 100] out_shape: [2, 1]
INFO 2024-05-28 20:23:55 - model_mutation_operators.py:2158 - mut Basic type: True
INFO 2024-05-28 20:23:55 - model_mutation_operators.py:2169 - No suitable ops for SM mutation!
INFO 2024-05-28 20:23:55 - model_mutation_operators.py:2170 - 65 generation!
INFO 2024-05-28 20:23:55 - mutation_test.py:520 - ================== start 66 generation!(66/100) ==================
INFO 2024-05-28 20:23:55 - model_mutation_operators.py:2119 - Adopt SM mut_strategy!
INFO 2024-05-28 20:23:55 - model_mutation_operators.py:2157 - select layer: dropout2 layer_type: <class 'mindspore.nn.layer.container.SequentialCell'> in_shape: [1, 1, 100] out_shape: [1, 1, 100]
INFO 2024-05-28 20:23:55 - model_mutation_operators.py:2158 - mut Basic type: True
INFO 2024-05-28 20:23:55 - model_mutation_operators.py:2169 - No suitable ops for SM mutation!
INFO 2024-05-28 20:23:55 - model_mutation_operators.py:2170 - 66 generation!
INFO 2024-05-28 20:23:55 - mutation_test.py:520 - ================== start 67 generation!(67/100) ==================
INFO 2024-05-28 20:23:55 - model_mutation_operators.py:2119 - Adopt SM mut_strategy!
INFO 2024-05-28 20:23:55 - model_mutation_operators.py:2157 - select layer: dropout1 layer_type: <class 'mindspore.nn.layer.container.SequentialCell'> in_shape: [1, 1, 50] out_shape: [1, 1, 50]
INFO 2024-05-28 20:23:55 - model_mutation_operators.py:2158 - mut Basic type: True
INFO 2024-05-28 20:23:55 - model_mutation_operators.py:2169 - No suitable ops for SM mutation!
INFO 2024-05-28 20:23:55 - model_mutation_operators.py:2170 - 67 generation!
INFO 2024-05-28 20:23:55 - mutation_test.py:520 - ================== start 68 generation!(68/100) ==================
INFO 2024-05-28 20:23:55 - model_mutation_operators.py:1924 - Adopt LC mut_strategy!
INFO 2024-05-28 20:23:55 - model_mutation_operators.py:1979 - Illegal LC mutate!
INFO 2024-05-28 20:23:55 - model_mutation_operators.py:1980 - mut_result:LC Create illegal layer!
INFO 2024-05-28 20:23:55 - model_mutation_operators.py:1981 - 68 generation!

INFO 2024-05-28 20:23:56 - mutation_test.py:520 - ================== start 69 generation!(69/100) ==================
INFO 2024-05-28 20:23:56 - model_mutation_operators.py:1071 - Adopt CM mut_strategy!
INFO 2024-05-28 20:23:56 - model_mutation_operators.py:1117 - mut_result:No suitable ops for CM mutation!
INFO 2024-05-28 20:23:56 - model_mutation_operators.py:1118 - 69 generation!
INFO 2024-05-28 20:23:56 - mutation_test.py:520 - ================== start 70 generation!(70/100) ==================
INFO 2024-05-28 20:23:56 - model_mutation_operators.py:756 - Adopt RA mut_strategy!
INFO 2024-05-28 20:23:56 - model_mutation_operators.py:807 - mut_result:No suitable ops for RA mutation!
INFO 2024-05-28 20:23:56 - model_mutation_operators.py:808 - 70 generation!
INFO 2024-05-28 20:23:56 - mutation_test.py:520 - ================== start 71 generation!(71/100) ==================
INFO 2024-05-28 20:23:56 - model_mutation_operators.py:516 - Adopt LA mut_strategy!
INFO 2024-05-28 20:23:56 - model_mutation_operators.py:561 - mut_result:No suitable ops for LA mutation!
INFO 2024-05-28 20:23:56 - model_mutation_operators.py:562 - 71 generation!
INFO 2024-05-28 20:23:56 - mutation_test.py:520 - ================== start 72 generation!(72/100) ==================
INFO 2024-05-28 20:23:56 - model_mutation_operators.py:1071 - Adopt CM mut_strategy!
INFO 2024-05-28 20:23:56 - model_mutation_operators.py:1117 - mut_result:No suitable ops for CM mutation!
INFO 2024-05-28 20:23:56 - model_mutation_operators.py:1118 - 72 generation!
INFO 2024-05-28 20:23:57 - mutation_test.py:520 - ================== start 73 generation!(73/100) ==================
INFO 2024-05-28 20:23:57 - model_mutation_operators.py:2119 - Adopt SM mut_strategy!
INFO 2024-05-28 20:23:57 - model_mutation_operators.py:2157 - select layer: dense layer_type: <class 'mindspore.nn.layer.container.SequentialCell'> in_shape: [2, 100] out_shape: [2, 1]
INFO 2024-05-28 20:23:57 - model_mutation_operators.py:2158 - mut Basic type: True
INFO 2024-05-28 20:23:57 - model_mutation_operators.py:2169 - No suitable ops for SM mutation!
INFO 2024-05-28 20:23:57 - model_mutation_operators.py:2170 - 73 generation!
INFO 2024-05-28 20:23:57 - mutation_test.py:520 - ================== start 74 generation!(74/100) ==================
INFO 2024-05-28 20:23:57 - model_mutation_operators.py:1071 - Adopt CM mut_strategy!
INFO 2024-05-28 20:23:57 - model_mutation_operators.py:1117 - mut_result:No suitable ops for CM mutation!
INFO 2024-05-28 20:23:57 - model_mutation_operators.py:1118 - 74 generation!
INFO 2024-05-28 20:23:57 - mutation_test.py:520 - ================== start 75 generation!(75/100) ==================
INFO 2024-05-28 20:23:57 - model_mutation_operators.py:516 - Adopt LA mut_strategy!
INFO 2024-05-28 20:23:57 - model_mutation_operators.py:561 - mut_result:No suitable ops for LA mutation!
INFO 2024-05-28 20:23:57 - model_mutation_operators.py:562 - 75 generation!
INFO 2024-05-28 20:23:57 - mutation_test.py:520 - ================== start 76 generation!(76/100) ==================
INFO 2024-05-28 20:23:57 - model_mutation_operators.py:1924 - Adopt LC mut_strategy!
INFO 2024-05-28 20:23:57 - model_mutation_operators.py:1979 - Illegal LC mutate!
INFO 2024-05-28 20:23:57 - model_mutation_operators.py:1980 - mut_result:LC Create illegal layer!
INFO 2024-05-28 20:23:57 - model_mutation_operators.py:1981 - 76 generation!

INFO 2024-05-28 20:23:57 - mutation_test.py:520 - ================== start 77 generation!(77/100) ==================
INFO 2024-05-28 20:23:57 - model_mutation_operators.py:1071 - Adopt CM mut_strategy!
INFO 2024-05-28 20:23:57 - model_mutation_operators.py:1117 - mut_result:No suitable ops for CM mutation!
INFO 2024-05-28 20:23:57 - model_mutation_operators.py:1118 - 77 generation!
INFO 2024-05-28 20:23:58 - mutation_test.py:520 - ================== start 78 generation!(78/100) ==================
INFO 2024-05-28 20:23:58 - model_mutation_operators.py:24 - Adopt PM mut_strategy!
INFO 2024-05-28 20:23:58 - model_mutation_operators.py:63 - The target model do not have the mutator operators keep_prob!
INFO 2024-05-28 20:23:58 - model_mutation_operators.py:64 - mut_result:Parameter Miss
INFO 2024-05-28 20:23:58 - model_mutation_operators.py:65 - 78 generation!

INFO 2024-05-28 20:23:58 - mutation_test.py:520 - ================== start 79 generation!(79/100) ==================
INFO 2024-05-28 20:23:58 - model_mutation_operators.py:2119 - Adopt SM mut_strategy!
INFO 2024-05-28 20:23:58 - model_mutation_operators.py:2157 - select layer: dense layer_type: <class 'mindspore.nn.layer.container.SequentialCell'> in_shape: [2, 100] out_shape: [2, 1]
INFO 2024-05-28 20:23:58 - model_mutation_operators.py:2158 - mut Basic type: True
INFO 2024-05-28 20:23:58 - model_mutation_operators.py:2169 - No suitable ops for SM mutation!
INFO 2024-05-28 20:23:58 - model_mutation_operators.py:2170 - 79 generation!
INFO 2024-05-28 20:23:58 - mutation_test.py:520 - ================== start 80 generation!(80/100) ==================
INFO 2024-05-28 20:23:58 - model_mutation_operators.py:2119 - Adopt SM mut_strategy!
INFO 2024-05-28 20:23:58 - model_mutation_operators.py:2157 - select layer: dense layer_type: <class 'mindspore.nn.layer.container.SequentialCell'> in_shape: [2, 100] out_shape: [2, 1]
INFO 2024-05-28 20:23:58 - model_mutation_operators.py:2158 - mut Basic type: True
INFO 2024-05-28 20:23:58 - model_mutation_operators.py:2169 - No suitable ops for SM mutation!
INFO 2024-05-28 20:23:58 - model_mutation_operators.py:2170 - 80 generation!
INFO 2024-05-28 20:23:58 - mutation_test.py:520 - ================== start 81 generation!(81/100) ==================
INFO 2024-05-28 20:23:58 - model_mutation_operators.py:516 - Adopt LA mut_strategy!
INFO 2024-05-28 20:23:58 - model_mutation_operators.py:561 - mut_result:No suitable ops for LA mutation!
INFO 2024-05-28 20:23:58 - model_mutation_operators.py:562 - 81 generation!
INFO 2024-05-28 20:23:59 - mutation_test.py:520 - ================== start 82 generation!(82/100) ==================
INFO 2024-05-28 20:23:59 - model_mutation_operators.py:1071 - Adopt CM mut_strategy!
INFO 2024-05-28 20:23:59 - model_mutation_operators.py:1117 - mut_result:No suitable ops for CM mutation!
INFO 2024-05-28 20:23:59 - model_mutation_operators.py:1118 - 82 generation!
INFO 2024-05-28 20:23:59 - mutation_test.py:520 - ================== start 83 generation!(83/100) ==================
INFO 2024-05-28 20:23:59 - model_mutation_operators.py:1924 - Adopt LC mut_strategy!
INFO 2024-05-28 20:23:59 - model_mutation_operators.py:1979 - Illegal LC mutate!
INFO 2024-05-28 20:23:59 - model_mutation_operators.py:1980 - mut_result:LC Create illegal layer!
INFO 2024-05-28 20:23:59 - model_mutation_operators.py:1981 - 83 generation!

INFO 2024-05-28 20:23:59 - mutation_test.py:520 - ================== start 84 generation!(84/100) ==================
INFO 2024-05-28 20:23:59 - model_mutation_operators.py:243 - Adopt LD mut_strategy!
INFO 2024-05-28 20:23:59 - model_mutation_operators.py:259 - delete layer_name:dropout2
INFO 2024-05-28 20:23:59 - model_mutation_operators.py:279 - mut_result:No suitable ops for LD mutation!
INFO 2024-05-28 20:23:59 - model_mutation_operators.py:280 - 84 generation!
INFO 2024-05-28 20:23:59 - mutation_test.py:520 - ================== start 85 generation!(85/100) ==================
INFO 2024-05-28 20:23:59 - model_mutation_operators.py:24 - Adopt PM mut_strategy!
INFO 2024-05-28 20:23:59 - model_mutation_operators.py:63 - The target model do not have the mutator operators eps!
INFO 2024-05-28 20:23:59 - model_mutation_operators.py:64 - mut_result:Parameter Miss
INFO 2024-05-28 20:23:59 - model_mutation_operators.py:65 - 85 generation!

INFO 2024-05-28 20:23:59 - mutation_test.py:520 - ================== start 86 generation!(86/100) ==================
INFO 2024-05-28 20:23:59 - model_mutation_operators.py:243 - Adopt LD mut_strategy!
INFO 2024-05-28 20:23:59 - model_mutation_operators.py:259 - delete layer_name:dense
INFO 2024-05-28 20:23:59 - model_mutation_operators.py:279 - mut_result:No suitable ops for LD mutation!
INFO 2024-05-28 20:23:59 - model_mutation_operators.py:280 - 86 generation!
INFO 2024-05-28 20:24:00 - mutation_test.py:520 - ================== start 87 generation!(87/100) ==================
INFO 2024-05-28 20:24:00 - model_mutation_operators.py:243 - Adopt LD mut_strategy!
INFO 2024-05-28 20:24:00 - model_mutation_operators.py:259 - delete layer_name:dropout2
INFO 2024-05-28 20:24:00 - model_mutation_operators.py:279 - mut_result:No suitable ops for LD mutation!
INFO 2024-05-28 20:24:00 - model_mutation_operators.py:280 - 87 generation!
INFO 2024-05-28 20:24:00 - mutation_test.py:520 - ================== start 88 generation!(88/100) ==================
INFO 2024-05-28 20:24:00 - model_mutation_operators.py:24 - Adopt PM mut_strategy!
INFO 2024-05-28 20:24:00 - model_mutation_operators.py:63 - The target model do not have the mutator operators out_channels!
INFO 2024-05-28 20:24:00 - model_mutation_operators.py:64 - mut_result:Parameter Miss
INFO 2024-05-28 20:24:00 - model_mutation_operators.py:65 - 88 generation!

INFO 2024-05-28 20:24:00 - mutation_test.py:520 - ================== start 89 generation!(89/100) ==================
INFO 2024-05-28 20:24:00 - model_mutation_operators.py:516 - Adopt LA mut_strategy!
INFO 2024-05-28 20:24:00 - model_mutation_operators.py:561 - mut_result:No suitable ops for LA mutation!
INFO 2024-05-28 20:24:00 - model_mutation_operators.py:562 - 89 generation!
INFO 2024-05-28 20:24:00 - mutation_test.py:520 - ================== start 90 generation!(90/100) ==================
INFO 2024-05-28 20:24:00 - model_mutation_operators.py:243 - Adopt LD mut_strategy!
INFO 2024-05-28 20:24:00 - model_mutation_operators.py:259 - delete layer_name:dropout2
INFO 2024-05-28 20:24:00 - model_mutation_operators.py:279 - mut_result:No suitable ops for LD mutation!
INFO 2024-05-28 20:24:00 - model_mutation_operators.py:280 - 90 generation!
INFO 2024-05-28 20:24:01 - mutation_test.py:520 - ================== start 91 generation!(91/100) ==================
INFO 2024-05-28 20:24:01 - model_mutation_operators.py:243 - Adopt LD mut_strategy!
INFO 2024-05-28 20:24:01 - model_mutation_operators.py:259 - delete layer_name:dropout1
INFO 2024-05-28 20:24:01 - model_mutation_operators.py:279 - mut_result:No suitable ops for LD mutation!
INFO 2024-05-28 20:24:01 - model_mutation_operators.py:280 - 91 generation!
INFO 2024-05-28 20:24:01 - mutation_test.py:520 - ================== start 92 generation!(92/100) ==================
INFO 2024-05-28 20:24:01 - model_mutation_operators.py:516 - Adopt LA mut_strategy!
INFO 2024-05-28 20:24:01 - model_mutation_operators.py:561 - mut_result:No suitable ops for LA mutation!
INFO 2024-05-28 20:24:01 - model_mutation_operators.py:562 - 92 generation!
INFO 2024-05-28 20:24:01 - mutation_test.py:520 - ================== start 93 generation!(93/100) ==================
INFO 2024-05-28 20:24:01 - model_mutation_operators.py:1071 - Adopt CM mut_strategy!
INFO 2024-05-28 20:24:01 - model_mutation_operators.py:1117 - mut_result:No suitable ops for CM mutation!
INFO 2024-05-28 20:24:01 - model_mutation_operators.py:1118 - 93 generation!
INFO 2024-05-28 20:24:01 - mutation_test.py:520 - ================== start 94 generation!(94/100) ==================
INFO 2024-05-28 20:24:01 - model_mutation_operators.py:24 - Adopt PM mut_strategy!
INFO 2024-05-28 20:24:01 - model_mutation_operators.py:63 - The target model do not have the mutator operators out_channels!
INFO 2024-05-28 20:24:01 - model_mutation_operators.py:64 - mut_result:Parameter Miss
INFO 2024-05-28 20:24:01 - model_mutation_operators.py:65 - 94 generation!

INFO 2024-05-28 20:24:01 - mutation_test.py:520 - ================== start 95 generation!(95/100) ==================
INFO 2024-05-28 20:24:01 - model_mutation_operators.py:24 - Adopt PM mut_strategy!
INFO 2024-05-28 20:24:01 - model_mutation_operators.py:63 - The target model do not have the mutator operators num_features!
INFO 2024-05-28 20:24:01 - model_mutation_operators.py:64 - mut_result:Parameter Miss
INFO 2024-05-28 20:24:01 - model_mutation_operators.py:65 - 95 generation!

INFO 2024-05-28 20:24:02 - mutation_test.py:520 - ================== start 96 generation!(96/100) ==================
INFO 2024-05-28 20:24:02 - model_mutation_operators.py:2119 - Adopt SM mut_strategy!
INFO 2024-05-28 20:24:02 - model_mutation_operators.py:2157 - select layer: dropout1 layer_type: <class 'mindspore.nn.layer.container.SequentialCell'> in_shape: [1, 1, 50] out_shape: [1, 1, 50]
INFO 2024-05-28 20:24:02 - model_mutation_operators.py:2158 - mut Basic type: True
INFO 2024-05-28 20:24:02 - model_mutation_operators.py:2169 - No suitable ops for SM mutation!
INFO 2024-05-28 20:24:02 - model_mutation_operators.py:2170 - 96 generation!
INFO 2024-05-28 20:24:02 - mutation_test.py:520 - ================== start 97 generation!(97/100) ==================
INFO 2024-05-28 20:24:02 - model_mutation_operators.py:756 - Adopt RA mut_strategy!
INFO 2024-05-28 20:24:02 - model_mutation_operators.py:807 - mut_result:No suitable ops for RA mutation!
INFO 2024-05-28 20:24:02 - model_mutation_operators.py:808 - 97 generation!
INFO 2024-05-28 20:24:02 - mutation_test.py:520 - ================== start 98 generation!(98/100) ==================
INFO 2024-05-28 20:24:02 - model_mutation_operators.py:756 - Adopt RA mut_strategy!
INFO 2024-05-28 20:24:02 - model_mutation_operators.py:807 - mut_result:No suitable ops for RA mutation!
INFO 2024-05-28 20:24:02 - model_mutation_operators.py:808 - 98 generation!
INFO 2024-05-28 20:24:02 - mutation_test.py:520 - ================== start 99 generation!(99/100) ==================
INFO 2024-05-28 20:24:02 - model_mutation_operators.py:1071 - Adopt CM mut_strategy!
INFO 2024-05-28 20:24:02 - model_mutation_operators.py:1117 - mut_result:No suitable ops for CM mutation!
INFO 2024-05-28 20:24:02 - model_mutation_operators.py:1118 - 99 generation!
INFO 2024-05-28 20:24:03 - mutation_test.py:520 - ================== start 100 generation!(100/100) ==================
INFO 2024-05-28 20:24:03 - model_mutation_operators.py:243 - Adopt LD mut_strategy!
INFO 2024-05-28 20:24:03 - model_mutation_operators.py:259 - delete layer_name:dense
INFO 2024-05-28 20:24:03 - model_mutation_operators.py:279 - mut_result:No suitable ops for LD mutation!
INFO 2024-05-28 20:24:03 - model_mutation_operators.py:280 - 100 generation!
INFO 2024-05-28 20:24:03 - mutation_test.py:552 - mutation_scores: [0.0778278, 0.072046526, 0.100596055, -100, 0.15337035, -100, 0.10019088, -100, -100, -100, -100, 0.1173092, -100, -100, 0.07093209, -100, -100, -100, -100, -100, 0.09484275, -100, 1.0853751, -100, -100, -100, -100, -100, -100, -100, 1.1239753, -100, -100, -100, -100, -100, -100, 0.7674761, -100, -100, -100, -100, -100, -100, -100, -100, -100, -100, -100, -100, -100, -100, -100, -100, -100, -100, -100, -100, -100, -100, -100, -100, -100, -100, -100, -100, -100, -100, -100, -100, -100, -100, -100, -100, -100, -100, -100, -100, -100, -100, -100, -100, -100, -100, -100, -100, -100, -100, -100, -100, -100, -100, -100, -100, -100, -100, -100, -100, -100, -100]
INFO 2024-05-28 20:24:03 - mutation_test.py:554 - **** stage1 select generations: [ 2  1 21  7  3 12  5 38 23 31] ****

INFO 2024-05-28 20:24:03 - mutation_test.py:250 - mutation iteration:100 ({'LA': 17, 'LD': 16, 'LC': 10, 'CM': 11, 'RA': 11, 'PM': 16, 'SM': 19}), mutation success:11
 ({'LA': 2, 'LD': 2, 'LC': 0, 'CM': 0, 'RA': 2, 'PM': 1, 'SM': 4})

