WARNING 2024-05-27 12:45:05 - mutation_test.py:59 - For PyTorch and MindSpore running separately, CUDA_VISIBLE_DEVICES should have at least two GPUs, such as 'export CUDA_VISIBLE_DEVICES=0,1'
INFO 2024-05-27 12:45:05 - mutation_test.py:129 - Mutation config:
----------------------------------------------------------------------------------------
train_config: {'model_name': 'lenet5fashion', 'dataset_name': 'random', 'batch_size': 5, 'input_size': ['(2,1,28,28)'], 'test_size': 2, 'dtypes': ['float'], 'epoch': 20, 'loss_name': 'CrossEntropy', 'optimizer': 'SGD', 'learning_rate': 0.005, 'loss_ground_truth': 2.950969386100769, 'eval_ground_truth': 0.998740881321355, 'memory_threshold': '1e-2', 'dataset_path': 'lenet5fashion', 'device': 'GPU', 'device_id': '0,1'}
mutation_config: {'mutation_iterations': 100, 'save_iterations': 1, 'mutation_eval_metric': 'origin_diff', 'validation_threshold': 0.0006, 'output_difference_metric': 'DMAD', 'log_path': '/data1/myz/net-sv/common/log/lenet5fashion-2024.5.27.12.45.5', 'mutation_strategy': 'random', 'mutation_type': ['LD', 'PM', 'LA', 'RA', 'SM', 'CM', 'LC'], 'selected_model_num': 10}

INFO 2024-05-27 12:45:05 - mutation_test.py:1045 - Stage1: start network mutation!
INFO 2024-05-27 12:45:11 - mutation_test.py:525 - ================== start 1 generation!(1/100) ==================
INFO 2024-05-27 12:45:11 - model_mutation_operators.py:1070 - Adopt CM mut_strategy!
INFO 2024-05-27 12:45:11 - model_mutation_operators.py:1153 - candidate_in_mutlayers_indice:-1
INFO 2024-05-27 12:45:11 - model_mutation_operators.py:1160 - select layer: dropout1 layer_type: <class 'mindspore.nn.layer.basic.Dropout'> in_shape: [2, 64, 14, 14] out_shape: [2, 64, 14, 14]
INFO 2024-05-27 12:45:11 - model_mutation_operators.py:1161 - mut Basic type: True
INFO 2024-05-27 12:45:11 - model_mutation_operators.py:1204 - select insert layer: ResidualBlock<
  (residual_conv1): Conv2d<input_channels=64, output_channels=16, kernel_size=(1, 1), stride=(1, 1), pad_mode=same, padding=0, dilation=(1, 1), group=1, has_bias=False, weight_init=<mindspore.common.initializer.HeUniform object at 0x7f83bc3e2350>, bias_init=None, format=NCHW>
  (residual_bn1): BatchNorm2d<num_features=16, eps=0.0001, momentum=0.9, gamma=Parameter (name=1.residual_bn1.gamma, shape=(16,), dtype=Float32, requires_grad=True), beta=Parameter (name=1.residual_bn1.beta, shape=(16,), dtype=Float32, requires_grad=True), moving_mean=Parameter (name=1.residual_bn1.moving_mean, shape=(16,), dtype=Float32, requires_grad=False), moving_variance=Parameter (name=1.residual_bn1.moving_variance, shape=(16,), dtype=Float32, requires_grad=False)>
  (residual_conv2): Conv2d<input_channels=16, output_channels=16, kernel_size=(3, 3), stride=(1, 1), pad_mode=same, padding=0, dilation=(1, 1), group=1, has_bias=False, weight_init=<mindspore.common.initializer.HeUniform object at 0x7f83bc3e2290>, bias_init=None, format=NCHW>
  (residual_bn2): BatchNorm2d<num_features=16, eps=0.0001, momentum=0.9, gamma=Parameter (name=1.residual_bn2.gamma, shape=(16,), dtype=Float32, requires_grad=True), beta=Parameter (name=1.residual_bn2.beta, shape=(16,), dtype=Float32, requires_grad=True), moving_mean=Parameter (name=1.residual_bn2.moving_mean, shape=(16,), dtype=Float32, requires_grad=False), moving_variance=Parameter (name=1.residual_bn2.moving_variance, shape=(16,), dtype=Float32, requires_grad=False)>
  (residual_conv3): Conv2d<input_channels=16, output_channels=64, kernel_size=(1, 1), stride=(1, 1), pad_mode=same, padding=0, dilation=(1, 1), group=1, has_bias=False, weight_init=<mindspore.common.initializer.HeUniform object at 0x7f83bc673850>, bias_init=None, format=NCHW>
  (residual_bn3): BatchNorm2d<num_features=64, eps=0.0001, momentum=0.9, gamma=Parameter (name=1.residual_bn3.gamma, shape=(64,), dtype=Float32, requires_grad=True), beta=Parameter (name=1.residual_bn3.beta, shape=(64,), dtype=Float32, requires_grad=True), moving_mean=Parameter (name=1.residual_bn3.moving_mean, shape=(64,), dtype=Float32, requires_grad=False), moving_variance=Parameter (name=1.residual_bn3.moving_variance, shape=(64,), dtype=Float32, requires_grad=False)>
  (residual_relu1): ReLU<>
  (residual_relu2): ReLU<>
  (residual_relu3): ReLU<>
  (residual_down_sample_layer): SequentialCell<
    (0): Conv2d<input_channels=64, output_channels=64, kernel_size=(1, 1), stride=(1, 1), pad_mode=same, padding=0, dilation=(1, 1), group=1, has_bias=False, weight_init=<mindspore.common.initializer.HeUniform object at 0x7f83bc3e2b90>, bias_init=None, format=NCHW>
    (1): BatchNorm2d<num_features=64, eps=0.0001, momentum=0.9, gamma=Parameter (name=1.residual_down_sample_layer.1.gamma, shape=(64,), dtype=Float32, requires_grad=True), beta=Parameter (name=1.residual_down_sample_layer.1.beta, shape=(64,), dtype=Float32, requires_grad=True), moving_mean=Parameter (name=1.residual_down_sample_layer.1.moving_mean, shape=(64,), dtype=Float32, requires_grad=False), moving_variance=Parameter (name=1.residual_down_sample_layer.1.moving_variance, shape=(64,), dtype=Float32, requires_grad=False)>
    >
  >
INFO 2024-05-27 12:45:11 - model_mutation_operators.py:1249 - replace Basic with CM op!
INFO 2024-05-27 12:45:11 - model_mutation_operators.py:1300 - mut_result:True
INFO 2024-05-27 12:45:11 - model_mutation_operators.py:1301 - 1 generation!

INFO 2024-05-27 12:45:11 - mutation_test.py:525 - ================== start 2 generation!(2/100) ==================
INFO 2024-05-27 12:45:11 - model_mutation_operators.py:2118 - Adopt SM mut_strategy!
INFO 2024-05-27 12:45:11 - model_mutation_operators.py:2156 - select layer: fc2 layer_type: <class 'mindspore.nn.layer.basic.Dense'> in_shape: [2, 120] out_shape: [2, 84]
INFO 2024-05-27 12:45:11 - model_mutation_operators.py:2157 - mut Basic type: True
INFO 2024-05-27 12:45:11 - model_mutation_operators.py:2205 - candidate_in_mutlayers_indice:-1
INFO 2024-05-27 12:45:11 - model_mutation_operators.py:2278 - mutate input_shape: [2, 47]
INFO 2024-05-27 12:45:11 - model_mutation_operators.py:2279 - mutate output_shape: [2, 24, 25]
INFO 2024-05-27 12:45:12 - model_mutation_operators.py:2359 - mut_result:True
INFO 2024-05-27 12:45:12 - model_mutation_operators.py:2360 - 2 generation!

INFO 2024-05-27 12:45:12 - mutation_test.py:525 - ================== start 3 generation!(3/100) ==================
INFO 2024-05-27 12:45:12 - model_mutation_operators.py:1923 - Adopt LC mut_strategy!
INFO 2024-05-27 12:45:12 - model_mutation_operators.py:1990 - select layer: pool2 layer_type: <class 'mindspore.nn.layer.pooling.MaxPool2d'> in_shape: [2, 32, 14, 14] out_shape: [2, 32, 7, 7]
INFO 2024-05-27 12:45:12 - model_mutation_operators.py:1991 - mut Basic type: True
INFO 2024-05-27 12:45:12 - model_mutation_operators.py:1992 - add Basic layer : Basic_op
INFO 2024-05-27 12:45:12 - model_mutation_operators.py:2005 - select insert layer: MaxPool2d<kernel_size=2, stride=2, pad_mode=VALID>
INFO 2024-05-27 12:45:12 - model_mutation_operators.py:2035 - insert_layer_outshape not equal!: [2, 32, 7, 7]
INFO 2024-05-27 12:45:12 - model_mutation_operators.py:2108 - mut_result:True
INFO 2024-05-27 12:45:12 - model_mutation_operators.py:2109 - 3 generation!

INFO 2024-05-27 12:45:12 - mutation_test.py:525 - ================== start 4 generation!(4/100) ==================
INFO 2024-05-27 12:45:12 - model_mutation_operators.py:1070 - Adopt CM mut_strategy!
INFO 2024-05-27 12:45:12 - model_mutation_operators.py:1153 - candidate_in_mutlayers_indice:-1
INFO 2024-05-27 12:45:12 - model_mutation_operators.py:1160 - select layer: conv2 layer_type: <class 'mindspore.nn.layer.conv.Conv2d'> in_shape: [2, 64, 14, 14] out_shape: [2, 32, 14, 14]
INFO 2024-05-27 12:45:12 - model_mutation_operators.py:1161 - mut Basic type: True
INFO 2024-05-27 12:45:12 - model_mutation_operators.py:1204 - select insert layer: Conv2dTranspose<input_channels=64, output_channels=32, kernel_size=(1, 1), stride=(1, 1), pad_mode=same, padding=0, dilation=(1, 1), group=1, has_bias=False, weight_init=<mindspore.common.initializer.HeUniform object at 0x7f83bc31cad0>, bias_init=None, format=NCHW>
INFO 2024-05-27 12:45:12 - model_mutation_operators.py:1249 - replace Basic with CM op!
INFO 2024-05-27 12:45:12 - model_mutation_operators.py:1300 - mut_result:True
INFO 2024-05-27 12:45:12 - model_mutation_operators.py:1301 - 4 generation!

INFO 2024-05-27 12:45:13 - mutation_test.py:525 - ================== start 5 generation!(5/100) ==================
INFO 2024-05-27 12:45:13 - model_mutation_operators.py:242 - Adopt LD mut_strategy!
INFO 2024-05-27 12:45:13 - model_mutation_operators.py:258 - delete layer_name:conv1
INFO 2024-05-27 12:45:13 - model_mutation_operators.py:320 - candidate_in_mutlayers_indice:-1
INFO 2024-05-27 12:45:13 - model_mutation_operators.py:329 - adopt DeleteCell Replace_ms
INFO 2024-05-27 12:45:13 - model_mutation_operators.py:505 - mut_result:True
INFO 2024-05-27 12:45:13 - model_mutation_operators.py:506 - 5 generation!

INFO 2024-05-27 12:45:13 - mutation_test.py:525 - ================== start 6 generation!(6/100) ==================
INFO 2024-05-27 12:45:13 - model_mutation_operators.py:755 - Adopt RA mut_strategy!
INFO 2024-05-27 12:45:13 - model_mutation_operators.py:849 - candidate_in_mutlayers_indice:-1
INFO 2024-05-27 12:45:13 - model_mutation_operators.py:858 - select layer: fc3 layer_type: <class 'mindspore.nn.layer.basic.Dense'> in_shape: [2, 84] out_shape: [2, 10]
INFO 2024-05-27 12:45:13 - model_mutation_operators.py:859 - mut Basic type: True
INFO 2024-05-27 12:45:13 - model_mutation_operators.py:860 - add Basic layer : Cascade_op
INFO 2024-05-27 12:45:14 - model_mutation_operators.py:873 - select insert layer: SE<
  (SE_pool): GlobalAvgPooling<>
  (act): HSigmoid<>
  (SE_act1): ReLU<>
  (SE_act2): HSigmoid<>
  >
INFO 2024-05-27 12:45:14 - model_mutation_operators.py:918 - insert_layer_outshape not equal!: [2, 10]
INFO 2024-05-27 12:45:14 - model_mutation_operators.py:1060 - mut_result:True
INFO 2024-05-27 12:45:14 - model_mutation_operators.py:1061 - 6 generation!

INFO 2024-05-27 12:45:15 - mutation_test.py:525 - ================== start 7 generation!(7/100) ==================
INFO 2024-05-27 12:45:15 - model_mutation_operators.py:515 - Adopt LA mut_strategy!
INFO 2024-05-27 12:45:15 - model_mutation_operators.py:590 - candidate_in_mutlayers_indice:-1
INFO 2024-05-27 12:45:15 - model_mutation_operators.py:599 - select layer: dropout2 layer_type: <class 'mindspore.nn.layer.basic.Dropout'> in_shape: [2, 32, 7, 7] out_shape: [2, 32, 7, 7]
INFO 2024-05-27 12:45:15 - model_mutation_operators.py:600 - mut Basic type: True
INFO 2024-05-27 12:45:15 - model_mutation_operators.py:601 - add Basic layer : Cascade_op
INFO 2024-05-27 12:45:15 - model_mutation_operators.py:615 - select insert layer: Inception_A<
  (branch0): BasicConv2d<
    (relu): ReLU<>
    >
  (branch1): SequentialCell<
    (0): BasicConv2d<
      (relu): ReLU<>
      >
    (1): BasicConv2d<
      (relu): ReLU<>
      >
    >
  (branch2): SequentialCell<
    (0): BasicConv2d<
      (relu): ReLU<>
      >
    (1): BasicConv2d<
      (relu): ReLU<>
      >
    (2): BasicConv2d<
      (relu): ReLU<>
      >
    >
  (branch_pool): SequentialCell<
    (0): AvgPool2d<kernel_size=3, stride=1, pad_mode=SAME>
    (1): BasicConv2d<
      (relu): ReLU<>
      >
    >
  >
INFO 2024-05-27 12:45:15 - model_mutation_operators.py:628 - insert_layer_outshape equal!
INFO 2024-05-27 12:45:15 - Other_utils.py:191 - Exception information: For 'MatMul' the input dimensions must be equal, but got 'x1_col': 12168 and 'x2_row': 1568.

----------------------------------------------------
- C++ Call Stack: (For framework developers)
----------------------------------------------------
mindspore/core/ops/mat_mul.cc:107 InferShape

INFO 2024-05-27 12:45:15 - model_mutation_operators.py:693 - add Cascade_op after basicop!
INFO 2024-05-27 12:45:15 - model_mutation_operators.py:745 - mut_result:False
INFO 2024-05-27 12:45:15 - model_mutation_operators.py:746 - 7 generation!

INFO 2024-05-27 12:45:15 - mutation_test.py:525 - ================== start 8 generation!(8/100) ==================
INFO 2024-05-27 12:45:15 - model_mutation_operators.py:1923 - Adopt LC mut_strategy!
INFO 2024-05-27 12:45:15 - model_mutation_operators.py:1990 - select layer: fc1 layer_type: <class 'mindspore.nn.layer.basic.Dense'> in_shape: [2, 1568] out_shape: [2, 120]
INFO 2024-05-27 12:45:15 - model_mutation_operators.py:1991 - mut Basic type: True
INFO 2024-05-27 12:45:15 - model_mutation_operators.py:1992 - add Basic layer : Basic_op
INFO 2024-05-27 12:45:15 - model_mutation_operators.py:2005 - select insert layer: Dense<input_channels=1568, output_channels=120, has_bias=True>
INFO 2024-05-27 12:45:15 - model_mutation_operators.py:2027 - Illegal LC mutate!
INFO 2024-05-27 12:45:15 - model_mutation_operators.py:2028 - mut_result:LC Create illegal layer!
INFO 2024-05-27 12:45:15 - model_mutation_operators.py:2029 - Exception information: 
For 'MatMul', the type of 'x2' should be same as 'x1', but got 'x1' with type Tensor[Float16] and 'x2' with type Tensor[Float32].

----------------------------------------------------
- C++ Call Stack: (For framework developers)
----------------------------------------------------
mindspore/core/ops/mat_mul.cc:143 InferType

INFO 2024-05-27 12:45:15 - model_mutation_operators.py:2030 - 8 generation!

INFO 2024-05-27 12:45:16 - mutation_test.py:525 - ================== start 9 generation!(9/100) ==================
INFO 2024-05-27 12:45:16 - model_mutation_operators.py:242 - Adopt LD mut_strategy!
INFO 2024-05-27 12:45:16 - model_mutation_operators.py:258 - delete layer_name:fc1
INFO 2024-05-27 12:45:16 - model_mutation_operators.py:320 - candidate_in_mutlayers_indice:-1
INFO 2024-05-27 12:45:16 - model_mutation_operators.py:329 - adopt DeleteCell Replace_ms
INFO 2024-05-27 12:45:16 - model_mutation_operators.py:505 - mut_result:True
INFO 2024-05-27 12:45:16 - model_mutation_operators.py:506 - 9 generation!

INFO 2024-05-27 12:45:16 - mutation_test.py:525 - ================== start 10 generation!(10/100) ==================
INFO 2024-05-27 12:45:16 - model_mutation_operators.py:515 - Adopt LA mut_strategy!
INFO 2024-05-27 12:45:16 - model_mutation_operators.py:560 - mut_result:No suitable ops for LA mutation!
INFO 2024-05-27 12:45:16 - model_mutation_operators.py:561 - 10 generation!
INFO 2024-05-27 12:45:16 - mutation_test.py:525 - ================== start 11 generation!(11/100) ==================
INFO 2024-05-27 12:45:16 - model_mutation_operators.py:1070 - Adopt CM mut_strategy!
INFO 2024-05-27 12:45:16 - model_mutation_operators.py:1116 - mut_result:No suitable ops for CM mutation!
INFO 2024-05-27 12:45:16 - model_mutation_operators.py:1117 - 11 generation!
INFO 2024-05-27 12:45:16 - mutation_test.py:525 - ================== start 12 generation!(12/100) ==================
INFO 2024-05-27 12:45:16 - model_mutation_operators.py:1070 - Adopt CM mut_strategy!
INFO 2024-05-27 12:45:16 - model_mutation_operators.py:1116 - mut_result:No suitable ops for CM mutation!
INFO 2024-05-27 12:45:16 - model_mutation_operators.py:1117 - 12 generation!
INFO 2024-05-27 12:45:17 - mutation_test.py:525 - ================== start 13 generation!(13/100) ==================
INFO 2024-05-27 12:45:17 - model_mutation_operators.py:2118 - Adopt SM mut_strategy!
INFO 2024-05-27 12:45:17 - model_mutation_operators.py:2156 - select layer: pool1 layer_type: <class 'mindspore.nn.layer.pooling.MaxPool2d'> in_shape: [2, 64, 28, 28] out_shape: [2, 64, 14, 14]
INFO 2024-05-27 12:45:17 - model_mutation_operators.py:2157 - mut Basic type: True
INFO 2024-05-27 12:45:17 - model_mutation_operators.py:2205 - candidate_in_mutlayers_indice:-1
INFO 2024-05-27 12:45:17 - model_mutation_operators.py:2270 - mutate output_shape: [2, 36, 18, 46]
INFO 2024-05-27 12:45:17 - model_mutation_operators.py:2359 - mut_result:True
INFO 2024-05-27 12:45:17 - model_mutation_operators.py:2360 - 13 generation!

INFO 2024-05-27 12:45:17 - mutation_test.py:525 - ================== start 14 generation!(14/100) ==================
INFO 2024-05-27 12:45:17 - model_mutation_operators.py:242 - Adopt LD mut_strategy!
INFO 2024-05-27 12:45:17 - model_mutation_operators.py:258 - delete layer_name:flatten
INFO 2024-05-27 12:45:17 - model_mutation_operators.py:320 - candidate_in_mutlayers_indice:-1
INFO 2024-05-27 12:45:17 - model_mutation_operators.py:329 - adopt DeleteCell Replace_ms
INFO 2024-05-27 12:45:17 - model_mutation_operators.py:505 - mut_result:True
INFO 2024-05-27 12:45:17 - model_mutation_operators.py:506 - 14 generation!

INFO 2024-05-27 12:45:18 - mutation_test.py:525 - ================== start 15 generation!(15/100) ==================
INFO 2024-05-27 12:45:18 - model_mutation_operators.py:1923 - Adopt LC mut_strategy!
INFO 2024-05-27 12:45:18 - model_mutation_operators.py:1990 - select layer: dropout2 layer_type: <class 'mindspore.nn.layer.basic.Dropout'> in_shape: [2, 32, 7, 7] out_shape: [2, 32, 7, 7]
INFO 2024-05-27 12:45:18 - model_mutation_operators.py:1991 - mut Basic type: True
INFO 2024-05-27 12:45:18 - model_mutation_operators.py:1992 - add Basic layer : Basic_op
INFO 2024-05-27 12:45:18 - model_mutation_operators.py:2005 - select insert layer: Dropout<keep_prob=0.5>
INFO 2024-05-27 12:45:18 - model_mutation_operators.py:2040 - insert_layer_outshape equal!
INFO 2024-05-27 12:45:18 - model_mutation_operators.py:2108 - mut_result:True
INFO 2024-05-27 12:45:18 - model_mutation_operators.py:2109 - 15 generation!

INFO 2024-05-27 12:45:19 - mutation_test.py:525 - ================== start 16 generation!(16/100) ==================
INFO 2024-05-27 12:45:19 - model_mutation_operators.py:755 - Adopt RA mut_strategy!
INFO 2024-05-27 12:45:19 - model_mutation_operators.py:817 - candidate_in_mutlayers_indice:1

INFO 2024-05-27 12:45:19 - model_mutation_operators.py:858 - select layer: dropout2 layer_type: <class 'mindspore.nn.layer.container.SequentialCell'> in_shape: [2, 32, 7, 7] out_shape: [2, 32, 7, 7]
INFO 2024-05-27 12:45:19 - model_mutation_operators.py:859 - mut Basic type: True
INFO 2024-05-27 12:45:19 - model_mutation_operators.py:860 - add Basic layer : Basic_op
INFO 2024-05-27 12:45:19 - model_mutation_operators.py:873 - select insert layer: Softmax<>
INFO 2024-05-27 12:45:19 - model_mutation_operators.py:941 - insert_layer_outshape equal!
INFO 2024-05-27 12:45:19 - model_mutation_operators.py:1060 - mut_result:True
INFO 2024-05-27 12:45:19 - model_mutation_operators.py:1061 - 16 generation!

INFO 2024-05-27 12:45:20 - mutation_test.py:525 - ================== start 17 generation!(17/100) ==================
INFO 2024-05-27 12:45:20 - model_mutation_operators.py:24 - Adopt PM mut_strategy!
INFO 2024-05-27 12:45:20 - model_mutation_operators.py:63 - The target model do not have the mutator operators group!
INFO 2024-05-27 12:45:20 - model_mutation_operators.py:64 - mut_result:Parameter Miss
INFO 2024-05-27 12:45:20 - model_mutation_operators.py:65 - 17 generation!

INFO 2024-05-27 12:45:21 - mutation_test.py:525 - ================== start 18 generation!(18/100) ==================
INFO 2024-05-27 12:45:21 - model_mutation_operators.py:515 - Adopt LA mut_strategy!
INFO 2024-05-27 12:45:21 - model_mutation_operators.py:590 - candidate_in_mutlayers_indice:-1
INFO 2024-05-27 12:45:21 - model_mutation_operators.py:599 - select layer: relu layer_type: <class 'mindspore.nn.layer.activation.ReLU'> in_shape: [2, 84] out_shape: [2, 84]
INFO 2024-05-27 12:45:21 - model_mutation_operators.py:600 - mut Basic type: True
INFO 2024-05-27 12:45:21 - model_mutation_operators.py:601 - add Basic layer : Cascade_op
INFO 2024-05-27 12:45:21 - model_mutation_operators.py:615 - select insert layer: convbnrelu<
  (conbnrelu_conv): Conv2d<input_channels=84, output_channels=84, kernel_size=(1, 1), stride=(1, 1), pad_mode=same, padding=0, dilation=(1, 1), group=1, has_bias=False, weight_init=<mindspore.common.initializer.HeUniform object at 0x7f83bbb33c50>, bias_init=None, format=NCHW>
  (conbnrelu_bn): BatchNorm2d<num_features=84, eps=1e-05, momentum=0.9, gamma=Parameter (name=conbnrelu_bn.gamma, shape=(84,), dtype=Float32, requires_grad=True), beta=Parameter (name=conbnrelu_bn.beta, shape=(84,), dtype=Float32, requires_grad=True), moving_mean=Parameter (name=conbnrelu_bn.moving_mean, shape=(84,), dtype=Float32, requires_grad=False), moving_variance=Parameter (name=conbnrelu_bn.moving_variance, shape=(84,), dtype=Float32, requires_grad=False)>
  (conbnrelu_relu): ReLU<>
  >
INFO 2024-05-27 12:45:21 - model_mutation_operators.py:628 - insert_layer_outshape equal!
INFO 2024-05-27 12:45:21 - Other_utils.py:191 - Exception information: For 'MaxPool', the each element of the output shape must be larger than 0, but got output shape: [const vector]{2, 84, 0, 0}. The input shape: [const vector]{2, 84, 1, 1}, kernel size: [const vector]{1, 1, 2, 2}, strides: [const vector]{1, 1, 2, 2}. Please check the official api documents for more information about the output.

----------------------------------------------------
- C++ Call Stack: (For framework developers)
----------------------------------------------------
mindspore/core/ops/max_pool.cc:84 CheckOutshapeValid

INFO 2024-05-27 12:45:21 - model_mutation_operators.py:693 - add Cascade_op after basicop!
INFO 2024-05-27 12:45:21 - model_mutation_operators.py:745 - mut_result:False
INFO 2024-05-27 12:45:21 - model_mutation_operators.py:746 - 18 generation!

INFO 2024-05-27 12:45:21 - mutation_test.py:525 - ================== start 19 generation!(19/100) ==================
INFO 2024-05-27 12:45:21 - model_mutation_operators.py:2118 - Adopt SM mut_strategy!
INFO 2024-05-27 12:45:21 - model_mutation_operators.py:2156 - select layer: dropout2 layer_type: <class 'mindspore.nn.layer.container.SequentialCell'> in_shape: [2, 32, 7, 7] out_shape: [2, 32, 7, 7]
INFO 2024-05-27 12:45:21 - model_mutation_operators.py:2157 - mut Basic type: True
INFO 2024-05-27 12:45:21 - model_mutation_operators.py:2201 - candidate_in_mutlayers_indice:1
INFO 2024-05-27 12:45:21 - model_mutation_operators.py:2243 - mutate output_shape: [2, 42, 38, 42, 46]
INFO 2024-05-27 12:45:21 - model_mutation_operators.py:2359 - mut_result:True
INFO 2024-05-27 12:45:21 - model_mutation_operators.py:2360 - 19 generation!

INFO 2024-05-27 12:45:21 - mutation_test.py:525 - ================== start 20 generation!(20/100) ==================
INFO 2024-05-27 12:45:21 - model_mutation_operators.py:242 - Adopt LD mut_strategy!
INFO 2024-05-27 12:45:21 - model_mutation_operators.py:258 - delete layer_name:pool2
INFO 2024-05-27 12:45:21 - model_mutation_operators.py:278 - mut_result:No suitable ops for LD mutation!
INFO 2024-05-27 12:45:21 - model_mutation_operators.py:279 - 20 generation!
INFO 2024-05-27 12:45:22 - mutation_test.py:525 - ================== start 21 generation!(21/100) ==================
INFO 2024-05-27 12:45:22 - model_mutation_operators.py:1070 - Adopt CM mut_strategy!
INFO 2024-05-27 12:45:22 - model_mutation_operators.py:1116 - mut_result:No suitable ops for CM mutation!
INFO 2024-05-27 12:45:22 - model_mutation_operators.py:1117 - 21 generation!
INFO 2024-05-27 12:45:22 - mutation_test.py:525 - ================== start 22 generation!(22/100) ==================
INFO 2024-05-27 12:45:22 - model_mutation_operators.py:1923 - Adopt LC mut_strategy!
INFO 2024-05-27 12:45:22 - model_mutation_operators.py:1978 - Illegal LC mutate!
INFO 2024-05-27 12:45:22 - model_mutation_operators.py:1979 - mut_result:LC Create illegal layer!
INFO 2024-05-27 12:45:22 - model_mutation_operators.py:1980 - 22 generation!

INFO 2024-05-27 12:45:23 - mutation_test.py:525 - ================== start 23 generation!(23/100) ==================
INFO 2024-05-27 12:45:23 - model_mutation_operators.py:242 - Adopt LD mut_strategy!
INFO 2024-05-27 12:45:23 - model_mutation_operators.py:258 - delete layer_name:dropout1
INFO 2024-05-27 12:45:23 - model_mutation_operators.py:320 - candidate_in_mutlayers_indice:-1
INFO 2024-05-27 12:45:23 - model_mutation_operators.py:325 - adopt DeleteCell EmptyCell
INFO 2024-05-27 12:45:23 - model_mutation_operators.py:505 - mut_result:True
INFO 2024-05-27 12:45:23 - model_mutation_operators.py:506 - 23 generation!

INFO 2024-05-27 12:45:23 - mutation_test.py:525 - ================== start 24 generation!(24/100) ==================
INFO 2024-05-27 12:45:23 - model_mutation_operators.py:2118 - Adopt SM mut_strategy!
INFO 2024-05-27 12:45:23 - model_mutation_operators.py:2156 - select layer: pool2 layer_type: <class 'mindspore.nn.layer.container.SequentialCell'> in_shape: [2, 32, 14, 14] out_shape: [2, 32, 7, 7]
INFO 2024-05-27 12:45:23 - model_mutation_operators.py:2157 - mut Basic type: True
INFO 2024-05-27 12:45:23 - model_mutation_operators.py:2168 - No suitable ops for SM mutation!
INFO 2024-05-27 12:45:23 - model_mutation_operators.py:2169 - 24 generation!
INFO 2024-05-27 12:45:23 - mutation_test.py:525 - ================== start 25 generation!(25/100) ==================
INFO 2024-05-27 12:45:23 - model_mutation_operators.py:755 - Adopt RA mut_strategy!
INFO 2024-05-27 12:45:23 - model_mutation_operators.py:849 - candidate_in_mutlayers_indice:-1
INFO 2024-05-27 12:45:23 - model_mutation_operators.py:858 - select layer: conv2 layer_type: <class 'common.mutation_ms.Layer_utils.CM_branchCell'> in_shape: [2, 64, 14, 14] out_shape: [2, 32, 14, 14]
INFO 2024-05-27 12:45:23 - model_mutation_operators.py:859 - mut Basic type: True
INFO 2024-05-27 12:45:23 - model_mutation_operators.py:860 - add Basic layer : Cascade_op
INFO 2024-05-27 12:45:23 - model_mutation_operators.py:873 - select insert layer: SE<
  (SE_pool): GlobalAvgPooling<>
  (act): HSigmoid<>
  (SE_act1): ReLU<>
  (SE_act2): HSigmoid<>
  >
INFO 2024-05-27 12:45:23 - model_mutation_operators.py:918 - insert_layer_outshape not equal!: [2, 32, 14, 14]
INFO 2024-05-27 12:45:23 - model_mutation_operators.py:1060 - mut_result:True
INFO 2024-05-27 12:45:23 - model_mutation_operators.py:1061 - 25 generation!

INFO 2024-05-27 12:45:23 - mutation_test.py:525 - ================== start 26 generation!(26/100) ==================
INFO 2024-05-27 12:45:23 - model_mutation_operators.py:2118 - Adopt SM mut_strategy!
INFO 2024-05-27 12:45:23 - model_mutation_operators.py:2156 - select layer: dropout2 layer_type: <class 'mindspore.nn.layer.container.SequentialCell'> in_shape: [2, 32, 7, 7] out_shape: [2, 32, 7, 7]
INFO 2024-05-27 12:45:23 - model_mutation_operators.py:2157 - mut Basic type: True
INFO 2024-05-27 12:45:23 - model_mutation_operators.py:2168 - No suitable ops for SM mutation!
INFO 2024-05-27 12:45:23 - model_mutation_operators.py:2169 - 26 generation!
INFO 2024-05-27 12:45:24 - mutation_test.py:525 - ================== start 27 generation!(27/100) ==================
INFO 2024-05-27 12:45:24 - model_mutation_operators.py:755 - Adopt RA mut_strategy!
INFO 2024-05-27 12:45:24 - model_mutation_operators.py:806 - mut_result:No suitable ops for RA mutation!
INFO 2024-05-27 12:45:24 - model_mutation_operators.py:807 - 27 generation!
INFO 2024-05-27 12:45:24 - mutation_test.py:525 - ================== start 28 generation!(28/100) ==================
INFO 2024-05-27 12:45:24 - model_mutation_operators.py:755 - Adopt RA mut_strategy!
INFO 2024-05-27 12:45:24 - model_mutation_operators.py:806 - mut_result:No suitable ops for RA mutation!
INFO 2024-05-27 12:45:24 - model_mutation_operators.py:807 - 28 generation!
INFO 2024-05-27 12:45:24 - mutation_test.py:525 - ================== start 29 generation!(29/100) ==================
INFO 2024-05-27 12:45:24 - model_mutation_operators.py:242 - Adopt LD mut_strategy!
INFO 2024-05-27 12:45:24 - model_mutation_operators.py:258 - delete layer_name:conv2
INFO 2024-05-27 12:45:24 - model_mutation_operators.py:278 - mut_result:No suitable ops for LD mutation!
INFO 2024-05-27 12:45:24 - model_mutation_operators.py:279 - 29 generation!
INFO 2024-05-27 12:45:25 - mutation_test.py:525 - ================== start 30 generation!(30/100) ==================
INFO 2024-05-27 12:45:25 - model_mutation_operators.py:242 - Adopt LD mut_strategy!
INFO 2024-05-27 12:45:25 - model_mutation_operators.py:258 - delete layer_name:conv2
INFO 2024-05-27 12:45:25 - model_mutation_operators.py:278 - mut_result:No suitable ops for LD mutation!
INFO 2024-05-27 12:45:25 - model_mutation_operators.py:279 - 30 generation!
INFO 2024-05-27 12:45:25 - mutation_test.py:525 - ================== start 31 generation!(31/100) ==================
INFO 2024-05-27 12:45:25 - model_mutation_operators.py:242 - Adopt LD mut_strategy!
INFO 2024-05-27 12:45:25 - model_mutation_operators.py:258 - delete layer_name:pool1
INFO 2024-05-27 12:45:25 - model_mutation_operators.py:278 - mut_result:No suitable ops for LD mutation!
INFO 2024-05-27 12:45:25 - model_mutation_operators.py:279 - 31 generation!
INFO 2024-05-27 12:45:26 - mutation_test.py:525 - ================== start 32 generation!(32/100) ==================
INFO 2024-05-27 12:45:26 - model_mutation_operators.py:24 - Adopt PM mut_strategy!
INFO 2024-05-27 12:45:26 - model_mutation_operators.py:63 - The target model do not have the mutator operators num_features!
INFO 2024-05-27 12:45:26 - model_mutation_operators.py:64 - mut_result:Parameter Miss
INFO 2024-05-27 12:45:26 - model_mutation_operators.py:65 - 32 generation!

INFO 2024-05-27 12:45:26 - mutation_test.py:525 - ================== start 33 generation!(33/100) ==================
INFO 2024-05-27 12:45:26 - model_mutation_operators.py:1923 - Adopt LC mut_strategy!
INFO 2024-05-27 12:45:26 - model_mutation_operators.py:1978 - Illegal LC mutate!
INFO 2024-05-27 12:45:26 - model_mutation_operators.py:1979 - mut_result:LC Create illegal layer!
INFO 2024-05-27 12:45:26 - model_mutation_operators.py:1980 - 33 generation!

INFO 2024-05-27 12:45:27 - mutation_test.py:525 - ================== start 34 generation!(34/100) ==================
INFO 2024-05-27 12:45:27 - model_mutation_operators.py:755 - Adopt RA mut_strategy!
INFO 2024-05-27 12:45:27 - model_mutation_operators.py:806 - mut_result:No suitable ops for RA mutation!
INFO 2024-05-27 12:45:27 - model_mutation_operators.py:807 - 34 generation!
INFO 2024-05-27 12:45:27 - mutation_test.py:525 - ================== start 35 generation!(35/100) ==================
INFO 2024-05-27 12:45:27 - model_mutation_operators.py:1070 - Adopt CM mut_strategy!
INFO 2024-05-27 12:45:27 - model_mutation_operators.py:1116 - mut_result:No suitable ops for CM mutation!
INFO 2024-05-27 12:45:27 - model_mutation_operators.py:1117 - 35 generation!
INFO 2024-05-27 12:45:28 - mutation_test.py:525 - ================== start 36 generation!(36/100) ==================
INFO 2024-05-27 12:45:28 - model_mutation_operators.py:24 - Adopt PM mut_strategy!
INFO 2024-05-27 12:45:28 - model_mutation_operators.py:63 - The target model do not have the mutator operators momentum!
INFO 2024-05-27 12:45:28 - model_mutation_operators.py:64 - mut_result:Parameter Miss
INFO 2024-05-27 12:45:28 - model_mutation_operators.py:65 - 36 generation!

INFO 2024-05-27 12:45:28 - mutation_test.py:525 - ================== start 37 generation!(37/100) ==================
INFO 2024-05-27 12:45:28 - model_mutation_operators.py:1070 - Adopt CM mut_strategy!
INFO 2024-05-27 12:45:28 - model_mutation_operators.py:1116 - mut_result:No suitable ops for CM mutation!
INFO 2024-05-27 12:45:28 - model_mutation_operators.py:1117 - 37 generation!
INFO 2024-05-27 12:45:28 - mutation_test.py:525 - ================== start 38 generation!(38/100) ==================
INFO 2024-05-27 12:45:28 - model_mutation_operators.py:1070 - Adopt CM mut_strategy!
INFO 2024-05-27 12:45:28 - model_mutation_operators.py:1116 - mut_result:No suitable ops for CM mutation!
INFO 2024-05-27 12:45:28 - model_mutation_operators.py:1117 - 38 generation!
INFO 2024-05-27 12:45:29 - mutation_test.py:525 - ================== start 39 generation!(39/100) ==================
INFO 2024-05-27 12:45:29 - model_mutation_operators.py:2118 - Adopt SM mut_strategy!
INFO 2024-05-27 12:45:29 - model_mutation_operators.py:2156 - select layer: fc2 layer_type: <class 'mindspore.nn.layer.container.SequentialCell'> in_shape: [2, 120] out_shape: [2, 84]
INFO 2024-05-27 12:45:29 - model_mutation_operators.py:2157 - mut Basic type: True
INFO 2024-05-27 12:45:29 - model_mutation_operators.py:2168 - No suitable ops for SM mutation!
INFO 2024-05-27 12:45:29 - model_mutation_operators.py:2169 - 39 generation!
INFO 2024-05-27 12:45:29 - mutation_test.py:525 - ================== start 40 generation!(40/100) ==================
INFO 2024-05-27 12:45:29 - model_mutation_operators.py:755 - Adopt RA mut_strategy!
INFO 2024-05-27 12:45:29 - model_mutation_operators.py:806 - mut_result:No suitable ops for RA mutation!
INFO 2024-05-27 12:45:29 - model_mutation_operators.py:807 - 40 generation!
INFO 2024-05-27 12:45:30 - mutation_test.py:525 - ================== start 41 generation!(41/100) ==================
INFO 2024-05-27 12:45:30 - model_mutation_operators.py:2118 - Adopt SM mut_strategy!
INFO 2024-05-27 12:45:30 - model_mutation_operators.py:2156 - select layer: conv2 layer_type: <class 'mindspore.nn.layer.container.SequentialCell'> in_shape: [2, 64, 14, 14] out_shape: [2, 32, 14, 14]
INFO 2024-05-27 12:45:30 - model_mutation_operators.py:2157 - mut Basic type: True
INFO 2024-05-27 12:45:30 - model_mutation_operators.py:2168 - No suitable ops for SM mutation!
INFO 2024-05-27 12:45:30 - model_mutation_operators.py:2169 - 41 generation!
INFO 2024-05-27 12:45:30 - mutation_test.py:525 - ================== start 42 generation!(42/100) ==================
INFO 2024-05-27 12:45:30 - model_mutation_operators.py:2118 - Adopt SM mut_strategy!
INFO 2024-05-27 12:45:30 - model_mutation_operators.py:2156 - select layer: relu layer_type: <class 'mindspore.nn.layer.activation.ReLU'> in_shape: [2, 84] out_shape: [2, 84]
INFO 2024-05-27 12:45:30 - model_mutation_operators.py:2157 - mut Basic type: True
INFO 2024-05-27 12:45:30 - model_mutation_operators.py:2205 - candidate_in_mutlayers_indice:-1
INFO 2024-05-27 12:45:30 - model_mutation_operators.py:2270 - mutate output_shape: [2, 17, 14]
INFO 2024-05-27 12:45:30 - Other_utils.py:191 - Exception information: For primitive[MaxPool], the length of input must be equal to 4 , but got 2.

----------------------------------------------------
- C++ Call Stack: (For framework developers)
----------------------------------------------------
mindspore/core/utils/check_convert_utils.h:167 CheckValue

INFO 2024-05-27 12:45:30 - model_mutation_operators.py:2359 - mut_result:False
INFO 2024-05-27 12:45:30 - model_mutation_operators.py:2360 - 42 generation!

INFO 2024-05-27 12:45:31 - mutation_test.py:525 - ================== start 43 generation!(43/100) ==================
INFO 2024-05-27 12:45:31 - model_mutation_operators.py:2118 - Adopt SM mut_strategy!
INFO 2024-05-27 12:45:31 - model_mutation_operators.py:2156 - select layer: relu layer_type: <class 'mindspore.nn.layer.activation.ReLU'> in_shape: [2, 84] out_shape: [2, 84]
INFO 2024-05-27 12:45:31 - model_mutation_operators.py:2157 - mut Basic type: True
INFO 2024-05-27 12:45:31 - model_mutation_operators.py:2205 - candidate_in_mutlayers_indice:-1
INFO 2024-05-27 12:45:31 - model_mutation_operators.py:2264 - mutate input_shape: [2, 39, 9]
INFO 2024-05-27 12:45:31 - Other_utils.py:191 - Exception information: For primitive[MaxPool], the length of input must be equal to 4 , but got 2.

----------------------------------------------------
- C++ Call Stack: (For framework developers)
----------------------------------------------------
mindspore/core/utils/check_convert_utils.h:167 CheckValue

INFO 2024-05-27 12:45:31 - model_mutation_operators.py:2359 - mut_result:False
INFO 2024-05-27 12:45:31 - model_mutation_operators.py:2360 - 43 generation!

INFO 2024-05-27 12:45:31 - mutation_test.py:525 - ================== start 44 generation!(44/100) ==================
INFO 2024-05-27 12:45:31 - model_mutation_operators.py:1923 - Adopt LC mut_strategy!
INFO 2024-05-27 12:45:31 - model_mutation_operators.py:1978 - Illegal LC mutate!
INFO 2024-05-27 12:45:31 - model_mutation_operators.py:1979 - mut_result:LC Create illegal layer!
INFO 2024-05-27 12:45:31 - model_mutation_operators.py:1980 - 44 generation!

INFO 2024-05-27 12:45:32 - mutation_test.py:525 - ================== start 45 generation!(45/100) ==================
INFO 2024-05-27 12:45:32 - model_mutation_operators.py:2118 - Adopt SM mut_strategy!
INFO 2024-05-27 12:45:32 - model_mutation_operators.py:2156 - select layer: pool2 layer_type: <class 'mindspore.nn.layer.container.SequentialCell'> in_shape: [2, 32, 14, 14] out_shape: [2, 32, 7, 7]
INFO 2024-05-27 12:45:32 - model_mutation_operators.py:2157 - mut Basic type: True
INFO 2024-05-27 12:45:32 - model_mutation_operators.py:2168 - No suitable ops for SM mutation!
INFO 2024-05-27 12:45:32 - model_mutation_operators.py:2169 - 45 generation!
INFO 2024-05-27 12:45:32 - mutation_test.py:525 - ================== start 46 generation!(46/100) ==================
INFO 2024-05-27 12:45:32 - model_mutation_operators.py:755 - Adopt RA mut_strategy!
INFO 2024-05-27 12:45:32 - model_mutation_operators.py:849 - candidate_in_mutlayers_indice:-1
INFO 2024-05-27 12:45:32 - model_mutation_operators.py:858 - select layer: relu layer_type: <class 'mindspore.nn.layer.activation.ReLU'> in_shape: [2, 84] out_shape: [2, 84]
INFO 2024-05-27 12:45:32 - model_mutation_operators.py:859 - mut Basic type: True
INFO 2024-05-27 12:45:32 - model_mutation_operators.py:860 - add Basic layer : Cascade_op
INFO 2024-05-27 12:45:32 - model_mutation_operators.py:873 - select insert layer: ResidualBlock<
  (residual_conv1): Conv2d<input_channels=84, output_channels=21, kernel_size=(1, 1), stride=(1, 1), pad_mode=same, padding=0, dilation=(1, 1), group=1, has_bias=False, weight_init=<mindspore.common.initializer.HeUniform object at 0x7f83bb24ddd0>, bias_init=None, format=NCHW>
  (residual_bn1): BatchNorm2d<num_features=21, eps=0.0001, momentum=0.9, gamma=Parameter (name=residual_bn1.gamma, shape=(21,), dtype=Float32, requires_grad=True), beta=Parameter (name=residual_bn1.beta, shape=(21,), dtype=Float32, requires_grad=True), moving_mean=Parameter (name=residual_bn1.moving_mean, shape=(21,), dtype=Float32, requires_grad=False), moving_variance=Parameter (name=residual_bn1.moving_variance, shape=(21,), dtype=Float32, requires_grad=False)>
  (residual_conv2): Conv2d<input_channels=21, output_channels=21, kernel_size=(3, 3), stride=(1, 1), pad_mode=same, padding=0, dilation=(1, 1), group=1, has_bias=False, weight_init=<mindspore.common.initializer.HeUniform object at 0x7f83bc29c550>, bias_init=None, format=NCHW>
  (residual_bn2): BatchNorm2d<num_features=21, eps=0.0001, momentum=0.9, gamma=Parameter (name=residual_bn2.gamma, shape=(21,), dtype=Float32, requires_grad=True), beta=Parameter (name=residual_bn2.beta, shape=(21,), dtype=Float32, requires_grad=True), moving_mean=Parameter (name=residual_bn2.moving_mean, shape=(21,), dtype=Float32, requires_grad=False), moving_variance=Parameter (name=residual_bn2.moving_variance, shape=(21,), dtype=Float32, requires_grad=False)>
  (residual_conv3): Conv2d<input_channels=21, output_channels=84, kernel_size=(1, 1), stride=(1, 1), pad_mode=same, padding=0, dilation=(1, 1), group=1, has_bias=False, weight_init=<mindspore.common.initializer.HeUniform object at 0x7f83bc2e55d0>, bias_init=None, format=NCHW>
  (residual_bn3): BatchNorm2d<num_features=84, eps=0.0001, momentum=0.9, gamma=Parameter (name=residual_bn3.gamma, shape=(84,), dtype=Float32, requires_grad=True), beta=Parameter (name=residual_bn3.beta, shape=(84,), dtype=Float32, requires_grad=True), moving_mean=Parameter (name=residual_bn3.moving_mean, shape=(84,), dtype=Float32, requires_grad=False), moving_variance=Parameter (name=residual_bn3.moving_variance, shape=(84,), dtype=Float32, requires_grad=False)>
  (residual_relu1): ReLU<>
  (residual_relu2): ReLU<>
  (residual_relu3): ReLU<>
  (residual_down_sample_layer): SequentialCell<
    (0): Conv2d<input_channels=84, output_channels=84, kernel_size=(1, 1), stride=(1, 1), pad_mode=same, padding=0, dilation=(1, 1), group=1, has_bias=False, weight_init=<mindspore.common.initializer.HeUniform object at 0x7f83bb2788d0>, bias_init=None, format=NCHW>
    (1): BatchNorm2d<num_features=84, eps=0.0001, momentum=0.9, gamma=Parameter (name=residual_down_sample_layer.1.gamma, shape=(84,), dtype=Float32, requires_grad=True), beta=Parameter (name=residual_down_sample_layer.1.beta, shape=(84,), dtype=Float32, requires_grad=True), moving_mean=Parameter (name=residual_down_sample_layer.1.moving_mean, shape=(84,), dtype=Float32, requires_grad=False), moving_variance=Parameter (name=residual_down_sample_layer.1.moving_variance, shape=(84,), dtype=Float32, requires_grad=False)>
    >
  >
INFO 2024-05-27 12:45:32 - model_mutation_operators.py:918 - insert_layer_outshape not equal!: [2, 84]
INFO 2024-05-27 12:45:32 - Other_utils.py:191 - Exception information: For primitive[MaxPool], the length of input must be equal to 4 , but got 2.

----------------------------------------------------
- C++ Call Stack: (For framework developers)
----------------------------------------------------
mindspore/core/utils/check_convert_utils.h:167 CheckValue

INFO 2024-05-27 12:45:32 - model_mutation_operators.py:1060 - mut_result:False
INFO 2024-05-27 12:45:32 - model_mutation_operators.py:1061 - 46 generation!

INFO 2024-05-27 12:45:33 - mutation_test.py:525 - ================== start 47 generation!(47/100) ==================
INFO 2024-05-27 12:45:33 - model_mutation_operators.py:1070 - Adopt CM mut_strategy!
INFO 2024-05-27 12:45:33 - model_mutation_operators.py:1116 - mut_result:No suitable ops for CM mutation!
INFO 2024-05-27 12:45:33 - model_mutation_operators.py:1117 - 47 generation!
INFO 2024-05-27 12:45:33 - mutation_test.py:525 - ================== start 48 generation!(48/100) ==================
INFO 2024-05-27 12:45:33 - model_mutation_operators.py:242 - Adopt LD mut_strategy!
INFO 2024-05-27 12:45:33 - model_mutation_operators.py:258 - delete layer_name:conv2
INFO 2024-05-27 12:45:33 - model_mutation_operators.py:278 - mut_result:No suitable ops for LD mutation!
INFO 2024-05-27 12:45:33 - model_mutation_operators.py:279 - 48 generation!
INFO 2024-05-27 12:45:34 - mutation_test.py:525 - ================== start 49 generation!(49/100) ==================
INFO 2024-05-27 12:45:34 - model_mutation_operators.py:242 - Adopt LD mut_strategy!
INFO 2024-05-27 12:45:34 - model_mutation_operators.py:258 - delete layer_name:relu
INFO 2024-05-27 12:45:34 - model_mutation_operators.py:320 - candidate_in_mutlayers_indice:-1
INFO 2024-05-27 12:45:34 - model_mutation_operators.py:325 - adopt DeleteCell EmptyCell
INFO 2024-05-27 12:45:34 - model_mutation_operators.py:505 - mut_result:True
INFO 2024-05-27 12:45:34 - model_mutation_operators.py:506 - 49 generation!

INFO 2024-05-27 12:45:34 - mutation_test.py:525 - ================== start 50 generation!(50/100) ==================
INFO 2024-05-27 12:45:34 - model_mutation_operators.py:24 - Adopt PM mut_strategy!
INFO 2024-05-27 12:45:34 - model_mutation_operators.py:63 - The target model do not have the mutator operators momentum!
INFO 2024-05-27 12:45:34 - model_mutation_operators.py:64 - mut_result:Parameter Miss
INFO 2024-05-27 12:45:34 - model_mutation_operators.py:65 - 50 generation!

INFO 2024-05-27 12:45:34 - mutation_test.py:525 - ================== start 51 generation!(51/100) ==================
INFO 2024-05-27 12:45:34 - model_mutation_operators.py:1070 - Adopt CM mut_strategy!
INFO 2024-05-27 12:45:34 - model_mutation_operators.py:1116 - mut_result:No suitable ops for CM mutation!
INFO 2024-05-27 12:45:34 - model_mutation_operators.py:1117 - 51 generation!
INFO 2024-05-27 12:45:35 - mutation_test.py:525 - ================== start 52 generation!(52/100) ==================
INFO 2024-05-27 12:45:35 - model_mutation_operators.py:755 - Adopt RA mut_strategy!
INFO 2024-05-27 12:45:35 - model_mutation_operators.py:806 - mut_result:No suitable ops for RA mutation!
INFO 2024-05-27 12:45:35 - model_mutation_operators.py:807 - 52 generation!
INFO 2024-05-27 12:45:35 - mutation_test.py:525 - ================== start 53 generation!(53/100) ==================
INFO 2024-05-27 12:45:35 - model_mutation_operators.py:242 - Adopt LD mut_strategy!
INFO 2024-05-27 12:45:35 - model_mutation_operators.py:258 - delete layer_name:pool2
INFO 2024-05-27 12:45:35 - model_mutation_operators.py:278 - mut_result:No suitable ops for LD mutation!
INFO 2024-05-27 12:45:35 - model_mutation_operators.py:279 - 53 generation!
INFO 2024-05-27 12:45:36 - mutation_test.py:525 - ================== start 54 generation!(54/100) ==================
INFO 2024-05-27 12:45:36 - model_mutation_operators.py:755 - Adopt RA mut_strategy!
INFO 2024-05-27 12:45:36 - model_mutation_operators.py:806 - mut_result:No suitable ops for RA mutation!
INFO 2024-05-27 12:45:36 - model_mutation_operators.py:807 - 54 generation!
INFO 2024-05-27 12:45:36 - mutation_test.py:525 - ================== start 55 generation!(55/100) ==================
INFO 2024-05-27 12:45:36 - model_mutation_operators.py:2118 - Adopt SM mut_strategy!
INFO 2024-05-27 12:45:36 - model_mutation_operators.py:2156 - select layer: dropout2 layer_type: <class 'mindspore.nn.layer.container.SequentialCell'> in_shape: [2, 32, 7, 7] out_shape: [2, 32, 7, 7]
INFO 2024-05-27 12:45:36 - model_mutation_operators.py:2157 - mut Basic type: True
INFO 2024-05-27 12:45:36 - model_mutation_operators.py:2168 - No suitable ops for SM mutation!
INFO 2024-05-27 12:45:36 - model_mutation_operators.py:2169 - 55 generation!
INFO 2024-05-27 12:45:37 - mutation_test.py:525 - ================== start 56 generation!(56/100) ==================
INFO 2024-05-27 12:45:37 - model_mutation_operators.py:1923 - Adopt LC mut_strategy!
INFO 2024-05-27 12:45:37 - model_mutation_operators.py:1978 - Illegal LC mutate!
INFO 2024-05-27 12:45:37 - model_mutation_operators.py:1979 - mut_result:LC Create illegal layer!
INFO 2024-05-27 12:45:37 - model_mutation_operators.py:1980 - 56 generation!

INFO 2024-05-27 12:45:37 - mutation_test.py:525 - ================== start 57 generation!(57/100) ==================
INFO 2024-05-27 12:45:37 - model_mutation_operators.py:24 - Adopt PM mut_strategy!
INFO 2024-05-27 12:45:37 - model_mutation_operators.py:77 - candidate_in_mutlayers_indice:2
INFO 2024-05-27 12:45:37 - model_mutation_operators.py:93 - select op: fc2 layer_type: Dense selected param:in_channels input_shape:[2, 120] output_shape:[2, 84]
INFO 2024-05-27 12:45:37 - model_mutation_operators.py:160 - mutate_replace_layer: Dense<input_channels=40, output_channels=84, has_bias=True>
INFO 2024-05-27 12:45:37 - model_mutation_operators.py:192 - Previous value: 120 Edit value: 40 new_inshape: (2, 40) new_outshape: (2, 84)
INFO 2024-05-27 12:45:37 - model_mutation_operators.py:211 - SequentialCell<
  (0): Replace_ms<>
  (1): Dense<input_channels=40, output_channels=84, has_bias=True>
  >
INFO 2024-05-27 12:45:37 - model_mutation_operators.py:212 - mut_result:True
INFO 2024-05-27 12:45:37 - model_mutation_operators.py:213 - 57 generation!

INFO 2024-05-27 12:45:37 - mutation_test.py:525 - ================== start 58 generation!(58/100) ==================
INFO 2024-05-27 12:45:37 - model_mutation_operators.py:242 - Adopt LD mut_strategy!
INFO 2024-05-27 12:45:37 - model_mutation_operators.py:258 - delete layer_name:fc2
INFO 2024-05-27 12:45:37 - model_mutation_operators.py:287 - candidate_in_mutlayers_indice:1

INFO 2024-05-27 12:45:37 - model_mutation_operators.py:316 - adopt DeleteCell Replace_ms
INFO 2024-05-27 12:45:37 - model_mutation_operators.py:505 - mut_result:True
INFO 2024-05-27 12:45:37 - model_mutation_operators.py:506 - 58 generation!

INFO 2024-05-27 12:45:39 - mutation_test.py:525 - ================== start 59 generation!(59/100) ==================
INFO 2024-05-27 12:45:39 - model_mutation_operators.py:242 - Adopt LD mut_strategy!
INFO 2024-05-27 12:45:39 - model_mutation_operators.py:258 - delete layer_name:pool2
INFO 2024-05-27 12:45:39 - model_mutation_operators.py:278 - mut_result:No suitable ops for LD mutation!
INFO 2024-05-27 12:45:39 - model_mutation_operators.py:279 - 59 generation!
INFO 2024-05-27 12:45:39 - mutation_test.py:525 - ================== start 60 generation!(60/100) ==================
INFO 2024-05-27 12:45:39 - model_mutation_operators.py:755 - Adopt RA mut_strategy!
INFO 2024-05-27 12:45:39 - model_mutation_operators.py:806 - mut_result:No suitable ops for RA mutation!
INFO 2024-05-27 12:45:39 - model_mutation_operators.py:807 - 60 generation!
INFO 2024-05-27 12:45:40 - mutation_test.py:525 - ================== start 61 generation!(61/100) ==================
INFO 2024-05-27 12:45:40 - model_mutation_operators.py:1923 - Adopt LC mut_strategy!
INFO 2024-05-27 12:45:40 - model_mutation_operators.py:1978 - Illegal LC mutate!
INFO 2024-05-27 12:45:40 - model_mutation_operators.py:1979 - mut_result:LC Create illegal layer!
INFO 2024-05-27 12:45:40 - model_mutation_operators.py:1980 - 61 generation!

INFO 2024-05-27 12:45:40 - mutation_test.py:525 - ================== start 62 generation!(62/100) ==================
INFO 2024-05-27 12:45:40 - model_mutation_operators.py:1070 - Adopt CM mut_strategy!
INFO 2024-05-27 12:45:40 - model_mutation_operators.py:1116 - mut_result:No suitable ops for CM mutation!
INFO 2024-05-27 12:45:40 - model_mutation_operators.py:1117 - 62 generation!
INFO 2024-05-27 12:45:41 - mutation_test.py:525 - ================== start 63 generation!(63/100) ==================
INFO 2024-05-27 12:45:41 - model_mutation_operators.py:1923 - Adopt LC mut_strategy!
INFO 2024-05-27 12:45:41 - model_mutation_operators.py:1978 - Illegal LC mutate!
INFO 2024-05-27 12:45:41 - model_mutation_operators.py:1979 - mut_result:LC Create illegal layer!
INFO 2024-05-27 12:45:41 - model_mutation_operators.py:1980 - 63 generation!

INFO 2024-05-27 12:45:41 - mutation_test.py:525 - ================== start 64 generation!(64/100) ==================
INFO 2024-05-27 12:45:41 - model_mutation_operators.py:2118 - Adopt SM mut_strategy!
INFO 2024-05-27 12:45:41 - model_mutation_operators.py:2156 - select layer: fc2 layer_type: <class 'mindspore.nn.layer.container.SequentialCell'> in_shape: [2, 120] out_shape: [2, 84]
INFO 2024-05-27 12:45:41 - model_mutation_operators.py:2157 - mut Basic type: True
INFO 2024-05-27 12:45:41 - model_mutation_operators.py:2168 - No suitable ops for SM mutation!
INFO 2024-05-27 12:45:41 - model_mutation_operators.py:2169 - 64 generation!
INFO 2024-05-27 12:45:42 - mutation_test.py:525 - ================== start 65 generation!(65/100) ==================
INFO 2024-05-27 12:45:42 - model_mutation_operators.py:515 - Adopt LA mut_strategy!
INFO 2024-05-27 12:45:42 - model_mutation_operators.py:560 - mut_result:No suitable ops for LA mutation!
INFO 2024-05-27 12:45:42 - model_mutation_operators.py:561 - 65 generation!
INFO 2024-05-27 12:45:42 - mutation_test.py:525 - ================== start 66 generation!(66/100) ==================
INFO 2024-05-27 12:45:42 - model_mutation_operators.py:242 - Adopt LD mut_strategy!
INFO 2024-05-27 12:45:42 - model_mutation_operators.py:258 - delete layer_name:fc3
INFO 2024-05-27 12:45:42 - model_mutation_operators.py:278 - mut_result:No suitable ops for LD mutation!
INFO 2024-05-27 12:45:42 - model_mutation_operators.py:279 - 66 generation!
INFO 2024-05-27 12:45:43 - mutation_test.py:525 - ================== start 67 generation!(67/100) ==================
INFO 2024-05-27 12:45:43 - model_mutation_operators.py:755 - Adopt RA mut_strategy!
INFO 2024-05-27 12:45:43 - model_mutation_operators.py:806 - mut_result:No suitable ops for RA mutation!
INFO 2024-05-27 12:45:43 - model_mutation_operators.py:807 - 67 generation!
INFO 2024-05-27 12:45:43 - mutation_test.py:525 - ================== start 68 generation!(68/100) ==================
INFO 2024-05-27 12:45:43 - model_mutation_operators.py:515 - Adopt LA mut_strategy!
INFO 2024-05-27 12:45:43 - model_mutation_operators.py:560 - mut_result:No suitable ops for LA mutation!
INFO 2024-05-27 12:45:43 - model_mutation_operators.py:561 - 68 generation!
INFO 2024-05-27 12:45:44 - mutation_test.py:525 - ================== start 69 generation!(69/100) ==================
INFO 2024-05-27 12:45:44 - model_mutation_operators.py:242 - Adopt LD mut_strategy!
INFO 2024-05-27 12:45:44 - model_mutation_operators.py:258 - delete layer_name:pool1
INFO 2024-05-27 12:45:44 - model_mutation_operators.py:278 - mut_result:No suitable ops for LD mutation!
INFO 2024-05-27 12:45:44 - model_mutation_operators.py:279 - 69 generation!
INFO 2024-05-27 12:45:44 - mutation_test.py:525 - ================== start 70 generation!(70/100) ==================
INFO 2024-05-27 12:45:44 - model_mutation_operators.py:1923 - Adopt LC mut_strategy!
INFO 2024-05-27 12:45:44 - model_mutation_operators.py:1978 - Illegal LC mutate!
INFO 2024-05-27 12:45:44 - model_mutation_operators.py:1979 - mut_result:LC Create illegal layer!
INFO 2024-05-27 12:45:44 - model_mutation_operators.py:1980 - 70 generation!

INFO 2024-05-27 12:45:45 - mutation_test.py:525 - ================== start 71 generation!(71/100) ==================
INFO 2024-05-27 12:45:45 - model_mutation_operators.py:1070 - Adopt CM mut_strategy!
INFO 2024-05-27 12:45:45 - model_mutation_operators.py:1116 - mut_result:No suitable ops for CM mutation!
INFO 2024-05-27 12:45:45 - model_mutation_operators.py:1117 - 71 generation!
INFO 2024-05-27 12:45:45 - mutation_test.py:525 - ================== start 72 generation!(72/100) ==================
INFO 2024-05-27 12:45:45 - model_mutation_operators.py:515 - Adopt LA mut_strategy!
INFO 2024-05-27 12:45:45 - model_mutation_operators.py:560 - mut_result:No suitable ops for LA mutation!
INFO 2024-05-27 12:45:45 - model_mutation_operators.py:561 - 72 generation!
INFO 2024-05-27 12:45:46 - mutation_test.py:525 - ================== start 73 generation!(73/100) ==================
INFO 2024-05-27 12:45:46 - model_mutation_operators.py:515 - Adopt LA mut_strategy!
INFO 2024-05-27 12:45:46 - model_mutation_operators.py:560 - mut_result:No suitable ops for LA mutation!
INFO 2024-05-27 12:45:46 - model_mutation_operators.py:561 - 73 generation!
INFO 2024-05-27 12:45:46 - mutation_test.py:525 - ================== start 74 generation!(74/100) ==================
INFO 2024-05-27 12:45:46 - model_mutation_operators.py:755 - Adopt RA mut_strategy!
INFO 2024-05-27 12:45:46 - model_mutation_operators.py:806 - mut_result:No suitable ops for RA mutation!
INFO 2024-05-27 12:45:46 - model_mutation_operators.py:807 - 74 generation!
INFO 2024-05-27 12:45:47 - mutation_test.py:525 - ================== start 75 generation!(75/100) ==================
INFO 2024-05-27 12:45:47 - model_mutation_operators.py:1070 - Adopt CM mut_strategy!
INFO 2024-05-27 12:45:47 - model_mutation_operators.py:1116 - mut_result:No suitable ops for CM mutation!
INFO 2024-05-27 12:45:47 - model_mutation_operators.py:1117 - 75 generation!
INFO 2024-05-27 12:45:47 - mutation_test.py:525 - ================== start 76 generation!(76/100) ==================
INFO 2024-05-27 12:45:47 - model_mutation_operators.py:755 - Adopt RA mut_strategy!
INFO 2024-05-27 12:45:47 - model_mutation_operators.py:806 - mut_result:No suitable ops for RA mutation!
INFO 2024-05-27 12:45:47 - model_mutation_operators.py:807 - 76 generation!
INFO 2024-05-27 12:45:48 - mutation_test.py:525 - ================== start 77 generation!(77/100) ==================
INFO 2024-05-27 12:45:48 - model_mutation_operators.py:242 - Adopt LD mut_strategy!
INFO 2024-05-27 12:45:48 - model_mutation_operators.py:258 - delete layer_name:conv2
INFO 2024-05-27 12:45:48 - model_mutation_operators.py:278 - mut_result:No suitable ops for LD mutation!
INFO 2024-05-27 12:45:48 - model_mutation_operators.py:279 - 77 generation!
INFO 2024-05-27 12:45:48 - mutation_test.py:525 - ================== start 78 generation!(78/100) ==================
INFO 2024-05-27 12:45:48 - model_mutation_operators.py:2118 - Adopt SM mut_strategy!
INFO 2024-05-27 12:45:48 - model_mutation_operators.py:2156 - select layer: fc2 layer_type: <class 'mindspore.nn.layer.container.SequentialCell'> in_shape: [2, 120] out_shape: [2, 84]
INFO 2024-05-27 12:45:48 - model_mutation_operators.py:2157 - mut Basic type: True
INFO 2024-05-27 12:45:48 - model_mutation_operators.py:2168 - No suitable ops for SM mutation!
INFO 2024-05-27 12:45:48 - model_mutation_operators.py:2169 - 78 generation!
INFO 2024-05-27 12:45:49 - mutation_test.py:525 - ================== start 79 generation!(79/100) ==================
INFO 2024-05-27 12:45:49 - model_mutation_operators.py:515 - Adopt LA mut_strategy!
INFO 2024-05-27 12:45:49 - model_mutation_operators.py:560 - mut_result:No suitable ops for LA mutation!
INFO 2024-05-27 12:45:49 - model_mutation_operators.py:561 - 79 generation!
INFO 2024-05-27 12:45:49 - mutation_test.py:525 - ================== start 80 generation!(80/100) ==================
INFO 2024-05-27 12:45:49 - model_mutation_operators.py:242 - Adopt LD mut_strategy!
INFO 2024-05-27 12:45:49 - model_mutation_operators.py:258 - delete layer_name:pool1
INFO 2024-05-27 12:45:49 - model_mutation_operators.py:278 - mut_result:No suitable ops for LD mutation!
INFO 2024-05-27 12:45:49 - model_mutation_operators.py:279 - 80 generation!
INFO 2024-05-27 12:45:50 - mutation_test.py:525 - ================== start 81 generation!(81/100) ==================
INFO 2024-05-27 12:45:50 - model_mutation_operators.py:2118 - Adopt SM mut_strategy!
INFO 2024-05-27 12:45:50 - model_mutation_operators.py:2156 - select layer: fc3 layer_type: <class 'mindspore.nn.layer.container.SequentialCell'> in_shape: [2, 84] out_shape: [2, 10]
INFO 2024-05-27 12:45:50 - model_mutation_operators.py:2157 - mut Basic type: True
INFO 2024-05-27 12:45:50 - model_mutation_operators.py:2168 - No suitable ops for SM mutation!
INFO 2024-05-27 12:45:50 - model_mutation_operators.py:2169 - 81 generation!
INFO 2024-05-27 12:45:50 - mutation_test.py:525 - ================== start 82 generation!(82/100) ==================
INFO 2024-05-27 12:45:50 - model_mutation_operators.py:1070 - Adopt CM mut_strategy!
INFO 2024-05-27 12:45:50 - model_mutation_operators.py:1116 - mut_result:No suitable ops for CM mutation!
INFO 2024-05-27 12:45:50 - model_mutation_operators.py:1117 - 82 generation!
INFO 2024-05-27 12:45:51 - mutation_test.py:525 - ================== start 83 generation!(83/100) ==================
INFO 2024-05-27 12:45:51 - model_mutation_operators.py:1923 - Adopt LC mut_strategy!
INFO 2024-05-27 12:45:51 - model_mutation_operators.py:1978 - Illegal LC mutate!
INFO 2024-05-27 12:45:51 - model_mutation_operators.py:1979 - mut_result:LC Create illegal layer!
INFO 2024-05-27 12:45:51 - model_mutation_operators.py:1980 - 83 generation!

INFO 2024-05-27 12:45:51 - mutation_test.py:525 - ================== start 84 generation!(84/100) ==================
INFO 2024-05-27 12:45:51 - model_mutation_operators.py:515 - Adopt LA mut_strategy!
INFO 2024-05-27 12:45:51 - model_mutation_operators.py:560 - mut_result:No suitable ops for LA mutation!
INFO 2024-05-27 12:45:51 - model_mutation_operators.py:561 - 84 generation!
INFO 2024-05-27 12:45:51 - mutation_test.py:525 - ================== start 85 generation!(85/100) ==================
INFO 2024-05-27 12:45:51 - model_mutation_operators.py:24 - Adopt PM mut_strategy!
INFO 2024-05-27 12:45:51 - model_mutation_operators.py:77 - candidate_in_mutlayers_indice:0
INFO 2024-05-27 12:45:51 - model_mutation_operators.py:93 - select op: pool1 layer_type: MaxPool2d selected param:kernel_size input_shape:[2, 64, 28, 28] output_shape:[2, 64, 14, 14]
INFO 2024-05-27 12:45:51 - model_mutation_operators.py:160 - mutate_replace_layer: MaxPool2d<kernel_size=(2, 2), stride=2, pad_mode=VALID>
INFO 2024-05-27 12:45:51 - model_mutation_operators.py:192 - Previous value: 2 Edit value: (2, 2) new_inshape: (2, 64, 28, 28) new_outshape: (2, 64, 14, 14)
INFO 2024-05-27 12:45:51 - model_mutation_operators.py:231 - MaxPool2d<kernel_size=(2, 2), stride=2, pad_mode=VALID>
INFO 2024-05-27 12:45:51 - model_mutation_operators.py:232 - mut_result:True
INFO 2024-05-27 12:45:51 - model_mutation_operators.py:233 - 85 generation!

INFO 2024-05-27 12:45:52 - mutation_test.py:525 - ================== start 86 generation!(86/100) ==================
INFO 2024-05-27 12:45:52 - model_mutation_operators.py:515 - Adopt LA mut_strategy!
INFO 2024-05-27 12:45:52 - model_mutation_operators.py:560 - mut_result:No suitable ops for LA mutation!
INFO 2024-05-27 12:45:52 - model_mutation_operators.py:561 - 86 generation!
INFO 2024-05-27 12:45:52 - mutation_test.py:525 - ================== start 87 generation!(87/100) ==================
INFO 2024-05-27 12:45:52 - model_mutation_operators.py:515 - Adopt LA mut_strategy!
INFO 2024-05-27 12:45:52 - model_mutation_operators.py:560 - mut_result:No suitable ops for LA mutation!
INFO 2024-05-27 12:45:52 - model_mutation_operators.py:561 - 87 generation!
INFO 2024-05-27 12:45:53 - mutation_test.py:525 - ================== start 88 generation!(88/100) ==================
INFO 2024-05-27 12:45:53 - model_mutation_operators.py:755 - Adopt RA mut_strategy!
INFO 2024-05-27 12:45:53 - model_mutation_operators.py:849 - candidate_in_mutlayers_indice:-1
INFO 2024-05-27 12:45:53 - model_mutation_operators.py:858 - select layer: pool1 layer_type: <class 'mindspore.nn.layer.pooling.MaxPool2d'> in_shape: [2, 64, 28, 28] out_shape: [2, 64, 14, 14]
INFO 2024-05-27 12:45:53 - model_mutation_operators.py:859 - mut Basic type: True
INFO 2024-05-27 12:45:53 - model_mutation_operators.py:860 - add Basic layer : Cascade_op
INFO 2024-05-27 12:45:53 - model_mutation_operators.py:873 - select insert layer: dwpw_group<
  (depthwise): dwpw_basic<
    (dwpw_conv): Conv2d<input_channels=64, output_channels=64, kernel_size=(1, 1), stride=(1, 1), pad_mode=same, padding=0, dilation=(1, 1), group=64, has_bias=False, weight_init=<mindspore.common.initializer.HeUniform object at 0x7f83bb7a0150>, bias_init=None, format=NCHW>
    (dwpw_bn): BatchNorm2d<num_features=64, eps=1e-05, momentum=0.9, gamma=Parameter (name=depthwise.dwpw_bn.gamma, shape=(64,), dtype=Float32, requires_grad=True), beta=Parameter (name=depthwise.dwpw_bn.beta, shape=(64,), dtype=Float32, requires_grad=True), moving_mean=Parameter (name=depthwise.dwpw_bn.moving_mean, shape=(64,), dtype=Float32, requires_grad=False), moving_variance=Parameter (name=depthwise.dwpw_bn.moving_variance, shape=(64,), dtype=Float32, requires_grad=False)>
    (dwpw_activation): Mish<>
    >
  (pointwise): dwpw_basic<
    (dwpw_conv): Conv2d<input_channels=64, output_channels=64, kernel_size=(1, 1), stride=(1, 1), pad_mode=same, padding=0, dilation=(1, 1), group=1, has_bias=False, weight_init=<mindspore.common.initializer.HeUniform object at 0x7f83bbabf250>, bias_init=None, format=NCHW>
    (dwpw_bn): BatchNorm2d<num_features=64, eps=1e-05, momentum=0.9, gamma=Parameter (name=pointwise.dwpw_bn.gamma, shape=(64,), dtype=Float32, requires_grad=True), beta=Parameter (name=pointwise.dwpw_bn.beta, shape=(64,), dtype=Float32, requires_grad=True), moving_mean=Parameter (name=pointwise.dwpw_bn.moving_mean, shape=(64,), dtype=Float32, requires_grad=False), moving_variance=Parameter (name=pointwise.dwpw_bn.moving_variance, shape=(64,), dtype=Float32, requires_grad=False)>
    (dwpw_activation): Mish<>
    >
  >
INFO 2024-05-27 12:45:53 - model_mutation_operators.py:918 - insert_layer_outshape not equal!: [2, 64, 14, 14]
INFO 2024-05-27 12:45:53 - model_mutation_operators.py:1060 - mut_result:True
INFO 2024-05-27 12:45:53 - model_mutation_operators.py:1061 - 88 generation!

INFO 2024-05-27 12:45:55 - mutation_test.py:525 - ================== start 89 generation!(89/100) ==================
INFO 2024-05-27 12:45:55 - model_mutation_operators.py:242 - Adopt LD mut_strategy!
INFO 2024-05-27 12:45:55 - model_mutation_operators.py:258 - delete layer_name:pool1
INFO 2024-05-27 12:45:55 - model_mutation_operators.py:278 - mut_result:No suitable ops for LD mutation!
INFO 2024-05-27 12:45:55 - model_mutation_operators.py:279 - 89 generation!
INFO 2024-05-27 12:45:56 - mutation_test.py:525 - ================== start 90 generation!(90/100) ==================
INFO 2024-05-27 12:45:56 - model_mutation_operators.py:242 - Adopt LD mut_strategy!
INFO 2024-05-27 12:45:56 - model_mutation_operators.py:258 - delete layer_name:fc2
INFO 2024-05-27 12:45:56 - model_mutation_operators.py:278 - mut_result:No suitable ops for LD mutation!
INFO 2024-05-27 12:45:56 - model_mutation_operators.py:279 - 90 generation!
INFO 2024-05-27 12:45:56 - mutation_test.py:525 - ================== start 91 generation!(91/100) ==================
INFO 2024-05-27 12:45:56 - model_mutation_operators.py:2118 - Adopt SM mut_strategy!
INFO 2024-05-27 12:45:56 - model_mutation_operators.py:2156 - select layer: conv2 layer_type: <class 'mindspore.nn.layer.container.SequentialCell'> in_shape: [2, 64, 14, 14] out_shape: [2, 32, 14, 14]
INFO 2024-05-27 12:45:56 - model_mutation_operators.py:2157 - mut Basic type: True
INFO 2024-05-27 12:45:56 - model_mutation_operators.py:2168 - No suitable ops for SM mutation!
INFO 2024-05-27 12:45:56 - model_mutation_operators.py:2169 - 91 generation!
INFO 2024-05-27 12:45:57 - mutation_test.py:525 - ================== start 92 generation!(92/100) ==================
INFO 2024-05-27 12:45:57 - model_mutation_operators.py:1070 - Adopt CM mut_strategy!
INFO 2024-05-27 12:45:57 - model_mutation_operators.py:1116 - mut_result:No suitable ops for CM mutation!
INFO 2024-05-27 12:45:57 - model_mutation_operators.py:1117 - 92 generation!
INFO 2024-05-27 12:45:57 - mutation_test.py:525 - ================== start 93 generation!(93/100) ==================
INFO 2024-05-27 12:45:57 - model_mutation_operators.py:242 - Adopt LD mut_strategy!
INFO 2024-05-27 12:45:57 - model_mutation_operators.py:258 - delete layer_name:fc3
INFO 2024-05-27 12:45:57 - model_mutation_operators.py:278 - mut_result:No suitable ops for LD mutation!
INFO 2024-05-27 12:45:57 - model_mutation_operators.py:279 - 93 generation!
INFO 2024-05-27 12:45:58 - mutation_test.py:525 - ================== start 94 generation!(94/100) ==================
INFO 2024-05-27 12:45:58 - model_mutation_operators.py:755 - Adopt RA mut_strategy!
INFO 2024-05-27 12:45:58 - model_mutation_operators.py:806 - mut_result:No suitable ops for RA mutation!
INFO 2024-05-27 12:45:58 - model_mutation_operators.py:807 - 94 generation!
INFO 2024-05-27 12:45:59 - mutation_test.py:525 - ================== start 95 generation!(95/100) ==================
INFO 2024-05-27 12:45:59 - model_mutation_operators.py:242 - Adopt LD mut_strategy!
INFO 2024-05-27 12:45:59 - model_mutation_operators.py:258 - delete layer_name:dropout2
INFO 2024-05-27 12:45:59 - model_mutation_operators.py:278 - mut_result:No suitable ops for LD mutation!
INFO 2024-05-27 12:45:59 - model_mutation_operators.py:279 - 95 generation!
INFO 2024-05-27 12:45:59 - mutation_test.py:525 - ================== start 96 generation!(96/100) ==================
INFO 2024-05-27 12:45:59 - model_mutation_operators.py:515 - Adopt LA mut_strategy!
INFO 2024-05-27 12:45:59 - model_mutation_operators.py:560 - mut_result:No suitable ops for LA mutation!
INFO 2024-05-27 12:45:59 - model_mutation_operators.py:561 - 96 generation!
INFO 2024-05-27 12:46:00 - mutation_test.py:525 - ================== start 97 generation!(97/100) ==================
INFO 2024-05-27 12:46:00 - model_mutation_operators.py:515 - Adopt LA mut_strategy!
INFO 2024-05-27 12:46:00 - model_mutation_operators.py:560 - mut_result:No suitable ops for LA mutation!
INFO 2024-05-27 12:46:00 - model_mutation_operators.py:561 - 97 generation!
INFO 2024-05-27 12:46:00 - mutation_test.py:525 - ================== start 98 generation!(98/100) ==================
INFO 2024-05-27 12:46:00 - model_mutation_operators.py:24 - Adopt PM mut_strategy!
INFO 2024-05-27 12:46:00 - model_mutation_operators.py:63 - The target model do not have the mutator operators num_features!
INFO 2024-05-27 12:46:00 - model_mutation_operators.py:64 - mut_result:Parameter Miss
INFO 2024-05-27 12:46:00 - model_mutation_operators.py:65 - 98 generation!

INFO 2024-05-27 12:46:01 - mutation_test.py:525 - ================== start 99 generation!(99/100) ==================
INFO 2024-05-27 12:46:01 - model_mutation_operators.py:755 - Adopt RA mut_strategy!
INFO 2024-05-27 12:46:01 - model_mutation_operators.py:806 - mut_result:No suitable ops for RA mutation!
INFO 2024-05-27 12:46:01 - model_mutation_operators.py:807 - 99 generation!
INFO 2024-05-27 12:46:02 - mutation_test.py:525 - ================== start 100 generation!(100/100) ==================
INFO 2024-05-27 12:46:02 - model_mutation_operators.py:515 - Adopt LA mut_strategy!
INFO 2024-05-27 12:46:02 - model_mutation_operators.py:560 - mut_result:No suitable ops for LA mutation!
INFO 2024-05-27 12:46:02 - model_mutation_operators.py:561 - 100 generation!
INFO 2024-05-27 12:46:02 - mutation_test.py:557 - mutation_scores: [0.29099867, 0.31151, 0.2619977, 0.26939756, 0.29179975, 0.99830544, -100, -100, 1.0025971, -100, -100, -100, 0.9973515, 1.0059043, 1.0004021, 0.9983326, -100, -100, 0.99992275, -100, -100, -100, 1.0017554, -100, 0.99801123, -100, -100, -100, -100, -100, -100, -100, -100, -100, -100, -100, -100, -100, -100, -100, -100, -100, -100, -100, -100, -100, -100, -100, 1.0006549, -100, -100, -100, -100, -100, -100, -100, 1.0006464, 0.967055, -100, -100, -100, -100, -100, -100, -100, -100, -100, -100, -100, -100, -100, -100, -100, -100, -100, -100, -100, -100, -100, -100, -100, -100, -100, -100, 0.9852692, -100, -100, 0.9837631, -100, -100, -100, -100, -100, -100, -100, -100, -100, -100, -100, -100]
INFO 2024-05-27 12:46:02 - mutation_test.py:559 - **** stage1 select generations: [25  6 16 19 15 57 49 23  9 14] ****

INFO 2024-05-27 12:46:03 - mutation_test.py:250 - mutation iteration:100 ({'LD': 21, 'PM': 7, 'LA': 14, 'RA': 17, 'SM': 15, 'CM': 15, 'LC': 11}), mutation success:19
 ({'LD': 6, 'PM': 2, 'LA': 0, 'RA': 4, 'SM': 3, 'CM': 2, 'LC': 2})

