WARNING 2024-05-28 15:41:35 - mutation_test.py:59 - For PyTorch and MindSpore running separately, CUDA_VISIBLE_DEVICES should have at least two GPUs, such as 'export CUDA_VISIBLE_DEVICES=0,1'
INFO 2024-05-28 15:41:35 - mutation_test.py:129 - Mutation config:
----------------------------------------------------------------------------------------
train_config: {'model_name': 'alexnet', 'dataset_name': 'random', 'batch_size': 5, 'input_size': ['(2,3,32, 32)'], 'test_size': 2, 'dtypes': ['float'], 'epoch': 20, 'loss_name': 'CrossEntropy', 'optimizer': 'SGD', 'learning_rate': 0.005, 'loss_ground_truth': 2.950969386100769, 'eval_ground_truth': 0.998740881321355, 'memory_threshold': '1e-2', 'dataset_path': 'alexnet', 'device': 'GPU', 'device_id': '0,1'}
mutation_config: {'mutation_iterations': 100, 'save_iterations': 1, 'mutation_eval_metric': 'origin_diff', 'validation_threshold': 0.0006, 'output_difference_metric': 'DMAD', 'log_path': '/data1/myz/net-sv/common/log/alexnet-2024.5.28.15.41.35', 'mutation_strategy': 'ddqn', 'mutation_type': ['LD', 'PM', 'LC', 'CM', 'RA', 'SM', 'LA'], 'selected_model_num': 10}

INFO 2024-05-28 15:41:35 - mutation_test.py:1038 - Stage1: start network mutation!
INFO 2024-05-28 15:41:42 - mutation_test.py:287 - **** Start DoubleQ Learning ****

INFO 2024-05-28 15:41:42 - mutation_test.py:291 - ================== start 1 generation!(1/100) ==================
INFO 2024-05-28 15:41:42 - model_mutation_operators.py:242 - Adopt LD mut_strategy!
INFO 2024-05-28 15:41:42 - model_mutation_operators.py:258 - delete layer_name:flatten
INFO 2024-05-28 15:41:42 - model_mutation_operators.py:320 - candidate_in_mutlayers_indice:-1
INFO 2024-05-28 15:41:42 - model_mutation_operators.py:329 - adopt DeleteCell Replace_ms
INFO 2024-05-28 15:41:42 - model_mutation_operators.py:505 - mut_result:True
INFO 2024-05-28 15:41:42 - model_mutation_operators.py:506 - 1 generation!

INFO 2024-05-28 15:41:42 - mutation_test.py:291 - ================== start 2 generation!(2/100) ==================
INFO 2024-05-28 15:41:42 - model_mutation_operators.py:1070 - Adopt CM mut_strategy!
INFO 2024-05-28 15:41:42 - model_mutation_operators.py:1153 - candidate_in_mutlayers_indice:-1
INFO 2024-05-28 15:41:42 - model_mutation_operators.py:1160 - select layer: conv3 layer_type: <class 'mindspore.nn.layer.conv.Conv2d'> in_shape: [2, 256, 4, 4] out_shape: [2, 384, 4, 4]
INFO 2024-05-28 15:41:42 - model_mutation_operators.py:1161 - mut Basic type: True
INFO 2024-05-28 15:41:42 - model_mutation_operators.py:1204 - select insert layer: GELU<>
INFO 2024-05-28 15:41:42 - model_mutation_operators.py:1249 - replace Basic with CM op!
INFO 2024-05-28 15:41:42 - model_mutation_operators.py:1300 - mut_result:True
INFO 2024-05-28 15:41:42 - model_mutation_operators.py:1301 - 2 generation!

INFO 2024-05-28 15:41:42 - mutation_test.py:291 - ================== start 3 generation!(3/100) ==================
INFO 2024-05-28 15:41:42 - model_mutation_operators.py:242 - Adopt LD mut_strategy!
INFO 2024-05-28 15:41:42 - model_mutation_operators.py:258 - delete layer_name:conv3
INFO 2024-05-28 15:41:42 - model_mutation_operators.py:320 - candidate_in_mutlayers_indice:-1
INFO 2024-05-28 15:41:42 - model_mutation_operators.py:329 - adopt DeleteCell Replace_ms
INFO 2024-05-28 15:41:42 - model_mutation_operators.py:505 - mut_result:True
INFO 2024-05-28 15:41:42 - model_mutation_operators.py:506 - 3 generation!

INFO 2024-05-28 15:41:42 - mutation_test.py:291 - ================== start 4 generation!(4/100) ==================
INFO 2024-05-28 15:41:42 - model_mutation_operators.py:242 - Adopt LD mut_strategy!
INFO 2024-05-28 15:41:42 - model_mutation_operators.py:258 - delete layer_name:pool3
INFO 2024-05-28 15:41:42 - model_mutation_operators.py:320 - candidate_in_mutlayers_indice:-1
INFO 2024-05-28 15:41:42 - model_mutation_operators.py:329 - adopt DeleteCell Replace_ms
INFO 2024-05-28 15:41:42 - model_mutation_operators.py:505 - mut_result:True
INFO 2024-05-28 15:41:42 - model_mutation_operators.py:506 - 4 generation!

INFO 2024-05-28 15:41:43 - mutation_test.py:291 - ================== start 5 generation!(5/100) ==================
INFO 2024-05-28 15:41:43 - model_mutation_operators.py:242 - Adopt LD mut_strategy!
INFO 2024-05-28 15:41:43 - model_mutation_operators.py:258 - delete layer_name:dropout1
INFO 2024-05-28 15:41:43 - model_mutation_operators.py:320 - candidate_in_mutlayers_indice:-1
INFO 2024-05-28 15:41:43 - model_mutation_operators.py:325 - adopt DeleteCell EmptyCell
INFO 2024-05-28 15:41:43 - model_mutation_operators.py:505 - mut_result:True
INFO 2024-05-28 15:41:43 - model_mutation_operators.py:506 - 5 generation!

INFO 2024-05-28 15:41:43 - mutation_test.py:291 - ================== start 6 generation!(6/100) ==================
INFO 2024-05-28 15:41:43 - model_mutation_operators.py:242 - Adopt LD mut_strategy!
INFO 2024-05-28 15:41:43 - model_mutation_operators.py:258 - delete layer_name:conv1
INFO 2024-05-28 15:41:43 - model_mutation_operators.py:320 - candidate_in_mutlayers_indice:-1
INFO 2024-05-28 15:41:43 - model_mutation_operators.py:329 - adopt DeleteCell Replace_ms
INFO 2024-05-28 15:41:43 - model_mutation_operators.py:505 - mut_result:True
INFO 2024-05-28 15:41:43 - model_mutation_operators.py:506 - 6 generation!

INFO 2024-05-28 15:41:43 - mutation_test.py:291 - ================== start 7 generation!(7/100) ==================
INFO 2024-05-28 15:41:43 - model_mutation_operators.py:242 - Adopt LD mut_strategy!
INFO 2024-05-28 15:41:43 - model_mutation_operators.py:258 - delete layer_name:conv4
INFO 2024-05-28 15:41:43 - model_mutation_operators.py:320 - candidate_in_mutlayers_indice:-1
INFO 2024-05-28 15:41:43 - model_mutation_operators.py:325 - adopt DeleteCell EmptyCell
INFO 2024-05-28 15:41:43 - model_mutation_operators.py:505 - mut_result:True
INFO 2024-05-28 15:41:43 - model_mutation_operators.py:506 - 7 generation!

INFO 2024-05-28 15:41:43 - mutation_test.py:291 - ================== start 8 generation!(8/100) ==================
INFO 2024-05-28 15:41:43 - model_mutation_operators.py:1923 - Adopt LC mut_strategy!
INFO 2024-05-28 15:41:43 - model_mutation_operators.py:1990 - select layer: conv5 layer_type: <class 'mindspore.nn.layer.conv.Conv2d'> in_shape: [2, 384, 4, 4] out_shape: [2, 256, 4, 4]
INFO 2024-05-28 15:41:43 - model_mutation_operators.py:1991 - mut Basic type: True
INFO 2024-05-28 15:41:43 - model_mutation_operators.py:1992 - add Basic layer : Basic_op
INFO 2024-05-28 15:41:43 - model_mutation_operators.py:2005 - select insert layer: Conv2d<input_channels=256, output_channels=256, kernel_size=(3, 3), stride=(1, 1), pad_mode=same, padding=0, dilation=(1, 1), group=1, has_bias=False, weight_init=<mindspore.common.initializer.HeUniform object at 0x7f2eb2ec3550>, bias_init=None, format=NCHW>
INFO 2024-05-28 15:41:43 - model_mutation_operators.py:2040 - insert_layer_outshape equal!
INFO 2024-05-28 15:41:43 - model_mutation_operators.py:2108 - mut_result:True
INFO 2024-05-28 15:41:43 - model_mutation_operators.py:2109 - 8 generation!

INFO 2024-05-28 15:41:44 - mutation_test.py:291 - ================== start 9 generation!(9/100) ==================
INFO 2024-05-28 15:41:44 - model_mutation_operators.py:242 - Adopt LD mut_strategy!
INFO 2024-05-28 15:41:44 - model_mutation_operators.py:258 - delete layer_name:bn1
INFO 2024-05-28 15:41:44 - model_mutation_operators.py:320 - candidate_in_mutlayers_indice:-1
INFO 2024-05-28 15:41:44 - model_mutation_operators.py:325 - adopt DeleteCell EmptyCell
INFO 2024-05-28 15:41:44 - model_mutation_operators.py:505 - mut_result:True
INFO 2024-05-28 15:41:44 - model_mutation_operators.py:506 - 9 generation!

INFO 2024-05-28 15:41:44 - mutation_test.py:291 - ================== start 10 generation!(10/100) ==================
INFO 2024-05-28 15:41:44 - model_mutation_operators.py:242 - Adopt LD mut_strategy!
INFO 2024-05-28 15:41:44 - model_mutation_operators.py:258 - delete layer_name:conv2
INFO 2024-05-28 15:41:44 - model_mutation_operators.py:320 - candidate_in_mutlayers_indice:-1
INFO 2024-05-28 15:41:44 - model_mutation_operators.py:329 - adopt DeleteCell Replace_ms
INFO 2024-05-28 15:41:44 - model_mutation_operators.py:505 - mut_result:True
INFO 2024-05-28 15:41:44 - model_mutation_operators.py:506 - 10 generation!

INFO 2024-05-28 15:41:44 - mutation_test.py:291 - ================== start 11 generation!(11/100) ==================
INFO 2024-05-28 15:41:44 - model_mutation_operators.py:1070 - Adopt CM mut_strategy!
INFO 2024-05-28 15:41:44 - model_mutation_operators.py:1153 - candidate_in_mutlayers_indice:-1
INFO 2024-05-28 15:41:44 - model_mutation_operators.py:1160 - select layer: fc1 layer_type: <class 'mindspore.nn.layer.basic.Dense'> in_shape: [2, 1024] out_shape: [2, 4096]
INFO 2024-05-28 15:41:44 - model_mutation_operators.py:1161 - mut Basic type: True
INFO 2024-05-28 15:41:45 - model_mutation_operators.py:1204 - select insert layer: Softmax<>
INFO 2024-05-28 15:41:45 - model_mutation_operators.py:1249 - replace Basic with CM op!
INFO 2024-05-28 15:41:45 - model_mutation_operators.py:1300 - mut_result:True
INFO 2024-05-28 15:41:45 - model_mutation_operators.py:1301 - 11 generation!

INFO 2024-05-28 15:41:45 - mutation_test.py:291 - ================== start 12 generation!(12/100) ==================
INFO 2024-05-28 15:41:45 - model_mutation_operators.py:755 - Adopt RA mut_strategy!
INFO 2024-05-28 15:41:45 - model_mutation_operators.py:849 - candidate_in_mutlayers_indice:-1
INFO 2024-05-28 15:41:45 - model_mutation_operators.py:858 - select layer: pool2 layer_type: <class 'mindspore.nn.layer.pooling.MaxPool2d'> in_shape: [2, 256, 8, 8] out_shape: [2, 256, 4, 4]
INFO 2024-05-28 15:41:45 - model_mutation_operators.py:859 - mut Basic type: True
INFO 2024-05-28 15:41:45 - model_mutation_operators.py:860 - add Basic layer : Basic_op
INFO 2024-05-28 15:41:45 - model_mutation_operators.py:873 - select insert layer: ReLU6<>
INFO 2024-05-28 15:41:45 - model_mutation_operators.py:918 - insert_layer_outshape not equal!: [2, 256, 4, 4]
INFO 2024-05-28 15:41:45 - model_mutation_operators.py:1060 - mut_result:True
INFO 2024-05-28 15:41:45 - model_mutation_operators.py:1061 - 12 generation!

INFO 2024-05-28 15:41:45 - mutation_test.py:291 - ================== start 13 generation!(13/100) ==================
INFO 2024-05-28 15:41:45 - model_mutation_operators.py:242 - Adopt LD mut_strategy!
INFO 2024-05-28 15:41:45 - model_mutation_operators.py:258 - delete layer_name:fc2
INFO 2024-05-28 15:41:45 - model_mutation_operators.py:320 - candidate_in_mutlayers_indice:-1
INFO 2024-05-28 15:41:45 - model_mutation_operators.py:325 - adopt DeleteCell EmptyCell
INFO 2024-05-28 15:41:45 - model_mutation_operators.py:505 - mut_result:True
INFO 2024-05-28 15:41:45 - model_mutation_operators.py:506 - 13 generation!

INFO 2024-05-28 15:41:46 - mutation_test.py:291 - ================== start 14 generation!(14/100) ==================
INFO 2024-05-28 15:41:46 - model_mutation_operators.py:242 - Adopt LD mut_strategy!
INFO 2024-05-28 15:41:46 - model_mutation_operators.py:258 - delete layer_name:dropout2
INFO 2024-05-28 15:41:46 - model_mutation_operators.py:320 - candidate_in_mutlayers_indice:-1
INFO 2024-05-28 15:41:46 - model_mutation_operators.py:325 - adopt DeleteCell EmptyCell
INFO 2024-05-28 15:41:46 - model_mutation_operators.py:505 - mut_result:True
INFO 2024-05-28 15:41:46 - model_mutation_operators.py:506 - 14 generation!

INFO 2024-05-28 15:41:46 - mutation_test.py:291 - ================== start 15 generation!(15/100) ==================
INFO 2024-05-28 15:41:46 - model_mutation_operators.py:242 - Adopt LD mut_strategy!
INFO 2024-05-28 15:41:46 - model_mutation_operators.py:258 - delete layer_name:pool1
INFO 2024-05-28 15:41:46 - model_mutation_operators.py:320 - candidate_in_mutlayers_indice:-1
INFO 2024-05-28 15:41:46 - model_mutation_operators.py:329 - adopt DeleteCell Replace_ms
INFO 2024-05-28 15:41:46 - model_mutation_operators.py:505 - mut_result:True
INFO 2024-05-28 15:41:46 - model_mutation_operators.py:506 - 15 generation!

INFO 2024-05-28 15:41:46 - mutation_test.py:291 - ================== start 16 generation!(16/100) ==================
INFO 2024-05-28 15:41:46 - model_mutation_operators.py:242 - Adopt LD mut_strategy!
INFO 2024-05-28 15:41:46 - model_mutation_operators.py:258 - delete layer_name:pool2
INFO 2024-05-28 15:41:46 - model_mutation_operators.py:278 - mut_result:No suitable ops for LD mutation!
INFO 2024-05-28 15:41:46 - model_mutation_operators.py:279 - 16 generation!
INFO 2024-05-28 15:41:47 - mutation_test.py:291 - ================== start 17 generation!(17/100) ==================
INFO 2024-05-28 15:41:47 - model_mutation_operators.py:242 - Adopt LD mut_strategy!
INFO 2024-05-28 15:41:47 - model_mutation_operators.py:258 - delete layer_name:fc3
INFO 2024-05-28 15:41:47 - model_mutation_operators.py:320 - candidate_in_mutlayers_indice:-1
INFO 2024-05-28 15:41:47 - model_mutation_operators.py:329 - adopt DeleteCell Replace_ms
INFO 2024-05-28 15:41:47 - model_mutation_operators.py:505 - mut_result:True
INFO 2024-05-28 15:41:47 - model_mutation_operators.py:506 - 17 generation!

INFO 2024-05-28 15:41:47 - mutation_test.py:291 - ================== start 18 generation!(18/100) ==================
INFO 2024-05-28 15:41:47 - model_mutation_operators.py:242 - Adopt LD mut_strategy!
INFO 2024-05-28 15:41:47 - model_mutation_operators.py:258 - delete layer_name:bn2
INFO 2024-05-28 15:41:47 - model_mutation_operators.py:320 - candidate_in_mutlayers_indice:-1
INFO 2024-05-28 15:41:47 - model_mutation_operators.py:325 - adopt DeleteCell EmptyCell
INFO 2024-05-28 15:41:47 - model_mutation_operators.py:505 - mut_result:True
INFO 2024-05-28 15:41:47 - model_mutation_operators.py:506 - 18 generation!

INFO 2024-05-28 15:41:48 - mutation_test.py:291 - ================== start 19 generation!(19/100) ==================
INFO 2024-05-28 15:41:48 - model_mutation_operators.py:515 - Adopt LA mut_strategy!
INFO 2024-05-28 15:41:48 - model_mutation_operators.py:590 - candidate_in_mutlayers_indice:-1
INFO 2024-05-28 15:41:48 - model_mutation_operators.py:599 - select layer: pool1 layer_type: <class 'mindspore.nn.layer.pooling.MaxPool2d'> in_shape: [2, 96, 16, 16] out_shape: [2, 96, 8, 8]
INFO 2024-05-28 15:41:48 - model_mutation_operators.py:600 - mut Basic type: True
INFO 2024-05-28 15:41:48 - model_mutation_operators.py:601 - add Basic layer : Basic_op
INFO 2024-05-28 15:41:48 - model_mutation_operators.py:615 - select insert layer: Conv2d<input_channels=96, output_channels=96, kernel_size=(1, 1), stride=(1, 1), pad_mode=same, padding=0, dilation=(1, 1), group=1, has_bias=False, weight_init=<mindspore.common.initializer.HeUniform object at 0x7f2eb2a7dd90>, bias_init=None, format=NCHW>
INFO 2024-05-28 15:41:48 - model_mutation_operators.py:628 - insert_layer_outshape equal!
INFO 2024-05-28 15:41:48 - model_mutation_operators.py:745 - mut_result:True
INFO 2024-05-28 15:41:48 - model_mutation_operators.py:746 - 19 generation!

INFO 2024-05-28 15:41:48 - mutation_test.py:291 - ================== start 20 generation!(20/100) ==================
INFO 2024-05-28 15:41:48 - model_mutation_operators.py:242 - Adopt LD mut_strategy!
INFO 2024-05-28 15:41:48 - model_mutation_operators.py:258 - delete layer_name:dropout2
INFO 2024-05-28 15:41:48 - model_mutation_operators.py:320 - candidate_in_mutlayers_indice:-1
INFO 2024-05-28 15:41:48 - model_mutation_operators.py:325 - adopt DeleteCell EmptyCell
INFO 2024-05-28 15:41:48 - model_mutation_operators.py:505 - mut_result:True
INFO 2024-05-28 15:41:48 - model_mutation_operators.py:506 - 20 generation!

INFO 2024-05-28 15:41:49 - mutation_test.py:291 - ================== start 21 generation!(21/100) ==================
INFO 2024-05-28 15:41:49 - model_mutation_operators.py:242 - Adopt LD mut_strategy!
INFO 2024-05-28 15:41:49 - model_mutation_operators.py:258 - delete layer_name:pool1
INFO 2024-05-28 15:41:49 - model_mutation_operators.py:287 - candidate_in_mutlayers_indice:0

INFO 2024-05-28 15:41:49 - model_mutation_operators.py:316 - adopt DeleteCell Replace_ms
INFO 2024-05-28 15:41:49 - model_mutation_operators.py:505 - mut_result:True
INFO 2024-05-28 15:41:49 - model_mutation_operators.py:506 - 21 generation!

INFO 2024-05-28 15:41:49 - mutation_test.py:291 - ================== start 22 generation!(22/100) ==================
INFO 2024-05-28 15:41:49 - model_mutation_operators.py:242 - Adopt LD mut_strategy!
INFO 2024-05-28 15:41:49 - model_mutation_operators.py:258 - delete layer_name:pool2
INFO 2024-05-28 15:41:49 - model_mutation_operators.py:278 - mut_result:No suitable ops for LD mutation!
INFO 2024-05-28 15:41:49 - model_mutation_operators.py:279 - 22 generation!
INFO 2024-05-28 15:41:50 - mutation_test.py:291 - ================== start 23 generation!(23/100) ==================
INFO 2024-05-28 15:41:50 - model_mutation_operators.py:242 - Adopt LD mut_strategy!
INFO 2024-05-28 15:41:50 - model_mutation_operators.py:258 - delete layer_name:pool2
INFO 2024-05-28 15:41:50 - model_mutation_operators.py:278 - mut_result:No suitable ops for LD mutation!
INFO 2024-05-28 15:41:50 - model_mutation_operators.py:279 - 23 generation!
INFO 2024-05-28 15:41:50 - mutation_test.py:291 - ================== start 24 generation!(24/100) ==================
INFO 2024-05-28 15:41:50 - model_mutation_operators.py:242 - Adopt LD mut_strategy!
INFO 2024-05-28 15:41:50 - model_mutation_operators.py:258 - delete layer_name:fc1
INFO 2024-05-28 15:41:50 - model_mutation_operators.py:320 - candidate_in_mutlayers_indice:-1
INFO 2024-05-28 15:41:50 - model_mutation_operators.py:329 - adopt DeleteCell Replace_ms
INFO 2024-05-28 15:41:50 - model_mutation_operators.py:505 - mut_result:True
INFO 2024-05-28 15:41:50 - model_mutation_operators.py:506 - 24 generation!

INFO 2024-05-28 15:41:51 - mutation_test.py:291 - ================== start 25 generation!(25/100) ==================
INFO 2024-05-28 15:41:51 - model_mutation_operators.py:242 - Adopt LD mut_strategy!
INFO 2024-05-28 15:41:51 - model_mutation_operators.py:258 - delete layer_name:conv5
INFO 2024-05-28 15:41:51 - model_mutation_operators.py:287 - candidate_in_mutlayers_indice:1

INFO 2024-05-28 15:41:51 - model_mutation_operators.py:505 - mut_result:True
INFO 2024-05-28 15:41:51 - model_mutation_operators.py:506 - 25 generation!

INFO 2024-05-28 15:41:51 - mutation_test.py:291 - ================== start 26 generation!(26/100) ==================
INFO 2024-05-28 15:41:51 - model_mutation_operators.py:242 - Adopt LD mut_strategy!
INFO 2024-05-28 15:41:51 - model_mutation_operators.py:258 - delete layer_name:conv5
INFO 2024-05-28 15:41:51 - model_mutation_operators.py:287 - candidate_in_mutlayers_indice:0

INFO 2024-05-28 15:41:51 - model_mutation_operators.py:316 - adopt DeleteCell Replace_ms
INFO 2024-05-28 15:41:51 - model_mutation_operators.py:505 - mut_result:True
INFO 2024-05-28 15:41:51 - model_mutation_operators.py:506 - 26 generation!

INFO 2024-05-28 15:41:52 - mutation_test.py:291 - ================== start 27 generation!(27/100) ==================
INFO 2024-05-28 15:41:52 - model_mutation_operators.py:1923 - Adopt LC mut_strategy!
INFO 2024-05-28 15:41:52 - model_mutation_operators.py:1990 - select layer: dropout2 layer_type: <class 'mindspore.nn.layer.basic.Dropout'> in_shape: [2, 4096] out_shape: [2, 4096]
INFO 2024-05-28 15:41:52 - model_mutation_operators.py:1991 - mut Basic type: True
INFO 2024-05-28 15:41:52 - model_mutation_operators.py:1992 - add Basic layer : Basic_op
INFO 2024-05-28 15:41:52 - model_mutation_operators.py:2005 - select insert layer: Dropout<keep_prob=0.5>
INFO 2024-05-28 15:41:52 - model_mutation_operators.py:2040 - insert_layer_outshape equal!
INFO 2024-05-28 15:41:52 - model_mutation_operators.py:2108 - mut_result:True
INFO 2024-05-28 15:41:52 - model_mutation_operators.py:2109 - 27 generation!

INFO 2024-05-28 15:41:52 - mutation_test.py:291 - ================== start 28 generation!(28/100) ==================
INFO 2024-05-28 15:41:52 - model_mutation_operators.py:242 - Adopt LD mut_strategy!
INFO 2024-05-28 15:41:52 - model_mutation_operators.py:258 - delete layer_name:pool2
INFO 2024-05-28 15:41:52 - model_mutation_operators.py:278 - mut_result:No suitable ops for LD mutation!
INFO 2024-05-28 15:41:52 - model_mutation_operators.py:279 - 28 generation!
INFO 2024-05-28 15:41:53 - mutation_test.py:291 - ================== start 29 generation!(29/100) ==================
INFO 2024-05-28 15:41:53 - model_mutation_operators.py:242 - Adopt LD mut_strategy!
INFO 2024-05-28 15:41:53 - model_mutation_operators.py:258 - delete layer_name:bn3
INFO 2024-05-28 15:41:53 - model_mutation_operators.py:320 - candidate_in_mutlayers_indice:-1
INFO 2024-05-28 15:41:53 - model_mutation_operators.py:325 - adopt DeleteCell EmptyCell
INFO 2024-05-28 15:41:53 - model_mutation_operators.py:505 - mut_result:True
INFO 2024-05-28 15:41:53 - model_mutation_operators.py:506 - 29 generation!

INFO 2024-05-28 15:41:53 - mutation_test.py:291 - ================== start 30 generation!(30/100) ==================
INFO 2024-05-28 15:41:53 - model_mutation_operators.py:1070 - Adopt CM mut_strategy!
INFO 2024-05-28 15:41:53 - model_mutation_operators.py:1153 - candidate_in_mutlayers_indice:-1
INFO 2024-05-28 15:41:53 - model_mutation_operators.py:1160 - select layer: dropout2 layer_type: <class 'mindspore.nn.layer.basic.Dropout'> in_shape: [2, 4096] out_shape: [2, 4096]
INFO 2024-05-28 15:41:53 - model_mutation_operators.py:1161 - mut Basic type: True
INFO 2024-05-28 15:41:53 - model_mutation_operators.py:1204 - select insert layer: Inception_A<
  (branch0): BasicConv2d<
    (relu): ReLU<>
    >
  (branch1): SequentialCell<
    (0): BasicConv2d<
      (relu): ReLU<>
      >
    (1): BasicConv2d<
      (relu): ReLU<>
      >
    >
  (branch2): SequentialCell<
    (0): BasicConv2d<
      (relu): ReLU<>
      >
    (1): BasicConv2d<
      (relu): ReLU<>
      >
    (2): BasicConv2d<
      (relu): ReLU<>
      >
    >
  (branch_pool): SequentialCell<
    (0): AvgPool2d<kernel_size=3, stride=1, pad_mode=SAME>
    (1): BasicConv2d<
      (relu): ReLU<>
      >
    >
  >
INFO 2024-05-28 15:41:53 - model_mutation_operators.py:1249 - replace Basic with CM op!
INFO 2024-05-28 15:41:53 - model_mutation_operators.py:1300 - mut_result:True
INFO 2024-05-28 15:41:53 - model_mutation_operators.py:1301 - 30 generation!

INFO 2024-05-28 15:41:55 - mutation_test.py:291 - ================== start 31 generation!(31/100) ==================
INFO 2024-05-28 15:41:55 - model_mutation_operators.py:242 - Adopt LD mut_strategy!
INFO 2024-05-28 15:41:55 - model_mutation_operators.py:258 - delete layer_name:dropout2
INFO 2024-05-28 15:41:55 - model_mutation_operators.py:320 - candidate_in_mutlayers_indice:-1
INFO 2024-05-28 15:41:55 - model_mutation_operators.py:325 - adopt DeleteCell EmptyCell
INFO 2024-05-28 15:41:55 - model_mutation_operators.py:505 - mut_result:True
INFO 2024-05-28 15:41:55 - model_mutation_operators.py:506 - 31 generation!

INFO 2024-05-28 15:41:55 - mutation_test.py:291 - ================== start 32 generation!(32/100) ==================
INFO 2024-05-28 15:41:55 - model_mutation_operators.py:242 - Adopt LD mut_strategy!
INFO 2024-05-28 15:41:55 - model_mutation_operators.py:258 - delete layer_name:conv5
INFO 2024-05-28 15:41:55 - model_mutation_operators.py:287 - candidate_in_mutlayers_indice:1

INFO 2024-05-28 15:41:55 - model_mutation_operators.py:505 - mut_result:True
INFO 2024-05-28 15:41:55 - model_mutation_operators.py:506 - 32 generation!

INFO 2024-05-28 15:41:56 - mutation_test.py:291 - ================== start 33 generation!(33/100) ==================
INFO 2024-05-28 15:41:56 - model_mutation_operators.py:24 - Adopt PM mut_strategy!
INFO 2024-05-28 15:41:56 - model_mutation_operators.py:63 - The target model do not have the mutator operators keep_prob!
INFO 2024-05-28 15:41:56 - model_mutation_operators.py:64 - mut_result:Parameter Miss
INFO 2024-05-28 15:41:56 - model_mutation_operators.py:65 - 33 generation!

INFO 2024-05-28 15:41:57 - mutation_test.py:291 - ================== start 34 generation!(34/100) ==================
INFO 2024-05-28 15:41:57 - model_mutation_operators.py:242 - Adopt LD mut_strategy!
INFO 2024-05-28 15:41:57 - model_mutation_operators.py:258 - delete layer_name:pool1
INFO 2024-05-28 15:41:57 - model_mutation_operators.py:287 - candidate_in_mutlayers_indice:0

INFO 2024-05-28 15:41:57 - model_mutation_operators.py:316 - adopt DeleteCell Replace_ms
INFO 2024-05-28 15:41:57 - model_mutation_operators.py:505 - mut_result:True
INFO 2024-05-28 15:41:57 - model_mutation_operators.py:506 - 34 generation!

INFO 2024-05-28 15:41:58 - mutation_test.py:291 - ================== start 35 generation!(35/100) ==================
INFO 2024-05-28 15:41:58 - model_mutation_operators.py:1923 - Adopt LC mut_strategy!
INFO 2024-05-28 15:41:58 - model_mutation_operators.py:1990 - select layer: dropout2 layer_type: <class 'mindspore.nn.layer.basic.Dropout'> in_shape: [2, 4096] out_shape: [2, 4096]
INFO 2024-05-28 15:41:58 - model_mutation_operators.py:1991 - mut Basic type: True
INFO 2024-05-28 15:41:58 - model_mutation_operators.py:1992 - add Basic layer : Basic_op
INFO 2024-05-28 15:41:58 - model_mutation_operators.py:2005 - select insert layer: Dropout<keep_prob=0.5>
INFO 2024-05-28 15:41:58 - model_mutation_operators.py:2040 - insert_layer_outshape equal!
INFO 2024-05-28 15:41:58 - model_mutation_operators.py:2108 - mut_result:True
INFO 2024-05-28 15:41:58 - model_mutation_operators.py:2109 - 35 generation!

INFO 2024-05-28 15:41:58 - mutation_test.py:291 - ================== start 36 generation!(36/100) ==================
INFO 2024-05-28 15:41:58 - model_mutation_operators.py:242 - Adopt LD mut_strategy!
INFO 2024-05-28 15:41:58 - model_mutation_operators.py:258 - delete layer_name:bn3
INFO 2024-05-28 15:41:58 - model_mutation_operators.py:320 - candidate_in_mutlayers_indice:-1
INFO 2024-05-28 15:41:58 - model_mutation_operators.py:325 - adopt DeleteCell EmptyCell
INFO 2024-05-28 15:41:58 - model_mutation_operators.py:505 - mut_result:True
INFO 2024-05-28 15:41:58 - model_mutation_operators.py:506 - 36 generation!

INFO 2024-05-28 15:41:59 - mutation_test.py:291 - ================== start 37 generation!(37/100) ==================
INFO 2024-05-28 15:41:59 - model_mutation_operators.py:1070 - Adopt CM mut_strategy!
INFO 2024-05-28 15:41:59 - model_mutation_operators.py:1149 - candidate_in_mutlayers_indice:1
INFO 2024-05-28 15:41:59 - model_mutation_operators.py:1160 - select layer: dropout2 layer_type: <class 'mindspore.nn.layer.container.SequentialCell'> in_shape: [2, 4096] out_shape: [2, 4096]
INFO 2024-05-28 15:41:59 - model_mutation_operators.py:1161 - mut Basic type: True
INFO 2024-05-28 15:42:00 - model_mutation_operators.py:1204 - select insert layer: SE<
  (SE_pool): GlobalAvgPooling<>
  (act): HSigmoid<>
  (SE_act1): ReLU<>
  (SE_act2): HSigmoid<>
  >
INFO 2024-05-28 15:42:00 - model_mutation_operators.py:1300 - mut_result:True
INFO 2024-05-28 15:42:00 - model_mutation_operators.py:1301 - 37 generation!

INFO 2024-05-28 15:42:00 - mutation_test.py:291 - ================== start 38 generation!(38/100) ==================
INFO 2024-05-28 15:42:00 - model_mutation_operators.py:242 - Adopt LD mut_strategy!
INFO 2024-05-28 15:42:00 - model_mutation_operators.py:258 - delete layer_name:dropout2
INFO 2024-05-28 15:42:00 - model_mutation_operators.py:287 - candidate_in_mutlayers_indice:0

INFO 2024-05-28 15:42:00 - model_mutation_operators.py:505 - mut_result:True
INFO 2024-05-28 15:42:00 - model_mutation_operators.py:506 - 38 generation!

INFO 2024-05-28 15:42:01 - mutation_test.py:291 - ================== start 39 generation!(39/100) ==================
INFO 2024-05-28 15:42:01 - model_mutation_operators.py:242 - Adopt LD mut_strategy!
INFO 2024-05-28 15:42:01 - model_mutation_operators.py:258 - delete layer_name:pool1
INFO 2024-05-28 15:42:01 - model_mutation_operators.py:278 - mut_result:No suitable ops for LD mutation!
INFO 2024-05-28 15:42:01 - model_mutation_operators.py:279 - 39 generation!
INFO 2024-05-28 15:42:01 - mutation_test.py:291 - ================== start 40 generation!(40/100) ==================
INFO 2024-05-28 15:42:01 - model_mutation_operators.py:242 - Adopt LD mut_strategy!
INFO 2024-05-28 15:42:01 - model_mutation_operators.py:258 - delete layer_name:pool1
INFO 2024-05-28 15:42:01 - model_mutation_operators.py:287 - candidate_in_mutlayers_indice:0

INFO 2024-05-28 15:42:01 - model_mutation_operators.py:316 - adopt DeleteCell Replace_ms
INFO 2024-05-28 15:42:01 - model_mutation_operators.py:505 - mut_result:True
INFO 2024-05-28 15:42:01 - model_mutation_operators.py:506 - 40 generation!

INFO 2024-05-28 15:42:02 - mutation_test.py:291 - ================== start 41 generation!(41/100) ==================
INFO 2024-05-28 15:42:02 - model_mutation_operators.py:242 - Adopt LD mut_strategy!
INFO 2024-05-28 15:42:02 - model_mutation_operators.py:258 - delete layer_name:conv5
INFO 2024-05-28 15:42:02 - model_mutation_operators.py:287 - candidate_in_mutlayers_indice:0

INFO 2024-05-28 15:42:02 - model_mutation_operators.py:316 - adopt DeleteCell Replace_ms
INFO 2024-05-28 15:42:02 - model_mutation_operators.py:505 - mut_result:True
INFO 2024-05-28 15:42:02 - model_mutation_operators.py:506 - 41 generation!

INFO 2024-05-28 15:42:02 - mutation_test.py:291 - ================== start 42 generation!(42/100) ==================
INFO 2024-05-28 15:42:02 - model_mutation_operators.py:1923 - Adopt LC mut_strategy!
INFO 2024-05-28 15:42:02 - model_mutation_operators.py:1990 - select layer: dropout2 layer_type: <class 'mindspore.nn.layer.basic.Dropout'> in_shape: [2, 4096] out_shape: [2, 4096]
INFO 2024-05-28 15:42:02 - model_mutation_operators.py:1991 - mut Basic type: True
INFO 2024-05-28 15:42:02 - model_mutation_operators.py:1992 - add Basic layer : Basic_op
INFO 2024-05-28 15:42:02 - model_mutation_operators.py:2005 - select insert layer: Dropout<keep_prob=0.5>
INFO 2024-05-28 15:42:02 - model_mutation_operators.py:2040 - insert_layer_outshape equal!
INFO 2024-05-28 15:42:02 - model_mutation_operators.py:2108 - mut_result:True
INFO 2024-05-28 15:42:02 - model_mutation_operators.py:2109 - 42 generation!

INFO 2024-05-28 15:42:04 - mutation_test.py:291 - ================== start 43 generation!(43/100) ==================
INFO 2024-05-28 15:42:04 - model_mutation_operators.py:2118 - Adopt SM mut_strategy!
INFO 2024-05-28 15:42:04 - model_mutation_operators.py:2156 - select layer: pool1 layer_type: <class 'mindspore.nn.layer.container.SequentialCell'> in_shape: [2, 96, 16, 16] out_shape: [2, 96, 8, 8]
INFO 2024-05-28 15:42:04 - model_mutation_operators.py:2157 - mut Basic type: True
INFO 2024-05-28 15:42:04 - model_mutation_operators.py:2168 - No suitable ops for SM mutation!
INFO 2024-05-28 15:42:04 - model_mutation_operators.py:2169 - 43 generation!
INFO 2024-05-28 15:42:04 - mutation_test.py:291 - ================== start 44 generation!(44/100) ==================
INFO 2024-05-28 15:42:04 - model_mutation_operators.py:242 - Adopt LD mut_strategy!
INFO 2024-05-28 15:42:04 - model_mutation_operators.py:258 - delete layer_name:conv5
INFO 2024-05-28 15:42:04 - model_mutation_operators.py:287 - candidate_in_mutlayers_indice:0

INFO 2024-05-28 15:42:04 - model_mutation_operators.py:316 - adopt DeleteCell Replace_ms
INFO 2024-05-28 15:42:04 - model_mutation_operators.py:505 - mut_result:True
INFO 2024-05-28 15:42:04 - model_mutation_operators.py:506 - 44 generation!

INFO 2024-05-28 15:42:05 - mutation_test.py:291 - ================== start 45 generation!(45/100) ==================
INFO 2024-05-28 15:42:05 - model_mutation_operators.py:1923 - Adopt LC mut_strategy!
INFO 2024-05-28 15:42:05 - model_mutation_operators.py:1990 - select layer: dropout2 layer_type: <class 'mindspore.nn.layer.basic.Dropout'> in_shape: [2, 4096] out_shape: [2, 4096]
INFO 2024-05-28 15:42:05 - model_mutation_operators.py:1991 - mut Basic type: True
INFO 2024-05-28 15:42:05 - model_mutation_operators.py:1992 - add Basic layer : Basic_op
INFO 2024-05-28 15:42:05 - model_mutation_operators.py:2005 - select insert layer: Dropout<keep_prob=0.5>
INFO 2024-05-28 15:42:05 - model_mutation_operators.py:2040 - insert_layer_outshape equal!
INFO 2024-05-28 15:42:05 - model_mutation_operators.py:2108 - mut_result:True
INFO 2024-05-28 15:42:05 - model_mutation_operators.py:2109 - 45 generation!

INFO 2024-05-28 15:42:05 - mutation_test.py:291 - ================== start 46 generation!(46/100) ==================
INFO 2024-05-28 15:42:05 - model_mutation_operators.py:1070 - Adopt CM mut_strategy!
INFO 2024-05-28 15:42:05 - model_mutation_operators.py:1116 - mut_result:No suitable ops for CM mutation!
INFO 2024-05-28 15:42:05 - model_mutation_operators.py:1117 - 46 generation!
INFO 2024-05-28 15:42:06 - mutation_test.py:291 - ================== start 47 generation!(47/100) ==================
INFO 2024-05-28 15:42:06 - model_mutation_operators.py:242 - Adopt LD mut_strategy!
INFO 2024-05-28 15:42:06 - model_mutation_operators.py:258 - delete layer_name:conv5
INFO 2024-05-28 15:42:06 - model_mutation_operators.py:287 - candidate_in_mutlayers_indice:1

INFO 2024-05-28 15:42:06 - model_mutation_operators.py:505 - mut_result:True
INFO 2024-05-28 15:42:06 - model_mutation_operators.py:506 - 47 generation!

INFO 2024-05-28 15:42:06 - mutation_test.py:291 - ================== start 48 generation!(48/100) ==================
INFO 2024-05-28 15:42:06 - model_mutation_operators.py:515 - Adopt LA mut_strategy!
INFO 2024-05-28 15:42:06 - model_mutation_operators.py:590 - candidate_in_mutlayers_indice:-1
INFO 2024-05-28 15:42:06 - model_mutation_operators.py:599 - select layer: bn3 layer_type: <class 'mindspore.nn.layer.normalization.BatchNorm2d'> in_shape: [2, 256, 2, 2] out_shape: [2, 256, 2, 2]
INFO 2024-05-28 15:42:06 - model_mutation_operators.py:600 - mut Basic type: True
INFO 2024-05-28 15:42:06 - model_mutation_operators.py:601 - add Basic layer : Basic_op
INFO 2024-05-28 15:42:06 - model_mutation_operators.py:615 - select insert layer: ReLU<>
INFO 2024-05-28 15:42:06 - model_mutation_operators.py:628 - insert_layer_outshape equal!
INFO 2024-05-28 15:42:06 - model_mutation_operators.py:745 - mut_result:True
INFO 2024-05-28 15:42:06 - model_mutation_operators.py:746 - 48 generation!

INFO 2024-05-28 15:42:07 - mutation_test.py:291 - ================== start 49 generation!(49/100) ==================
INFO 2024-05-28 15:42:07 - model_mutation_operators.py:2118 - Adopt SM mut_strategy!
INFO 2024-05-28 15:42:07 - model_mutation_operators.py:2156 - select layer: pool2 layer_type: <class 'mindspore.nn.layer.container.SequentialCell'> in_shape: [2, 256, 8, 8] out_shape: [2, 256, 4, 4]
INFO 2024-05-28 15:42:07 - model_mutation_operators.py:2157 - mut Basic type: True
INFO 2024-05-28 15:42:07 - model_mutation_operators.py:2168 - No suitable ops for SM mutation!
INFO 2024-05-28 15:42:07 - model_mutation_operators.py:2169 - 49 generation!
INFO 2024-05-28 15:42:07 - mutation_test.py:291 - ================== start 50 generation!(50/100) ==================
INFO 2024-05-28 15:42:07 - model_mutation_operators.py:242 - Adopt LD mut_strategy!
INFO 2024-05-28 15:42:07 - model_mutation_operators.py:258 - delete layer_name:dropout2
INFO 2024-05-28 15:42:07 - model_mutation_operators.py:320 - candidate_in_mutlayers_indice:-1
INFO 2024-05-28 15:42:07 - model_mutation_operators.py:325 - adopt DeleteCell EmptyCell
INFO 2024-05-28 15:42:07 - model_mutation_operators.py:505 - mut_result:True
INFO 2024-05-28 15:42:07 - model_mutation_operators.py:506 - 50 generation!

INFO 2024-05-28 15:42:08 - mutation_test.py:291 - ================== start 51 generation!(51/100) ==================
INFO 2024-05-28 15:42:08 - model_mutation_operators.py:242 - Adopt LD mut_strategy!
INFO 2024-05-28 15:42:08 - model_mutation_operators.py:258 - delete layer_name:bn3
INFO 2024-05-28 15:42:08 - model_mutation_operators.py:320 - candidate_in_mutlayers_indice:-1
INFO 2024-05-28 15:42:08 - model_mutation_operators.py:325 - adopt DeleteCell EmptyCell
INFO 2024-05-28 15:42:08 - model_mutation_operators.py:505 - mut_result:True
INFO 2024-05-28 15:42:08 - model_mutation_operators.py:506 - 51 generation!

INFO 2024-05-28 15:42:08 - mutation_test.py:291 - ================== start 52 generation!(52/100) ==================
INFO 2024-05-28 15:42:08 - model_mutation_operators.py:242 - Adopt LD mut_strategy!
INFO 2024-05-28 15:42:08 - model_mutation_operators.py:258 - delete layer_name:pool2
INFO 2024-05-28 15:42:08 - model_mutation_operators.py:278 - mut_result:No suitable ops for LD mutation!
INFO 2024-05-28 15:42:08 - model_mutation_operators.py:279 - 52 generation!
INFO 2024-05-28 15:42:09 - mutation_test.py:291 - ================== start 53 generation!(53/100) ==================
INFO 2024-05-28 15:42:09 - model_mutation_operators.py:755 - Adopt RA mut_strategy!
INFO 2024-05-28 15:42:09 - model_mutation_operators.py:849 - candidate_in_mutlayers_indice:-1
INFO 2024-05-28 15:42:09 - model_mutation_operators.py:858 - select layer: dropout2 layer_type: <class 'mindspore.nn.layer.basic.Dropout'> in_shape: [2, 4096] out_shape: [2, 4096]
INFO 2024-05-28 15:42:09 - model_mutation_operators.py:859 - mut Basic type: True
INFO 2024-05-28 15:42:09 - model_mutation_operators.py:860 - add Basic layer : Basic_op
INFO 2024-05-28 15:42:09 - model_mutation_operators.py:873 - select insert layer: Tanh<>
INFO 2024-05-28 15:42:09 - model_mutation_operators.py:921 - insert_layer_outshape equal!
INFO 2024-05-28 15:42:09 - model_mutation_operators.py:1060 - mut_result:True
INFO 2024-05-28 15:42:09 - model_mutation_operators.py:1061 - 53 generation!

INFO 2024-05-28 15:42:09 - mutation_test.py:291 - ================== start 54 generation!(54/100) ==================
INFO 2024-05-28 15:42:09 - model_mutation_operators.py:242 - Adopt LD mut_strategy!
INFO 2024-05-28 15:42:09 - model_mutation_operators.py:258 - delete layer_name:dropout2
INFO 2024-05-28 15:42:09 - model_mutation_operators.py:320 - candidate_in_mutlayers_indice:-1
INFO 2024-05-28 15:42:09 - model_mutation_operators.py:325 - adopt DeleteCell EmptyCell
INFO 2024-05-28 15:42:09 - model_mutation_operators.py:505 - mut_result:True
INFO 2024-05-28 15:42:09 - model_mutation_operators.py:506 - 54 generation!

INFO 2024-05-28 15:42:10 - mutation_test.py:291 - ================== start 55 generation!(55/100) ==================
INFO 2024-05-28 15:42:10 - model_mutation_operators.py:242 - Adopt LD mut_strategy!
INFO 2024-05-28 15:42:10 - model_mutation_operators.py:258 - delete layer_name:pool2
INFO 2024-05-28 15:42:10 - model_mutation_operators.py:278 - mut_result:No suitable ops for LD mutation!
INFO 2024-05-28 15:42:10 - model_mutation_operators.py:279 - 55 generation!
INFO 2024-05-28 15:42:10 - mutation_test.py:291 - ================== start 56 generation!(56/100) ==================
INFO 2024-05-28 15:42:10 - model_mutation_operators.py:242 - Adopt LD mut_strategy!
INFO 2024-05-28 15:42:10 - model_mutation_operators.py:258 - delete layer_name:pool2
INFO 2024-05-28 15:42:10 - model_mutation_operators.py:278 - mut_result:No suitable ops for LD mutation!
INFO 2024-05-28 15:42:10 - model_mutation_operators.py:279 - 56 generation!
INFO 2024-05-28 15:42:11 - mutation_test.py:291 - ================== start 57 generation!(57/100) ==================
INFO 2024-05-28 15:42:11 - model_mutation_operators.py:242 - Adopt LD mut_strategy!
INFO 2024-05-28 15:42:11 - model_mutation_operators.py:258 - delete layer_name:conv5
INFO 2024-05-28 15:42:11 - model_mutation_operators.py:287 - candidate_in_mutlayers_indice:0

INFO 2024-05-28 15:42:11 - model_mutation_operators.py:316 - adopt DeleteCell Replace_ms
INFO 2024-05-28 15:42:11 - model_mutation_operators.py:505 - mut_result:True
INFO 2024-05-28 15:42:11 - model_mutation_operators.py:506 - 57 generation!

INFO 2024-05-28 15:42:11 - mutation_test.py:291 - ================== start 58 generation!(58/100) ==================
INFO 2024-05-28 15:42:11 - model_mutation_operators.py:515 - Adopt LA mut_strategy!
INFO 2024-05-28 15:42:11 - model_mutation_operators.py:590 - candidate_in_mutlayers_indice:-1
INFO 2024-05-28 15:42:11 - model_mutation_operators.py:599 - select layer: bn3 layer_type: <class 'mindspore.nn.layer.normalization.BatchNorm2d'> in_shape: [2, 256, 2, 2] out_shape: [2, 256, 2, 2]
INFO 2024-05-28 15:42:11 - model_mutation_operators.py:600 - mut Basic type: True
INFO 2024-05-28 15:42:11 - model_mutation_operators.py:601 - add Basic layer : Cascade_op
INFO 2024-05-28 15:42:11 - model_mutation_operators.py:615 - select insert layer: SE<
  (SE_pool): GlobalAvgPooling<>
  (act): HSigmoid<>
  (SE_act1): ReLU<>
  (SE_act2): HSigmoid<>
  >
INFO 2024-05-28 15:42:11 - model_mutation_operators.py:628 - insert_layer_outshape equal!
INFO 2024-05-28 15:42:11 - model_mutation_operators.py:693 - add Cascade_op after basicop!
INFO 2024-05-28 15:42:11 - model_mutation_operators.py:745 - mut_result:True
INFO 2024-05-28 15:42:11 - model_mutation_operators.py:746 - 58 generation!

INFO 2024-05-28 15:42:12 - mutation_test.py:291 - ================== start 59 generation!(59/100) ==================
INFO 2024-05-28 15:42:12 - model_mutation_operators.py:242 - Adopt LD mut_strategy!
INFO 2024-05-28 15:42:12 - model_mutation_operators.py:258 - delete layer_name:pool2
INFO 2024-05-28 15:42:12 - model_mutation_operators.py:278 - mut_result:No suitable ops for LD mutation!
INFO 2024-05-28 15:42:12 - model_mutation_operators.py:279 - 59 generation!
INFO 2024-05-28 15:42:13 - mutation_test.py:291 - ================== start 60 generation!(60/100) ==================
INFO 2024-05-28 15:42:13 - model_mutation_operators.py:755 - Adopt RA mut_strategy!
INFO 2024-05-28 15:42:13 - model_mutation_operators.py:817 - candidate_in_mutlayers_indice:1

INFO 2024-05-28 15:42:13 - model_mutation_operators.py:858 - select layer: conv5 layer_type: <class 'mindspore.nn.layer.container.SequentialCell'> in_shape: [2, 384, 4, 4] out_shape: [2, 256, 4, 4]
INFO 2024-05-28 15:42:13 - model_mutation_operators.py:859 - mut Basic type: True
INFO 2024-05-28 15:42:13 - model_mutation_operators.py:860 - add Basic layer : Cascade_op
INFO 2024-05-28 15:42:13 - model_mutation_operators.py:873 - select insert layer: SE<
  (SE_pool): GlobalAvgPooling<>
  (act): HSigmoid<>
  (SE_act1): ReLU<>
  (SE_act2): HSigmoid<>
  >
INFO 2024-05-28 15:42:13 - model_mutation_operators.py:941 - insert_layer_outshape equal!
INFO 2024-05-28 15:42:13 - model_mutation_operators.py:970 - Illegal RA mutate!
INFO 2024-05-28 15:42:13 - model_mutation_operators.py:971 - mut_result:RA Create illegal layer!
INFO 2024-05-28 15:42:13 - model_mutation_operators.py:972 - Exception information: 
For primitive[Conv2D], the input type must be same.
name:[w]:Ref[Tensor[Float32]].
name:[x]:Tensor[Float16].

----------------------------------------------------
- C++ Call Stack: (For framework developers)
----------------------------------------------------
mindspore/core/utils/check_convert_utils.cc:1028 _CheckTypeSame

INFO 2024-05-28 15:42:13 - model_mutation_operators.py:973 - 60 generation!

INFO 2024-05-28 15:42:13 - mutation_test.py:291 - ================== start 61 generation!(61/100) ==================
INFO 2024-05-28 15:42:13 - model_mutation_operators.py:242 - Adopt LD mut_strategy!
INFO 2024-05-28 15:42:13 - model_mutation_operators.py:258 - delete layer_name:dropout2
INFO 2024-05-28 15:42:13 - model_mutation_operators.py:320 - candidate_in_mutlayers_indice:-1
INFO 2024-05-28 15:42:13 - model_mutation_operators.py:325 - adopt DeleteCell EmptyCell
INFO 2024-05-28 15:42:13 - model_mutation_operators.py:505 - mut_result:True
INFO 2024-05-28 15:42:13 - model_mutation_operators.py:506 - 61 generation!

INFO 2024-05-28 15:42:14 - mutation_test.py:291 - ================== start 62 generation!(62/100) ==================
INFO 2024-05-28 15:42:14 - model_mutation_operators.py:242 - Adopt LD mut_strategy!
INFO 2024-05-28 15:42:14 - model_mutation_operators.py:258 - delete layer_name:pool1
INFO 2024-05-28 15:42:14 - model_mutation_operators.py:287 - candidate_in_mutlayers_indice:1

INFO 2024-05-28 15:42:14 - model_mutation_operators.py:505 - mut_result:True
INFO 2024-05-28 15:42:14 - model_mutation_operators.py:506 - 62 generation!

INFO 2024-05-28 15:42:14 - mutation_test.py:291 - ================== start 63 generation!(63/100) ==================
INFO 2024-05-28 15:42:14 - model_mutation_operators.py:242 - Adopt LD mut_strategy!
INFO 2024-05-28 15:42:14 - model_mutation_operators.py:258 - delete layer_name:pool2
INFO 2024-05-28 15:42:14 - model_mutation_operators.py:278 - mut_result:No suitable ops for LD mutation!
INFO 2024-05-28 15:42:14 - model_mutation_operators.py:279 - 63 generation!
INFO 2024-05-28 15:42:15 - mutation_test.py:291 - ================== start 64 generation!(64/100) ==================
INFO 2024-05-28 15:42:15 - model_mutation_operators.py:242 - Adopt LD mut_strategy!
INFO 2024-05-28 15:42:15 - model_mutation_operators.py:258 - delete layer_name:conv5
INFO 2024-05-28 15:42:15 - model_mutation_operators.py:287 - candidate_in_mutlayers_indice:0

INFO 2024-05-28 15:42:15 - model_mutation_operators.py:316 - adopt DeleteCell Replace_ms
INFO 2024-05-28 15:42:15 - model_mutation_operators.py:505 - mut_result:True
INFO 2024-05-28 15:42:15 - model_mutation_operators.py:506 - 64 generation!

INFO 2024-05-28 15:42:16 - mutation_test.py:291 - ================== start 65 generation!(65/100) ==================
INFO 2024-05-28 15:42:16 - model_mutation_operators.py:242 - Adopt LD mut_strategy!
INFO 2024-05-28 15:42:16 - model_mutation_operators.py:258 - delete layer_name:pool2
INFO 2024-05-28 15:42:16 - model_mutation_operators.py:278 - mut_result:No suitable ops for LD mutation!
INFO 2024-05-28 15:42:16 - model_mutation_operators.py:279 - 65 generation!
INFO 2024-05-28 15:42:17 - mutation_test.py:291 - ================== start 66 generation!(66/100) ==================
INFO 2024-05-28 15:42:17 - model_mutation_operators.py:242 - Adopt LD mut_strategy!
INFO 2024-05-28 15:42:17 - model_mutation_operators.py:258 - delete layer_name:dropout2
INFO 2024-05-28 15:42:17 - model_mutation_operators.py:320 - candidate_in_mutlayers_indice:-1
INFO 2024-05-28 15:42:17 - model_mutation_operators.py:325 - adopt DeleteCell EmptyCell
INFO 2024-05-28 15:42:17 - model_mutation_operators.py:505 - mut_result:True
INFO 2024-05-28 15:42:17 - model_mutation_operators.py:506 - 66 generation!

INFO 2024-05-28 15:42:17 - mutation_test.py:291 - ================== start 67 generation!(67/100) ==================
INFO 2024-05-28 15:42:17 - model_mutation_operators.py:515 - Adopt LA mut_strategy!
INFO 2024-05-28 15:42:17 - model_mutation_operators.py:582 - candidate_in_mutlayers_indice:0

INFO 2024-05-28 15:42:17 - model_mutation_operators.py:599 - select layer: conv5 layer_type: <class 'mindspore.nn.layer.container.SequentialCell'> in_shape: [2, 384, 4, 4] out_shape: [2, 256, 4, 4]
INFO 2024-05-28 15:42:17 - model_mutation_operators.py:600 - mut Basic type: True
INFO 2024-05-28 15:42:17 - model_mutation_operators.py:601 - add Basic layer : Cascade_op
INFO 2024-05-28 15:42:18 - model_mutation_operators.py:615 - select insert layer: SE<
  (SE_pool): GlobalAvgPooling<>
  (act): HSigmoid<>
  (SE_act1): ReLU<>
  (SE_act2): HSigmoid<>
  >
INFO 2024-05-28 15:42:18 - model_mutation_operators.py:646 - insert_layer_outshape equal!
INFO 2024-05-28 15:42:18 - model_mutation_operators.py:745 - mut_result:True
INFO 2024-05-28 15:42:18 - model_mutation_operators.py:746 - 67 generation!

INFO 2024-05-28 15:42:18 - mutation_test.py:291 - ================== start 68 generation!(68/100) ==================
INFO 2024-05-28 15:42:18 - model_mutation_operators.py:1923 - Adopt LC mut_strategy!
INFO 2024-05-28 15:42:18 - model_mutation_operators.py:1978 - Illegal LC mutate!
INFO 2024-05-28 15:42:18 - model_mutation_operators.py:1979 - mut_result:LC Create illegal layer!
INFO 2024-05-28 15:42:18 - model_mutation_operators.py:1980 - 68 generation!

INFO 2024-05-28 15:42:18 - mutation_test.py:291 - ================== start 69 generation!(69/100) ==================
INFO 2024-05-28 15:42:18 - model_mutation_operators.py:242 - Adopt LD mut_strategy!
INFO 2024-05-28 15:42:18 - model_mutation_operators.py:258 - delete layer_name:dropout2
INFO 2024-05-28 15:42:18 - model_mutation_operators.py:320 - candidate_in_mutlayers_indice:-1
INFO 2024-05-28 15:42:18 - model_mutation_operators.py:325 - adopt DeleteCell EmptyCell
INFO 2024-05-28 15:42:18 - model_mutation_operators.py:505 - mut_result:True
INFO 2024-05-28 15:42:18 - model_mutation_operators.py:506 - 69 generation!

INFO 2024-05-28 15:42:18 - mutation_test.py:291 - ================== start 70 generation!(70/100) ==================
INFO 2024-05-28 15:42:18 - model_mutation_operators.py:515 - Adopt LA mut_strategy!
INFO 2024-05-28 15:42:18 - model_mutation_operators.py:560 - mut_result:No suitable ops for LA mutation!
INFO 2024-05-28 15:42:18 - model_mutation_operators.py:561 - 70 generation!
INFO 2024-05-28 15:42:19 - mutation_test.py:291 - ================== start 71 generation!(71/100) ==================
INFO 2024-05-28 15:42:19 - model_mutation_operators.py:242 - Adopt LD mut_strategy!
INFO 2024-05-28 15:42:19 - model_mutation_operators.py:258 - delete layer_name:bn3
INFO 2024-05-28 15:42:19 - model_mutation_operators.py:320 - candidate_in_mutlayers_indice:-1
INFO 2024-05-28 15:42:19 - model_mutation_operators.py:325 - adopt DeleteCell EmptyCell
INFO 2024-05-28 15:42:19 - model_mutation_operators.py:505 - mut_result:True
INFO 2024-05-28 15:42:19 - model_mutation_operators.py:506 - 71 generation!

INFO 2024-05-28 15:42:19 - mutation_test.py:291 - ================== start 72 generation!(72/100) ==================
INFO 2024-05-28 15:42:19 - model_mutation_operators.py:242 - Adopt LD mut_strategy!
INFO 2024-05-28 15:42:19 - model_mutation_operators.py:258 - delete layer_name:dropout2
INFO 2024-05-28 15:42:19 - model_mutation_operators.py:320 - candidate_in_mutlayers_indice:-1
INFO 2024-05-28 15:42:19 - model_mutation_operators.py:325 - adopt DeleteCell EmptyCell
INFO 2024-05-28 15:42:19 - model_mutation_operators.py:505 - mut_result:True
INFO 2024-05-28 15:42:19 - model_mutation_operators.py:506 - 72 generation!

INFO 2024-05-28 15:42:20 - mutation_test.py:291 - ================== start 73 generation!(73/100) ==================
INFO 2024-05-28 15:42:20 - model_mutation_operators.py:242 - Adopt LD mut_strategy!
INFO 2024-05-28 15:42:20 - model_mutation_operators.py:258 - delete layer_name:pool1
INFO 2024-05-28 15:42:20 - model_mutation_operators.py:287 - candidate_in_mutlayers_indice:0

INFO 2024-05-28 15:42:20 - model_mutation_operators.py:316 - adopt DeleteCell Replace_ms
INFO 2024-05-28 15:42:20 - model_mutation_operators.py:505 - mut_result:True
INFO 2024-05-28 15:42:20 - model_mutation_operators.py:506 - 73 generation!

INFO 2024-05-28 15:42:20 - mutation_test.py:291 - ================== start 74 generation!(74/100) ==================
INFO 2024-05-28 15:42:20 - model_mutation_operators.py:242 - Adopt LD mut_strategy!
INFO 2024-05-28 15:42:20 - model_mutation_operators.py:258 - delete layer_name:pool1
INFO 2024-05-28 15:42:20 - model_mutation_operators.py:278 - mut_result:No suitable ops for LD mutation!
INFO 2024-05-28 15:42:20 - model_mutation_operators.py:279 - 74 generation!
INFO 2024-05-28 15:42:20 - mutation_test.py:291 - ================== start 75 generation!(75/100) ==================
INFO 2024-05-28 15:42:20 - model_mutation_operators.py:242 - Adopt LD mut_strategy!
INFO 2024-05-28 15:42:20 - model_mutation_operators.py:258 - delete layer_name:pool1
INFO 2024-05-28 15:42:20 - model_mutation_operators.py:287 - candidate_in_mutlayers_indice:1

INFO 2024-05-28 15:42:20 - model_mutation_operators.py:505 - mut_result:True
INFO 2024-05-28 15:42:20 - model_mutation_operators.py:506 - 75 generation!

INFO 2024-05-28 15:42:20 - mutation_test.py:291 - ================== start 76 generation!(76/100) ==================
INFO 2024-05-28 15:42:20 - model_mutation_operators.py:242 - Adopt LD mut_strategy!
INFO 2024-05-28 15:42:20 - model_mutation_operators.py:258 - delete layer_name:dropout2
INFO 2024-05-28 15:42:20 - model_mutation_operators.py:320 - candidate_in_mutlayers_indice:-1
INFO 2024-05-28 15:42:20 - model_mutation_operators.py:325 - adopt DeleteCell EmptyCell
INFO 2024-05-28 15:42:20 - model_mutation_operators.py:505 - mut_result:True
INFO 2024-05-28 15:42:20 - model_mutation_operators.py:506 - 76 generation!

INFO 2024-05-28 15:42:21 - mutation_test.py:291 - ================== start 77 generation!(77/100) ==================
INFO 2024-05-28 15:42:21 - model_mutation_operators.py:242 - Adopt LD mut_strategy!
INFO 2024-05-28 15:42:21 - model_mutation_operators.py:258 - delete layer_name:pool1
INFO 2024-05-28 15:42:21 - model_mutation_operators.py:287 - candidate_in_mutlayers_indice:0

INFO 2024-05-28 15:42:21 - model_mutation_operators.py:316 - adopt DeleteCell Replace_ms
INFO 2024-05-28 15:42:21 - model_mutation_operators.py:505 - mut_result:True
INFO 2024-05-28 15:42:21 - model_mutation_operators.py:506 - 77 generation!

INFO 2024-05-28 15:42:21 - mutation_test.py:291 - ================== start 78 generation!(78/100) ==================
INFO 2024-05-28 15:42:21 - model_mutation_operators.py:1923 - Adopt LC mut_strategy!
INFO 2024-05-28 15:42:21 - model_mutation_operators.py:1990 - select layer: bn3 layer_type: <class 'mindspore.nn.layer.normalization.BatchNorm2d'> in_shape: [2, 256, 2, 2] out_shape: [2, 256, 2, 2]
INFO 2024-05-28 15:42:21 - model_mutation_operators.py:1991 - mut Basic type: True
INFO 2024-05-28 15:42:21 - model_mutation_operators.py:1992 - add Basic layer : Basic_op
INFO 2024-05-28 15:42:21 - model_mutation_operators.py:2005 - select insert layer: BatchNorm2d<num_features=256, eps=1e-05, momentum=0.09999999999999998, gamma=Parameter (name=gamma, shape=(256,), dtype=Float32, requires_grad=True), beta=Parameter (name=beta, shape=(256,), dtype=Float32, requires_grad=True), moving_mean=Parameter (name=mean, shape=(256,), dtype=Float32, requires_grad=False), moving_variance=Parameter (name=variance, shape=(256,), dtype=Float32, requires_grad=False)>
INFO 2024-05-28 15:42:21 - model_mutation_operators.py:2040 - insert_layer_outshape equal!
INFO 2024-05-28 15:42:21 - model_mutation_operators.py:2108 - mut_result:True
INFO 2024-05-28 15:42:21 - model_mutation_operators.py:2109 - 78 generation!

INFO 2024-05-28 15:42:22 - mutation_test.py:291 - ================== start 79 generation!(79/100) ==================
INFO 2024-05-28 15:42:22 - model_mutation_operators.py:242 - Adopt LD mut_strategy!
INFO 2024-05-28 15:42:22 - model_mutation_operators.py:258 - delete layer_name:pool2
INFO 2024-05-28 15:42:22 - model_mutation_operators.py:278 - mut_result:No suitable ops for LD mutation!
INFO 2024-05-28 15:42:22 - model_mutation_operators.py:279 - 79 generation!
INFO 2024-05-28 15:42:23 - mutation_test.py:291 - ================== start 80 generation!(80/100) ==================
INFO 2024-05-28 15:42:23 - model_mutation_operators.py:242 - Adopt LD mut_strategy!
INFO 2024-05-28 15:42:23 - model_mutation_operators.py:258 - delete layer_name:conv5
INFO 2024-05-28 15:42:23 - model_mutation_operators.py:287 - candidate_in_mutlayers_indice:0

INFO 2024-05-28 15:42:23 - model_mutation_operators.py:316 - adopt DeleteCell Replace_ms
INFO 2024-05-28 15:42:23 - model_mutation_operators.py:505 - mut_result:True
INFO 2024-05-28 15:42:23 - model_mutation_operators.py:506 - 80 generation!

INFO 2024-05-28 15:42:24 - mutation_test.py:291 - ================== start 81 generation!(81/100) ==================
INFO 2024-05-28 15:42:24 - model_mutation_operators.py:242 - Adopt LD mut_strategy!
INFO 2024-05-28 15:42:24 - model_mutation_operators.py:258 - delete layer_name:pool2
INFO 2024-05-28 15:42:24 - model_mutation_operators.py:278 - mut_result:No suitable ops for LD mutation!
INFO 2024-05-28 15:42:24 - model_mutation_operators.py:279 - 81 generation!
INFO 2024-05-28 15:42:24 - mutation_test.py:291 - ================== start 82 generation!(82/100) ==================
INFO 2024-05-28 15:42:24 - model_mutation_operators.py:242 - Adopt LD mut_strategy!
INFO 2024-05-28 15:42:24 - model_mutation_operators.py:258 - delete layer_name:dropout2
INFO 2024-05-28 15:42:24 - model_mutation_operators.py:320 - candidate_in_mutlayers_indice:-1
INFO 2024-05-28 15:42:24 - model_mutation_operators.py:325 - adopt DeleteCell EmptyCell
INFO 2024-05-28 15:42:24 - model_mutation_operators.py:505 - mut_result:True
INFO 2024-05-28 15:42:24 - model_mutation_operators.py:506 - 82 generation!

INFO 2024-05-28 15:42:25 - mutation_test.py:291 - ================== start 83 generation!(83/100) ==================
INFO 2024-05-28 15:42:25 - model_mutation_operators.py:2118 - Adopt SM mut_strategy!
INFO 2024-05-28 15:42:25 - model_mutation_operators.py:2156 - select layer: conv5 layer_type: <class 'mindspore.nn.layer.container.SequentialCell'> in_shape: [2, 384, 4, 4] out_shape: [2, 256, 4, 4]
INFO 2024-05-28 15:42:25 - model_mutation_operators.py:2157 - mut Basic type: True
INFO 2024-05-28 15:42:25 - model_mutation_operators.py:2201 - candidate_in_mutlayers_indice:0
INFO 2024-05-28 15:42:25 - model_mutation_operators.py:2243 - mutate output_shape: [2, 13, 15, 20]
INFO 2024-05-28 15:42:25 - model_mutation_operators.py:2359 - mut_result:True
INFO 2024-05-28 15:42:25 - model_mutation_operators.py:2360 - 83 generation!

INFO 2024-05-28 15:42:25 - mutation_test.py:291 - ================== start 84 generation!(84/100) ==================
INFO 2024-05-28 15:42:25 - model_mutation_operators.py:24 - Adopt PM mut_strategy!
INFO 2024-05-28 15:42:25 - model_mutation_operators.py:80 - candidate_in_mutlayers_indice:-1
INFO 2024-05-28 15:42:25 - model_mutation_operators.py:93 - select op: bn3 layer_type: BatchNorm2d selected param:momentum input_shape:[2, 256, 2, 2] output_shape:[2, 256, 2, 2]
INFO 2024-05-28 15:42:25 - model_mutation_operators.py:160 - mutate_replace_layer: BatchNorm2d<num_features=256, eps=1e-05, momentum=0.3999999999999999, gamma=Parameter (name=gamma, shape=(256,), dtype=Float32, requires_grad=True), beta=Parameter (name=beta, shape=(256,), dtype=Float32, requires_grad=True), moving_mean=Parameter (name=mean, shape=(256,), dtype=Float32, requires_grad=False), moving_variance=Parameter (name=variance, shape=(256,), dtype=Float32, requires_grad=False)>
INFO 2024-05-28 15:42:25 - model_mutation_operators.py:192 - Previous value: 0.09999999999999998 Edit value: 0.3999999999999999 new_inshape: (2, 256, 2, 2) new_outshape: (2, 256, 2, 2)
INFO 2024-05-28 15:42:25 - model_mutation_operators.py:231 - BatchNorm2d<num_features=256, eps=1e-05, momentum=0.3999999999999999, gamma=Parameter (name=bn3.gamma, shape=(256,), dtype=Float32, requires_grad=True), beta=Parameter (name=bn3.beta, shape=(256,), dtype=Float32, requires_grad=True), moving_mean=Parameter (name=bn3.moving_mean, shape=(256,), dtype=Float32, requires_grad=False), moving_variance=Parameter (name=bn3.moving_variance, shape=(256,), dtype=Float32, requires_grad=False)>
INFO 2024-05-28 15:42:25 - model_mutation_operators.py:232 - mut_result:True
INFO 2024-05-28 15:42:25 - model_mutation_operators.py:233 - 84 generation!

INFO 2024-05-28 15:42:27 - mutation_test.py:291 - ================== start 85 generation!(85/100) ==================
INFO 2024-05-28 15:42:27 - model_mutation_operators.py:242 - Adopt LD mut_strategy!
INFO 2024-05-28 15:42:27 - model_mutation_operators.py:258 - delete layer_name:bn3
INFO 2024-05-28 15:42:27 - model_mutation_operators.py:320 - candidate_in_mutlayers_indice:-1
INFO 2024-05-28 15:42:27 - model_mutation_operators.py:325 - adopt DeleteCell EmptyCell
INFO 2024-05-28 15:42:27 - model_mutation_operators.py:505 - mut_result:True
INFO 2024-05-28 15:42:27 - model_mutation_operators.py:506 - 85 generation!

INFO 2024-05-28 15:42:27 - mutation_test.py:291 - ================== start 86 generation!(86/100) ==================
INFO 2024-05-28 15:42:27 - model_mutation_operators.py:242 - Adopt LD mut_strategy!
INFO 2024-05-28 15:42:27 - model_mutation_operators.py:258 - delete layer_name:pool2
INFO 2024-05-28 15:42:27 - model_mutation_operators.py:278 - mut_result:No suitable ops for LD mutation!
INFO 2024-05-28 15:42:27 - model_mutation_operators.py:279 - 86 generation!
INFO 2024-05-28 15:42:27 - mutation_test.py:291 - ================== start 87 generation!(87/100) ==================
INFO 2024-05-28 15:42:27 - model_mutation_operators.py:242 - Adopt LD mut_strategy!
INFO 2024-05-28 15:42:27 - model_mutation_operators.py:258 - delete layer_name:pool2
INFO 2024-05-28 15:42:27 - model_mutation_operators.py:278 - mut_result:No suitable ops for LD mutation!
INFO 2024-05-28 15:42:27 - model_mutation_operators.py:279 - 87 generation!
INFO 2024-05-28 15:42:28 - mutation_test.py:291 - ================== start 88 generation!(88/100) ==================
INFO 2024-05-28 15:42:28 - model_mutation_operators.py:242 - Adopt LD mut_strategy!
INFO 2024-05-28 15:42:28 - model_mutation_operators.py:258 - delete layer_name:pool1
INFO 2024-05-28 15:42:28 - model_mutation_operators.py:287 - candidate_in_mutlayers_indice:0

INFO 2024-05-28 15:42:28 - model_mutation_operators.py:316 - adopt DeleteCell Replace_ms
INFO 2024-05-28 15:42:28 - model_mutation_operators.py:505 - mut_result:True
INFO 2024-05-28 15:42:28 - model_mutation_operators.py:506 - 88 generation!

INFO 2024-05-28 15:42:29 - mutation_test.py:291 - ================== start 89 generation!(89/100) ==================
INFO 2024-05-28 15:42:29 - model_mutation_operators.py:242 - Adopt LD mut_strategy!
INFO 2024-05-28 15:42:29 - model_mutation_operators.py:258 - delete layer_name:bn3
INFO 2024-05-28 15:42:29 - model_mutation_operators.py:320 - candidate_in_mutlayers_indice:-1
INFO 2024-05-28 15:42:29 - model_mutation_operators.py:325 - adopt DeleteCell EmptyCell
INFO 2024-05-28 15:42:29 - model_mutation_operators.py:505 - mut_result:True
INFO 2024-05-28 15:42:29 - model_mutation_operators.py:506 - 89 generation!

INFO 2024-05-28 15:42:29 - mutation_test.py:291 - ================== start 90 generation!(90/100) ==================
INFO 2024-05-28 15:42:29 - model_mutation_operators.py:242 - Adopt LD mut_strategy!
INFO 2024-05-28 15:42:29 - model_mutation_operators.py:258 - delete layer_name:conv5
INFO 2024-05-28 15:42:29 - model_mutation_operators.py:287 - candidate_in_mutlayers_indice:0

INFO 2024-05-28 15:42:29 - model_mutation_operators.py:316 - adopt DeleteCell Replace_ms
INFO 2024-05-28 15:42:29 - model_mutation_operators.py:505 - mut_result:True
INFO 2024-05-28 15:42:29 - model_mutation_operators.py:506 - 90 generation!

INFO 2024-05-28 15:42:30 - mutation_test.py:291 - ================== start 91 generation!(91/100) ==================
INFO 2024-05-28 15:42:30 - model_mutation_operators.py:242 - Adopt LD mut_strategy!
INFO 2024-05-28 15:42:30 - model_mutation_operators.py:258 - delete layer_name:pool1
INFO 2024-05-28 15:42:30 - model_mutation_operators.py:278 - mut_result:No suitable ops for LD mutation!
INFO 2024-05-28 15:42:30 - model_mutation_operators.py:279 - 91 generation!
INFO 2024-05-28 15:42:30 - mutation_test.py:291 - ================== start 92 generation!(92/100) ==================
INFO 2024-05-28 15:42:30 - model_mutation_operators.py:242 - Adopt LD mut_strategy!
INFO 2024-05-28 15:42:30 - model_mutation_operators.py:258 - delete layer_name:dropout2
INFO 2024-05-28 15:42:30 - model_mutation_operators.py:320 - candidate_in_mutlayers_indice:-1
INFO 2024-05-28 15:42:30 - model_mutation_operators.py:325 - adopt DeleteCell EmptyCell
INFO 2024-05-28 15:42:30 - model_mutation_operators.py:505 - mut_result:True
INFO 2024-05-28 15:42:30 - model_mutation_operators.py:506 - 92 generation!

INFO 2024-05-28 15:42:31 - mutation_test.py:291 - ================== start 93 generation!(93/100) ==================
INFO 2024-05-28 15:42:31 - model_mutation_operators.py:515 - Adopt LA mut_strategy!
INFO 2024-05-28 15:42:31 - model_mutation_operators.py:590 - candidate_in_mutlayers_indice:-1
INFO 2024-05-28 15:42:31 - model_mutation_operators.py:599 - select layer: bn3 layer_type: <class 'mindspore.nn.layer.normalization.BatchNorm2d'> in_shape: [2, 256, 2, 2] out_shape: [2, 256, 2, 2]
INFO 2024-05-28 15:42:31 - model_mutation_operators.py:600 - mut Basic type: True
INFO 2024-05-28 15:42:31 - model_mutation_operators.py:601 - add Basic layer : Cascade_op
INFO 2024-05-28 15:42:31 - model_mutation_operators.py:615 - select insert layer: dwpw_group<
  (depthwise): dwpw_basic<
    (dwpw_conv): Conv2d<input_channels=256, output_channels=256, kernel_size=(1, 1), stride=(1, 1), pad_mode=same, padding=0, dilation=(1, 1), group=256, has_bias=False, weight_init=<mindspore.common.initializer.HeUniform object at 0x7f2eb23f2b50>, bias_init=None, format=NCHW>
    (dwpw_bn): BatchNorm2d<num_features=256, eps=1e-05, momentum=0.9, gamma=Parameter (name=depthwise.dwpw_bn.gamma, shape=(256,), dtype=Float32, requires_grad=True), beta=Parameter (name=depthwise.dwpw_bn.beta, shape=(256,), dtype=Float32, requires_grad=True), moving_mean=Parameter (name=depthwise.dwpw_bn.moving_mean, shape=(256,), dtype=Float32, requires_grad=False), moving_variance=Parameter (name=depthwise.dwpw_bn.moving_variance, shape=(256,), dtype=Float32, requires_grad=False)>
    (dwpw_activation): Softmax<>
    >
  (pointwise): dwpw_basic<
    (dwpw_conv): Conv2d<input_channels=256, output_channels=256, kernel_size=(1, 1), stride=(1, 1), pad_mode=same, padding=0, dilation=(1, 1), group=1, has_bias=False, weight_init=<mindspore.common.initializer.HeUniform object at 0x7f2eb23f2e50>, bias_init=None, format=NCHW>
    (dwpw_bn): BatchNorm2d<num_features=256, eps=1e-05, momentum=0.9, gamma=Parameter (name=pointwise.dwpw_bn.gamma, shape=(256,), dtype=Float32, requires_grad=True), beta=Parameter (name=pointwise.dwpw_bn.beta, shape=(256,), dtype=Float32, requires_grad=True), moving_mean=Parameter (name=pointwise.dwpw_bn.moving_mean, shape=(256,), dtype=Float32, requires_grad=False), moving_variance=Parameter (name=pointwise.dwpw_bn.moving_variance, shape=(256,), dtype=Float32, requires_grad=False)>
    (dwpw_activation): Softmax<>
    >
  >
INFO 2024-05-28 15:42:31 - model_mutation_operators.py:628 - insert_layer_outshape equal!
INFO 2024-05-28 15:42:31 - model_mutation_operators.py:693 - add Cascade_op after basicop!
INFO 2024-05-28 15:42:31 - model_mutation_operators.py:745 - mut_result:True
INFO 2024-05-28 15:42:31 - model_mutation_operators.py:746 - 93 generation!

INFO 2024-05-28 15:42:31 - mutation_test.py:291 - ================== start 94 generation!(94/100) ==================
INFO 2024-05-28 15:42:31 - model_mutation_operators.py:242 - Adopt LD mut_strategy!
INFO 2024-05-28 15:42:31 - model_mutation_operators.py:258 - delete layer_name:conv5
INFO 2024-05-28 15:42:31 - model_mutation_operators.py:287 - candidate_in_mutlayers_indice:0

INFO 2024-05-28 15:42:31 - model_mutation_operators.py:316 - adopt DeleteCell Replace_ms
INFO 2024-05-28 15:42:31 - model_mutation_operators.py:505 - mut_result:True
INFO 2024-05-28 15:42:31 - model_mutation_operators.py:506 - 94 generation!

INFO 2024-05-28 15:42:33 - mutation_test.py:291 - ================== start 95 generation!(95/100) ==================
INFO 2024-05-28 15:42:33 - model_mutation_operators.py:24 - Adopt PM mut_strategy!
INFO 2024-05-28 15:42:33 - model_mutation_operators.py:63 - The target model do not have the mutator operators kernel_size!
INFO 2024-05-28 15:42:33 - model_mutation_operators.py:64 - mut_result:Parameter Miss
INFO 2024-05-28 15:42:33 - model_mutation_operators.py:65 - 95 generation!

INFO 2024-05-28 15:42:33 - mutation_test.py:291 - ================== start 96 generation!(96/100) ==================
INFO 2024-05-28 15:42:33 - model_mutation_operators.py:242 - Adopt LD mut_strategy!
INFO 2024-05-28 15:42:33 - model_mutation_operators.py:258 - delete layer_name:conv5
INFO 2024-05-28 15:42:33 - model_mutation_operators.py:287 - candidate_in_mutlayers_indice:0

INFO 2024-05-28 15:42:33 - model_mutation_operators.py:316 - adopt DeleteCell Replace_ms
INFO 2024-05-28 15:42:33 - model_mutation_operators.py:505 - mut_result:True
INFO 2024-05-28 15:42:33 - model_mutation_operators.py:506 - 96 generation!

INFO 2024-05-28 15:42:34 - mutation_test.py:291 - ================== start 97 generation!(97/100) ==================
INFO 2024-05-28 15:42:34 - model_mutation_operators.py:515 - Adopt LA mut_strategy!
INFO 2024-05-28 15:42:34 - model_mutation_operators.py:560 - mut_result:No suitable ops for LA mutation!
INFO 2024-05-28 15:42:34 - model_mutation_operators.py:561 - 97 generation!
INFO 2024-05-28 15:42:35 - mutation_test.py:291 - ================== start 98 generation!(98/100) ==================
INFO 2024-05-28 15:42:35 - model_mutation_operators.py:755 - Adopt RA mut_strategy!
INFO 2024-05-28 15:42:35 - model_mutation_operators.py:817 - candidate_in_mutlayers_indice:0

INFO 2024-05-28 15:42:35 - model_mutation_operators.py:858 - select layer: conv5 layer_type: <class 'mindspore.nn.layer.container.SequentialCell'> in_shape: [2, 384, 4, 4] out_shape: [2, 256, 4, 4]
INFO 2024-05-28 15:42:35 - model_mutation_operators.py:859 - mut Basic type: True
INFO 2024-05-28 15:42:35 - model_mutation_operators.py:860 - add Basic layer : Basic_op
INFO 2024-05-28 15:42:35 - model_mutation_operators.py:873 - select insert layer: Conv2dTranspose<input_channels=384, output_channels=256, kernel_size=(1, 1), stride=(1, 1), pad_mode=same, padding=0, dilation=(1, 1), group=1, has_bias=False, weight_init=<mindspore.common.initializer.HeUniform object at 0x7f2eb23f2b50>, bias_init=None, format=NCHW>
INFO 2024-05-28 15:42:35 - model_mutation_operators.py:941 - insert_layer_outshape equal!
INFO 2024-05-28 15:42:35 - model_mutation_operators.py:1060 - mut_result:True
INFO 2024-05-28 15:42:35 - model_mutation_operators.py:1061 - 98 generation!

INFO 2024-05-28 15:42:36 - mutation_test.py:291 - ================== start 99 generation!(99/100) ==================
INFO 2024-05-28 15:42:36 - model_mutation_operators.py:2118 - Adopt SM mut_strategy!
INFO 2024-05-28 15:42:36 - model_mutation_operators.py:2156 - select layer: dropout2 layer_type: <class 'mindspore.nn.layer.basic.Dropout'> in_shape: [2, 4096] out_shape: [2, 4096]
INFO 2024-05-28 15:42:36 - model_mutation_operators.py:2157 - mut Basic type: True
INFO 2024-05-28 15:42:36 - model_mutation_operators.py:2205 - candidate_in_mutlayers_indice:-1
INFO 2024-05-28 15:42:36 - model_mutation_operators.py:2264 - mutate input_shape: [2, 6, 2]
INFO 2024-05-28 15:42:36 - model_mutation_operators.py:2359 - mut_result:True
INFO 2024-05-28 15:42:36 - model_mutation_operators.py:2360 - 99 generation!

INFO 2024-05-28 15:42:36 - mutation_test.py:291 - ================== start 100 generation!(100/100) ==================
INFO 2024-05-28 15:42:36 - model_mutation_operators.py:242 - Adopt LD mut_strategy!
INFO 2024-05-28 15:42:36 - model_mutation_operators.py:258 - delete layer_name:bn3
INFO 2024-05-28 15:42:36 - model_mutation_operators.py:320 - candidate_in_mutlayers_indice:-1
INFO 2024-05-28 15:42:36 - model_mutation_operators.py:325 - adopt DeleteCell EmptyCell
INFO 2024-05-28 15:42:36 - model_mutation_operators.py:505 - mut_result:True
INFO 2024-05-28 15:42:36 - model_mutation_operators.py:506 - 100 generation!

INFO 2024-05-28 15:42:37 - mutation_test.py:441 - mutation_scores: [2.2318351, 2.6406395, 2.6826782, 2.7229333, 1.9779316, 2.1406555, 2.067986, 2.2339015, 2.1301506, 2.1514955, 2.1794775, 2.446408, 2.8328753, 2.470491, 2.5205078, -100, 4.447179, 3.5738168, 3.5827584, 2.8692038, 3.5057683, -100, -100, 6.5908537, 6.5779114, 1.8706697, 1.8706697, -100, 1.9247901, 1.8956459, 1.8849287, 1.9031146, -100, 6.812253, 6.534158, 2.2227283, 2.3143523, 2.0876231, -100, 5.5218577, 5.9085054, 6.5678167, -100, 4.586478, 3.0187297, -100, 6.644445, 5.404864, -100, 4.856608, 1.8916719, -100, 3.3353565, 4.63193, -100, -100, 6.446028, 2.3440654, -100, -100, 4.9517336, 4.651931, -100, 5.3480496, -100, 4.556137, 3.3099823, -100, 4.714459, -100, 1.941321, 1.8864845, 1.9864448, -100, 6.396498, 4.867791, 4.873248, 4.8732266, -100, 1.8706697, -100, 4.9107146, 4.9107146, 1.8951918, 1.8951919, -100, -100, 5.725397, 2.1130834, 5.408881, -100, 4.8048525, 2.8461313, 2.8702464, -100, 7.01172, -100, 7.257308, 6.6225767, 1.8835529]
INFO 2024-05-28 15:42:37 - mutation_test.py:443 - **** stage1 select generations: [57 35 42 25 24 99 47 34 96 98] ****

INFO 2024-05-28 15:42:37 - mutation_test.py:250 - mutation iteration:100 ({'LD': 70, 'PM': 3, 'LC': 7, 'CM': 5, 'RA': 4, 'SM': 4, 'LA': 7}), mutation success:74
 ({'LD': 53, 'PM': 1, 'LC': 6, 'CM': 4, 'RA': 3, 'SM': 2, 'LA': 5})

