WARNING 2024-05-28 20:00:07 - mutation_test.py:59 - For PyTorch and MindSpore running separately, CUDA_VISIBLE_DEVICES should have at least two GPUs, such as 'export CUDA_VISIBLE_DEVICES=0,1'
INFO 2024-05-28 20:00:07 - mutation_test.py:129 - Mutation config:
----------------------------------------------------------------------------------------
train_config: {'model_name': 'lstm01', 'dataset_name': 'random', 'batch_size': 5, 'input_size': ['(2,49,50)'], 'test_size': 2, 'dtypes': ['float'], 'epoch': 20, 'loss_name': 'CrossEntropy', 'optimizer': 'SGD', 'learning_rate': 0.005, 'loss_ground_truth': 2.950969386100769, 'eval_ground_truth': 0.998740881321355, 'memory_threshold': '1e-2', 'dataset_path': 'lstm01', 'device': 'GPU', 'device_id': '0,1'}
mutation_config: {'mutation_iterations': 100, 'save_iterations': 1, 'mutation_eval_metric': 'origin_diff', 'validation_threshold': 0.0006, 'output_difference_metric': 'DMAD', 'log_path': '/data1/myz/net-sv/common/log/lstm01-2024.5.28.20.0.7', 'mutation_strategy': 'random', 'mutation_type': ['LD', 'PM', 'LC', 'CM', 'RA', 'SM', 'LA'], 'selected_model_num': 10}

INFO 2024-05-28 20:00:07 - mutation_test.py:1038 - Stage1: start network mutation!
INFO 2024-05-28 20:00:14 - mutation_test.py:519 - ================== start 1 generation!(1/100) ==================
INFO 2024-05-28 20:00:14 - model_mutation_operators.py:516 - Adopt LA mut_strategy!
INFO 2024-05-28 20:00:14 - model_mutation_operators.py:591 - candidate_in_mutlayers_indice:-1
INFO 2024-05-28 20:00:14 - model_mutation_operators.py:600 - select layer: dropout2 layer_type: <class 'mindspore.nn.layer.basic.Dropout'> in_shape: [1, 1, 100] out_shape: [1, 1, 100]
INFO 2024-05-28 20:00:14 - model_mutation_operators.py:601 - mut Basic type: True
INFO 2024-05-28 20:00:14 - model_mutation_operators.py:602 - add Basic layer : Basic_op
INFO 2024-05-28 20:00:14 - model_mutation_operators.py:616 - select insert layer: Conv2dTranspose<input_channels=1, output_channels=1, kernel_size=(1, 1), stride=(1, 1), pad_mode=same, padding=0, dilation=(1, 1), group=1, has_bias=False, weight_init=<mindspore.common.initializer.HeUniform object at 0x7f991d334a10>, bias_init=None, format=NCHW>
INFO 2024-05-28 20:00:14 - model_mutation_operators.py:629 - insert_layer_outshape equal!
INFO 2024-05-28 20:00:14 - Other_utils.py:191 - Exception information: For 'MatMul' the input dimensions must be equal, but got 'x1_col': 7 and 'x2_row': 100.

----------------------------------------------------
- C++ Call Stack: (For framework developers)
----------------------------------------------------
mindspore/core/ops/mat_mul.cc:107 InferShape

INFO 2024-05-28 20:00:14 - model_mutation_operators.py:746 - mut_result:False
INFO 2024-05-28 20:00:14 - model_mutation_operators.py:747 - 1 generation!

INFO 2024-05-28 20:00:14 - mutation_test.py:519 - ================== start 2 generation!(2/100) ==================
INFO 2024-05-28 20:00:14 - model_mutation_operators.py:24 - Adopt PM mut_strategy!
INFO 2024-05-28 20:00:14 - model_mutation_operators.py:80 - candidate_in_mutlayers_indice:-1
INFO 2024-05-28 20:00:14 - model_mutation_operators.py:93 - select op: dense layer_type: Dense selected param:in_channels input_shape:[2, 100] output_shape:[2, 1]
INFO 2024-05-28 20:00:14 - model_mutation_operators.py:160 - mutate_replace_layer: Dense<input_channels=33, output_channels=1, has_bias=True>
INFO 2024-05-28 20:00:14 - model_mutation_operators.py:193 - Previous value: 100 Edit value: 33 new_inshape: (2, 33) new_outshape: (2, 1)
INFO 2024-05-28 20:00:14 - model_mutation_operators.py:212 - SequentialCell<
  (0): Replace_ms<>
  (1): Dense<input_channels=33, output_channels=1, has_bias=True>
  >
INFO 2024-05-28 20:00:14 - model_mutation_operators.py:213 - mut_result:True
INFO 2024-05-28 20:00:14 - model_mutation_operators.py:214 - 2 generation!

INFO 2024-05-28 20:00:14 - mutation_test.py:519 - ================== start 3 generation!(3/100) ==================
INFO 2024-05-28 20:00:14 - model_mutation_operators.py:1924 - Adopt LC mut_strategy!
INFO 2024-05-28 20:00:14 - model_mutation_operators.py:1991 - select layer: dropout2 layer_type: <class 'mindspore.nn.layer.basic.Dropout'> in_shape: [1, 1, 100] out_shape: [1, 1, 100]
INFO 2024-05-28 20:00:14 - model_mutation_operators.py:1992 - mut Basic type: True
INFO 2024-05-28 20:00:14 - model_mutation_operators.py:1993 - add Basic layer : Basic_op
INFO 2024-05-28 20:00:14 - model_mutation_operators.py:2006 - select insert layer: Dropout<keep_prob=0.5>
INFO 2024-05-28 20:00:14 - model_mutation_operators.py:2041 - insert_layer_outshape equal!
INFO 2024-05-28 20:00:14 - model_mutation_operators.py:2109 - mut_result:True
INFO 2024-05-28 20:00:14 - model_mutation_operators.py:2110 - 3 generation!

INFO 2024-05-28 20:00:14 - mutation_test.py:519 - ================== start 4 generation!(4/100) ==================
INFO 2024-05-28 20:00:14 - model_mutation_operators.py:1924 - Adopt LC mut_strategy!
INFO 2024-05-28 20:00:14 - model_mutation_operators.py:1991 - select layer: dropout1 layer_type: <class 'mindspore.nn.layer.basic.Dropout'> in_shape: [1, 1, 50] out_shape: [1, 1, 50]
INFO 2024-05-28 20:00:14 - model_mutation_operators.py:1992 - mut Basic type: True
INFO 2024-05-28 20:00:14 - model_mutation_operators.py:1993 - add Basic layer : Basic_op
INFO 2024-05-28 20:00:14 - model_mutation_operators.py:2006 - select insert layer: Dropout<keep_prob=0.5>
INFO 2024-05-28 20:00:14 - model_mutation_operators.py:2041 - insert_layer_outshape equal!
INFO 2024-05-28 20:00:14 - model_mutation_operators.py:2109 - mut_result:True
INFO 2024-05-28 20:00:14 - model_mutation_operators.py:2110 - 4 generation!

INFO 2024-05-28 20:00:14 - mutation_test.py:519 - ================== start 5 generation!(5/100) ==================
INFO 2024-05-28 20:00:14 - model_mutation_operators.py:24 - Adopt PM mut_strategy!
INFO 2024-05-28 20:00:14 - model_mutation_operators.py:63 - The target model do not have the mutator operators kernel_size!
INFO 2024-05-28 20:00:14 - model_mutation_operators.py:64 - mut_result:Parameter Miss
INFO 2024-05-28 20:00:14 - model_mutation_operators.py:65 - 5 generation!

INFO 2024-05-28 20:00:14 - mutation_test.py:519 - ================== start 6 generation!(6/100) ==================
INFO 2024-05-28 20:00:14 - model_mutation_operators.py:24 - Adopt PM mut_strategy!
INFO 2024-05-28 20:00:14 - model_mutation_operators.py:63 - The target model do not have the mutator operators kernel_size!
INFO 2024-05-28 20:00:14 - model_mutation_operators.py:64 - mut_result:Parameter Miss
INFO 2024-05-28 20:00:14 - model_mutation_operators.py:65 - 6 generation!

INFO 2024-05-28 20:00:14 - mutation_test.py:519 - ================== start 7 generation!(7/100) ==================
INFO 2024-05-28 20:00:14 - model_mutation_operators.py:2119 - Adopt SM mut_strategy!
INFO 2024-05-28 20:00:14 - model_mutation_operators.py:2157 - select layer: dropout2 layer_type: <class 'mindspore.nn.layer.container.SequentialCell'> in_shape: [1, 1, 100] out_shape: [1, 1, 100]
INFO 2024-05-28 20:00:14 - model_mutation_operators.py:2158 - mut Basic type: True
INFO 2024-05-28 20:00:14 - model_mutation_operators.py:2202 - candidate_in_mutlayers_indice:0
INFO 2024-05-28 20:00:14 - model_mutation_operators.py:2244 - mutate output_shape: [2, 29]
INFO 2024-05-28 20:00:14 - model_mutation_operators.py:2360 - mut_result:True
INFO 2024-05-28 20:00:14 - model_mutation_operators.py:2361 - 7 generation!

INFO 2024-05-28 20:00:14 - mutation_test.py:519 - ================== start 8 generation!(8/100) ==================
INFO 2024-05-28 20:00:14 - model_mutation_operators.py:1071 - Adopt CM mut_strategy!
INFO 2024-05-28 20:00:14 - model_mutation_operators.py:1150 - candidate_in_mutlayers_indice:1
INFO 2024-05-28 20:00:14 - model_mutation_operators.py:1161 - select layer: dropout1 layer_type: <class 'mindspore.nn.layer.container.SequentialCell'> in_shape: [1, 1, 50] out_shape: [1, 1, 50]
INFO 2024-05-28 20:00:14 - model_mutation_operators.py:1162 - mut Basic type: True
INFO 2024-05-28 20:00:14 - model_mutation_operators.py:1205 - select insert layer: Tanh<>
INFO 2024-05-28 20:00:14 - model_mutation_operators.py:1301 - mut_result:True
INFO 2024-05-28 20:00:14 - model_mutation_operators.py:1302 - 8 generation!

INFO 2024-05-28 20:00:15 - mutation_test.py:519 - ================== start 9 generation!(9/100) ==================
INFO 2024-05-28 20:00:15 - model_mutation_operators.py:24 - Adopt PM mut_strategy!
INFO 2024-05-28 20:00:15 - model_mutation_operators.py:63 - The target model do not have the mutator operators num_features!
INFO 2024-05-28 20:00:15 - model_mutation_operators.py:64 - mut_result:Parameter Miss
INFO 2024-05-28 20:00:15 - model_mutation_operators.py:65 - 9 generation!

INFO 2024-05-28 20:00:15 - mutation_test.py:519 - ================== start 10 generation!(10/100) ==================
INFO 2024-05-28 20:00:15 - model_mutation_operators.py:1071 - Adopt CM mut_strategy!
INFO 2024-05-28 20:00:15 - model_mutation_operators.py:1150 - candidate_in_mutlayers_indice:1
INFO 2024-05-28 20:00:15 - model_mutation_operators.py:1161 - select layer: dense layer_type: <class 'mindspore.nn.layer.container.SequentialCell'> in_shape: [2, 100] out_shape: [2, 1]
INFO 2024-05-28 20:00:15 - model_mutation_operators.py:1162 - mut Basic type: True
INFO 2024-05-28 20:00:15 - model_mutation_operators.py:1205 - select insert layer: ReLU<>
INFO 2024-05-28 20:00:15 - model_mutation_operators.py:1301 - mut_result:True
INFO 2024-05-28 20:00:15 - model_mutation_operators.py:1302 - 10 generation!

INFO 2024-05-28 20:00:16 - mutation_test.py:519 - ================== start 11 generation!(11/100) ==================
INFO 2024-05-28 20:00:16 - model_mutation_operators.py:2119 - Adopt SM mut_strategy!
INFO 2024-05-28 20:00:16 - model_mutation_operators.py:2157 - select layer: dropout1 layer_type: <class 'mindspore.nn.layer.container.SequentialCell'> in_shape: [1, 1, 50] out_shape: [1, 1, 50]
INFO 2024-05-28 20:00:16 - model_mutation_operators.py:2158 - mut Basic type: True
INFO 2024-05-28 20:00:16 - model_mutation_operators.py:2202 - candidate_in_mutlayers_indice:1
INFO 2024-05-28 20:00:16 - model_mutation_operators.py:2235 - mutate input_shape: [2, 27, 1, 28, 40]
INFO 2024-05-28 20:00:16 - model_mutation_operators.py:2360 - mut_result:True
INFO 2024-05-28 20:00:16 - model_mutation_operators.py:2361 - 11 generation!

INFO 2024-05-28 20:00:16 - mutation_test.py:519 - ================== start 12 generation!(12/100) ==================
INFO 2024-05-28 20:00:16 - model_mutation_operators.py:243 - Adopt LD mut_strategy!
INFO 2024-05-28 20:00:16 - model_mutation_operators.py:259 - delete layer_name:dropout2
INFO 2024-05-28 20:00:16 - model_mutation_operators.py:279 - mut_result:No suitable ops for LD mutation!
INFO 2024-05-28 20:00:16 - model_mutation_operators.py:280 - 12 generation!
INFO 2024-05-28 20:00:16 - mutation_test.py:519 - ================== start 13 generation!(13/100) ==================
INFO 2024-05-28 20:00:16 - model_mutation_operators.py:1924 - Adopt LC mut_strategy!
INFO 2024-05-28 20:00:16 - model_mutation_operators.py:1979 - Illegal LC mutate!
INFO 2024-05-28 20:00:16 - model_mutation_operators.py:1980 - mut_result:LC Create illegal layer!
INFO 2024-05-28 20:00:16 - model_mutation_operators.py:1981 - 13 generation!

INFO 2024-05-28 20:00:16 - mutation_test.py:519 - ================== start 14 generation!(14/100) ==================
INFO 2024-05-28 20:00:16 - model_mutation_operators.py:1924 - Adopt LC mut_strategy!
INFO 2024-05-28 20:00:16 - model_mutation_operators.py:1979 - Illegal LC mutate!
INFO 2024-05-28 20:00:16 - model_mutation_operators.py:1980 - mut_result:LC Create illegal layer!
INFO 2024-05-28 20:00:16 - model_mutation_operators.py:1981 - 14 generation!

INFO 2024-05-28 20:00:16 - mutation_test.py:519 - ================== start 15 generation!(15/100) ==================
INFO 2024-05-28 20:00:16 - model_mutation_operators.py:756 - Adopt RA mut_strategy!
INFO 2024-05-28 20:00:16 - model_mutation_operators.py:818 - candidate_in_mutlayers_indice:3

INFO 2024-05-28 20:00:16 - model_mutation_operators.py:859 - select layer: dropout1 layer_type: <class 'mindspore.nn.layer.container.SequentialCell'> in_shape: [1, 1, 50] out_shape: [1, 1, 50]
INFO 2024-05-28 20:00:16 - model_mutation_operators.py:860 - mut Basic type: True
INFO 2024-05-28 20:00:16 - model_mutation_operators.py:861 - add Basic layer : Cascade_op
INFO 2024-05-28 20:00:16 - model_mutation_operators.py:874 - select insert layer: convbnrelu<
  (conbnrelu_conv): Conv2d<input_channels=27, output_channels=1, kernel_size=(1, 1), stride=(1, 1), pad_mode=same, padding=0, dilation=(1, 1), group=1, has_bias=False, weight_init=<mindspore.common.initializer.HeUniform object at 0x7f991c749590>, bias_init=None, format=NCHW>
  (conbnrelu_bn): BatchNorm2d<num_features=1, eps=1e-05, momentum=0.9, gamma=Parameter (name=conbnrelu_bn.gamma, shape=(1,), dtype=Float32, requires_grad=True), beta=Parameter (name=conbnrelu_bn.beta, shape=(1,), dtype=Float32, requires_grad=True), moving_mean=Parameter (name=conbnrelu_bn.moving_mean, shape=(1,), dtype=Float32, requires_grad=False), moving_variance=Parameter (name=conbnrelu_bn.moving_variance, shape=(1,), dtype=Float32, requires_grad=False)>
  (conbnrelu_relu): ReLU<>
  >
INFO 2024-05-28 20:00:16 - model_mutation_operators.py:942 - insert_layer_outshape equal!
INFO 2024-05-28 20:00:16 - Other_utils.py:191 - Exception information: For 'Transpose', the dim of 'input_x' and 'perm' must be equal, but got 4 and 3 respectively.

----------------------------------------------------
- C++ Call Stack: (For framework developers)
----------------------------------------------------
mindspore/core/ops/transpose.cc:125 InferShape

INFO 2024-05-28 20:00:16 - model_mutation_operators.py:1061 - mut_result:False
INFO 2024-05-28 20:00:16 - model_mutation_operators.py:1062 - 15 generation!

INFO 2024-05-28 20:00:17 - mutation_test.py:519 - ================== start 16 generation!(16/100) ==================
INFO 2024-05-28 20:00:17 - model_mutation_operators.py:1924 - Adopt LC mut_strategy!
INFO 2024-05-28 20:00:17 - model_mutation_operators.py:1979 - Illegal LC mutate!
INFO 2024-05-28 20:00:17 - model_mutation_operators.py:1980 - mut_result:LC Create illegal layer!
INFO 2024-05-28 20:00:17 - model_mutation_operators.py:1981 - 16 generation!

INFO 2024-05-28 20:00:17 - mutation_test.py:519 - ================== start 17 generation!(17/100) ==================
INFO 2024-05-28 20:00:17 - model_mutation_operators.py:1071 - Adopt CM mut_strategy!
INFO 2024-05-28 20:00:17 - model_mutation_operators.py:1117 - mut_result:No suitable ops for CM mutation!
INFO 2024-05-28 20:00:17 - model_mutation_operators.py:1118 - 17 generation!
INFO 2024-05-28 20:00:17 - mutation_test.py:519 - ================== start 18 generation!(18/100) ==================
INFO 2024-05-28 20:00:17 - model_mutation_operators.py:243 - Adopt LD mut_strategy!
INFO 2024-05-28 20:00:17 - model_mutation_operators.py:259 - delete layer_name:dense
INFO 2024-05-28 20:00:17 - model_mutation_operators.py:288 - candidate_in_mutlayers_indice:1

INFO 2024-05-28 20:00:17 - model_mutation_operators.py:317 - adopt DeleteCell Replace_ms
INFO 2024-05-28 20:00:17 - model_mutation_operators.py:506 - mut_result:True
INFO 2024-05-28 20:00:17 - model_mutation_operators.py:507 - 18 generation!

INFO 2024-05-28 20:00:18 - mutation_test.py:537 - list index out of range

INFO 2024-05-28 20:00:18 - mutation_test.py:519 - ================== start 19 generation!(19/100) ==================
INFO 2024-05-28 20:00:18 - model_mutation_operators.py:1071 - Adopt CM mut_strategy!
INFO 2024-05-28 20:00:18 - model_mutation_operators.py:1150 - candidate_in_mutlayers_indice:2
INFO 2024-05-28 20:00:18 - model_mutation_operators.py:1161 - select layer: dropout1 layer_type: <class 'mindspore.nn.layer.container.SequentialCell'> in_shape: [1, 1, 50] out_shape: [1, 1, 50]
INFO 2024-05-28 20:00:18 - model_mutation_operators.py:1162 - mut Basic type: True
INFO 2024-05-28 20:00:18 - model_mutation_operators.py:1205 - select insert layer: Sigmoid<>
INFO 2024-05-28 20:00:18 - model_mutation_operators.py:1231 - Illegal CM mutate!
INFO 2024-05-28 20:00:18 - model_mutation_operators.py:1232 - mut_result:CM Create illegal layer!
INFO 2024-05-28 20:00:18 - model_mutation_operators.py:1233 - Exception information: 
For 'Concat', element1 shape in input can not concat with element0. To perform concat in the axis 0 direction, except for the 0th axis, all other axes must have the same shape. But got element1_shape[0]: 1, element0_shape[0]: 2.

----------------------------------------------------
- C++ Call Stack: (For framework developers)
----------------------------------------------------
mindspore/core/ops/concat.cc:67 ConcatInferShape

INFO 2024-05-28 20:00:18 - model_mutation_operators.py:1234 - 19 generation!

INFO 2024-05-28 20:00:18 - mutation_test.py:519 - ================== start 20 generation!(20/100) ==================
INFO 2024-05-28 20:00:18 - model_mutation_operators.py:243 - Adopt LD mut_strategy!
INFO 2024-05-28 20:00:18 - model_mutation_operators.py:259 - delete layer_name:dropout2
INFO 2024-05-28 20:00:18 - model_mutation_operators.py:279 - mut_result:No suitable ops for LD mutation!
INFO 2024-05-28 20:00:18 - model_mutation_operators.py:280 - 20 generation!
INFO 2024-05-28 20:00:18 - mutation_test.py:519 - ================== start 21 generation!(21/100) ==================
INFO 2024-05-28 20:00:18 - model_mutation_operators.py:1924 - Adopt LC mut_strategy!
INFO 2024-05-28 20:00:18 - model_mutation_operators.py:1979 - Illegal LC mutate!
INFO 2024-05-28 20:00:18 - model_mutation_operators.py:1980 - mut_result:LC Create illegal layer!
INFO 2024-05-28 20:00:18 - model_mutation_operators.py:1981 - 21 generation!

INFO 2024-05-28 20:00:18 - mutation_test.py:519 - ================== start 22 generation!(22/100) ==================
INFO 2024-05-28 20:00:18 - model_mutation_operators.py:516 - Adopt LA mut_strategy!
INFO 2024-05-28 20:00:18 - model_mutation_operators.py:561 - mut_result:No suitable ops for LA mutation!
INFO 2024-05-28 20:00:18 - model_mutation_operators.py:562 - 22 generation!
INFO 2024-05-28 20:00:19 - mutation_test.py:519 - ================== start 23 generation!(23/100) ==================
INFO 2024-05-28 20:00:19 - model_mutation_operators.py:243 - Adopt LD mut_strategy!
INFO 2024-05-28 20:00:19 - model_mutation_operators.py:259 - delete layer_name:dropout2
INFO 2024-05-28 20:00:19 - model_mutation_operators.py:279 - mut_result:No suitable ops for LD mutation!
INFO 2024-05-28 20:00:19 - model_mutation_operators.py:280 - 23 generation!
INFO 2024-05-28 20:00:19 - mutation_test.py:519 - ================== start 24 generation!(24/100) ==================
INFO 2024-05-28 20:00:19 - model_mutation_operators.py:516 - Adopt LA mut_strategy!
INFO 2024-05-28 20:00:19 - model_mutation_operators.py:561 - mut_result:No suitable ops for LA mutation!
INFO 2024-05-28 20:00:19 - model_mutation_operators.py:562 - 24 generation!
INFO 2024-05-28 20:00:19 - mutation_test.py:519 - ================== start 25 generation!(25/100) ==================
INFO 2024-05-28 20:00:19 - model_mutation_operators.py:516 - Adopt LA mut_strategy!
INFO 2024-05-28 20:00:19 - model_mutation_operators.py:561 - mut_result:No suitable ops for LA mutation!
INFO 2024-05-28 20:00:19 - model_mutation_operators.py:562 - 25 generation!
INFO 2024-05-28 20:00:19 - mutation_test.py:519 - ================== start 26 generation!(26/100) ==================
INFO 2024-05-28 20:00:19 - model_mutation_operators.py:2119 - Adopt SM mut_strategy!
INFO 2024-05-28 20:00:19 - model_mutation_operators.py:2157 - select layer: dense layer_type: <class 'mindspore.nn.layer.container.SequentialCell'> in_shape: [2, 100] out_shape: [2, 1]
INFO 2024-05-28 20:00:19 - model_mutation_operators.py:2158 - mut Basic type: True
INFO 2024-05-28 20:00:19 - model_mutation_operators.py:2169 - No suitable ops for SM mutation!
INFO 2024-05-28 20:00:19 - model_mutation_operators.py:2170 - 26 generation!
INFO 2024-05-28 20:00:19 - mutation_test.py:519 - ================== start 27 generation!(27/100) ==================
INFO 2024-05-28 20:00:19 - model_mutation_operators.py:2119 - Adopt SM mut_strategy!
INFO 2024-05-28 20:00:19 - model_mutation_operators.py:2157 - select layer: dense layer_type: <class 'mindspore.nn.layer.container.SequentialCell'> in_shape: [2, 100] out_shape: [2, 1]
INFO 2024-05-28 20:00:19 - model_mutation_operators.py:2158 - mut Basic type: True
INFO 2024-05-28 20:00:19 - model_mutation_operators.py:2169 - No suitable ops for SM mutation!
INFO 2024-05-28 20:00:19 - model_mutation_operators.py:2170 - 27 generation!
INFO 2024-05-28 20:00:19 - mutation_test.py:519 - ================== start 28 generation!(28/100) ==================
INFO 2024-05-28 20:00:19 - model_mutation_operators.py:243 - Adopt LD mut_strategy!
INFO 2024-05-28 20:00:19 - model_mutation_operators.py:259 - delete layer_name:dropout1
INFO 2024-05-28 20:00:19 - model_mutation_operators.py:288 - candidate_in_mutlayers_indice:1

INFO 2024-05-28 20:00:19 - model_mutation_operators.py:506 - mut_result:True
INFO 2024-05-28 20:00:19 - model_mutation_operators.py:507 - 28 generation!

INFO 2024-05-28 20:00:20 - mutation_test.py:537 - list index out of range

INFO 2024-05-28 20:00:20 - mutation_test.py:519 - ================== start 29 generation!(29/100) ==================
INFO 2024-05-28 20:00:20 - model_mutation_operators.py:243 - Adopt LD mut_strategy!
INFO 2024-05-28 20:00:20 - model_mutation_operators.py:259 - delete layer_name:dropout1
INFO 2024-05-28 20:00:20 - model_mutation_operators.py:288 - candidate_in_mutlayers_indice:0

INFO 2024-05-28 20:00:20 - model_mutation_operators.py:506 - mut_result:True
INFO 2024-05-28 20:00:20 - model_mutation_operators.py:507 - 29 generation!

INFO 2024-05-28 20:00:20 - mutation_test.py:519 - ================== start 30 generation!(30/100) ==================
INFO 2024-05-28 20:00:20 - model_mutation_operators.py:516 - Adopt LA mut_strategy!
INFO 2024-05-28 20:00:20 - model_mutation_operators.py:561 - mut_result:No suitable ops for LA mutation!
INFO 2024-05-28 20:00:20 - model_mutation_operators.py:562 - 30 generation!
INFO 2024-05-28 20:00:20 - mutation_test.py:519 - ================== start 31 generation!(31/100) ==================
INFO 2024-05-28 20:00:20 - model_mutation_operators.py:516 - Adopt LA mut_strategy!
INFO 2024-05-28 20:00:20 - model_mutation_operators.py:561 - mut_result:No suitable ops for LA mutation!
INFO 2024-05-28 20:00:20 - model_mutation_operators.py:562 - 31 generation!
INFO 2024-05-28 20:00:20 - mutation_test.py:519 - ================== start 32 generation!(32/100) ==================
INFO 2024-05-28 20:00:20 - model_mutation_operators.py:516 - Adopt LA mut_strategy!
INFO 2024-05-28 20:00:20 - model_mutation_operators.py:561 - mut_result:No suitable ops for LA mutation!
INFO 2024-05-28 20:00:20 - model_mutation_operators.py:562 - 32 generation!
INFO 2024-05-28 20:00:20 - mutation_test.py:519 - ================== start 33 generation!(33/100) ==================
INFO 2024-05-28 20:00:20 - model_mutation_operators.py:1924 - Adopt LC mut_strategy!
INFO 2024-05-28 20:00:20 - model_mutation_operators.py:1979 - Illegal LC mutate!
INFO 2024-05-28 20:00:20 - model_mutation_operators.py:1980 - mut_result:LC Create illegal layer!
INFO 2024-05-28 20:00:20 - model_mutation_operators.py:1981 - 33 generation!

INFO 2024-05-28 20:00:21 - mutation_test.py:519 - ================== start 34 generation!(34/100) ==================
INFO 2024-05-28 20:00:21 - model_mutation_operators.py:516 - Adopt LA mut_strategy!
INFO 2024-05-28 20:00:21 - model_mutation_operators.py:561 - mut_result:No suitable ops for LA mutation!
INFO 2024-05-28 20:00:21 - model_mutation_operators.py:562 - 34 generation!
INFO 2024-05-28 20:00:21 - mutation_test.py:519 - ================== start 35 generation!(35/100) ==================
INFO 2024-05-28 20:00:21 - model_mutation_operators.py:24 - Adopt PM mut_strategy!
INFO 2024-05-28 20:00:21 - model_mutation_operators.py:63 - The target model do not have the mutator operators num_features!
INFO 2024-05-28 20:00:21 - model_mutation_operators.py:64 - mut_result:Parameter Miss
INFO 2024-05-28 20:00:21 - model_mutation_operators.py:65 - 35 generation!

INFO 2024-05-28 20:00:21 - mutation_test.py:519 - ================== start 36 generation!(36/100) ==================
INFO 2024-05-28 20:00:21 - model_mutation_operators.py:24 - Adopt PM mut_strategy!
INFO 2024-05-28 20:00:21 - model_mutation_operators.py:77 - candidate_in_mutlayers_indice:0
INFO 2024-05-28 20:00:21 - model_mutation_operators.py:93 - select op: dropout2 layer_type: Dropout selected param:keep_prob input_shape:[1, 1, 100] output_shape:[1, 1, 100]
INFO 2024-05-28 20:00:21 - model_mutation_operators.py:160 - mutate_replace_layer: Dropout<keep_prob=0.84375>
INFO 2024-05-28 20:00:21 - model_mutation_operators.py:193 - Previous value: 0.5 Edit value: 0.84375 new_inshape: (1, 1, 100) new_outshape: (1, 1, 100)
INFO 2024-05-28 20:00:21 - model_mutation_operators.py:232 - Dropout<keep_prob=0.84375>
INFO 2024-05-28 20:00:21 - model_mutation_operators.py:233 - mut_result:True
INFO 2024-05-28 20:00:21 - model_mutation_operators.py:234 - 36 generation!

INFO 2024-05-28 20:00:21 - mutation_test.py:537 - list index out of range

INFO 2024-05-28 20:00:21 - mutation_test.py:519 - ================== start 37 generation!(37/100) ==================
INFO 2024-05-28 20:00:21 - model_mutation_operators.py:1071 - Adopt CM mut_strategy!
INFO 2024-05-28 20:00:21 - model_mutation_operators.py:1154 - candidate_in_mutlayers_indice:-1
INFO 2024-05-28 20:00:21 - model_mutation_operators.py:1161 - select layer: dropout2 layer_type: <class 'mindspore.nn.layer.basic.Dropout'> in_shape: [1, 1, 100] out_shape: [1, 1, 100]
INFO 2024-05-28 20:00:21 - model_mutation_operators.py:1162 - mut Basic type: True
INFO 2024-05-28 20:00:21 - model_mutation_operators.py:1205 - select insert layer: ReLU6<>
INFO 2024-05-28 20:00:21 - model_mutation_operators.py:1250 - replace Basic with CM op!
INFO 2024-05-28 20:00:21 - model_mutation_operators.py:1301 - mut_result:True
INFO 2024-05-28 20:00:21 - model_mutation_operators.py:1302 - 37 generation!

INFO 2024-05-28 20:00:21 - mutation_test.py:519 - ================== start 38 generation!(38/100) ==================
INFO 2024-05-28 20:00:21 - model_mutation_operators.py:24 - Adopt PM mut_strategy!
INFO 2024-05-28 20:00:21 - model_mutation_operators.py:63 - The target model do not have the mutator operators in_channels!
INFO 2024-05-28 20:00:21 - model_mutation_operators.py:64 - mut_result:Parameter Miss
INFO 2024-05-28 20:00:21 - model_mutation_operators.py:65 - 38 generation!

INFO 2024-05-28 20:00:21 - mutation_test.py:519 - ================== start 39 generation!(39/100) ==================
INFO 2024-05-28 20:00:21 - model_mutation_operators.py:516 - Adopt LA mut_strategy!
INFO 2024-05-28 20:00:21 - model_mutation_operators.py:561 - mut_result:No suitable ops for LA mutation!
INFO 2024-05-28 20:00:21 - model_mutation_operators.py:562 - 39 generation!
INFO 2024-05-28 20:00:22 - mutation_test.py:519 - ================== start 40 generation!(40/100) ==================
INFO 2024-05-28 20:00:22 - model_mutation_operators.py:2119 - Adopt SM mut_strategy!
INFO 2024-05-28 20:00:22 - model_mutation_operators.py:2157 - select layer: dense layer_type: <class 'mindspore.nn.layer.container.SequentialCell'> in_shape: [2, 100] out_shape: [2, 1]
INFO 2024-05-28 20:00:22 - model_mutation_operators.py:2158 - mut Basic type: True
INFO 2024-05-28 20:00:22 - model_mutation_operators.py:2169 - No suitable ops for SM mutation!
INFO 2024-05-28 20:00:22 - model_mutation_operators.py:2170 - 40 generation!
INFO 2024-05-28 20:00:22 - mutation_test.py:519 - ================== start 41 generation!(41/100) ==================
INFO 2024-05-28 20:00:22 - model_mutation_operators.py:756 - Adopt RA mut_strategy!
INFO 2024-05-28 20:00:22 - model_mutation_operators.py:850 - candidate_in_mutlayers_indice:-1
INFO 2024-05-28 20:00:22 - model_mutation_operators.py:859 - select layer: dropout2 layer_type: <class 'common.mutation_ms.Layer_utils.CM_branchCell'> in_shape: [1, 1, 100] out_shape: [1, 1, 100]
INFO 2024-05-28 20:00:22 - model_mutation_operators.py:860 - mut Basic type: True
INFO 2024-05-28 20:00:22 - model_mutation_operators.py:861 - add Basic layer : Cascade_op
INFO 2024-05-28 20:00:22 - model_mutation_operators.py:874 - select insert layer: Inception_A<
  (branch0): BasicConv2d<
    (relu): ReLU<>
    >
  (branch1): SequentialCell<
    (0): BasicConv2d<
      (relu): ReLU<>
      >
    (1): BasicConv2d<
      (relu): ReLU<>
      >
    >
  (branch2): SequentialCell<
    (0): BasicConv2d<
      (relu): ReLU<>
      >
    (1): BasicConv2d<
      (relu): ReLU<>
      >
    (2): BasicConv2d<
      (relu): ReLU<>
      >
    >
  (branch_pool): SequentialCell<
    (0): AvgPool2d<kernel_size=3, stride=1, pad_mode=SAME>
    (1): BasicConv2d<
      (relu): ReLU<>
      >
    >
  >
INFO 2024-05-28 20:00:22 - model_mutation_operators.py:919 - insert_layer_outshape not equal!: [1, 1, 100]
INFO 2024-05-28 20:00:22 - model_mutation_operators.py:1061 - mut_result:True
INFO 2024-05-28 20:00:22 - model_mutation_operators.py:1062 - 41 generation!

INFO 2024-05-28 20:00:22 - mutation_test.py:519 - ================== start 42 generation!(42/100) ==================
INFO 2024-05-28 20:00:22 - model_mutation_operators.py:516 - Adopt LA mut_strategy!
INFO 2024-05-28 20:00:22 - model_mutation_operators.py:561 - mut_result:No suitable ops for LA mutation!
INFO 2024-05-28 20:00:22 - model_mutation_operators.py:562 - 42 generation!
INFO 2024-05-28 20:00:23 - mutation_test.py:519 - ================== start 43 generation!(43/100) ==================
INFO 2024-05-28 20:00:23 - model_mutation_operators.py:516 - Adopt LA mut_strategy!
INFO 2024-05-28 20:00:23 - model_mutation_operators.py:561 - mut_result:No suitable ops for LA mutation!
INFO 2024-05-28 20:00:23 - model_mutation_operators.py:562 - 43 generation!
INFO 2024-05-28 20:00:23 - mutation_test.py:519 - ================== start 44 generation!(44/100) ==================
INFO 2024-05-28 20:00:23 - model_mutation_operators.py:1924 - Adopt LC mut_strategy!
INFO 2024-05-28 20:00:23 - model_mutation_operators.py:1979 - Illegal LC mutate!
INFO 2024-05-28 20:00:23 - model_mutation_operators.py:1980 - mut_result:LC Create illegal layer!
INFO 2024-05-28 20:00:23 - model_mutation_operators.py:1981 - 44 generation!

INFO 2024-05-28 20:00:23 - mutation_test.py:519 - ================== start 45 generation!(45/100) ==================
INFO 2024-05-28 20:00:23 - model_mutation_operators.py:756 - Adopt RA mut_strategy!
INFO 2024-05-28 20:00:23 - model_mutation_operators.py:807 - mut_result:No suitable ops for RA mutation!
INFO 2024-05-28 20:00:23 - model_mutation_operators.py:808 - 45 generation!
INFO 2024-05-28 20:00:24 - mutation_test.py:519 - ================== start 46 generation!(46/100) ==================
INFO 2024-05-28 20:00:24 - model_mutation_operators.py:756 - Adopt RA mut_strategy!
INFO 2024-05-28 20:00:24 - model_mutation_operators.py:807 - mut_result:No suitable ops for RA mutation!
INFO 2024-05-28 20:00:24 - model_mutation_operators.py:808 - 46 generation!
INFO 2024-05-28 20:00:24 - mutation_test.py:519 - ================== start 47 generation!(47/100) ==================
INFO 2024-05-28 20:00:24 - model_mutation_operators.py:1071 - Adopt CM mut_strategy!
INFO 2024-05-28 20:00:24 - model_mutation_operators.py:1117 - mut_result:No suitable ops for CM mutation!
INFO 2024-05-28 20:00:24 - model_mutation_operators.py:1118 - 47 generation!
INFO 2024-05-28 20:00:24 - mutation_test.py:519 - ================== start 48 generation!(48/100) ==================
INFO 2024-05-28 20:00:24 - model_mutation_operators.py:243 - Adopt LD mut_strategy!
INFO 2024-05-28 20:00:24 - model_mutation_operators.py:259 - delete layer_name:dropout1
INFO 2024-05-28 20:00:24 - model_mutation_operators.py:279 - mut_result:No suitable ops for LD mutation!
INFO 2024-05-28 20:00:24 - model_mutation_operators.py:280 - 48 generation!
INFO 2024-05-28 20:00:25 - mutation_test.py:519 - ================== start 49 generation!(49/100) ==================
INFO 2024-05-28 20:00:25 - model_mutation_operators.py:516 - Adopt LA mut_strategy!
INFO 2024-05-28 20:00:25 - model_mutation_operators.py:561 - mut_result:No suitable ops for LA mutation!
INFO 2024-05-28 20:00:25 - model_mutation_operators.py:562 - 49 generation!
INFO 2024-05-28 20:00:25 - mutation_test.py:519 - ================== start 50 generation!(50/100) ==================
INFO 2024-05-28 20:00:25 - model_mutation_operators.py:756 - Adopt RA mut_strategy!
INFO 2024-05-28 20:00:25 - model_mutation_operators.py:807 - mut_result:No suitable ops for RA mutation!
INFO 2024-05-28 20:00:25 - model_mutation_operators.py:808 - 50 generation!
INFO 2024-05-28 20:00:25 - mutation_test.py:519 - ================== start 51 generation!(51/100) ==================
INFO 2024-05-28 20:00:25 - model_mutation_operators.py:1071 - Adopt CM mut_strategy!
INFO 2024-05-28 20:00:25 - model_mutation_operators.py:1117 - mut_result:No suitable ops for CM mutation!
INFO 2024-05-28 20:00:25 - model_mutation_operators.py:1118 - 51 generation!
INFO 2024-05-28 20:00:26 - mutation_test.py:519 - ================== start 52 generation!(52/100) ==================
INFO 2024-05-28 20:00:26 - model_mutation_operators.py:24 - Adopt PM mut_strategy!
INFO 2024-05-28 20:00:26 - model_mutation_operators.py:63 - The target model do not have the mutator operators eps!
INFO 2024-05-28 20:00:26 - model_mutation_operators.py:64 - mut_result:Parameter Miss
INFO 2024-05-28 20:00:26 - model_mutation_operators.py:65 - 52 generation!

INFO 2024-05-28 20:00:26 - mutation_test.py:519 - ================== start 53 generation!(53/100) ==================
INFO 2024-05-28 20:00:26 - model_mutation_operators.py:24 - Adopt PM mut_strategy!
INFO 2024-05-28 20:00:26 - model_mutation_operators.py:63 - The target model do not have the mutator operators out_channels!
INFO 2024-05-28 20:00:26 - model_mutation_operators.py:64 - mut_result:Parameter Miss
INFO 2024-05-28 20:00:26 - model_mutation_operators.py:65 - 53 generation!

INFO 2024-05-28 20:00:27 - mutation_test.py:519 - ================== start 54 generation!(54/100) ==================
INFO 2024-05-28 20:00:27 - model_mutation_operators.py:516 - Adopt LA mut_strategy!
INFO 2024-05-28 20:00:27 - model_mutation_operators.py:561 - mut_result:No suitable ops for LA mutation!
INFO 2024-05-28 20:00:27 - model_mutation_operators.py:562 - 54 generation!
INFO 2024-05-28 20:00:27 - mutation_test.py:519 - ================== start 55 generation!(55/100) ==================
INFO 2024-05-28 20:00:27 - model_mutation_operators.py:2119 - Adopt SM mut_strategy!
INFO 2024-05-28 20:00:27 - model_mutation_operators.py:2157 - select layer: dense layer_type: <class 'mindspore.nn.layer.container.SequentialCell'> in_shape: [2, 100] out_shape: [2, 1]
INFO 2024-05-28 20:00:27 - model_mutation_operators.py:2158 - mut Basic type: True
INFO 2024-05-28 20:00:27 - model_mutation_operators.py:2169 - No suitable ops for SM mutation!
INFO 2024-05-28 20:00:27 - model_mutation_operators.py:2170 - 55 generation!
INFO 2024-05-28 20:00:27 - mutation_test.py:519 - ================== start 56 generation!(56/100) ==================
INFO 2024-05-28 20:00:27 - model_mutation_operators.py:1071 - Adopt CM mut_strategy!
INFO 2024-05-28 20:00:27 - model_mutation_operators.py:1117 - mut_result:No suitable ops for CM mutation!
INFO 2024-05-28 20:00:27 - model_mutation_operators.py:1118 - 56 generation!
INFO 2024-05-28 20:00:28 - mutation_test.py:519 - ================== start 57 generation!(57/100) ==================
INFO 2024-05-28 20:00:28 - model_mutation_operators.py:243 - Adopt LD mut_strategy!
INFO 2024-05-28 20:00:28 - model_mutation_operators.py:259 - delete layer_name:dropout2
INFO 2024-05-28 20:00:28 - model_mutation_operators.py:279 - mut_result:No suitable ops for LD mutation!
INFO 2024-05-28 20:00:28 - model_mutation_operators.py:280 - 57 generation!
INFO 2024-05-28 20:00:28 - mutation_test.py:519 - ================== start 58 generation!(58/100) ==================
INFO 2024-05-28 20:00:28 - model_mutation_operators.py:24 - Adopt PM mut_strategy!
INFO 2024-05-28 20:00:28 - model_mutation_operators.py:63 - The target model do not have the mutator operators num_features!
INFO 2024-05-28 20:00:28 - model_mutation_operators.py:64 - mut_result:Parameter Miss
INFO 2024-05-28 20:00:28 - model_mutation_operators.py:65 - 58 generation!

INFO 2024-05-28 20:00:28 - mutation_test.py:519 - ================== start 59 generation!(59/100) ==================
INFO 2024-05-28 20:00:28 - model_mutation_operators.py:243 - Adopt LD mut_strategy!
INFO 2024-05-28 20:00:28 - model_mutation_operators.py:259 - delete layer_name:dense
INFO 2024-05-28 20:00:28 - model_mutation_operators.py:279 - mut_result:No suitable ops for LD mutation!
INFO 2024-05-28 20:00:28 - model_mutation_operators.py:280 - 59 generation!
INFO 2024-05-28 20:00:29 - mutation_test.py:519 - ================== start 60 generation!(60/100) ==================
INFO 2024-05-28 20:00:29 - model_mutation_operators.py:24 - Adopt PM mut_strategy!
INFO 2024-05-28 20:00:29 - model_mutation_operators.py:63 - The target model do not have the mutator operators out_channels!
INFO 2024-05-28 20:00:29 - model_mutation_operators.py:64 - mut_result:Parameter Miss
INFO 2024-05-28 20:00:29 - model_mutation_operators.py:65 - 60 generation!

INFO 2024-05-28 20:00:29 - mutation_test.py:519 - ================== start 61 generation!(61/100) ==================
INFO 2024-05-28 20:00:29 - model_mutation_operators.py:516 - Adopt LA mut_strategy!
INFO 2024-05-28 20:00:29 - model_mutation_operators.py:561 - mut_result:No suitable ops for LA mutation!
INFO 2024-05-28 20:00:29 - model_mutation_operators.py:562 - 61 generation!
INFO 2024-05-28 20:00:29 - mutation_test.py:519 - ================== start 62 generation!(62/100) ==================
INFO 2024-05-28 20:00:29 - model_mutation_operators.py:1924 - Adopt LC mut_strategy!
INFO 2024-05-28 20:00:29 - model_mutation_operators.py:1979 - Illegal LC mutate!
INFO 2024-05-28 20:00:29 - model_mutation_operators.py:1980 - mut_result:LC Create illegal layer!
INFO 2024-05-28 20:00:29 - model_mutation_operators.py:1981 - 62 generation!

INFO 2024-05-28 20:00:30 - mutation_test.py:519 - ================== start 63 generation!(63/100) ==================
INFO 2024-05-28 20:00:30 - model_mutation_operators.py:1924 - Adopt LC mut_strategy!
INFO 2024-05-28 20:00:30 - model_mutation_operators.py:1979 - Illegal LC mutate!
INFO 2024-05-28 20:00:30 - model_mutation_operators.py:1980 - mut_result:LC Create illegal layer!
INFO 2024-05-28 20:00:30 - model_mutation_operators.py:1981 - 63 generation!

INFO 2024-05-28 20:00:30 - mutation_test.py:519 - ================== start 64 generation!(64/100) ==================
INFO 2024-05-28 20:00:30 - model_mutation_operators.py:243 - Adopt LD mut_strategy!
INFO 2024-05-28 20:00:30 - model_mutation_operators.py:259 - delete layer_name:dense
INFO 2024-05-28 20:00:30 - model_mutation_operators.py:279 - mut_result:No suitable ops for LD mutation!
INFO 2024-05-28 20:00:30 - model_mutation_operators.py:280 - 64 generation!
INFO 2024-05-28 20:00:30 - mutation_test.py:519 - ================== start 65 generation!(65/100) ==================
INFO 2024-05-28 20:00:30 - model_mutation_operators.py:756 - Adopt RA mut_strategy!
INFO 2024-05-28 20:00:30 - model_mutation_operators.py:807 - mut_result:No suitable ops for RA mutation!
INFO 2024-05-28 20:00:30 - model_mutation_operators.py:808 - 65 generation!
INFO 2024-05-28 20:00:31 - mutation_test.py:519 - ================== start 66 generation!(66/100) ==================
INFO 2024-05-28 20:00:31 - model_mutation_operators.py:2119 - Adopt SM mut_strategy!
INFO 2024-05-28 20:00:31 - model_mutation_operators.py:2157 - select layer: dense layer_type: <class 'mindspore.nn.layer.container.SequentialCell'> in_shape: [2, 100] out_shape: [2, 1]
INFO 2024-05-28 20:00:31 - model_mutation_operators.py:2158 - mut Basic type: True
INFO 2024-05-28 20:00:31 - model_mutation_operators.py:2169 - No suitable ops for SM mutation!
INFO 2024-05-28 20:00:31 - model_mutation_operators.py:2170 - 66 generation!
INFO 2024-05-28 20:00:31 - mutation_test.py:519 - ================== start 67 generation!(67/100) ==================
INFO 2024-05-28 20:00:31 - model_mutation_operators.py:2119 - Adopt SM mut_strategy!
INFO 2024-05-28 20:00:31 - model_mutation_operators.py:2157 - select layer: dropout1 layer_type: <class 'mindspore.nn.layer.container.SequentialCell'> in_shape: [1, 1, 50] out_shape: [1, 1, 50]
INFO 2024-05-28 20:00:31 - model_mutation_operators.py:2158 - mut Basic type: True
INFO 2024-05-28 20:00:31 - model_mutation_operators.py:2169 - No suitable ops for SM mutation!
INFO 2024-05-28 20:00:31 - model_mutation_operators.py:2170 - 67 generation!
INFO 2024-05-28 20:00:32 - mutation_test.py:519 - ================== start 68 generation!(68/100) ==================
INFO 2024-05-28 20:00:32 - model_mutation_operators.py:243 - Adopt LD mut_strategy!
INFO 2024-05-28 20:00:32 - model_mutation_operators.py:259 - delete layer_name:dropout1
INFO 2024-05-28 20:00:32 - model_mutation_operators.py:279 - mut_result:No suitable ops for LD mutation!
INFO 2024-05-28 20:00:32 - model_mutation_operators.py:280 - 68 generation!
INFO 2024-05-28 20:00:32 - mutation_test.py:519 - ================== start 69 generation!(69/100) ==================
INFO 2024-05-28 20:00:32 - model_mutation_operators.py:1071 - Adopt CM mut_strategy!
INFO 2024-05-28 20:00:32 - model_mutation_operators.py:1117 - mut_result:No suitable ops for CM mutation!
INFO 2024-05-28 20:00:32 - model_mutation_operators.py:1118 - 69 generation!
INFO 2024-05-28 20:00:32 - mutation_test.py:519 - ================== start 70 generation!(70/100) ==================
INFO 2024-05-28 20:00:32 - model_mutation_operators.py:2119 - Adopt SM mut_strategy!
INFO 2024-05-28 20:00:32 - model_mutation_operators.py:2157 - select layer: dropout2 layer_type: <class 'mindspore.nn.layer.container.SequentialCell'> in_shape: [1, 1, 100] out_shape: [1, 1, 100]
INFO 2024-05-28 20:00:32 - model_mutation_operators.py:2158 - mut Basic type: True
INFO 2024-05-28 20:00:32 - model_mutation_operators.py:2169 - No suitable ops for SM mutation!
INFO 2024-05-28 20:00:32 - model_mutation_operators.py:2170 - 70 generation!
INFO 2024-05-28 20:00:33 - mutation_test.py:519 - ================== start 71 generation!(71/100) ==================
INFO 2024-05-28 20:00:33 - model_mutation_operators.py:243 - Adopt LD mut_strategy!
INFO 2024-05-28 20:00:33 - model_mutation_operators.py:259 - delete layer_name:dropout2
INFO 2024-05-28 20:00:33 - model_mutation_operators.py:279 - mut_result:No suitable ops for LD mutation!
INFO 2024-05-28 20:00:33 - model_mutation_operators.py:280 - 71 generation!
INFO 2024-05-28 20:00:33 - mutation_test.py:519 - ================== start 72 generation!(72/100) ==================
INFO 2024-05-28 20:00:33 - model_mutation_operators.py:243 - Adopt LD mut_strategy!
INFO 2024-05-28 20:00:33 - model_mutation_operators.py:259 - delete layer_name:dense
INFO 2024-05-28 20:00:33 - model_mutation_operators.py:279 - mut_result:No suitable ops for LD mutation!
INFO 2024-05-28 20:00:33 - model_mutation_operators.py:280 - 72 generation!
INFO 2024-05-28 20:00:33 - mutation_test.py:519 - ================== start 73 generation!(73/100) ==================
INFO 2024-05-28 20:00:33 - model_mutation_operators.py:1071 - Adopt CM mut_strategy!
INFO 2024-05-28 20:00:33 - model_mutation_operators.py:1117 - mut_result:No suitable ops for CM mutation!
INFO 2024-05-28 20:00:33 - model_mutation_operators.py:1118 - 73 generation!
INFO 2024-05-28 20:00:34 - mutation_test.py:519 - ================== start 74 generation!(74/100) ==================
INFO 2024-05-28 20:00:34 - model_mutation_operators.py:1924 - Adopt LC mut_strategy!
INFO 2024-05-28 20:00:34 - model_mutation_operators.py:1979 - Illegal LC mutate!
INFO 2024-05-28 20:00:34 - model_mutation_operators.py:1980 - mut_result:LC Create illegal layer!
INFO 2024-05-28 20:00:34 - model_mutation_operators.py:1981 - 74 generation!

INFO 2024-05-28 20:00:34 - mutation_test.py:519 - ================== start 75 generation!(75/100) ==================
INFO 2024-05-28 20:00:34 - model_mutation_operators.py:24 - Adopt PM mut_strategy!
INFO 2024-05-28 20:00:34 - model_mutation_operators.py:63 - The target model do not have the mutator operators keep_prob!
INFO 2024-05-28 20:00:34 - model_mutation_operators.py:64 - mut_result:Parameter Miss
INFO 2024-05-28 20:00:34 - model_mutation_operators.py:65 - 75 generation!

INFO 2024-05-28 20:00:34 - mutation_test.py:519 - ================== start 76 generation!(76/100) ==================
INFO 2024-05-28 20:00:34 - model_mutation_operators.py:24 - Adopt PM mut_strategy!
INFO 2024-05-28 20:00:34 - model_mutation_operators.py:63 - The target model do not have the mutator operators keep_prob!
INFO 2024-05-28 20:00:34 - model_mutation_operators.py:64 - mut_result:Parameter Miss
INFO 2024-05-28 20:00:34 - model_mutation_operators.py:65 - 76 generation!

INFO 2024-05-28 20:00:35 - mutation_test.py:519 - ================== start 77 generation!(77/100) ==================
INFO 2024-05-28 20:00:35 - model_mutation_operators.py:1924 - Adopt LC mut_strategy!
INFO 2024-05-28 20:00:35 - model_mutation_operators.py:1979 - Illegal LC mutate!
INFO 2024-05-28 20:00:35 - model_mutation_operators.py:1980 - mut_result:LC Create illegal layer!
INFO 2024-05-28 20:00:35 - model_mutation_operators.py:1981 - 77 generation!

INFO 2024-05-28 20:00:35 - mutation_test.py:519 - ================== start 78 generation!(78/100) ==================
INFO 2024-05-28 20:00:35 - model_mutation_operators.py:1924 - Adopt LC mut_strategy!
INFO 2024-05-28 20:00:35 - model_mutation_operators.py:1979 - Illegal LC mutate!
INFO 2024-05-28 20:00:35 - model_mutation_operators.py:1980 - mut_result:LC Create illegal layer!
INFO 2024-05-28 20:00:35 - model_mutation_operators.py:1981 - 78 generation!

INFO 2024-05-28 20:00:35 - mutation_test.py:519 - ================== start 79 generation!(79/100) ==================
INFO 2024-05-28 20:00:35 - model_mutation_operators.py:516 - Adopt LA mut_strategy!
INFO 2024-05-28 20:00:35 - model_mutation_operators.py:561 - mut_result:No suitable ops for LA mutation!
INFO 2024-05-28 20:00:35 - model_mutation_operators.py:562 - 79 generation!
INFO 2024-05-28 20:00:36 - mutation_test.py:519 - ================== start 80 generation!(80/100) ==================
INFO 2024-05-28 20:00:36 - model_mutation_operators.py:516 - Adopt LA mut_strategy!
INFO 2024-05-28 20:00:36 - model_mutation_operators.py:561 - mut_result:No suitable ops for LA mutation!
INFO 2024-05-28 20:00:36 - model_mutation_operators.py:562 - 80 generation!
INFO 2024-05-28 20:00:36 - mutation_test.py:519 - ================== start 81 generation!(81/100) ==================
INFO 2024-05-28 20:00:36 - model_mutation_operators.py:756 - Adopt RA mut_strategy!
INFO 2024-05-28 20:00:36 - model_mutation_operators.py:807 - mut_result:No suitable ops for RA mutation!
INFO 2024-05-28 20:00:36 - model_mutation_operators.py:808 - 81 generation!
INFO 2024-05-28 20:00:37 - mutation_test.py:519 - ================== start 82 generation!(82/100) ==================
INFO 2024-05-28 20:00:37 - model_mutation_operators.py:756 - Adopt RA mut_strategy!
INFO 2024-05-28 20:00:37 - model_mutation_operators.py:807 - mut_result:No suitable ops for RA mutation!
INFO 2024-05-28 20:00:37 - model_mutation_operators.py:808 - 82 generation!
INFO 2024-05-28 20:00:37 - mutation_test.py:519 - ================== start 83 generation!(83/100) ==================
INFO 2024-05-28 20:00:37 - model_mutation_operators.py:1924 - Adopt LC mut_strategy!
INFO 2024-05-28 20:00:37 - model_mutation_operators.py:1979 - Illegal LC mutate!
INFO 2024-05-28 20:00:37 - model_mutation_operators.py:1980 - mut_result:LC Create illegal layer!
INFO 2024-05-28 20:00:37 - model_mutation_operators.py:1981 - 83 generation!

INFO 2024-05-28 20:00:37 - mutation_test.py:519 - ================== start 84 generation!(84/100) ==================
INFO 2024-05-28 20:00:37 - model_mutation_operators.py:756 - Adopt RA mut_strategy!
INFO 2024-05-28 20:00:37 - model_mutation_operators.py:807 - mut_result:No suitable ops for RA mutation!
INFO 2024-05-28 20:00:37 - model_mutation_operators.py:808 - 84 generation!
INFO 2024-05-28 20:00:38 - mutation_test.py:519 - ================== start 85 generation!(85/100) ==================
INFO 2024-05-28 20:00:38 - model_mutation_operators.py:756 - Adopt RA mut_strategy!
INFO 2024-05-28 20:00:38 - model_mutation_operators.py:807 - mut_result:No suitable ops for RA mutation!
INFO 2024-05-28 20:00:38 - model_mutation_operators.py:808 - 85 generation!
INFO 2024-05-28 20:00:38 - mutation_test.py:519 - ================== start 86 generation!(86/100) ==================
INFO 2024-05-28 20:00:38 - model_mutation_operators.py:1071 - Adopt CM mut_strategy!
INFO 2024-05-28 20:00:38 - model_mutation_operators.py:1117 - mut_result:No suitable ops for CM mutation!
INFO 2024-05-28 20:00:38 - model_mutation_operators.py:1118 - 86 generation!
INFO 2024-05-28 20:00:38 - mutation_test.py:519 - ================== start 87 generation!(87/100) ==================
INFO 2024-05-28 20:00:38 - model_mutation_operators.py:516 - Adopt LA mut_strategy!
INFO 2024-05-28 20:00:38 - model_mutation_operators.py:561 - mut_result:No suitable ops for LA mutation!
INFO 2024-05-28 20:00:38 - model_mutation_operators.py:562 - 87 generation!
INFO 2024-05-28 20:00:39 - mutation_test.py:519 - ================== start 88 generation!(88/100) ==================
INFO 2024-05-28 20:00:39 - model_mutation_operators.py:516 - Adopt LA mut_strategy!
INFO 2024-05-28 20:00:39 - model_mutation_operators.py:561 - mut_result:No suitable ops for LA mutation!
INFO 2024-05-28 20:00:39 - model_mutation_operators.py:562 - 88 generation!
INFO 2024-05-28 20:00:39 - mutation_test.py:519 - ================== start 89 generation!(89/100) ==================
INFO 2024-05-28 20:00:39 - model_mutation_operators.py:1071 - Adopt CM mut_strategy!
INFO 2024-05-28 20:00:39 - model_mutation_operators.py:1117 - mut_result:No suitable ops for CM mutation!
INFO 2024-05-28 20:00:39 - model_mutation_operators.py:1118 - 89 generation!
INFO 2024-05-28 20:00:39 - mutation_test.py:519 - ================== start 90 generation!(90/100) ==================
INFO 2024-05-28 20:00:39 - model_mutation_operators.py:516 - Adopt LA mut_strategy!
INFO 2024-05-28 20:00:39 - model_mutation_operators.py:561 - mut_result:No suitable ops for LA mutation!
INFO 2024-05-28 20:00:39 - model_mutation_operators.py:562 - 90 generation!
INFO 2024-05-28 20:00:40 - mutation_test.py:519 - ================== start 91 generation!(91/100) ==================
INFO 2024-05-28 20:00:40 - model_mutation_operators.py:1071 - Adopt CM mut_strategy!
INFO 2024-05-28 20:00:40 - model_mutation_operators.py:1117 - mut_result:No suitable ops for CM mutation!
INFO 2024-05-28 20:00:40 - model_mutation_operators.py:1118 - 91 generation!
INFO 2024-05-28 20:00:40 - mutation_test.py:519 - ================== start 92 generation!(92/100) ==================
INFO 2024-05-28 20:00:40 - model_mutation_operators.py:243 - Adopt LD mut_strategy!
INFO 2024-05-28 20:00:40 - model_mutation_operators.py:259 - delete layer_name:dense
INFO 2024-05-28 20:00:40 - model_mutation_operators.py:279 - mut_result:No suitable ops for LD mutation!
INFO 2024-05-28 20:00:40 - model_mutation_operators.py:280 - 92 generation!
INFO 2024-05-28 20:00:41 - mutation_test.py:519 - ================== start 93 generation!(93/100) ==================
INFO 2024-05-28 20:00:41 - model_mutation_operators.py:24 - Adopt PM mut_strategy!
INFO 2024-05-28 20:00:41 - model_mutation_operators.py:63 - The target model do not have the mutator operators keep_prob!
INFO 2024-05-28 20:00:41 - model_mutation_operators.py:64 - mut_result:Parameter Miss
INFO 2024-05-28 20:00:41 - model_mutation_operators.py:65 - 93 generation!

INFO 2024-05-28 20:00:41 - mutation_test.py:519 - ================== start 94 generation!(94/100) ==================
INFO 2024-05-28 20:00:41 - model_mutation_operators.py:2119 - Adopt SM mut_strategy!
INFO 2024-05-28 20:00:41 - model_mutation_operators.py:2157 - select layer: dropout1 layer_type: <class 'mindspore.nn.layer.container.SequentialCell'> in_shape: [1, 1, 50] out_shape: [1, 1, 50]
INFO 2024-05-28 20:00:41 - model_mutation_operators.py:2158 - mut Basic type: True
INFO 2024-05-28 20:00:41 - model_mutation_operators.py:2169 - No suitable ops for SM mutation!
INFO 2024-05-28 20:00:41 - model_mutation_operators.py:2170 - 94 generation!
INFO 2024-05-28 20:00:41 - mutation_test.py:519 - ================== start 95 generation!(95/100) ==================
INFO 2024-05-28 20:00:41 - model_mutation_operators.py:516 - Adopt LA mut_strategy!
INFO 2024-05-28 20:00:41 - model_mutation_operators.py:561 - mut_result:No suitable ops for LA mutation!
INFO 2024-05-28 20:00:41 - model_mutation_operators.py:562 - 95 generation!
INFO 2024-05-28 20:00:42 - mutation_test.py:519 - ================== start 96 generation!(96/100) ==================
INFO 2024-05-28 20:00:42 - model_mutation_operators.py:24 - Adopt PM mut_strategy!
INFO 2024-05-28 20:00:42 - model_mutation_operators.py:63 - The target model do not have the mutator operators stride!
INFO 2024-05-28 20:00:42 - model_mutation_operators.py:64 - mut_result:Parameter Miss
INFO 2024-05-28 20:00:42 - model_mutation_operators.py:65 - 96 generation!

INFO 2024-05-28 20:00:42 - mutation_test.py:519 - ================== start 97 generation!(97/100) ==================
INFO 2024-05-28 20:00:42 - model_mutation_operators.py:2119 - Adopt SM mut_strategy!
INFO 2024-05-28 20:00:42 - model_mutation_operators.py:2157 - select layer: dense layer_type: <class 'mindspore.nn.layer.container.SequentialCell'> in_shape: [2, 100] out_shape: [2, 1]
INFO 2024-05-28 20:00:42 - model_mutation_operators.py:2158 - mut Basic type: True
INFO 2024-05-28 20:00:42 - model_mutation_operators.py:2169 - No suitable ops for SM mutation!
INFO 2024-05-28 20:00:42 - model_mutation_operators.py:2170 - 97 generation!
INFO 2024-05-28 20:00:43 - mutation_test.py:519 - ================== start 98 generation!(98/100) ==================
INFO 2024-05-28 20:00:43 - model_mutation_operators.py:756 - Adopt RA mut_strategy!
INFO 2024-05-28 20:00:43 - model_mutation_operators.py:807 - mut_result:No suitable ops for RA mutation!
INFO 2024-05-28 20:00:43 - model_mutation_operators.py:808 - 98 generation!
INFO 2024-05-28 20:00:43 - mutation_test.py:519 - ================== start 99 generation!(99/100) ==================
INFO 2024-05-28 20:00:43 - model_mutation_operators.py:243 - Adopt LD mut_strategy!
INFO 2024-05-28 20:00:43 - model_mutation_operators.py:259 - delete layer_name:dropout1
INFO 2024-05-28 20:00:43 - model_mutation_operators.py:279 - mut_result:No suitable ops for LD mutation!
INFO 2024-05-28 20:00:43 - model_mutation_operators.py:280 - 99 generation!
INFO 2024-05-28 20:00:43 - mutation_test.py:519 - ================== start 100 generation!(100/100) ==================
INFO 2024-05-28 20:00:43 - model_mutation_operators.py:516 - Adopt LA mut_strategy!
INFO 2024-05-28 20:00:43 - model_mutation_operators.py:561 - mut_result:No suitable ops for LA mutation!
INFO 2024-05-28 20:00:43 - model_mutation_operators.py:562 - 100 generation!
INFO 2024-05-28 20:00:44 - mutation_test.py:551 - mutation_scores: [-100, 0.24084496, 0.25145513, 0.2103618, -100, -100, 0.119014695, 0.108929396, -100, 0.12358455, 0.12358455, -100, -100, -100, -100, -100, -100, 0.09484275, -100, -100, -100, -100, -100, -100, -100, -100, -100, 0.098214224, 0.09288867, -100, -100, -100, -100, -100, -100, 0.108905494, 0.09894253, -100, -100, -100, 0.12931193, -100, -100, -100, -100, -100, -100, -100, -100, -100, -100, -100, -100, -100, -100, -100, -100, -100, -100, -100, -100, -100, -100, -100, -100, -100, -100, -100, -100, -100, -100, -100, -100, -100, -100, -100, -100, -100, -100, -100, -100, -100, -100, -100, -100, -100, -100, -100, -100, -100, -100, -100, -100, -100, -100, -100, -100, -100, -100, -100]
INFO 2024-05-28 20:00:44 - mutation_test.py:553 - **** stage1 select generations: [37 36  8  7 11 10 41  4  2  3] ****

INFO 2024-05-28 20:00:44 - mutation_test.py:250 - mutation iteration:100 ({'LD': 15, 'PM': 15, 'LC': 14, 'CM': 13, 'RA': 11, 'SM': 11, 'LA': 21}), mutation success:13
 ({'LD': 3, 'PM': 2, 'LC': 2, 'CM': 3, 'RA': 1, 'SM': 2, 'LA': 0})

