WARNING 2024-05-27 12:23:48 - mutation_test.py:59 - For PyTorch and MindSpore running separately, CUDA_VISIBLE_DEVICES should have at least two GPUs, such as 'export CUDA_VISIBLE_DEVICES=0,1'
INFO 2024-05-27 12:23:48 - mutation_test.py:129 - Mutation config:
----------------------------------------------------------------------------------------
train_config: {'model_name': 'alexnet', 'dataset_name': 'random', 'batch_size': 5, 'input_size': ['(2,3,32, 32)'], 'test_size': 2, 'dtypes': ['float'], 'epoch': 20, 'loss_name': 'CrossEntropy', 'optimizer': 'SGD', 'learning_rate': 0.005, 'loss_ground_truth': 2.950969386100769, 'eval_ground_truth': 0.998740881321355, 'memory_threshold': '1e-2', 'dataset_path': 'alexnet', 'device': 'GPU', 'device_id': '0,1'}
mutation_config: {'mutation_iterations': 100, 'save_iterations': 1, 'mutation_eval_metric': 'origin_diff', 'validation_threshold': 0.0006, 'output_difference_metric': 'DMAD', 'log_path': '/data1/myz/net-sv/common/log/alexnet-2024.5.27.12.23.48', 'mutation_strategy': 'random', 'mutation_type': ['LD', 'PM', 'LA', 'RA', 'SM', 'CM', 'LC'], 'selected_model_num': 10}

INFO 2024-05-27 12:23:48 - mutation_test.py:1045 - Stage1: start network mutation!
INFO 2024-05-27 12:23:55 - mutation_test.py:525 - ================== start 1 generation!(1/100) ==================
INFO 2024-05-27 12:23:55 - model_mutation_operators.py:1070 - Adopt CM mut_strategy!
INFO 2024-05-27 12:23:55 - model_mutation_operators.py:1153 - candidate_in_mutlayers_indice:-1
INFO 2024-05-27 12:23:55 - model_mutation_operators.py:1160 - select layer: conv4 layer_type: <class 'mindspore.nn.layer.conv.Conv2d'> in_shape: [2, 384, 4, 4] out_shape: [2, 384, 4, 4]
INFO 2024-05-27 12:23:55 - model_mutation_operators.py:1161 - mut Basic type: True
INFO 2024-05-27 12:23:55 - model_mutation_operators.py:1204 - select insert layer: Inception_A<
  (branch0): BasicConv2d<
    (relu): ReLU<>
    >
  (branch1): SequentialCell<
    (0): BasicConv2d<
      (relu): ReLU<>
      >
    (1): BasicConv2d<
      (relu): ReLU<>
      >
    >
  (branch2): SequentialCell<
    (0): BasicConv2d<
      (relu): ReLU<>
      >
    (1): BasicConv2d<
      (relu): ReLU<>
      >
    (2): BasicConv2d<
      (relu): ReLU<>
      >
    >
  (branch_pool): SequentialCell<
    (0): AvgPool2d<kernel_size=3, stride=1, pad_mode=SAME>
    (1): BasicConv2d<
      (relu): ReLU<>
      >
    >
  >
INFO 2024-05-27 12:23:55 - model_mutation_operators.py:1249 - replace Basic with CM op!
INFO 2024-05-27 12:23:55 - model_mutation_operators.py:1300 - mut_result:True
INFO 2024-05-27 12:23:55 - model_mutation_operators.py:1301 - 1 generation!

INFO 2024-05-27 12:23:55 - mutation_test.py:525 - ================== start 2 generation!(2/100) ==================
INFO 2024-05-27 12:23:55 - model_mutation_operators.py:515 - Adopt LA mut_strategy!
INFO 2024-05-27 12:23:55 - model_mutation_operators.py:590 - candidate_in_mutlayers_indice:-1
INFO 2024-05-27 12:23:55 - model_mutation_operators.py:599 - select layer: fc2 layer_type: <class 'mindspore.nn.layer.basic.Dense'> in_shape: [2, 4096] out_shape: [2, 4096]
INFO 2024-05-27 12:23:55 - model_mutation_operators.py:600 - mut Basic type: True
INFO 2024-05-27 12:23:55 - model_mutation_operators.py:601 - add Basic layer : Basic_op
INFO 2024-05-27 12:23:55 - model_mutation_operators.py:615 - select insert layer: GELU<>
INFO 2024-05-27 12:23:55 - model_mutation_operators.py:628 - insert_layer_outshape equal!
INFO 2024-05-27 12:23:55 - model_mutation_operators.py:745 - mut_result:True
INFO 2024-05-27 12:23:55 - model_mutation_operators.py:746 - 2 generation!

INFO 2024-05-27 12:23:56 - mutation_test.py:525 - ================== start 3 generation!(3/100) ==================
INFO 2024-05-27 12:23:56 - model_mutation_operators.py:2118 - Adopt SM mut_strategy!
INFO 2024-05-27 12:23:56 - model_mutation_operators.py:2156 - select layer: conv1 layer_type: <class 'mindspore.nn.layer.conv.Conv2d'> in_shape: [2, 3, 32, 32] out_shape: [2, 96, 16, 16]
INFO 2024-05-27 12:23:56 - model_mutation_operators.py:2157 - mut Basic type: True
INFO 2024-05-27 12:23:56 - model_mutation_operators.py:2205 - candidate_in_mutlayers_indice:-1
INFO 2024-05-27 12:23:56 - model_mutation_operators.py:2278 - mutate input_shape: [2, 44, 20, 41]
INFO 2024-05-27 12:23:56 - model_mutation_operators.py:2279 - mutate output_shape: [2, 20, 15, 17]
INFO 2024-05-27 12:23:56 - model_mutation_operators.py:2359 - mut_result:True
INFO 2024-05-27 12:23:56 - model_mutation_operators.py:2360 - 3 generation!

INFO 2024-05-27 12:23:56 - mutation_test.py:525 - ================== start 4 generation!(4/100) ==================
INFO 2024-05-27 12:23:56 - model_mutation_operators.py:755 - Adopt RA mut_strategy!
INFO 2024-05-27 12:23:56 - model_mutation_operators.py:849 - candidate_in_mutlayers_indice:-1
INFO 2024-05-27 12:23:56 - model_mutation_operators.py:858 - select layer: pool2 layer_type: <class 'mindspore.nn.layer.pooling.MaxPool2d'> in_shape: [2, 256, 8, 8] out_shape: [2, 256, 4, 4]
INFO 2024-05-27 12:23:56 - model_mutation_operators.py:859 - mut Basic type: True
INFO 2024-05-27 12:23:56 - model_mutation_operators.py:860 - add Basic layer : Basic_op
INFO 2024-05-27 12:23:56 - model_mutation_operators.py:873 - select insert layer: AvgPool2d<kernel_size=1, stride=1, pad_mode=VALID>
INFO 2024-05-27 12:23:56 - model_mutation_operators.py:918 - insert_layer_outshape not equal!: [2, 256, 4, 4]
INFO 2024-05-27 12:23:57 - model_mutation_operators.py:1060 - mut_result:True
INFO 2024-05-27 12:23:57 - model_mutation_operators.py:1061 - 4 generation!

INFO 2024-05-27 12:23:58 - mutation_test.py:525 - ================== start 5 generation!(5/100) ==================
INFO 2024-05-27 12:23:58 - model_mutation_operators.py:242 - Adopt LD mut_strategy!
INFO 2024-05-27 12:23:58 - model_mutation_operators.py:258 - delete layer_name:fc2
INFO 2024-05-27 12:23:58 - model_mutation_operators.py:287 - candidate_in_mutlayers_indice:1

INFO 2024-05-27 12:23:58 - model_mutation_operators.py:505 - mut_result:True
INFO 2024-05-27 12:23:58 - model_mutation_operators.py:506 - 5 generation!

INFO 2024-05-27 12:23:58 - mutation_test.py:525 - ================== start 6 generation!(6/100) ==================
INFO 2024-05-27 12:23:58 - model_mutation_operators.py:1923 - Adopt LC mut_strategy!
INFO 2024-05-27 12:23:58 - model_mutation_operators.py:1990 - select layer: pool3 layer_type: <class 'mindspore.nn.layer.pooling.MaxPool2d'> in_shape: [2, 256, 4, 4] out_shape: [2, 256, 2, 2]
INFO 2024-05-27 12:23:58 - model_mutation_operators.py:1991 - mut Basic type: True
INFO 2024-05-27 12:23:58 - model_mutation_operators.py:1992 - add Basic layer : Basic_op
INFO 2024-05-27 12:23:58 - model_mutation_operators.py:2005 - select insert layer: MaxPool2d<kernel_size=3, stride=2, pad_mode=VALID>
INFO 2024-05-27 12:23:58 - model_mutation_operators.py:2027 - Illegal LC mutate!
INFO 2024-05-27 12:23:58 - model_mutation_operators.py:2028 - mut_result:LC Create illegal layer!
INFO 2024-05-27 12:23:58 - model_mutation_operators.py:2029 - Exception information: 
For 'MaxPool', the each element of the output shape must be larger than 0, but got output shape: [const vector]{2, 256, 0, 0}. The input shape: [const vector]{2, 256, 2, 2}, kernel size: [const vector]{1, 1, 3, 3}, strides: [const vector]{1, 1, 2, 2}. Please check the official api documents for more information about the output.

----------------------------------------------------
- C++ Call Stack: (For framework developers)
----------------------------------------------------
mindspore/core/ops/max_pool.cc:84 CheckOutshapeValid

INFO 2024-05-27 12:23:58 - model_mutation_operators.py:2030 - 6 generation!

INFO 2024-05-27 12:23:59 - mutation_test.py:525 - ================== start 7 generation!(7/100) ==================
INFO 2024-05-27 12:23:59 - model_mutation_operators.py:515 - Adopt LA mut_strategy!
INFO 2024-05-27 12:23:59 - model_mutation_operators.py:590 - candidate_in_mutlayers_indice:-1
INFO 2024-05-27 12:23:59 - model_mutation_operators.py:599 - select layer: fc3 layer_type: <class 'mindspore.nn.layer.basic.Dense'> in_shape: [2, 4096] out_shape: [2, 10]
INFO 2024-05-27 12:23:59 - model_mutation_operators.py:600 - mut Basic type: True
INFO 2024-05-27 12:23:59 - model_mutation_operators.py:601 - add Basic layer : Cascade_op
INFO 2024-05-27 12:23:59 - model_mutation_operators.py:615 - select insert layer: dwpw_group<
  (depthwise): dwpw_basic<
    (dwpw_conv): Conv2d<input_channels=10, output_channels=10, kernel_size=(1, 1), stride=(1, 1), pad_mode=same, padding=0, dilation=(1, 1), group=10, has_bias=False, weight_init=<mindspore.common.initializer.HeUniform object at 0x7fba803a8a50>, bias_init=None, format=NCHW>
    (dwpw_bn): BatchNorm2d<num_features=10, eps=1e-05, momentum=0.9, gamma=Parameter (name=depthwise.dwpw_bn.gamma, shape=(10,), dtype=Float32, requires_grad=True), beta=Parameter (name=depthwise.dwpw_bn.beta, shape=(10,), dtype=Float32, requires_grad=True), moving_mean=Parameter (name=depthwise.dwpw_bn.moving_mean, shape=(10,), dtype=Float32, requires_grad=False), moving_variance=Parameter (name=depthwise.dwpw_bn.moving_variance, shape=(10,), dtype=Float32, requires_grad=False)>
    (dwpw_activation): Mish<>
    >
  (pointwise): dwpw_basic<
    (dwpw_conv): Conv2d<input_channels=10, output_channels=10, kernel_size=(1, 1), stride=(1, 1), pad_mode=same, padding=0, dilation=(1, 1), group=1, has_bias=False, weight_init=<mindspore.common.initializer.HeUniform object at 0x7fba80356e50>, bias_init=None, format=NCHW>
    (dwpw_bn): BatchNorm2d<num_features=10, eps=1e-05, momentum=0.9, gamma=Parameter (name=pointwise.dwpw_bn.gamma, shape=(10,), dtype=Float32, requires_grad=True), beta=Parameter (name=pointwise.dwpw_bn.beta, shape=(10,), dtype=Float32, requires_grad=True), moving_mean=Parameter (name=pointwise.dwpw_bn.moving_mean, shape=(10,), dtype=Float32, requires_grad=False), moving_variance=Parameter (name=pointwise.dwpw_bn.moving_variance, shape=(10,), dtype=Float32, requires_grad=False)>
    (dwpw_activation): Mish<>
    >
  >
INFO 2024-05-27 12:23:59 - model_mutation_operators.py:628 - insert_layer_outshape equal!
INFO 2024-05-27 12:23:59 - model_mutation_operators.py:693 - add Cascade_op after basicop!
INFO 2024-05-27 12:23:59 - model_mutation_operators.py:745 - mut_result:True
INFO 2024-05-27 12:23:59 - model_mutation_operators.py:746 - 7 generation!

INFO 2024-05-27 12:23:59 - mutation_test.py:525 - ================== start 8 generation!(8/100) ==================
INFO 2024-05-27 12:23:59 - model_mutation_operators.py:24 - Adopt PM mut_strategy!
INFO 2024-05-27 12:23:59 - model_mutation_operators.py:80 - candidate_in_mutlayers_indice:-1
INFO 2024-05-27 12:23:59 - model_mutation_operators.py:93 - select op: bn3 layer_type: BatchNorm2d selected param:num_features input_shape:[2, 256, 2, 2] output_shape:[2, 256, 2, 2]
INFO 2024-05-27 12:23:59 - model_mutation_operators.py:160 - mutate_replace_layer: BatchNorm2d<num_features=64, eps=1e-05, momentum=0.09999999999999998, gamma=Parameter (name=gamma, shape=(64,), dtype=Float32, requires_grad=True), beta=Parameter (name=beta, shape=(64,), dtype=Float32, requires_grad=True), moving_mean=Parameter (name=mean, shape=(64,), dtype=Float32, requires_grad=False), moving_variance=Parameter (name=variance, shape=(64,), dtype=Float32, requires_grad=False)>
INFO 2024-05-27 12:23:59 - model_mutation_operators.py:192 - Previous value: 256 Edit value: 64 new_inshape: (2, 64, 2, 2) new_outshape: (2, 64, 2, 2)
INFO 2024-05-27 12:23:59 - model_mutation_operators.py:211 - SequentialCell<
  (0): Replace_ms<>
  (1): BatchNorm2d<num_features=64, eps=1e-05, momentum=0.09999999999999998, gamma=Parameter (name=bn3.1.gamma, shape=(64,), dtype=Float32, requires_grad=True), beta=Parameter (name=bn3.1.beta, shape=(64,), dtype=Float32, requires_grad=True), moving_mean=Parameter (name=bn3.1.moving_mean, shape=(64,), dtype=Float32, requires_grad=False), moving_variance=Parameter (name=bn3.1.moving_variance, shape=(64,), dtype=Float32, requires_grad=False)>
  (2): Replace_ms<>
  >
INFO 2024-05-27 12:23:59 - model_mutation_operators.py:212 - mut_result:True
INFO 2024-05-27 12:23:59 - model_mutation_operators.py:213 - 8 generation!

INFO 2024-05-27 12:24:01 - mutation_test.py:525 - ================== start 9 generation!(9/100) ==================
INFO 2024-05-27 12:24:01 - model_mutation_operators.py:1070 - Adopt CM mut_strategy!
INFO 2024-05-27 12:24:01 - model_mutation_operators.py:1153 - candidate_in_mutlayers_indice:-1
INFO 2024-05-27 12:24:01 - model_mutation_operators.py:1160 - select layer: conv2 layer_type: <class 'mindspore.nn.layer.conv.Conv2d'> in_shape: [2, 96, 8, 8] out_shape: [2, 256, 8, 8]
INFO 2024-05-27 12:24:01 - model_mutation_operators.py:1161 - mut Basic type: True
INFO 2024-05-27 12:24:01 - model_mutation_operators.py:1204 - select insert layer: Softmax<>
INFO 2024-05-27 12:24:01 - model_mutation_operators.py:1249 - replace Basic with CM op!
INFO 2024-05-27 12:24:01 - model_mutation_operators.py:1300 - mut_result:True
INFO 2024-05-27 12:24:01 - model_mutation_operators.py:1301 - 9 generation!

INFO 2024-05-27 12:24:01 - mutation_test.py:525 - ================== start 10 generation!(10/100) ==================
INFO 2024-05-27 12:24:01 - model_mutation_operators.py:515 - Adopt LA mut_strategy!
INFO 2024-05-27 12:24:01 - model_mutation_operators.py:590 - candidate_in_mutlayers_indice:-1
INFO 2024-05-27 12:24:01 - model_mutation_operators.py:599 - select layer: pool1 layer_type: <class 'mindspore.nn.layer.pooling.MaxPool2d'> in_shape: [2, 96, 16, 16] out_shape: [2, 96, 8, 8]
INFO 2024-05-27 12:24:01 - model_mutation_operators.py:600 - mut Basic type: True
INFO 2024-05-27 12:24:01 - model_mutation_operators.py:601 - add Basic layer : Cascade_op
INFO 2024-05-27 12:24:01 - model_mutation_operators.py:615 - select insert layer: Inception_A<
  (branch0): BasicConv2d<
    (relu): ReLU<>
    >
  (branch1): SequentialCell<
    (0): BasicConv2d<
      (relu): ReLU<>
      >
    (1): BasicConv2d<
      (relu): ReLU<>
      >
    >
  (branch2): SequentialCell<
    (0): BasicConv2d<
      (relu): ReLU<>
      >
    (1): BasicConv2d<
      (relu): ReLU<>
      >
    (2): BasicConv2d<
      (relu): ReLU<>
      >
    >
  (branch_pool): SequentialCell<
    (0): AvgPool2d<kernel_size=3, stride=1, pad_mode=SAME>
    (1): BasicConv2d<
      (relu): ReLU<>
      >
    >
  >
INFO 2024-05-27 12:24:01 - model_mutation_operators.py:628 - insert_layer_outshape equal!
INFO 2024-05-27 12:24:01 - Other_utils.py:191 - Exception information: For 'BatchNorm', 'scale_dim0' and input channel should be equal, but got 96 and 8.

----------------------------------------------------
- C++ Call Stack: (For framework developers)
----------------------------------------------------
mindspore/core/ops/batch_norm.cc:171 InferShape

INFO 2024-05-27 12:24:01 - model_mutation_operators.py:693 - add Cascade_op after basicop!
INFO 2024-05-27 12:24:01 - model_mutation_operators.py:745 - mut_result:False
INFO 2024-05-27 12:24:01 - model_mutation_operators.py:746 - 10 generation!

INFO 2024-05-27 12:24:02 - mutation_test.py:525 - ================== start 11 generation!(11/100) ==================
INFO 2024-05-27 12:24:02 - model_mutation_operators.py:2118 - Adopt SM mut_strategy!
INFO 2024-05-27 12:24:02 - model_mutation_operators.py:2156 - select layer: conv4 layer_type: <class 'common.mutation_ms.Layer_utils.CM_branchCell'> in_shape: [2, 384, 4, 4] out_shape: [2, 384, 4, 4]
INFO 2024-05-27 12:24:02 - model_mutation_operators.py:2157 - mut Basic type: True
INFO 2024-05-27 12:24:02 - model_mutation_operators.py:2205 - candidate_in_mutlayers_indice:-1
INFO 2024-05-27 12:24:02 - model_mutation_operators.py:2278 - mutate input_shape: [2, 21]
INFO 2024-05-27 12:24:02 - model_mutation_operators.py:2279 - mutate output_shape: [2, 22, 36, 32]
INFO 2024-05-27 12:24:02 - model_mutation_operators.py:2359 - mut_result:True
INFO 2024-05-27 12:24:02 - model_mutation_operators.py:2360 - 11 generation!

INFO 2024-05-27 12:24:02 - mutation_test.py:525 - ================== start 12 generation!(12/100) ==================
INFO 2024-05-27 12:24:02 - model_mutation_operators.py:24 - Adopt PM mut_strategy!
INFO 2024-05-27 12:24:02 - model_mutation_operators.py:80 - candidate_in_mutlayers_indice:-1
INFO 2024-05-27 12:24:02 - model_mutation_operators.py:93 - select op: conv3 layer_type: Conv2d selected param:out_channels input_shape:[2, 256, 4, 4] output_shape:[2, 384, 4, 4]
INFO 2024-05-27 12:24:02 - model_mutation_operators.py:160 - mutate_replace_layer: Conv2d<input_channels=256, output_channels=96, kernel_size=(3, 3), stride=(1, 1), pad_mode=same, padding=0, dilation=(1, 1), group=1, has_bias=False, weight_init=<mindspore.common.initializer.HeUniform object at 0x7fba807bf310>, bias_init=None, format=NCHW>
INFO 2024-05-27 12:24:02 - model_mutation_operators.py:192 - Previous value: 384 Edit value: 96 new_inshape: (2, 256, 4, 4) new_outshape: (2, 96, 4, 4)
INFO 2024-05-27 12:24:02 - model_mutation_operators.py:231 - SequentialCell<
  (0): Conv2d<input_channels=256, output_channels=96, kernel_size=(3, 3), stride=(1, 1), pad_mode=same, padding=0, dilation=(1, 1), group=1, has_bias=False, weight_init=<mindspore.common.initializer.HeUniform object at 0x7fba807bf310>, bias_init=None, format=NCHW>
  (1): Replace_ms<>
  >
INFO 2024-05-27 12:24:02 - model_mutation_operators.py:232 - mut_result:True
INFO 2024-05-27 12:24:02 - model_mutation_operators.py:233 - 12 generation!

INFO 2024-05-27 12:24:05 - mutation_test.py:525 - ================== start 13 generation!(13/100) ==================
INFO 2024-05-27 12:24:05 - model_mutation_operators.py:2118 - Adopt SM mut_strategy!
INFO 2024-05-27 12:24:05 - model_mutation_operators.py:2156 - select layer: conv4 layer_type: <class 'mindspore.nn.layer.container.SequentialCell'> in_shape: [2, 384, 4, 4] out_shape: [2, 384, 4, 4]
INFO 2024-05-27 12:24:05 - model_mutation_operators.py:2157 - mut Basic type: True
INFO 2024-05-27 12:24:05 - model_mutation_operators.py:2168 - No suitable ops for SM mutation!
INFO 2024-05-27 12:24:05 - model_mutation_operators.py:2169 - 13 generation!
INFO 2024-05-27 12:24:06 - mutation_test.py:525 - ================== start 14 generation!(14/100) ==================
INFO 2024-05-27 12:24:06 - model_mutation_operators.py:2118 - Adopt SM mut_strategy!
INFO 2024-05-27 12:24:06 - model_mutation_operators.py:2156 - select layer: pool3 layer_type: <class 'mindspore.nn.layer.pooling.MaxPool2d'> in_shape: [2, 256, 4, 4] out_shape: [2, 256, 2, 2]
INFO 2024-05-27 12:24:06 - model_mutation_operators.py:2157 - mut Basic type: True
INFO 2024-05-27 12:24:06 - model_mutation_operators.py:2205 - candidate_in_mutlayers_indice:-1
INFO 2024-05-27 12:24:06 - model_mutation_operators.py:2270 - mutate output_shape: [2, 47, 2, 21]
INFO 2024-05-27 12:24:06 - model_mutation_operators.py:2359 - mut_result:True
INFO 2024-05-27 12:24:06 - model_mutation_operators.py:2360 - 14 generation!

INFO 2024-05-27 12:24:08 - mutation_test.py:525 - ================== start 15 generation!(15/100) ==================
INFO 2024-05-27 12:24:08 - model_mutation_operators.py:2118 - Adopt SM mut_strategy!
INFO 2024-05-27 12:24:08 - model_mutation_operators.py:2156 - select layer: conv2 layer_type: <class 'common.mutation_ms.Layer_utils.CM_branchCell'> in_shape: [2, 96, 8, 8] out_shape: [2, 256, 8, 8]
INFO 2024-05-27 12:24:08 - model_mutation_operators.py:2157 - mut Basic type: True
INFO 2024-05-27 12:24:08 - model_mutation_operators.py:2205 - candidate_in_mutlayers_indice:-1
INFO 2024-05-27 12:24:08 - model_mutation_operators.py:2278 - mutate input_shape: [2, 39, 27, 23, 11]
INFO 2024-05-27 12:24:08 - model_mutation_operators.py:2279 - mutate output_shape: [2, 45, 39]
INFO 2024-05-27 12:24:08 - model_mutation_operators.py:2359 - mut_result:True
INFO 2024-05-27 12:24:08 - model_mutation_operators.py:2360 - 15 generation!

INFO 2024-05-27 12:24:09 - mutation_test.py:525 - ================== start 16 generation!(16/100) ==================
INFO 2024-05-27 12:24:09 - model_mutation_operators.py:24 - Adopt PM mut_strategy!
INFO 2024-05-27 12:24:09 - model_mutation_operators.py:80 - candidate_in_mutlayers_indice:-1
INFO 2024-05-27 12:24:09 - model_mutation_operators.py:93 - select op: dropout2 layer_type: Dropout selected param:keep_prob input_shape:[2, 4096] output_shape:[2, 4096]
INFO 2024-05-27 12:24:09 - model_mutation_operators.py:160 - mutate_replace_layer: Dropout<keep_prob=1.0>
INFO 2024-05-27 12:24:09 - model_mutation_operators.py:192 - Previous value: 0.5 Edit value: 1.0 new_inshape: (2, 4096) new_outshape: (2, 4096)
INFO 2024-05-27 12:24:09 - model_mutation_operators.py:231 - Dropout<keep_prob=1.0>
INFO 2024-05-27 12:24:09 - model_mutation_operators.py:232 - mut_result:True
INFO 2024-05-27 12:24:09 - model_mutation_operators.py:233 - 16 generation!

INFO 2024-05-27 12:24:11 - mutation_test.py:525 - ================== start 17 generation!(17/100) ==================
INFO 2024-05-27 12:24:11 - model_mutation_operators.py:24 - Adopt PM mut_strategy!
INFO 2024-05-27 12:24:11 - model_mutation_operators.py:80 - candidate_in_mutlayers_indice:-1
INFO 2024-05-27 12:24:11 - model_mutation_operators.py:93 - select op: pool1 layer_type: MaxPool2d selected param:stride input_shape:[2, 96, 16, 16] output_shape:[2, 96, 8, 8]
INFO 2024-05-27 12:24:11 - model_mutation_operators.py:160 - mutate_replace_layer: MaxPool2d<kernel_size=3, stride=(2, 2), pad_mode=VALID>
INFO 2024-05-27 12:24:11 - model_mutation_operators.py:192 - Previous value: 2 Edit value: (2, 2) new_inshape: (2, 96, 16, 16) new_outshape: (2, 96, 7, 7)
INFO 2024-05-27 12:24:11 - model_mutation_operators.py:231 - SequentialCell<
  (0): MaxPool2d<kernel_size=3, stride=(2, 2), pad_mode=VALID>
  (1): Replace_ms<>
  >
INFO 2024-05-27 12:24:11 - model_mutation_operators.py:232 - mut_result:True
INFO 2024-05-27 12:24:11 - model_mutation_operators.py:233 - 17 generation!

INFO 2024-05-27 12:24:12 - mutation_test.py:525 - ================== start 18 generation!(18/100) ==================
INFO 2024-05-27 12:24:12 - model_mutation_operators.py:1923 - Adopt LC mut_strategy!
INFO 2024-05-27 12:24:12 - model_mutation_operators.py:1990 - select layer: dropout1 layer_type: <class 'mindspore.nn.layer.basic.Dropout'> in_shape: [2, 4096] out_shape: [2, 4096]
INFO 2024-05-27 12:24:12 - model_mutation_operators.py:1991 - mut Basic type: True
INFO 2024-05-27 12:24:12 - model_mutation_operators.py:1992 - add Basic layer : Basic_op
INFO 2024-05-27 12:24:12 - model_mutation_operators.py:2005 - select insert layer: Dropout<keep_prob=0.5>
INFO 2024-05-27 12:24:12 - model_mutation_operators.py:2040 - insert_layer_outshape equal!
INFO 2024-05-27 12:24:12 - model_mutation_operators.py:2108 - mut_result:True
INFO 2024-05-27 12:24:12 - model_mutation_operators.py:2109 - 18 generation!

INFO 2024-05-27 12:24:15 - mutation_test.py:525 - ================== start 19 generation!(19/100) ==================
INFO 2024-05-27 12:24:15 - model_mutation_operators.py:2118 - Adopt SM mut_strategy!
INFO 2024-05-27 12:24:15 - model_mutation_operators.py:2156 - select layer: dropout1 layer_type: <class 'mindspore.nn.layer.container.SequentialCell'> in_shape: [2, 4096] out_shape: [2, 4096]
INFO 2024-05-27 12:24:15 - model_mutation_operators.py:2157 - mut Basic type: True
INFO 2024-05-27 12:24:15 - model_mutation_operators.py:2201 - candidate_in_mutlayers_indice:1
INFO 2024-05-27 12:24:15 - model_mutation_operators.py:2234 - mutate input_shape: [2, 13]
INFO 2024-05-27 12:24:15 - model_mutation_operators.py:2359 - mut_result:True
INFO 2024-05-27 12:24:15 - model_mutation_operators.py:2360 - 19 generation!

INFO 2024-05-27 12:24:15 - mutation_test.py:525 - ================== start 20 generation!(20/100) ==================
INFO 2024-05-27 12:24:15 - model_mutation_operators.py:2118 - Adopt SM mut_strategy!
INFO 2024-05-27 12:24:15 - model_mutation_operators.py:2156 - select layer: conv2 layer_type: <class 'mindspore.nn.layer.container.SequentialCell'> in_shape: [2, 96, 8, 8] out_shape: [2, 256, 8, 8]
INFO 2024-05-27 12:24:15 - model_mutation_operators.py:2157 - mut Basic type: True
INFO 2024-05-27 12:24:15 - model_mutation_operators.py:2168 - No suitable ops for SM mutation!
INFO 2024-05-27 12:24:15 - model_mutation_operators.py:2169 - 20 generation!
INFO 2024-05-27 12:24:16 - mutation_test.py:525 - ================== start 21 generation!(21/100) ==================
INFO 2024-05-27 12:24:16 - model_mutation_operators.py:515 - Adopt LA mut_strategy!
INFO 2024-05-27 12:24:16 - model_mutation_operators.py:560 - mut_result:No suitable ops for LA mutation!
INFO 2024-05-27 12:24:16 - model_mutation_operators.py:561 - 21 generation!
INFO 2024-05-27 12:24:17 - mutation_test.py:525 - ================== start 22 generation!(22/100) ==================
INFO 2024-05-27 12:24:17 - model_mutation_operators.py:755 - Adopt RA mut_strategy!
INFO 2024-05-27 12:24:17 - model_mutation_operators.py:806 - mut_result:No suitable ops for RA mutation!
INFO 2024-05-27 12:24:17 - model_mutation_operators.py:807 - 22 generation!
INFO 2024-05-27 12:24:18 - mutation_test.py:525 - ================== start 23 generation!(23/100) ==================
INFO 2024-05-27 12:24:18 - model_mutation_operators.py:2118 - Adopt SM mut_strategy!
INFO 2024-05-27 12:24:18 - model_mutation_operators.py:2156 - select layer: pool2 layer_type: <class 'mindspore.nn.layer.container.SequentialCell'> in_shape: [2, 256, 8, 8] out_shape: [2, 256, 4, 4]
INFO 2024-05-27 12:24:18 - model_mutation_operators.py:2157 - mut Basic type: True
INFO 2024-05-27 12:24:18 - model_mutation_operators.py:2168 - No suitable ops for SM mutation!
INFO 2024-05-27 12:24:18 - model_mutation_operators.py:2169 - 23 generation!
INFO 2024-05-27 12:24:19 - mutation_test.py:525 - ================== start 24 generation!(24/100) ==================
INFO 2024-05-27 12:24:19 - model_mutation_operators.py:1070 - Adopt CM mut_strategy!
INFO 2024-05-27 12:24:19 - model_mutation_operators.py:1153 - candidate_in_mutlayers_indice:-1
INFO 2024-05-27 12:24:19 - model_mutation_operators.py:1160 - select layer: conv5 layer_type: <class 'mindspore.nn.layer.conv.Conv2d'> in_shape: [2, 384, 4, 4] out_shape: [2, 256, 4, 4]
INFO 2024-05-27 12:24:19 - model_mutation_operators.py:1161 - mut Basic type: True
INFO 2024-05-27 12:24:20 - model_mutation_operators.py:1204 - select insert layer: convbnrelu<
  (conbnrelu_conv): Conv2d<input_channels=384, output_channels=256, kernel_size=(1, 1), stride=(1, 1), pad_mode=same, padding=0, dilation=(1, 1), group=1, has_bias=False, weight_init=<mindspore.common.initializer.HeUniform object at 0x7fba7ff99fd0>, bias_init=None, format=NCHW>
  (conbnrelu_bn): BatchNorm2d<num_features=256, eps=1e-05, momentum=0.9, gamma=Parameter (name=1.conbnrelu_bn.gamma, shape=(256,), dtype=Float32, requires_grad=True), beta=Parameter (name=1.conbnrelu_bn.beta, shape=(256,), dtype=Float32, requires_grad=True), moving_mean=Parameter (name=1.conbnrelu_bn.moving_mean, shape=(256,), dtype=Float32, requires_grad=False), moving_variance=Parameter (name=1.conbnrelu_bn.moving_variance, shape=(256,), dtype=Float32, requires_grad=False)>
  (conbnrelu_relu): ReLU<>
  >
INFO 2024-05-27 12:24:20 - model_mutation_operators.py:1249 - replace Basic with CM op!
INFO 2024-05-27 12:24:20 - model_mutation_operators.py:1300 - mut_result:True
INFO 2024-05-27 12:24:20 - model_mutation_operators.py:1301 - 24 generation!

INFO 2024-05-27 12:24:23 - mutation_test.py:525 - ================== start 25 generation!(25/100) ==================
INFO 2024-05-27 12:24:23 - model_mutation_operators.py:2118 - Adopt SM mut_strategy!
INFO 2024-05-27 12:24:23 - model_mutation_operators.py:2156 - select layer: conv1 layer_type: <class 'mindspore.nn.layer.container.SequentialCell'> in_shape: [2, 3, 32, 32] out_shape: [2, 96, 16, 16]
INFO 2024-05-27 12:24:23 - model_mutation_operators.py:2157 - mut Basic type: True
INFO 2024-05-27 12:24:23 - model_mutation_operators.py:2168 - No suitable ops for SM mutation!
INFO 2024-05-27 12:24:23 - model_mutation_operators.py:2169 - 25 generation!
INFO 2024-05-27 12:24:25 - mutation_test.py:525 - ================== start 26 generation!(26/100) ==================
INFO 2024-05-27 12:24:25 - model_mutation_operators.py:2118 - Adopt SM mut_strategy!
INFO 2024-05-27 12:24:25 - model_mutation_operators.py:2156 - select layer: flatten layer_type: <class 'mindspore.nn.layer.basic.Flatten'> in_shape: [2, 256, 2, 2] out_shape: [2, 1024]
INFO 2024-05-27 12:24:25 - model_mutation_operators.py:2157 - mut Basic type: True
INFO 2024-05-27 12:24:25 - model_mutation_operators.py:2205 - candidate_in_mutlayers_indice:-1
INFO 2024-05-27 12:24:25 - model_mutation_operators.py:2264 - mutate input_shape: [2, 22, 45, 27]
INFO 2024-05-27 12:24:25 - model_mutation_operators.py:2359 - mut_result:True
INFO 2024-05-27 12:24:25 - model_mutation_operators.py:2360 - 26 generation!

INFO 2024-05-27 12:24:28 - mutation_test.py:525 - ================== start 27 generation!(27/100) ==================
INFO 2024-05-27 12:24:28 - model_mutation_operators.py:515 - Adopt LA mut_strategy!
INFO 2024-05-27 12:24:28 - model_mutation_operators.py:582 - candidate_in_mutlayers_indice:1

INFO 2024-05-27 12:24:28 - model_mutation_operators.py:599 - select layer: fc3 layer_type: <class 'mindspore.nn.layer.container.SequentialCell'> in_shape: [2, 4096] out_shape: [2, 10]
INFO 2024-05-27 12:24:28 - model_mutation_operators.py:600 - mut Basic type: True
INFO 2024-05-27 12:24:28 - model_mutation_operators.py:601 - add Basic layer : Cascade_op
INFO 2024-05-27 12:24:28 - model_mutation_operators.py:615 - select insert layer: dwpw_group<
  (depthwise): dwpw_basic<
    (dwpw_conv): Conv2d<input_channels=10, output_channels=10, kernel_size=(1, 1), stride=(1, 1), pad_mode=same, padding=0, dilation=(1, 1), group=10, has_bias=False, weight_init=<mindspore.common.initializer.HeUniform object at 0x7fba80a7f2d0>, bias_init=None, format=NCHW>
    (dwpw_bn): BatchNorm2d<num_features=10, eps=1e-05, momentum=0.9, gamma=Parameter (name=depthwise.dwpw_bn.gamma, shape=(10,), dtype=Float32, requires_grad=True), beta=Parameter (name=depthwise.dwpw_bn.beta, shape=(10,), dtype=Float32, requires_grad=True), moving_mean=Parameter (name=depthwise.dwpw_bn.moving_mean, shape=(10,), dtype=Float32, requires_grad=False), moving_variance=Parameter (name=depthwise.dwpw_bn.moving_variance, shape=(10,), dtype=Float32, requires_grad=False)>
    (dwpw_activation): GELU<>
    >
  (pointwise): dwpw_basic<
    (dwpw_conv): Conv2d<input_channels=10, output_channels=10, kernel_size=(1, 1), stride=(1, 1), pad_mode=same, padding=0, dilation=(1, 1), group=1, has_bias=False, weight_init=<mindspore.common.initializer.HeUniform object at 0x7fba80a7f190>, bias_init=None, format=NCHW>
    (dwpw_bn): BatchNorm2d<num_features=10, eps=1e-05, momentum=0.9, gamma=Parameter (name=pointwise.dwpw_bn.gamma, shape=(10,), dtype=Float32, requires_grad=True), beta=Parameter (name=pointwise.dwpw_bn.beta, shape=(10,), dtype=Float32, requires_grad=True), moving_mean=Parameter (name=pointwise.dwpw_bn.moving_mean, shape=(10,), dtype=Float32, requires_grad=False), moving_variance=Parameter (name=pointwise.dwpw_bn.moving_variance, shape=(10,), dtype=Float32, requires_grad=False)>
    (dwpw_activation): GELU<>
    >
  >
INFO 2024-05-27 12:24:28 - model_mutation_operators.py:646 - insert_layer_outshape equal!
INFO 2024-05-27 12:24:29 - model_mutation_operators.py:745 - mut_result:True
INFO 2024-05-27 12:24:29 - model_mutation_operators.py:746 - 27 generation!

INFO 2024-05-27 12:24:29 - mutation_test.py:525 - ================== start 28 generation!(28/100) ==================
INFO 2024-05-27 12:24:29 - model_mutation_operators.py:1923 - Adopt LC mut_strategy!
INFO 2024-05-27 12:24:29 - model_mutation_operators.py:1990 - select layer: dropout2 layer_type: <class 'mindspore.nn.layer.basic.Dropout'> in_shape: [2, 4096] out_shape: [2, 4096]
INFO 2024-05-27 12:24:29 - model_mutation_operators.py:1991 - mut Basic type: True
INFO 2024-05-27 12:24:29 - model_mutation_operators.py:1992 - add Basic layer : Basic_op
INFO 2024-05-27 12:24:29 - model_mutation_operators.py:2005 - select insert layer: Dropout<keep_prob=1.0>
INFO 2024-05-27 12:24:29 - model_mutation_operators.py:2040 - insert_layer_outshape equal!
INFO 2024-05-27 12:24:29 - model_mutation_operators.py:2108 - mut_result:True
INFO 2024-05-27 12:24:29 - model_mutation_operators.py:2109 - 28 generation!

INFO 2024-05-27 12:24:33 - mutation_test.py:525 - ================== start 29 generation!(29/100) ==================
INFO 2024-05-27 12:24:33 - model_mutation_operators.py:1923 - Adopt LC mut_strategy!
INFO 2024-05-27 12:24:33 - model_mutation_operators.py:1990 - select layer: fc1 layer_type: <class 'mindspore.nn.layer.basic.Dense'> in_shape: [2, 1024] out_shape: [2, 4096]
INFO 2024-05-27 12:24:33 - model_mutation_operators.py:1991 - mut Basic type: True
INFO 2024-05-27 12:24:33 - model_mutation_operators.py:1992 - add Basic layer : Basic_op
INFO 2024-05-27 12:24:33 - model_mutation_operators.py:2005 - select insert layer: Dense<input_channels=1024, output_channels=4096, has_bias=True>
INFO 2024-05-27 12:24:33 - model_mutation_operators.py:2027 - Illegal LC mutate!
INFO 2024-05-27 12:24:33 - model_mutation_operators.py:2028 - mut_result:LC Create illegal layer!
INFO 2024-05-27 12:24:33 - model_mutation_operators.py:2029 - Exception information: 
For 'MatMul', the type of 'x2' should be same as 'x1', but got 'x1' with type Tensor[Float16] and 'x2' with type Tensor[Float32].

----------------------------------------------------
- C++ Call Stack: (For framework developers)
----------------------------------------------------
mindspore/core/ops/mat_mul.cc:143 InferType

INFO 2024-05-27 12:24:33 - model_mutation_operators.py:2030 - 29 generation!

INFO 2024-05-27 12:24:34 - mutation_test.py:525 - ================== start 30 generation!(30/100) ==================
INFO 2024-05-27 12:24:34 - model_mutation_operators.py:242 - Adopt LD mut_strategy!
INFO 2024-05-27 12:24:34 - model_mutation_operators.py:258 - delete layer_name:dropout1
INFO 2024-05-27 12:24:34 - model_mutation_operators.py:287 - candidate_in_mutlayers_indice:2

INFO 2024-05-27 12:24:34 - model_mutation_operators.py:505 - mut_result:True
INFO 2024-05-27 12:24:34 - model_mutation_operators.py:506 - 30 generation!

INFO 2024-05-27 12:24:38 - mutation_test.py:525 - ================== start 31 generation!(31/100) ==================
INFO 2024-05-27 12:24:38 - model_mutation_operators.py:755 - Adopt RA mut_strategy!
INFO 2024-05-27 12:24:38 - model_mutation_operators.py:849 - candidate_in_mutlayers_indice:-1
INFO 2024-05-27 12:24:38 - model_mutation_operators.py:858 - select layer: fc1 layer_type: <class 'mindspore.nn.layer.basic.Dense'> in_shape: [2, 1024] out_shape: [2, 4096]
INFO 2024-05-27 12:24:38 - model_mutation_operators.py:859 - mut Basic type: True
INFO 2024-05-27 12:24:38 - model_mutation_operators.py:860 - add Basic layer : Basic_op
INFO 2024-05-27 12:24:38 - model_mutation_operators.py:873 - select insert layer: ReLU<>
INFO 2024-05-27 12:24:38 - model_mutation_operators.py:918 - insert_layer_outshape not equal!: [2, 4096]
INFO 2024-05-27 12:24:38 - model_mutation_operators.py:1060 - mut_result:True
INFO 2024-05-27 12:24:38 - model_mutation_operators.py:1061 - 31 generation!

INFO 2024-05-27 12:24:38 - mutation_test.py:525 - ================== start 32 generation!(32/100) ==================
INFO 2024-05-27 12:24:38 - model_mutation_operators.py:242 - Adopt LD mut_strategy!
INFO 2024-05-27 12:24:38 - model_mutation_operators.py:258 - delete layer_name:bn3
INFO 2024-05-27 12:24:38 - model_mutation_operators.py:278 - mut_result:No suitable ops for LD mutation!
INFO 2024-05-27 12:24:38 - model_mutation_operators.py:279 - 32 generation!
INFO 2024-05-27 12:24:40 - mutation_test.py:525 - ================== start 33 generation!(33/100) ==================
INFO 2024-05-27 12:24:40 - model_mutation_operators.py:1070 - Adopt CM mut_strategy!
INFO 2024-05-27 12:24:40 - model_mutation_operators.py:1116 - mut_result:No suitable ops for CM mutation!
INFO 2024-05-27 12:24:40 - model_mutation_operators.py:1117 - 33 generation!
INFO 2024-05-27 12:24:41 - mutation_test.py:525 - ================== start 34 generation!(34/100) ==================
INFO 2024-05-27 12:24:41 - model_mutation_operators.py:2118 - Adopt SM mut_strategy!
INFO 2024-05-27 12:24:41 - model_mutation_operators.py:2156 - select layer: flatten layer_type: <class 'mindspore.nn.layer.container.SequentialCell'> in_shape: [2, 256, 2, 2] out_shape: [2, 1024]
INFO 2024-05-27 12:24:41 - model_mutation_operators.py:2157 - mut Basic type: True
INFO 2024-05-27 12:24:41 - model_mutation_operators.py:2201 - candidate_in_mutlayers_indice:0
INFO 2024-05-27 12:24:41 - model_mutation_operators.py:2256 - mutate input_shape: [2, 13, 20, 20]
INFO 2024-05-27 12:24:41 - model_mutation_operators.py:2257 - mutate output_shape: [2, 28, 28]
INFO 2024-05-27 12:24:41 - model_mutation_operators.py:2359 - mut_result:True
INFO 2024-05-27 12:24:41 - model_mutation_operators.py:2360 - 34 generation!

INFO 2024-05-27 12:24:45 - mutation_test.py:525 - ================== start 35 generation!(35/100) ==================
INFO 2024-05-27 12:24:45 - model_mutation_operators.py:2118 - Adopt SM mut_strategy!
INFO 2024-05-27 12:24:45 - model_mutation_operators.py:2156 - select layer: conv3 layer_type: <class 'mindspore.nn.layer.container.SequentialCell'> in_shape: [2, 256, 4, 4] out_shape: [2, 384, 4, 4]
INFO 2024-05-27 12:24:45 - model_mutation_operators.py:2157 - mut Basic type: True
INFO 2024-05-27 12:24:45 - model_mutation_operators.py:2168 - No suitable ops for SM mutation!
INFO 2024-05-27 12:24:45 - model_mutation_operators.py:2169 - 35 generation!
INFO 2024-05-27 12:24:47 - mutation_test.py:525 - ================== start 36 generation!(36/100) ==================
INFO 2024-05-27 12:24:47 - model_mutation_operators.py:242 - Adopt LD mut_strategy!
INFO 2024-05-27 12:24:47 - model_mutation_operators.py:258 - delete layer_name:conv2
INFO 2024-05-27 12:24:47 - model_mutation_operators.py:278 - mut_result:No suitable ops for LD mutation!
INFO 2024-05-27 12:24:47 - model_mutation_operators.py:279 - 36 generation!
INFO 2024-05-27 12:24:48 - mutation_test.py:525 - ================== start 37 generation!(37/100) ==================
INFO 2024-05-27 12:24:48 - model_mutation_operators.py:515 - Adopt LA mut_strategy!
INFO 2024-05-27 12:24:48 - model_mutation_operators.py:590 - candidate_in_mutlayers_indice:-1
INFO 2024-05-27 12:24:48 - model_mutation_operators.py:599 - select layer: bn2 layer_type: <class 'mindspore.nn.layer.normalization.BatchNorm2d'> in_shape: [2, 256, 4, 4] out_shape: [2, 256, 4, 4]
INFO 2024-05-27 12:24:48 - model_mutation_operators.py:600 - mut Basic type: True
INFO 2024-05-27 12:24:48 - model_mutation_operators.py:601 - add Basic layer : Cascade_op
INFO 2024-05-27 12:24:48 - model_mutation_operators.py:615 - select insert layer: convbnrelu<
  (conbnrelu_conv): Conv2d<input_channels=256, output_channels=256, kernel_size=(1, 1), stride=(1, 1), pad_mode=same, padding=0, dilation=(1, 1), group=1, has_bias=False, weight_init=<mindspore.common.initializer.HeUniform object at 0x7fba7fb91390>, bias_init=None, format=NCHW>
  (conbnrelu_bn): BatchNorm2d<num_features=256, eps=1e-05, momentum=0.9, gamma=Parameter (name=conbnrelu_bn.gamma, shape=(256,), dtype=Float32, requires_grad=True), beta=Parameter (name=conbnrelu_bn.beta, shape=(256,), dtype=Float32, requires_grad=True), moving_mean=Parameter (name=conbnrelu_bn.moving_mean, shape=(256,), dtype=Float32, requires_grad=False), moving_variance=Parameter (name=conbnrelu_bn.moving_variance, shape=(256,), dtype=Float32, requires_grad=False)>
  (conbnrelu_relu): ReLU<>
  >
INFO 2024-05-27 12:24:48 - model_mutation_operators.py:628 - insert_layer_outshape equal!
INFO 2024-05-27 12:24:48 - model_mutation_operators.py:693 - add Cascade_op after basicop!
INFO 2024-05-27 12:24:48 - model_mutation_operators.py:745 - mut_result:True
INFO 2024-05-27 12:24:48 - model_mutation_operators.py:746 - 37 generation!

INFO 2024-05-27 12:24:49 - mutation_test.py:525 - ================== start 38 generation!(38/100) ==================
INFO 2024-05-27 12:24:49 - model_mutation_operators.py:755 - Adopt RA mut_strategy!
INFO 2024-05-27 12:24:49 - model_mutation_operators.py:806 - mut_result:No suitable ops for RA mutation!
INFO 2024-05-27 12:24:49 - model_mutation_operators.py:807 - 38 generation!
INFO 2024-05-27 12:24:50 - mutation_test.py:525 - ================== start 39 generation!(39/100) ==================
INFO 2024-05-27 12:24:50 - model_mutation_operators.py:1070 - Adopt CM mut_strategy!
INFO 2024-05-27 12:24:50 - model_mutation_operators.py:1116 - mut_result:No suitable ops for CM mutation!
INFO 2024-05-27 12:24:50 - model_mutation_operators.py:1117 - 39 generation!
INFO 2024-05-27 12:24:52 - mutation_test.py:525 - ================== start 40 generation!(40/100) ==================
INFO 2024-05-27 12:24:52 - model_mutation_operators.py:515 - Adopt LA mut_strategy!
INFO 2024-05-27 12:24:52 - model_mutation_operators.py:582 - candidate_in_mutlayers_indice:1

INFO 2024-05-27 12:24:52 - model_mutation_operators.py:599 - select layer: dropout1 layer_type: <class 'mindspore.nn.layer.container.SequentialCell'> in_shape: [2, 4096] out_shape: [2, 4096]
INFO 2024-05-27 12:24:52 - model_mutation_operators.py:600 - mut Basic type: True
INFO 2024-05-27 12:24:52 - model_mutation_operators.py:601 - add Basic layer : Basic_op
INFO 2024-05-27 12:24:52 - model_mutation_operators.py:615 - select insert layer: Conv2d<input_channels=4096, output_channels=4096, kernel_size=(1, 1), stride=(1, 1), pad_mode=same, padding=0, dilation=(1, 1), group=1, has_bias=False, weight_init=<mindspore.common.initializer.HeUniform object at 0x7fba5804c750>, bias_init=None, format=NCHW>
INFO 2024-05-27 12:24:52 - model_mutation_operators.py:646 - insert_layer_outshape equal!
INFO 2024-05-27 12:24:52 - Other_utils.py:191 - Exception information: For 'MatMul' the input dimensions must be equal, but got 'x1_col': 1 and 'x2_row': 4096.

----------------------------------------------------
- C++ Call Stack: (For framework developers)
----------------------------------------------------
mindspore/core/ops/mat_mul.cc:107 InferShape

INFO 2024-05-27 12:24:52 - model_mutation_operators.py:745 - mut_result:False
INFO 2024-05-27 12:24:52 - model_mutation_operators.py:746 - 40 generation!

INFO 2024-05-27 12:24:54 - mutation_test.py:525 - ================== start 41 generation!(41/100) ==================
INFO 2024-05-27 12:24:54 - model_mutation_operators.py:1070 - Adopt CM mut_strategy!
INFO 2024-05-27 12:24:54 - model_mutation_operators.py:1149 - candidate_in_mutlayers_indice:0
INFO 2024-05-27 12:24:54 - model_mutation_operators.py:1160 - select layer: dropout2 layer_type: <class 'mindspore.nn.layer.container.SequentialCell'> in_shape: [2, 4096] out_shape: [2, 4096]
INFO 2024-05-27 12:24:54 - model_mutation_operators.py:1161 - mut Basic type: True
INFO 2024-05-27 12:24:55 - model_mutation_operators.py:1204 - select insert layer: Softmax<>
INFO 2024-05-27 12:24:55 - model_mutation_operators.py:1300 - mut_result:True
INFO 2024-05-27 12:24:55 - model_mutation_operators.py:1301 - 41 generation!

INFO 2024-05-27 12:24:55 - mutation_test.py:525 - ================== start 42 generation!(42/100) ==================
INFO 2024-05-27 12:24:55 - model_mutation_operators.py:2118 - Adopt SM mut_strategy!
INFO 2024-05-27 12:24:55 - model_mutation_operators.py:2156 - select layer: fc2 layer_type: <class 'mindspore.nn.layer.container.SequentialCell'> in_shape: [2, 4096] out_shape: [2, 4096]
INFO 2024-05-27 12:24:55 - model_mutation_operators.py:2157 - mut Basic type: True
INFO 2024-05-27 12:24:55 - model_mutation_operators.py:2201 - candidate_in_mutlayers_indice:0
INFO 2024-05-27 12:24:55 - model_mutation_operators.py:2243 - mutate output_shape: [2, 36, 19, 32, 19]
INFO 2024-05-27 12:24:55 - model_mutation_operators.py:2359 - mut_result:True
INFO 2024-05-27 12:24:55 - model_mutation_operators.py:2360 - 42 generation!

INFO 2024-05-27 12:24:59 - mutation_test.py:525 - ================== start 43 generation!(43/100) ==================
INFO 2024-05-27 12:24:59 - model_mutation_operators.py:2118 - Adopt SM mut_strategy!
INFO 2024-05-27 12:24:59 - model_mutation_operators.py:2156 - select layer: fc1 layer_type: <class 'mindspore.nn.layer.container.SequentialCell'> in_shape: [2, 1024] out_shape: [2, 4096]
INFO 2024-05-27 12:24:59 - model_mutation_operators.py:2157 - mut Basic type: True
INFO 2024-05-27 12:24:59 - model_mutation_operators.py:2168 - No suitable ops for SM mutation!
INFO 2024-05-27 12:24:59 - model_mutation_operators.py:2169 - 43 generation!
INFO 2024-05-27 12:25:01 - mutation_test.py:525 - ================== start 44 generation!(44/100) ==================
INFO 2024-05-27 12:25:01 - model_mutation_operators.py:242 - Adopt LD mut_strategy!
INFO 2024-05-27 12:25:01 - model_mutation_operators.py:258 - delete layer_name:fc3
INFO 2024-05-27 12:25:01 - model_mutation_operators.py:287 - candidate_in_mutlayers_indice:2

INFO 2024-05-27 12:25:01 - model_mutation_operators.py:316 - adopt DeleteCell Replace_ms
INFO 2024-05-27 12:25:01 - model_mutation_operators.py:505 - mut_result:True
INFO 2024-05-27 12:25:01 - model_mutation_operators.py:506 - 44 generation!

INFO 2024-05-27 12:25:05 - mutation_test.py:525 - ================== start 45 generation!(45/100) ==================
INFO 2024-05-27 12:25:05 - model_mutation_operators.py:24 - Adopt PM mut_strategy!
INFO 2024-05-27 12:25:05 - model_mutation_operators.py:77 - candidate_in_mutlayers_indice:0
INFO 2024-05-27 12:25:05 - model_mutation_operators.py:93 - select op: bn2 layer_type: BatchNorm2d selected param:momentum input_shape:[2, 256, 4, 4] output_shape:[2, 256, 4, 4]
INFO 2024-05-27 12:25:05 - model_mutation_operators.py:160 - mutate_replace_layer: BatchNorm2d<num_features=256, eps=1e-05, momentum=0.19999999999999996, gamma=Parameter (name=gamma, shape=(256,), dtype=Float32, requires_grad=True), beta=Parameter (name=beta, shape=(256,), dtype=Float32, requires_grad=True), moving_mean=Parameter (name=mean, shape=(256,), dtype=Float32, requires_grad=False), moving_variance=Parameter (name=variance, shape=(256,), dtype=Float32, requires_grad=False)>
INFO 2024-05-27 12:25:05 - model_mutation_operators.py:192 - Previous value: 0.09999999999999998 Edit value: 0.19999999999999996 new_inshape: (2, 256, 4, 4) new_outshape: (2, 256, 4, 4)
INFO 2024-05-27 12:25:05 - model_mutation_operators.py:231 - BatchNorm2d<num_features=256, eps=1e-05, momentum=0.19999999999999996, gamma=Parameter (name=bn2.gamma, shape=(256,), dtype=Float32, requires_grad=True), beta=Parameter (name=bn2.beta, shape=(256,), dtype=Float32, requires_grad=True), moving_mean=Parameter (name=bn2.moving_mean, shape=(256,), dtype=Float32, requires_grad=False), moving_variance=Parameter (name=bn2.moving_variance, shape=(256,), dtype=Float32, requires_grad=False)>
INFO 2024-05-27 12:25:05 - model_mutation_operators.py:232 - mut_result:True
INFO 2024-05-27 12:25:05 - model_mutation_operators.py:233 - 45 generation!

INFO 2024-05-27 12:25:06 - mutation_test.py:525 - ================== start 46 generation!(46/100) ==================
INFO 2024-05-27 12:25:06 - model_mutation_operators.py:515 - Adopt LA mut_strategy!
INFO 2024-05-27 12:25:06 - model_mutation_operators.py:560 - mut_result:No suitable ops for LA mutation!
INFO 2024-05-27 12:25:06 - model_mutation_operators.py:561 - 46 generation!
INFO 2024-05-27 12:25:08 - mutation_test.py:525 - ================== start 47 generation!(47/100) ==================
INFO 2024-05-27 12:25:08 - model_mutation_operators.py:1070 - Adopt CM mut_strategy!
INFO 2024-05-27 12:25:08 - model_mutation_operators.py:1153 - candidate_in_mutlayers_indice:-1
INFO 2024-05-27 12:25:08 - model_mutation_operators.py:1160 - select layer: bn2 layer_type: <class 'mindspore.nn.layer.normalization.BatchNorm2d'> in_shape: [2, 256, 4, 4] out_shape: [2, 256, 4, 4]
INFO 2024-05-27 12:25:08 - model_mutation_operators.py:1161 - mut Basic type: True
INFO 2024-05-27 12:25:08 - model_mutation_operators.py:1204 - select insert layer: AvgPool2d<kernel_size=1, stride=1, pad_mode=VALID>
INFO 2024-05-27 12:25:08 - model_mutation_operators.py:1249 - replace Basic with CM op!
INFO 2024-05-27 12:25:08 - model_mutation_operators.py:1300 - mut_result:True
INFO 2024-05-27 12:25:08 - model_mutation_operators.py:1301 - 47 generation!

INFO 2024-05-27 12:25:08 - mutation_test.py:525 - ================== start 48 generation!(48/100) ==================
INFO 2024-05-27 12:25:08 - model_mutation_operators.py:2118 - Adopt SM mut_strategy!
INFO 2024-05-27 12:25:08 - model_mutation_operators.py:2156 - select layer: pool1 layer_type: <class 'mindspore.nn.layer.container.SequentialCell'> in_shape: [2, 96, 16, 16] out_shape: [2, 96, 8, 8]
INFO 2024-05-27 12:25:08 - model_mutation_operators.py:2157 - mut Basic type: True
INFO 2024-05-27 12:25:08 - model_mutation_operators.py:2168 - No suitable ops for SM mutation!
INFO 2024-05-27 12:25:08 - model_mutation_operators.py:2169 - 48 generation!
INFO 2024-05-27 12:25:11 - mutation_test.py:525 - ================== start 49 generation!(49/100) ==================
INFO 2024-05-27 12:25:11 - model_mutation_operators.py:2118 - Adopt SM mut_strategy!
INFO 2024-05-27 12:25:11 - model_mutation_operators.py:2156 - select layer: conv4 layer_type: <class 'mindspore.nn.layer.container.SequentialCell'> in_shape: [2, 384, 4, 4] out_shape: [2, 384, 4, 4]
INFO 2024-05-27 12:25:11 - model_mutation_operators.py:2157 - mut Basic type: True
INFO 2024-05-27 12:25:11 - model_mutation_operators.py:2168 - No suitable ops for SM mutation!
INFO 2024-05-27 12:25:11 - model_mutation_operators.py:2169 - 49 generation!
INFO 2024-05-27 12:25:14 - mutation_test.py:525 - ================== start 50 generation!(50/100) ==================
INFO 2024-05-27 12:25:14 - model_mutation_operators.py:2118 - Adopt SM mut_strategy!
INFO 2024-05-27 12:25:14 - model_mutation_operators.py:2156 - select layer: dropout2 layer_type: <class 'mindspore.nn.layer.container.SequentialCell'> in_shape: [2, 4096] out_shape: [2, 4096]
INFO 2024-05-27 12:25:14 - model_mutation_operators.py:2157 - mut Basic type: True
INFO 2024-05-27 12:25:14 - model_mutation_operators.py:2201 - candidate_in_mutlayers_indice:0
INFO 2024-05-27 12:25:14 - model_mutation_operators.py:2256 - mutate input_shape: [2, 35, 32, 16]
INFO 2024-05-27 12:25:14 - model_mutation_operators.py:2257 - mutate output_shape: [2, 22, 33, 50]
INFO 2024-05-27 12:25:14 - model_mutation_operators.py:2359 - mut_result:True
INFO 2024-05-27 12:25:14 - model_mutation_operators.py:2360 - 50 generation!

INFO 2024-05-27 12:25:18 - mutation_test.py:525 - ================== start 51 generation!(51/100) ==================
INFO 2024-05-27 12:25:18 - model_mutation_operators.py:1923 - Adopt LC mut_strategy!
INFO 2024-05-27 12:25:18 - model_mutation_operators.py:1978 - Illegal LC mutate!
INFO 2024-05-27 12:25:18 - model_mutation_operators.py:1979 - mut_result:LC Create illegal layer!
INFO 2024-05-27 12:25:18 - model_mutation_operators.py:1980 - 51 generation!

INFO 2024-05-27 12:25:21 - mutation_test.py:525 - ================== start 52 generation!(52/100) ==================
INFO 2024-05-27 12:25:21 - model_mutation_operators.py:1923 - Adopt LC mut_strategy!
INFO 2024-05-27 12:25:21 - model_mutation_operators.py:1978 - Illegal LC mutate!
INFO 2024-05-27 12:25:21 - model_mutation_operators.py:1979 - mut_result:LC Create illegal layer!
INFO 2024-05-27 12:25:21 - model_mutation_operators.py:1980 - 52 generation!

INFO 2024-05-27 12:25:23 - mutation_test.py:525 - ================== start 53 generation!(53/100) ==================
INFO 2024-05-27 12:25:23 - model_mutation_operators.py:242 - Adopt LD mut_strategy!
INFO 2024-05-27 12:25:23 - model_mutation_operators.py:258 - delete layer_name:conv4
INFO 2024-05-27 12:25:23 - model_mutation_operators.py:278 - mut_result:No suitable ops for LD mutation!
INFO 2024-05-27 12:25:23 - model_mutation_operators.py:279 - 53 generation!
INFO 2024-05-27 12:25:26 - mutation_test.py:525 - ================== start 54 generation!(54/100) ==================
INFO 2024-05-27 12:25:26 - model_mutation_operators.py:515 - Adopt LA mut_strategy!
INFO 2024-05-27 12:25:26 - model_mutation_operators.py:560 - mut_result:No suitable ops for LA mutation!
INFO 2024-05-27 12:25:26 - model_mutation_operators.py:561 - 54 generation!
INFO 2024-05-27 12:25:28 - mutation_test.py:525 - ================== start 55 generation!(55/100) ==================
INFO 2024-05-27 12:25:28 - model_mutation_operators.py:1923 - Adopt LC mut_strategy!
INFO 2024-05-27 12:25:28 - model_mutation_operators.py:1978 - Illegal LC mutate!
INFO 2024-05-27 12:25:28 - model_mutation_operators.py:1979 - mut_result:LC Create illegal layer!
INFO 2024-05-27 12:25:28 - model_mutation_operators.py:1980 - 55 generation!

INFO 2024-05-27 12:25:31 - mutation_test.py:525 - ================== start 56 generation!(56/100) ==================
INFO 2024-05-27 12:25:31 - model_mutation_operators.py:515 - Adopt LA mut_strategy!
INFO 2024-05-27 12:25:31 - model_mutation_operators.py:560 - mut_result:No suitable ops for LA mutation!
INFO 2024-05-27 12:25:31 - model_mutation_operators.py:561 - 56 generation!
INFO 2024-05-27 12:25:33 - mutation_test.py:525 - ================== start 57 generation!(57/100) ==================
INFO 2024-05-27 12:25:33 - model_mutation_operators.py:242 - Adopt LD mut_strategy!
INFO 2024-05-27 12:25:33 - model_mutation_operators.py:258 - delete layer_name:conv2
INFO 2024-05-27 12:25:33 - model_mutation_operators.py:278 - mut_result:No suitable ops for LD mutation!
INFO 2024-05-27 12:25:33 - model_mutation_operators.py:279 - 57 generation!
INFO 2024-05-27 12:25:36 - mutation_test.py:525 - ================== start 58 generation!(58/100) ==================
INFO 2024-05-27 12:25:36 - model_mutation_operators.py:242 - Adopt LD mut_strategy!
INFO 2024-05-27 12:25:36 - model_mutation_operators.py:258 - delete layer_name:fc2
INFO 2024-05-27 12:25:36 - model_mutation_operators.py:278 - mut_result:No suitable ops for LD mutation!
INFO 2024-05-27 12:25:36 - model_mutation_operators.py:279 - 58 generation!
INFO 2024-05-27 12:25:38 - mutation_test.py:525 - ================== start 59 generation!(59/100) ==================
INFO 2024-05-27 12:25:38 - model_mutation_operators.py:242 - Adopt LD mut_strategy!
INFO 2024-05-27 12:25:38 - model_mutation_operators.py:258 - delete layer_name:bn2
INFO 2024-05-27 12:25:38 - model_mutation_operators.py:320 - candidate_in_mutlayers_indice:-1
INFO 2024-05-27 12:25:38 - model_mutation_operators.py:325 - adopt DeleteCell EmptyCell
INFO 2024-05-27 12:25:38 - model_mutation_operators.py:505 - mut_result:True
INFO 2024-05-27 12:25:38 - model_mutation_operators.py:506 - 59 generation!

INFO 2024-05-27 12:25:39 - mutation_test.py:525 - ================== start 60 generation!(60/100) ==================
INFO 2024-05-27 12:25:39 - model_mutation_operators.py:1070 - Adopt CM mut_strategy!
INFO 2024-05-27 12:25:39 - model_mutation_operators.py:1116 - mut_result:No suitable ops for CM mutation!
INFO 2024-05-27 12:25:39 - model_mutation_operators.py:1117 - 60 generation!
INFO 2024-05-27 12:25:41 - mutation_test.py:525 - ================== start 61 generation!(61/100) ==================
INFO 2024-05-27 12:25:41 - model_mutation_operators.py:755 - Adopt RA mut_strategy!
INFO 2024-05-27 12:25:41 - model_mutation_operators.py:806 - mut_result:No suitable ops for RA mutation!
INFO 2024-05-27 12:25:41 - model_mutation_operators.py:807 - 61 generation!
INFO 2024-05-27 12:25:44 - mutation_test.py:525 - ================== start 62 generation!(62/100) ==================
INFO 2024-05-27 12:25:44 - model_mutation_operators.py:24 - Adopt PM mut_strategy!
INFO 2024-05-27 12:25:44 - model_mutation_operators.py:77 - candidate_in_mutlayers_indice:2
INFO 2024-05-27 12:25:44 - model_mutation_operators.py:93 - select op: conv1 layer_type: Conv2d selected param:kernel_size input_shape:[2, 3, 32, 32] output_shape:[2, 96, 16, 16]
INFO 2024-05-27 12:25:44 - model_mutation_operators.py:160 - mutate_replace_layer: Conv2d<input_channels=3, output_channels=96, kernel_size=(3, 2), stride=(2, 2), pad_mode=same, padding=0, dilation=(1, 1), group=1, has_bias=False, weight_init=<mindspore.common.initializer.HeUniform object at 0x7fba582b0890>, bias_init=None, format=NCHW>
INFO 2024-05-27 12:25:44 - model_mutation_operators.py:192 - Previous value: (3, 3) Edit value: (3, 2) new_inshape: (2, 3, 32, 32) new_outshape: (2, 96, 16, 16)
INFO 2024-05-27 12:25:44 - model_mutation_operators.py:231 - Conv2d<input_channels=3, output_channels=96, kernel_size=(3, 2), stride=(2, 2), pad_mode=same, padding=0, dilation=(1, 1), group=1, has_bias=False, weight_init=<mindspore.common.initializer.HeUniform object at 0x7fba582b0890>, bias_init=None, format=NCHW>
INFO 2024-05-27 12:25:44 - model_mutation_operators.py:232 - mut_result:True
INFO 2024-05-27 12:25:44 - model_mutation_operators.py:233 - 62 generation!

INFO 2024-05-27 12:25:49 - mutation_test.py:525 - ================== start 63 generation!(63/100) ==================
INFO 2024-05-27 12:25:49 - model_mutation_operators.py:1923 - Adopt LC mut_strategy!
INFO 2024-05-27 12:25:49 - model_mutation_operators.py:1990 - select layer: bn1 layer_type: <class 'mindspore.nn.layer.normalization.BatchNorm2d'> in_shape: [2, 96, 8, 8] out_shape: [2, 96, 8, 8]
INFO 2024-05-27 12:25:49 - model_mutation_operators.py:1991 - mut Basic type: True
INFO 2024-05-27 12:25:49 - model_mutation_operators.py:1992 - add Basic layer : Basic_op
INFO 2024-05-27 12:25:49 - model_mutation_operators.py:2005 - select insert layer: BatchNorm2d<num_features=96, eps=1e-05, momentum=0.09999999999999998, gamma=Parameter (name=gamma, shape=(96,), dtype=Float32, requires_grad=True), beta=Parameter (name=beta, shape=(96,), dtype=Float32, requires_grad=True), moving_mean=Parameter (name=mean, shape=(96,), dtype=Float32, requires_grad=False), moving_variance=Parameter (name=variance, shape=(96,), dtype=Float32, requires_grad=False)>
INFO 2024-05-27 12:25:49 - model_mutation_operators.py:2040 - insert_layer_outshape equal!
INFO 2024-05-27 12:25:49 - model_mutation_operators.py:2108 - mut_result:True
INFO 2024-05-27 12:25:49 - model_mutation_operators.py:2109 - 63 generation!

INFO 2024-05-27 12:25:49 - mutation_test.py:525 - ================== start 64 generation!(64/100) ==================
INFO 2024-05-27 12:25:49 - model_mutation_operators.py:515 - Adopt LA mut_strategy!
INFO 2024-05-27 12:25:49 - model_mutation_operators.py:560 - mut_result:No suitable ops for LA mutation!
INFO 2024-05-27 12:25:49 - model_mutation_operators.py:561 - 64 generation!
INFO 2024-05-27 12:25:52 - mutation_test.py:525 - ================== start 65 generation!(65/100) ==================
INFO 2024-05-27 12:25:52 - model_mutation_operators.py:2118 - Adopt SM mut_strategy!
INFO 2024-05-27 12:25:52 - model_mutation_operators.py:2156 - select layer: fc1 layer_type: <class 'mindspore.nn.layer.container.SequentialCell'> in_shape: [2, 1024] out_shape: [2, 4096]
INFO 2024-05-27 12:25:52 - model_mutation_operators.py:2157 - mut Basic type: True
INFO 2024-05-27 12:25:52 - model_mutation_operators.py:2168 - No suitable ops for SM mutation!
INFO 2024-05-27 12:25:52 - model_mutation_operators.py:2169 - 65 generation!
INFO 2024-05-27 12:25:54 - mutation_test.py:525 - ================== start 66 generation!(66/100) ==================
INFO 2024-05-27 12:25:54 - model_mutation_operators.py:1070 - Adopt CM mut_strategy!
INFO 2024-05-27 12:25:54 - model_mutation_operators.py:1116 - mut_result:No suitable ops for CM mutation!
INFO 2024-05-27 12:25:54 - model_mutation_operators.py:1117 - 66 generation!
INFO 2024-05-27 12:25:57 - mutation_test.py:525 - ================== start 67 generation!(67/100) ==================
INFO 2024-05-27 12:25:57 - model_mutation_operators.py:24 - Adopt PM mut_strategy!
INFO 2024-05-27 12:25:57 - model_mutation_operators.py:80 - candidate_in_mutlayers_indice:-1
INFO 2024-05-27 12:25:57 - model_mutation_operators.py:93 - select op: conv1 layer_type: Conv2d selected param:kernel_size input_shape:[2, 3, 32, 32] output_shape:[2, 96, 16, 16]
INFO 2024-05-27 12:25:57 - model_mutation_operators.py:160 - mutate_replace_layer: Conv2d<input_channels=3, output_channels=96, kernel_size=(2, 4), stride=(2, 2), pad_mode=same, padding=0, dilation=(1, 1), group=1, has_bias=False, weight_init=<mindspore.common.initializer.HeUniform object at 0x7fb9de48a6d0>, bias_init=None, format=NCHW>
INFO 2024-05-27 12:25:57 - model_mutation_operators.py:192 - Previous value: (3, 2) Edit value: (2, 4) new_inshape: (2, 3, 32, 32) new_outshape: (2, 96, 16, 16)
INFO 2024-05-27 12:25:57 - model_mutation_operators.py:231 - Conv2d<input_channels=3, output_channels=96, kernel_size=(2, 4), stride=(2, 2), pad_mode=same, padding=0, dilation=(1, 1), group=1, has_bias=False, weight_init=<mindspore.common.initializer.HeUniform object at 0x7fb9de48a6d0>, bias_init=None, format=NCHW>
INFO 2024-05-27 12:25:57 - model_mutation_operators.py:232 - mut_result:True
INFO 2024-05-27 12:25:57 - model_mutation_operators.py:233 - 67 generation!

INFO 2024-05-27 12:25:57 - mutation_test.py:525 - ================== start 68 generation!(68/100) ==================
INFO 2024-05-27 12:25:57 - model_mutation_operators.py:755 - Adopt RA mut_strategy!
INFO 2024-05-27 12:25:57 - model_mutation_operators.py:817 - candidate_in_mutlayers_indice:0

INFO 2024-05-27 12:25:57 - model_mutation_operators.py:858 - select layer: dropout1 layer_type: <class 'mindspore.nn.layer.container.SequentialCell'> in_shape: [2, 4096] out_shape: [2, 4096]
INFO 2024-05-27 12:25:57 - model_mutation_operators.py:859 - mut Basic type: True
INFO 2024-05-27 12:25:57 - model_mutation_operators.py:860 - add Basic layer : Basic_op
INFO 2024-05-27 12:25:57 - model_mutation_operators.py:873 - select insert layer: GELU<>
INFO 2024-05-27 12:25:57 - model_mutation_operators.py:941 - insert_layer_outshape equal!
INFO 2024-05-27 12:25:58 - model_mutation_operators.py:1060 - mut_result:True
INFO 2024-05-27 12:25:58 - model_mutation_operators.py:1061 - 68 generation!

INFO 2024-05-27 12:26:02 - mutation_test.py:525 - ================== start 69 generation!(69/100) ==================
INFO 2024-05-27 12:26:02 - model_mutation_operators.py:2118 - Adopt SM mut_strategy!
INFO 2024-05-27 12:26:02 - model_mutation_operators.py:2156 - select layer: fc3 layer_type: <class 'mindspore.nn.layer.container.SequentialCell'> in_shape: [2, 4096] out_shape: [2, 10]
INFO 2024-05-27 12:26:02 - model_mutation_operators.py:2157 - mut Basic type: True
INFO 2024-05-27 12:26:02 - model_mutation_operators.py:2168 - No suitable ops for SM mutation!
INFO 2024-05-27 12:26:02 - model_mutation_operators.py:2169 - 69 generation!
INFO 2024-05-27 12:26:05 - mutation_test.py:525 - ================== start 70 generation!(70/100) ==================
INFO 2024-05-27 12:26:05 - model_mutation_operators.py:515 - Adopt LA mut_strategy!
INFO 2024-05-27 12:26:05 - model_mutation_operators.py:560 - mut_result:No suitable ops for LA mutation!
INFO 2024-05-27 12:26:05 - model_mutation_operators.py:561 - 70 generation!
INFO 2024-05-27 12:26:08 - mutation_test.py:525 - ================== start 71 generation!(71/100) ==================
INFO 2024-05-27 12:26:08 - model_mutation_operators.py:242 - Adopt LD mut_strategy!
INFO 2024-05-27 12:26:08 - model_mutation_operators.py:258 - delete layer_name:bn3
INFO 2024-05-27 12:26:08 - model_mutation_operators.py:278 - mut_result:No suitable ops for LD mutation!
INFO 2024-05-27 12:26:08 - model_mutation_operators.py:279 - 71 generation!
INFO 2024-05-27 12:26:11 - mutation_test.py:525 - ================== start 72 generation!(72/100) ==================
INFO 2024-05-27 12:26:11 - model_mutation_operators.py:242 - Adopt LD mut_strategy!
INFO 2024-05-27 12:26:11 - model_mutation_operators.py:258 - delete layer_name:conv2
INFO 2024-05-27 12:26:11 - model_mutation_operators.py:278 - mut_result:No suitable ops for LD mutation!
INFO 2024-05-27 12:26:11 - model_mutation_operators.py:279 - 72 generation!
INFO 2024-05-27 12:26:13 - mutation_test.py:525 - ================== start 73 generation!(73/100) ==================
INFO 2024-05-27 12:26:13 - model_mutation_operators.py:755 - Adopt RA mut_strategy!
INFO 2024-05-27 12:26:13 - model_mutation_operators.py:806 - mut_result:No suitable ops for RA mutation!
INFO 2024-05-27 12:26:13 - model_mutation_operators.py:807 - 73 generation!
INFO 2024-05-27 12:26:16 - mutation_test.py:525 - ================== start 74 generation!(74/100) ==================
INFO 2024-05-27 12:26:16 - model_mutation_operators.py:1923 - Adopt LC mut_strategy!
INFO 2024-05-27 12:26:16 - model_mutation_operators.py:1978 - Illegal LC mutate!
INFO 2024-05-27 12:26:16 - model_mutation_operators.py:1979 - mut_result:LC Create illegal layer!
INFO 2024-05-27 12:26:16 - model_mutation_operators.py:1980 - 74 generation!

INFO 2024-05-27 12:26:19 - mutation_test.py:525 - ================== start 75 generation!(75/100) ==================
INFO 2024-05-27 12:26:19 - model_mutation_operators.py:1070 - Adopt CM mut_strategy!
INFO 2024-05-27 12:26:19 - model_mutation_operators.py:1116 - mut_result:No suitable ops for CM mutation!
INFO 2024-05-27 12:26:19 - model_mutation_operators.py:1117 - 75 generation!
INFO 2024-05-27 12:26:22 - mutation_test.py:525 - ================== start 76 generation!(76/100) ==================
INFO 2024-05-27 12:26:22 - model_mutation_operators.py:2118 - Adopt SM mut_strategy!
INFO 2024-05-27 12:26:22 - model_mutation_operators.py:2156 - select layer: pool2 layer_type: <class 'mindspore.nn.layer.container.SequentialCell'> in_shape: [2, 256, 8, 8] out_shape: [2, 256, 4, 4]
INFO 2024-05-27 12:26:22 - model_mutation_operators.py:2157 - mut Basic type: True
INFO 2024-05-27 12:26:22 - model_mutation_operators.py:2168 - No suitable ops for SM mutation!
INFO 2024-05-27 12:26:22 - model_mutation_operators.py:2169 - 76 generation!
INFO 2024-05-27 12:26:24 - mutation_test.py:525 - ================== start 77 generation!(77/100) ==================
INFO 2024-05-27 12:26:24 - model_mutation_operators.py:515 - Adopt LA mut_strategy!
INFO 2024-05-27 12:26:24 - model_mutation_operators.py:582 - candidate_in_mutlayers_indice:1

INFO 2024-05-27 12:26:24 - model_mutation_operators.py:599 - select layer: bn1 layer_type: <class 'mindspore.nn.layer.container.SequentialCell'> in_shape: [2, 96, 8, 8] out_shape: [2, 96, 8, 8]
INFO 2024-05-27 12:26:24 - model_mutation_operators.py:600 - mut Basic type: True
INFO 2024-05-27 12:26:24 - model_mutation_operators.py:601 - add Basic layer : Basic_op
INFO 2024-05-27 12:26:24 - model_mutation_operators.py:615 - select insert layer: Sigmoid<>
INFO 2024-05-27 12:26:24 - model_mutation_operators.py:646 - insert_layer_outshape equal!
INFO 2024-05-27 12:26:24 - model_mutation_operators.py:745 - mut_result:True
INFO 2024-05-27 12:26:24 - model_mutation_operators.py:746 - 77 generation!

INFO 2024-05-27 12:26:25 - mutation_test.py:525 - ================== start 78 generation!(78/100) ==================
INFO 2024-05-27 12:26:25 - model_mutation_operators.py:24 - Adopt PM mut_strategy!
INFO 2024-05-27 12:26:25 - model_mutation_operators.py:80 - candidate_in_mutlayers_indice:-1
INFO 2024-05-27 12:26:25 - model_mutation_operators.py:93 - select op: conv1 layer_type: Conv2d selected param:kernel_size input_shape:[2, 3, 32, 32] output_shape:[2, 96, 16, 16]
INFO 2024-05-27 12:26:25 - model_mutation_operators.py:160 - mutate_replace_layer: Conv2d<input_channels=3, output_channels=96, kernel_size=(2, 2), stride=(2, 2), pad_mode=same, padding=0, dilation=(1, 1), group=1, has_bias=False, weight_init=<mindspore.common.initializer.HeUniform object at 0x7fba7ffb2dd0>, bias_init=None, format=NCHW>
INFO 2024-05-27 12:26:25 - model_mutation_operators.py:192 - Previous value: (2, 4) Edit value: (2, 2) new_inshape: (2, 3, 32, 32) new_outshape: (2, 96, 16, 16)
INFO 2024-05-27 12:26:25 - model_mutation_operators.py:231 - Conv2d<input_channels=3, output_channels=96, kernel_size=(2, 2), stride=(2, 2), pad_mode=same, padding=0, dilation=(1, 1), group=1, has_bias=False, weight_init=<mindspore.common.initializer.HeUniform object at 0x7fba7ffb2dd0>, bias_init=None, format=NCHW>
INFO 2024-05-27 12:26:25 - model_mutation_operators.py:232 - mut_result:True
INFO 2024-05-27 12:26:25 - model_mutation_operators.py:233 - 78 generation!

INFO 2024-05-27 12:26:29 - mutation_test.py:525 - ================== start 79 generation!(79/100) ==================
INFO 2024-05-27 12:26:29 - model_mutation_operators.py:1070 - Adopt CM mut_strategy!
INFO 2024-05-27 12:26:29 - model_mutation_operators.py:1116 - mut_result:No suitable ops for CM mutation!
INFO 2024-05-27 12:26:29 - model_mutation_operators.py:1117 - 79 generation!
INFO 2024-05-27 12:26:32 - mutation_test.py:525 - ================== start 80 generation!(80/100) ==================
INFO 2024-05-27 12:26:32 - model_mutation_operators.py:515 - Adopt LA mut_strategy!
INFO 2024-05-27 12:26:32 - model_mutation_operators.py:560 - mut_result:No suitable ops for LA mutation!
INFO 2024-05-27 12:26:32 - model_mutation_operators.py:561 - 80 generation!
INFO 2024-05-27 12:26:35 - mutation_test.py:525 - ================== start 81 generation!(81/100) ==================
INFO 2024-05-27 12:26:35 - model_mutation_operators.py:515 - Adopt LA mut_strategy!
INFO 2024-05-27 12:26:35 - model_mutation_operators.py:560 - mut_result:No suitable ops for LA mutation!
INFO 2024-05-27 12:26:35 - model_mutation_operators.py:561 - 81 generation!
INFO 2024-05-27 12:26:38 - mutation_test.py:525 - ================== start 82 generation!(82/100) ==================
INFO 2024-05-27 12:26:38 - model_mutation_operators.py:515 - Adopt LA mut_strategy!
INFO 2024-05-27 12:26:38 - model_mutation_operators.py:560 - mut_result:No suitable ops for LA mutation!
INFO 2024-05-27 12:26:38 - model_mutation_operators.py:561 - 82 generation!
INFO 2024-05-27 12:26:41 - mutation_test.py:525 - ================== start 83 generation!(83/100) ==================
INFO 2024-05-27 12:26:41 - model_mutation_operators.py:515 - Adopt LA mut_strategy!
INFO 2024-05-27 12:26:41 - model_mutation_operators.py:560 - mut_result:No suitable ops for LA mutation!
INFO 2024-05-27 12:26:41 - model_mutation_operators.py:561 - 83 generation!
INFO 2024-05-27 12:26:43 - mutation_test.py:525 - ================== start 84 generation!(84/100) ==================
INFO 2024-05-27 12:26:43 - model_mutation_operators.py:24 - Adopt PM mut_strategy!
INFO 2024-05-27 12:26:43 - model_mutation_operators.py:77 - candidate_in_mutlayers_indice:0
INFO 2024-05-27 12:26:43 - model_mutation_operators.py:93 - select op: pool3 layer_type: MaxPool2d selected param:kernel_size input_shape:[2, 256, 4, 4] output_shape:[2, 256, 2, 2]
INFO 2024-05-27 12:26:43 - model_mutation_operators.py:160 - mutate_replace_layer: MaxPool2d<kernel_size=(2, 4), stride=2, pad_mode=VALID>
INFO 2024-05-27 12:26:43 - model_mutation_operators.py:192 - Previous value: 3 Edit value: (2, 4) new_inshape: (2, 256, 4, 4) new_outshape: (2, 256, 2, 1)
INFO 2024-05-27 12:26:44 - model_mutation_operators.py:231 - SequentialCell<
  (0): MaxPool2d<kernel_size=(2, 4), stride=2, pad_mode=VALID>
  (1): Replace_ms<>
  >
INFO 2024-05-27 12:26:44 - model_mutation_operators.py:232 - mut_result:True
INFO 2024-05-27 12:26:44 - model_mutation_operators.py:233 - 84 generation!

INFO 2024-05-27 12:26:48 - mutation_test.py:525 - ================== start 85 generation!(85/100) ==================
INFO 2024-05-27 12:26:48 - model_mutation_operators.py:755 - Adopt RA mut_strategy!
INFO 2024-05-27 12:26:48 - model_mutation_operators.py:806 - mut_result:No suitable ops for RA mutation!
INFO 2024-05-27 12:26:48 - model_mutation_operators.py:807 - 85 generation!
INFO 2024-05-27 12:26:50 - mutation_test.py:525 - ================== start 86 generation!(86/100) ==================
INFO 2024-05-27 12:26:50 - model_mutation_operators.py:24 - Adopt PM mut_strategy!
INFO 2024-05-27 12:26:50 - model_mutation_operators.py:63 - The target model do not have the mutator operators num_features!
INFO 2024-05-27 12:26:50 - model_mutation_operators.py:64 - mut_result:Parameter Miss
INFO 2024-05-27 12:26:50 - model_mutation_operators.py:65 - 86 generation!

INFO 2024-05-27 12:26:53 - mutation_test.py:525 - ================== start 87 generation!(87/100) ==================
INFO 2024-05-27 12:26:53 - model_mutation_operators.py:242 - Adopt LD mut_strategy!
INFO 2024-05-27 12:26:53 - model_mutation_operators.py:258 - delete layer_name:conv4
INFO 2024-05-27 12:26:53 - model_mutation_operators.py:278 - mut_result:No suitable ops for LD mutation!
INFO 2024-05-27 12:26:53 - model_mutation_operators.py:279 - 87 generation!
INFO 2024-05-27 12:26:56 - mutation_test.py:525 - ================== start 88 generation!(88/100) ==================
INFO 2024-05-27 12:26:56 - model_mutation_operators.py:2118 - Adopt SM mut_strategy!
INFO 2024-05-27 12:26:56 - model_mutation_operators.py:2156 - select layer: conv5 layer_type: <class 'common.mutation_ms.Layer_utils.CM_branchCell'> in_shape: [2, 384, 4, 4] out_shape: [2, 256, 4, 4]
INFO 2024-05-27 12:26:56 - model_mutation_operators.py:2157 - mut Basic type: True
INFO 2024-05-27 12:26:56 - model_mutation_operators.py:2205 - candidate_in_mutlayers_indice:-1
INFO 2024-05-27 12:26:56 - model_mutation_operators.py:2278 - mutate input_shape: [2, 43]
INFO 2024-05-27 12:26:56 - model_mutation_operators.py:2279 - mutate output_shape: [2, 23, 35, 13]
INFO 2024-05-27 12:26:56 - model_mutation_operators.py:2359 - mut_result:True
INFO 2024-05-27 12:26:56 - model_mutation_operators.py:2360 - 88 generation!

INFO 2024-05-27 12:27:01 - mutation_test.py:525 - ================== start 89 generation!(89/100) ==================
INFO 2024-05-27 12:27:01 - model_mutation_operators.py:1923 - Adopt LC mut_strategy!
INFO 2024-05-27 12:27:01 - model_mutation_operators.py:1978 - Illegal LC mutate!
INFO 2024-05-27 12:27:01 - model_mutation_operators.py:1979 - mut_result:LC Create illegal layer!
INFO 2024-05-27 12:27:01 - model_mutation_operators.py:1980 - 89 generation!

INFO 2024-05-27 12:27:04 - mutation_test.py:525 - ================== start 90 generation!(90/100) ==================
INFO 2024-05-27 12:27:04 - model_mutation_operators.py:1923 - Adopt LC mut_strategy!
INFO 2024-05-27 12:27:04 - model_mutation_operators.py:1990 - select layer: conv1 layer_type: <class 'mindspore.nn.layer.conv.Conv2d'> in_shape: [2, 3, 32, 32] out_shape: [2, 96, 16, 16]
INFO 2024-05-27 12:27:04 - model_mutation_operators.py:1991 - mut Basic type: True
INFO 2024-05-27 12:27:04 - model_mutation_operators.py:1992 - add Basic layer : Basic_op
INFO 2024-05-27 12:27:04 - model_mutation_operators.py:2005 - select insert layer: Conv2d<input_channels=96, output_channels=96, kernel_size=(2, 2), stride=(2, 2), pad_mode=same, padding=0, dilation=(1, 1), group=1, has_bias=False, weight_init=<mindspore.common.initializer.HeUniform object at 0x7fba803a84d0>, bias_init=None, format=NCHW>
INFO 2024-05-27 12:27:04 - model_mutation_operators.py:2035 - insert_layer_outshape not equal!: [2, 96, 16, 16]
INFO 2024-05-27 12:27:04 - model_mutation_operators.py:2108 - mut_result:True
INFO 2024-05-27 12:27:04 - model_mutation_operators.py:2109 - 90 generation!

INFO 2024-05-27 12:27:09 - mutation_test.py:525 - ================== start 91 generation!(91/100) ==================
INFO 2024-05-27 12:27:09 - model_mutation_operators.py:2118 - Adopt SM mut_strategy!
INFO 2024-05-27 12:27:09 - model_mutation_operators.py:2156 - select layer: fc3 layer_type: <class 'mindspore.nn.layer.container.SequentialCell'> in_shape: [2, 4096] out_shape: [2, 10]
INFO 2024-05-27 12:27:09 - model_mutation_operators.py:2157 - mut Basic type: True
INFO 2024-05-27 12:27:09 - model_mutation_operators.py:2168 - No suitable ops for SM mutation!
INFO 2024-05-27 12:27:09 - model_mutation_operators.py:2169 - 91 generation!
INFO 2024-05-27 12:27:12 - mutation_test.py:525 - ================== start 92 generation!(92/100) ==================
INFO 2024-05-27 12:27:12 - model_mutation_operators.py:515 - Adopt LA mut_strategy!
INFO 2024-05-27 12:27:12 - model_mutation_operators.py:560 - mut_result:No suitable ops for LA mutation!
INFO 2024-05-27 12:27:12 - model_mutation_operators.py:561 - 92 generation!
INFO 2024-05-27 12:27:16 - mutation_test.py:525 - ================== start 93 generation!(93/100) ==================
INFO 2024-05-27 12:27:16 - model_mutation_operators.py:242 - Adopt LD mut_strategy!
INFO 2024-05-27 12:27:16 - model_mutation_operators.py:258 - delete layer_name:dropout2
INFO 2024-05-27 12:27:16 - model_mutation_operators.py:278 - mut_result:No suitable ops for LD mutation!
INFO 2024-05-27 12:27:16 - model_mutation_operators.py:279 - 93 generation!
INFO 2024-05-27 12:27:19 - mutation_test.py:525 - ================== start 94 generation!(94/100) ==================
INFO 2024-05-27 12:27:19 - model_mutation_operators.py:24 - Adopt PM mut_strategy!
INFO 2024-05-27 12:27:19 - model_mutation_operators.py:77 - candidate_in_mutlayers_indice:0
INFO 2024-05-27 12:27:19 - model_mutation_operators.py:93 - select op: pool3 layer_type: MaxPool2d selected param:kernel_size input_shape:[2, 256, 4, 4] output_shape:[2, 256, 2, 2]
INFO 2024-05-27 12:27:19 - model_mutation_operators.py:160 - mutate_replace_layer: MaxPool2d<kernel_size=(2, 2), stride=2, pad_mode=VALID>
INFO 2024-05-27 12:27:19 - model_mutation_operators.py:192 - Previous value: (2, 4) Edit value: (2, 2) new_inshape: (2, 256, 4, 4) new_outshape: (2, 256, 2, 2)
INFO 2024-05-27 12:27:19 - model_mutation_operators.py:231 - MaxPool2d<kernel_size=(2, 2), stride=2, pad_mode=VALID>
INFO 2024-05-27 12:27:19 - model_mutation_operators.py:232 - mut_result:True
INFO 2024-05-27 12:27:19 - model_mutation_operators.py:233 - 94 generation!

INFO 2024-05-27 12:27:23 - mutation_test.py:525 - ================== start 95 generation!(95/100) ==================
INFO 2024-05-27 12:27:23 - model_mutation_operators.py:1070 - Adopt CM mut_strategy!
INFO 2024-05-27 12:27:23 - model_mutation_operators.py:1116 - mut_result:No suitable ops for CM mutation!
INFO 2024-05-27 12:27:23 - model_mutation_operators.py:1117 - 95 generation!
INFO 2024-05-27 12:27:26 - mutation_test.py:525 - ================== start 96 generation!(96/100) ==================
INFO 2024-05-27 12:27:26 - model_mutation_operators.py:1070 - Adopt CM mut_strategy!
INFO 2024-05-27 12:27:26 - model_mutation_operators.py:1116 - mut_result:No suitable ops for CM mutation!
INFO 2024-05-27 12:27:26 - model_mutation_operators.py:1117 - 96 generation!
INFO 2024-05-27 12:27:29 - mutation_test.py:525 - ================== start 97 generation!(97/100) ==================
INFO 2024-05-27 12:27:29 - model_mutation_operators.py:515 - Adopt LA mut_strategy!
INFO 2024-05-27 12:27:29 - model_mutation_operators.py:560 - mut_result:No suitable ops for LA mutation!
INFO 2024-05-27 12:27:29 - model_mutation_operators.py:561 - 97 generation!
INFO 2024-05-27 12:27:33 - mutation_test.py:525 - ================== start 98 generation!(98/100) ==================
INFO 2024-05-27 12:27:33 - model_mutation_operators.py:755 - Adopt RA mut_strategy!
INFO 2024-05-27 12:27:33 - model_mutation_operators.py:806 - mut_result:No suitable ops for RA mutation!
INFO 2024-05-27 12:27:33 - model_mutation_operators.py:807 - 98 generation!
INFO 2024-05-27 12:27:36 - mutation_test.py:525 - ================== start 99 generation!(99/100) ==================
INFO 2024-05-27 12:27:36 - model_mutation_operators.py:755 - Adopt RA mut_strategy!
INFO 2024-05-27 12:27:36 - model_mutation_operators.py:806 - mut_result:No suitable ops for RA mutation!
INFO 2024-05-27 12:27:36 - model_mutation_operators.py:807 - 99 generation!
INFO 2024-05-27 12:27:39 - mutation_test.py:525 - ================== start 100 generation!(100/100) ==================
INFO 2024-05-27 12:27:39 - model_mutation_operators.py:1923 - Adopt LC mut_strategy!
INFO 2024-05-27 12:27:39 - model_mutation_operators.py:1978 - Illegal LC mutate!
INFO 2024-05-27 12:27:39 - model_mutation_operators.py:1979 - mut_result:LC Create illegal layer!
INFO 2024-05-27 12:27:39 - model_mutation_operators.py:1980 - 100 generation!

INFO 2024-05-27 12:27:42 - mutation_test.py:557 - mutation_scores: [1.9231012, 1.8305496, 2.0240319, 2.2044933, 2.4752526, -100, 1.859677, 1.8690609, 3.3310676, -100, 1.8691244, 1.8679044, -100, 1.8710505, 3.359059, 3.2640648, 3.4354026, 3.4978385, 3.4000587, -100, -100, -100, -100, 1.870717, -100, 1.8717648, 1.8695147, 1.8698127, -100, 1.8705208, 3.2890778, -100, -100, 1.8706862, -100, -100, 1.8704424, -100, -100, -100, 1.8703216, 1.870313, -100, 1.8668134, 1.8710539, -100, 1.8753868, -100, -100, 1.8694918, -100, -100, -100, -100, -100, -100, -100, -100, 1.8712578, -100, -100, 1.8836905, 1.8821037, -100, -100, -100, 1.8667952, 1.8667414, -100, -100, -100, -100, -100, -100, -100, -100, 1.8724706, 1.8724712, -100, -100, -100, -100, -100, 1.8669379, -100, -100, -100, 1.8688275, -100, 1.8735049, -100, -100, -100, 1.8728256, -100, -100, -100, -100, -100, -100]
INFO 2024-05-27 12:27:42 - mutation_test.py:559 - **** stage1 select generations: [ 3  4  5 16 31  9 15 19 17 18] ****

INFO 2024-05-27 12:27:43 - mutation_test.py:250 - mutation iteration:100 ({'LD': 13, 'PM': 11, 'LA': 19, 'RA': 10, 'SM': 22, 'CM': 13, 'LC': 12}), mutation success:41
 ({'LD': 4, 'PM': 10, 'LA': 5, 'RA': 3, 'SM': 10, 'CM': 5, 'LC': 4})

